[INFO] 开始推理...
[INFO]  Acl init ok
[INFO]  Open device 0 ok
[INFO]  Use default context currently
[INFO]  dvpp init resource ok
[INFO]  Load model ../model/YOLO11n_p2_hbb_IRSTD_1K_512.om success
[INFO]  Create model description success
[INFO]  Create model(../model/YOLO11n_p2_hbb_IRSTD_1K_512.om) output success
[INFO]  Init model ../model/YOLO11n_p2_hbb_IRSTD_1K_512.om success
[INFO]  Created directory: ../output_hbb/images
[INFO]  Created directory: ../output_hbb/labels
[INFO]  Filtered 3 boxes by confidence threshold
[INFO]  Final result: 2 boxes after NMS
[INFO]  Warmup image processed in 0.042479 s, fps: 23.540883
[INFO]  Filtered 0 boxes by confidence threshold
[INFO]  Final result: 0 boxes after NMS
[INFO]  Image 1 processed in 0.047294 s, fps: 21.144284
[INFO]  Filtered 10 boxes by confidence threshold
[INFO]  Final result: 1 boxes after NMS
[INFO]  Image 2 processed in 0.045455 s, fps: 21.999983
[INFO]  Filtered 6 boxes by confidence threshold
[INFO]  Final result: 1 boxes after NMS
[INFO]  Image 3 processed in 0.042811 s, fps: 23.358321
[INFO]  Filtered 6 boxes by confidence threshold
[INFO]  Final result: 1 boxes after NMS
[INFO]  Image 4 processed in 0.043291 s, fps: 23.099606
[INFO]  Filtered 2 boxes by confidence threshold
[INFO]  Final result: 1 boxes after NMS
[INFO]  Image 5 processed in 0.043147 s, fps: 23.176534
[INFO]  Filtered 6 boxes by confidence threshold
[INFO]  Final result: 1 boxes after NMS
[INFO]  Image 6 processed in 0.041791 s, fps: 23.928531
[INFO]  Filtered 9 boxes by confidence threshold
[INFO]  Final result: 1 boxes after NMS
[INFO]  Image 7 processed in 0.043656 s, fps: 22.906570
[INFO]  Filtered 0 boxes by confidence threshold
[INFO]  Final result: 0 boxes after NMS
[INFO]  Image 8 processed in 0.040136 s, fps: 24.915165
[INFO]  Filtered 4 boxes by confidence threshold
[INFO]  Final result: 2 boxes after NMS
[INFO]  Image 9 processed in 0.064539 s, fps: 15.494492
[INFO]  Filtered 16 boxes by confidence threshold
[INFO]  Final result: 2 boxes after NMS
[INFO]  Image 10 processed in 0.043460 s, fps: 23.009635
[INFO]  Filtered 4 boxes by confidence threshold
[INFO]  Final result: 1 boxes after NMS
[INFO]  Image 11 processed in 0.035621 s, fps: 28.072972
[INFO]  Filtered 9 boxes by confidence threshold
[INFO]  Final result: 1 boxes after NMS
[INFO]  Image 12 processed in 0.037414 s, fps: 26.727847
[INFO]  Filtered 3 boxes by confidence threshold
[INFO]  Final result: 1 boxes after NMS
[INFO]  Image 13 processed in 0.048828 s, fps: 20.479982
[INFO]  Filtered 6 boxes by confidence threshold
[INFO]  Final result: 1 boxes after NMS
[INFO]  Image 14 processed in 0.044041 s, fps: 22.706308
[INFO]  Filtered 11 boxes by confidence threshold
[INFO]  Final result: 2 boxes after NMS
[INFO]  Image 15 processed in 0.043283 s, fps: 23.103709
[INFO]  Filtered 3 boxes by confidence threshold
[INFO]  Final result: 1 boxes after NMS
[INFO]  Image 16 processed in 0.038776 s, fps: 25.789431
[INFO]  Filtered 6 boxes by confidence threshold
[INFO]  Final result: 2 boxes after NMS
[INFO]  Image 17 processed in 0.042323 s, fps: 23.627828
[INFO]  Filtered 11 boxes by confidence threshold
[INFO]  Final result: 3 boxes after NMS
[INFO]  Image 18 processed in 0.041771 s, fps: 23.939845
[INFO]  Filtered 6 boxes by confidence threshold
[INFO]  Final result: 1 boxes after NMS
[INFO]  Image 19 processed in 0.042397 s, fps: 23.586529
[INFO]  Filtered 4 boxes by confidence threshold
[INFO]  Final result: 1 boxes after NMS
[INFO]  Image 20 processed in 0.041811 s, fps: 23.916978
[INFO]  Filtered 1 boxes by confidence threshold
[INFO]  Final result: 1 boxes after NMS
[INFO]  Image 21 processed in 0.041228 s, fps: 24.255480
[INFO]  Filtered 6 boxes by confidence threshold
[INFO]  Final result: 1 boxes after NMS
[INFO]  Image 22 processed in 0.043398 s, fps: 23.042752
[INFO]  Filtered 2 boxes by confidence threshold
[INFO]  Final result: 1 boxes after NMS
[INFO]  Image 23 processed in 0.041234 s, fps: 24.251988
[INFO]  Filtered 7 boxes by confidence threshold
[INFO]  Final result: 1 boxes after NMS
[INFO]  Image 24 processed in 0.042493 s, fps: 23.533265
[INFO]  Filtered 6 boxes by confidence threshold
[INFO]  Final result: 2 boxes after NMS
[INFO]  Image 25 processed in 0.042094 s, fps: 23.756381
[INFO]  Filtered 4 boxes by confidence threshold
[INFO]  Final result: 1 boxes after NMS
[INFO]  Image 26 processed in 0.056601 s, fps: 17.667663
[INFO]  Filtered 4 boxes by confidence threshold
[INFO]  Final result: 1 boxes after NMS
[INFO]  Image 27 processed in 0.085145 s, fps: 11.744605
[INFO]  Filtered 3 boxes by confidence threshold
[INFO]  Final result: 1 boxes after NMS
[INFO]  Image 28 processed in 0.065269 s, fps: 15.321285
[INFO]  Filtered 2 boxes by confidence threshold
[INFO]  Final result: 1 boxes after NMS
[INFO]  Image 29 processed in 0.061742 s, fps: 16.196353
[INFO]  Filtered 4 boxes by confidence threshold
[INFO]  Final result: 1 boxes after NMS
[INFO]  Image 30 processed in 0.059742 s, fps: 16.738643
[INFO]  Filtered 19 boxes by confidence threshold
[INFO]  Final result: 3 boxes after NMS
[INFO]  Image 31 processed in 0.064499 s, fps: 15.504087
[INFO]  Filtered 17 boxes by confidence threshold
[INFO]  Final result: 2 boxes after NMS
[INFO]  Image 32 processed in 0.060607 s, fps: 16.499668
[INFO]  Filtered 1 boxes by confidence threshold
[INFO]  Final result: 1 boxes after NMS
[INFO]  Image 33 processed in 0.059801 s, fps: 16.722204
[INFO]  Filtered 4 boxes by confidence threshold
[INFO]  Final result: 1 boxes after NMS
[INFO]  Image 34 processed in 0.064117 s, fps: 15.596591
[INFO]  Filtered 6 boxes by confidence threshold
[INFO]  Final result: 1 boxes after NMS
[INFO]  Image 35 processed in 0.045195 s, fps: 22.126558
[INFO]  Filtered 9 boxes by confidence threshold
[INFO]  Final result: 1 boxes after NMS
[INFO]  Image 36 processed in 0.049516 s, fps: 20.195599
[INFO]  Filtered 4 boxes by confidence threshold
[INFO]  Final result: 2 boxes after NMS
[INFO]  Image 37 processed in 0.048355 s, fps: 20.680396
[INFO]  Filtered 9 boxes by confidence threshold
[INFO]  Final result: 1 boxes after NMS
[INFO]  Image 38 processed in 0.048881 s, fps: 20.457690
[INFO]  Filtered 1 boxes by confidence threshold
[INFO]  Final result: 1 boxes after NMS
[INFO]  Image 39 processed in 0.044942 s, fps: 22.250731
[INFO]  Filtered 7 boxes by confidence threshold
[INFO]  Final result: 2 boxes after NMS
[INFO]  Image 40 processed in 0.048937 s, fps: 20.434253
[INFO]  Filtered 8 boxes by confidence threshold
[INFO]  Final result: 1 boxes after NMS
[INFO]  Image 41 processed in 0.057869 s, fps: 17.280492
[INFO]  Filtered 10 boxes by confidence threshold
[INFO]  Final result: 1 boxes after NMS
[INFO]  Image 42 processed in 0.151791 s, fps: 6.588023
[INFO]  Filtered 3 boxes by confidence threshold
[INFO]  Final result: 1 boxes after NMS
[INFO]  Image 43 processed in 0.051862 s, fps: 19.282112
[INFO]  Filtered 2 boxes by confidence threshold
[INFO]  Final result: 1 boxes after NMS
[INFO]  Image 44 processed in 0.061494 s, fps: 16.261644
[INFO]  Filtered 4 boxes by confidence threshold
[INFO]  Final result: 1 boxes after NMS
[INFO]  Image 45 processed in 0.051787 s, fps: 19.310006
[INFO]  Filtered 10 boxes by confidence threshold
[INFO]  Final result: 1 boxes after NMS
[INFO]  Image 46 processed in 0.041637 s, fps: 24.017215
[INFO]  Filtered 2 boxes by confidence threshold
[INFO]  Final result: 1 boxes after NMS
[INFO]  Image 47 processed in 0.056539 s, fps: 17.686868
[INFO]  Filtered 2 boxes by confidence threshold
[INFO]  Final result: 1 boxes after NMS
[INFO]  Image 48 processed in 0.045441 s, fps: 22.006479
[INFO]  Filtered 4 boxes by confidence threshold
[INFO]  Final result: 1 boxes after NMS
[INFO]  Image 49 processed in 0.047984 s, fps: 20.840122
[INFO]  Filtered 2 boxes by confidence threshold
[INFO]  Final result: 1 boxes after NMS
[INFO]  Image 50 processed in 0.040696 s, fps: 24.572693
[INFO]  Filtered 1 boxes by confidence threshold
[INFO]  Final result: 1 boxes after NMS
[INFO]  Image 51 processed in 0.056177 s, fps: 17.800928
[INFO]  Filtered 5 boxes by confidence threshold
[INFO]  Final result: 1 boxes after NMS
[INFO]  Image 52 processed in 0.046159 s, fps: 21.664195
[INFO]  Filtered 6 boxes by confidence threshold
[INFO]  Final result: 1 boxes after NMS
[INFO]  Image 53 processed in 0.050316 s, fps: 19.874271
[INFO]  Filtered 13 boxes by confidence threshold
[INFO]  Final result: 2 boxes after NMS
[INFO]  Image 54 processed in 0.063716 s, fps: 15.694525
[INFO]  Filtered 2 boxes by confidence threshold
[INFO]  Final result: 1 boxes after NMS
[INFO]  Image 55 processed in 0.044906 s, fps: 22.268796
[INFO]  Filtered 3 boxes by confidence threshold
[INFO]  Final result: 2 boxes after NMS
[INFO]  Image 56 processed in 0.049181 s, fps: 20.332959
[INFO]  Filtered 4 boxes by confidence threshold
[INFO]  Final result: 1 boxes after NMS
[INFO]  Image 57 processed in 0.050645 s, fps: 19.745171
[INFO]  Filtered 3 boxes by confidence threshold
[INFO]  Final result: 1 boxes after NMS
[INFO]  Image 58 processed in 0.048986 s, fps: 20.413865
[INFO]  Filtered 4 boxes by confidence threshold
[INFO]  Final result: 1 boxes after NMS
[INFO]  Image 59 processed in 0.046768 s, fps: 21.382164
[INFO]  Filtered 4 boxes by confidence threshold
[INFO]  Final result: 1 boxes after NMS
[INFO]  Image 60 processed in 0.052396 s, fps: 19.085250
[INFO]  Filtered 3 boxes by confidence threshold
[INFO]  Final result: 3 boxes after NMS
[INFO]  Image 61 processed in 0.045869 s, fps: 21.800997
[INFO]  Filtered 20 boxes by confidence threshold
[INFO]  Final result: 2 boxes after NMS
[INFO]  Image 62 processed in 0.059378 s, fps: 16.841209
[INFO]  Filtered 1 boxes by confidence threshold
[INFO]  Final result: 1 boxes after NMS
[INFO]  Image 63 processed in 0.064940 s, fps: 15.398843
[INFO]  Filtered 2 boxes by confidence threshold
[INFO]  Final result: 1 boxes after NMS
[INFO]  Image 64 processed in 0.042949 s, fps: 23.283584
[INFO]  Filtered 5 boxes by confidence threshold
[INFO]  Final result: 3 boxes after NMS
[INFO]  Image 65 processed in 0.046418 s, fps: 21.543333
[INFO]  Filtered 1 boxes by confidence threshold
[INFO]  Final result: 1 boxes after NMS
[INFO]  Image 66 processed in 0.069962 s, fps: 14.293387
[INFO]  Filtered 15 boxes by confidence threshold
[INFO]  Final result: 2 boxes after NMS
[INFO]  Image 67 processed in 0.046338 s, fps: 21.580478
[INFO]  Filtered 4 boxes by confidence threshold
[INFO]  Final result: 1 boxes after NMS
[INFO]  Image 68 processed in 0.051985 s, fps: 19.236434
[INFO]  Filtered 3 boxes by confidence threshold
[INFO]  Final result: 2 boxes after NMS
[INFO]  Image 69 processed in 0.046388 s, fps: 21.557218
[INFO]  Filtered 18 boxes by confidence threshold
[INFO]  Final result: 2 boxes after NMS
[INFO]  Image 70 processed in 0.053765 s, fps: 18.599481
[INFO]  Filtered 16 boxes by confidence threshold
[INFO]  Final result: 3 boxes after NMS
[INFO]  Image 71 processed in 0.048680 s, fps: 20.542177
[INFO]  Filtered 6 boxes by confidence threshold
[INFO]  Final result: 1 boxes after NMS
[INFO]  Image 72 processed in 0.041883 s, fps: 23.875755
[INFO]  Filtered 6 boxes by confidence threshold
[INFO]  Final result: 2 boxes after NMS
[INFO]  Image 73 processed in 0.058673 s, fps: 17.043534
[INFO]  Filtered 9 boxes by confidence threshold
[INFO]  Final result: 2 boxes after NMS
[INFO]  Image 74 processed in 0.175831 s, fps: 5.687277
[INFO]  Filtered 0 boxes by confidence threshold
[INFO]  Final result: 0 boxes after NMS
[INFO]  Image 75 processed in 0.057422 s, fps: 17.414811
[INFO]  Filtered 4 boxes by confidence threshold
[INFO]  Final result: 3 boxes after NMS
[INFO]  Image 76 processed in 0.068426 s, fps: 14.614259
[INFO]  Filtered 2 boxes by confidence threshold
[INFO]  Final result: 1 boxes after NMS
[INFO]  Image 77 processed in 0.050009 s, fps: 19.996553
[INFO]  Filtered 18 boxes by confidence threshold
[INFO]  Final result: 2 boxes after NMS
[INFO]  Image 78 processed in 0.072749 s, fps: 13.745810
[INFO]  Filtered 8 boxes by confidence threshold
[INFO]  Final result: 1 boxes after NMS
[INFO]  Image 79 processed in 0.049272 s, fps: 20.295509
[INFO]  Filtered 15 boxes by confidence threshold
[INFO]  Final result: 2 boxes after NMS
[INFO]  Image 80 processed in 0.046406 s, fps: 21.548739
[INFO]  Filtered 6 boxes by confidence threshold
[INFO]  Final result: 1 boxes after NMS
[INFO]  Image 81 processed in 0.053308 s, fps: 18.758897
[INFO]  Filtered 2 boxes by confidence threshold
[INFO]  Final result: 1 boxes after NMS
[INFO]  Image 82 processed in 0.036323 s, fps: 27.530401
[INFO]  Filtered 3 boxes by confidence threshold
[INFO]  Final result: 1 boxes after NMS
[INFO]  Image 83 processed in 0.070812 s, fps: 14.121888
[INFO]  Filtered 2 boxes by confidence threshold
[INFO]  Final result: 1 boxes after NMS
[INFO]  Image 84 processed in 0.049822 s, fps: 20.071348
[INFO]  Filtered 17 boxes by confidence threshold
[INFO]  Final result: 2 boxes after NMS
[INFO]  Image 85 processed in 0.057215 s, fps: 17.478066
[INFO]  Filtered 7 boxes by confidence threshold
[INFO]  Final result: 1 boxes after NMS
[INFO]  Image 86 processed in 0.049557 s, fps: 20.178627
[INFO]  Filtered 2 boxes by confidence threshold
[INFO]  Final result: 1 boxes after NMS
[INFO]  Image 87 processed in 0.039633 s, fps: 25.231709
[INFO]  Filtered 2 boxes by confidence threshold
[INFO]  Final result: 1 boxes after NMS
[INFO]  Image 88 processed in 0.036451 s, fps: 27.434103
[INFO]  Filtered 10 boxes by confidence threshold
[INFO]  Final result: 2 boxes after NMS
[INFO]  Image 89 processed in 0.040965 s, fps: 24.410996
[INFO]  Filtered 0 boxes by confidence threshold
[INFO]  Final result: 0 boxes after NMS
[INFO]  Image 90 processed in 0.042120 s, fps: 23.741952
[INFO]  Filtered 8 boxes by confidence threshold
[INFO]  Final result: 1 boxes after NMS
[INFO]  Image 91 processed in 0.043359 s, fps: 23.063523
[INFO]  Filtered 14 boxes by confidence threshold
[INFO]  Final result: 2 boxes after NMS
[INFO]  Image 92 processed in 0.041961 s, fps: 23.831681
[INFO]  Filtered 8 boxes by confidence threshold
[INFO]  Final result: 1 boxes after NMS
[INFO]  Image 93 processed in 0.036427 s, fps: 27.452006
[INFO]  Filtered 11 boxes by confidence threshold
[INFO]  Final result: 1 boxes after NMS
[INFO]  Image 94 processed in 0.042731 s, fps: 23.402395
[INFO]  Filtered 16 boxes by confidence threshold
[INFO]  Final result: 2 boxes after NMS
[INFO]  Image 95 processed in 0.043042 s, fps: 23.233095
[INFO]  Filtered 5 boxes by confidence threshold
[INFO]  Final result: 1 boxes after NMS
[INFO]  Image 96 processed in 0.043197 s, fps: 23.149650
[INFO]  Filtered 1 boxes by confidence threshold
[INFO]  Final result: 1 boxes after NMS
[INFO]  Image 97 processed in 0.043729 s, fps: 22.868307
[INFO]  Filtered 1 boxes by confidence threshold
[INFO]  Final result: 1 boxes after NMS
[INFO]  Image 98 processed in 0.041639 s, fps: 24.016038
[INFO]  Filtered 4 boxes by confidence threshold
[INFO]  Final result: 2 boxes after NMS
[INFO]  Image 99 processed in 0.039606 s, fps: 25.248406
[INFO]  Filtered 1 boxes by confidence threshold
[INFO]  Final result: 1 boxes after NMS
[INFO]  Image 100 processed in 0.042550 s, fps: 23.502016
[INFO]  Filtered 4 boxes by confidence threshold
[INFO]  Final result: 1 boxes after NMS
[INFO]  Image 101 processed in 0.042797 s, fps: 23.366281
[INFO]  Filtered 10 boxes by confidence threshold
[INFO]  Final result: 1 boxes after NMS
[INFO]  Image 102 processed in 0.042747 s, fps: 23.393498
[INFO]  Filtered 6 boxes by confidence threshold
[INFO]  Final result: 3 boxes after NMS
[INFO]  Image 103 processed in 0.044362 s, fps: 22.541612
[INFO]  Filtered 14 boxes by confidence threshold
[INFO]  Final result: 2 boxes after NMS
[INFO]  Image 104 processed in 0.042281 s, fps: 23.651404
[INFO]  Filtered 10 boxes by confidence threshold
[INFO]  Final result: 2 boxes after NMS
[INFO]  Image 105 processed in 0.045089 s, fps: 22.178157
[INFO]  Filtered 4 boxes by confidence threshold
[INFO]  Final result: 2 boxes after NMS
[INFO]  Image 106 processed in 0.039637 s, fps: 25.228712
[INFO]  Filtered 9 boxes by confidence threshold
[INFO]  Final result: 2 boxes after NMS
[INFO]  Image 107 processed in 0.042253 s, fps: 23.667019
[INFO]  Filtered 7 boxes by confidence threshold
[INFO]  Final result: 3 boxes after NMS
[INFO]  Image 108 processed in 0.041930 s, fps: 23.849490
[INFO]  Filtered 6 boxes by confidence threshold
[INFO]  Final result: 1 boxes after NMS
[INFO]  Image 109 processed in 0.043737 s, fps: 22.863896
[INFO]  Filtered 9 boxes by confidence threshold
[INFO]  Final result: 2 boxes after NMS
[INFO]  Image 110 processed in 0.042243 s, fps: 23.672365
[INFO]  Filtered 2 boxes by confidence threshold
[INFO]  Final result: 1 boxes after NMS
[INFO]  Image 111 processed in 0.042415 s, fps: 23.576392
[INFO]  Filtered 6 boxes by confidence threshold
[INFO]  Final result: 1 boxes after NMS
[INFO]  Image 112 processed in 0.035971 s, fps: 27.799885
[INFO]  Filtered 4 boxes by confidence threshold
[INFO]  Final result: 3 boxes after NMS
[INFO]  Image 113 processed in 0.040714 s, fps: 24.561792
[INFO]  Filtered 7 boxes by confidence threshold
[INFO]  Final result: 1 boxes after NMS
[INFO]  Image 114 processed in 0.041706 s, fps: 23.977587
[INFO]  Filtered 8 boxes by confidence threshold
[INFO]  Final result: 1 boxes after NMS
[INFO]  Image 115 processed in 0.043579 s, fps: 22.947067
[INFO]  Filtered 0 boxes by confidence threshold
[INFO]  Final result: 0 boxes after NMS
[INFO]  Image 116 processed in 0.041950 s, fps: 23.837930
[INFO]  Filtered 0 boxes by confidence threshold
[INFO]  Final result: 0 boxes after NMS
[INFO]  Image 117 processed in 0.044256 s, fps: 22.595614
[INFO]  Filtered 1 boxes by confidence threshold
[INFO]  Final result: 1 boxes after NMS
[INFO]  Image 118 processed in 0.038738 s, fps: 25.814757
[INFO]  Filtered 6 boxes by confidence threshold
[INFO]  Final result: 1 boxes after NMS
[INFO]  Image 119 processed in 0.036801 s, fps: 27.173400
[INFO]  Filtered 17 boxes by confidence threshold
[INFO]  Final result: 2 boxes after NMS
[INFO]  Image 120 processed in 0.042270 s, fps: 23.657711
[INFO]  Filtered 10 boxes by confidence threshold
[INFO]  Final result: 7 boxes after NMS
[INFO]  Image 121 processed in 0.042930 s, fps: 23.293551
[INFO]  Filtered 2 boxes by confidence threshold
[INFO]  Final result: 2 boxes after NMS
[INFO]  Image 122 processed in 0.044534 s, fps: 22.454908
[INFO]  Filtered 8 boxes by confidence threshold
[INFO]  Final result: 2 boxes after NMS
[INFO]  Image 123 processed in 0.041380 s, fps: 24.166479
[INFO]  Filtered 4 boxes by confidence threshold
[INFO]  Final result: 2 boxes after NMS
[INFO]  Image 124 processed in 0.039738 s, fps: 25.164681
[INFO]  Filtered 9 boxes by confidence threshold
[INFO]  Final result: 1 boxes after NMS
[INFO]  Image 125 processed in 0.043965 s, fps: 22.745604
[INFO]  Filtered 2 boxes by confidence threshold
[INFO]  Final result: 1 boxes after NMS
[INFO]  Image 126 processed in 0.043923 s, fps: 22.766922
[INFO]  Filtered 3 boxes by confidence threshold
[INFO]  Final result: 1 boxes after NMS
[INFO]  Image 127 processed in 0.041583 s, fps: 24.048140
[INFO]  Filtered 6 boxes by confidence threshold
[INFO]  Final result: 1 boxes after NMS
[INFO]  Image 128 processed in 0.042486 s, fps: 23.537131
[INFO]  Filtered 1 boxes by confidence threshold
[INFO]  Final result: 1 boxes after NMS
[INFO]  Image 129 processed in 0.044587 s, fps: 22.427923
[INFO]  Filtered 7 boxes by confidence threshold
[INFO]  Final result: 1 boxes after NMS
[INFO]  Image 130 processed in 0.042233 s, fps: 23.677993
[INFO]  Filtered 1 boxes by confidence threshold
[INFO]  Final result: 1 boxes after NMS
[INFO]  Image 131 processed in 0.036681 s, fps: 27.262220
[INFO]  Filtered 5 boxes by confidence threshold
[INFO]  Final result: 2 boxes after NMS
[INFO]  Image 132 processed in 0.044080 s, fps: 22.685897
[INFO]  Filtered 4 boxes by confidence threshold
[INFO]  Final result: 1 boxes after NMS
[INFO]  Image 133 processed in 0.045391 s, fps: 22.030609
[INFO]  Filtered 3 boxes by confidence threshold
[INFO]  Final result: 1 boxes after NMS
[INFO]  Image 134 processed in 0.039322 s, fps: 25.431313
[INFO]  Filtered 3 boxes by confidence threshold
[INFO]  Final result: 1 boxes after NMS
[INFO]  Image 135 processed in 0.041890 s, fps: 23.872181
[INFO]  Filtered 7 boxes by confidence threshold
[INFO]  Final result: 1 boxes after NMS
[INFO]  Image 136 processed in 0.042005 s, fps: 23.806800
[INFO]  Filtered 8 boxes by confidence threshold
[INFO]  Final result: 1 boxes after NMS
[INFO]  Image 137 processed in 0.042654 s, fps: 23.444619
[INFO]  Filtered 2 boxes by confidence threshold
[INFO]  Final result: 1 boxes after NMS
[INFO]  Image 138 processed in 0.043344 s, fps: 23.071482
[INFO]  Filtered 4 boxes by confidence threshold
[INFO]  Final result: 1 boxes after NMS
[INFO]  Image 139 processed in 0.044493 s, fps: 22.475622
[INFO]  Filtered 6 boxes by confidence threshold
[INFO]  Final result: 3 boxes after NMS
[INFO]  Image 140 processed in 0.034408 s, fps: 29.062959
[INFO]  Filtered 6 boxes by confidence threshold
[INFO]  Final result: 1 boxes after NMS
[INFO]  Image 141 processed in 0.034720 s, fps: 28.801756
[INFO]  Filtered 8 boxes by confidence threshold
[INFO]  Final result: 2 boxes after NMS
[INFO]  Image 142 processed in 0.043855 s, fps: 22.802430
[INFO]  Filtered 6 boxes by confidence threshold
[INFO]  Final result: 1 boxes after NMS
[INFO]  Image 143 processed in 0.044484 s, fps: 22.479969
[INFO]  Filtered 17 boxes by confidence threshold
[INFO]  Final result: 2 boxes after NMS
[INFO]  Image 144 processed in 0.044845 s, fps: 22.299232
[INFO]  Filtered 6 boxes by confidence threshold
[INFO]  Final result: 1 boxes after NMS
[INFO]  Image 145 processed in 0.043244 s, fps: 23.124368
[INFO]  Filtered 6 boxes by confidence threshold
[INFO]  Final result: 2 boxes after NMS
[INFO]  Image 146 processed in 0.044139 s, fps: 22.655562
[INFO]  Filtered 8 boxes by confidence threshold
[INFO]  Final result: 1 boxes after NMS
[INFO]  Image 147 processed in 0.042883 s, fps: 23.319057
[INFO]  Filtered 5 boxes by confidence threshold
[INFO]  Final result: 2 boxes after NMS
[INFO]  Image 148 processed in 0.043068 s, fps: 23.218856
[INFO]  Filtered 1 boxes by confidence threshold
[INFO]  Final result: 1 boxes after NMS
[INFO]  Image 149 processed in 0.043614 s, fps: 22.928410
[INFO]  Filtered 4 boxes by confidence threshold
[INFO]  Final result: 1 boxes after NMS
[INFO]  Image 150 processed in 0.043533 s, fps: 22.971105
[INFO]  Filtered 8 boxes by confidence threshold
[INFO]  Final result: 1 boxes after NMS
[INFO]  Image 151 processed in 0.042052 s, fps: 23.779932
[INFO]  Filtered 5 boxes by confidence threshold
[INFO]  Final result: 1 boxes after NMS
[INFO]  Image 152 processed in 0.041285 s, fps: 24.221906
[INFO]  Filtered 5 boxes by confidence threshold
[INFO]  Final result: 2 boxes after NMS
[INFO]  Image 153 processed in 0.038999 s, fps: 25.641467
[INFO]  Filtered 1 boxes by confidence threshold
[INFO]  Final result: 1 boxes after NMS
[INFO]  Image 154 processed in 0.040701 s, fps: 24.569499
[INFO]  Filtered 15 boxes by confidence threshold
[INFO]  Final result: 2 boxes after NMS
[INFO]  Image 155 processed in 0.042851 s, fps: 23.336415
[INFO]  Filtered 3 boxes by confidence threshold
[INFO]  Final result: 1 boxes after NMS
[INFO]  Image 156 processed in 0.041352 s, fps: 24.182904
[INFO]  Filtered 2 boxes by confidence threshold
[INFO]  Final result: 1 boxes after NMS
[INFO]  Image 157 processed in 0.038225 s, fps: 26.160772
[INFO]  Filtered 21 boxes by confidence threshold
[INFO]  Final result: 3 boxes after NMS
[INFO]  Image 158 processed in 0.044223 s, fps: 22.612901
[INFO]  Filtered 8 boxes by confidence threshold
[INFO]  Final result: 2 boxes after NMS
[INFO]  Image 159 processed in 0.039672 s, fps: 25.206944
[INFO]  Filtered 11 boxes by confidence threshold
[INFO]  Final result: 3 boxes after NMS
[INFO]  Image 160 processed in 0.040967 s, fps: 24.409717
[INFO]  Filtered 16 boxes by confidence threshold
[INFO]  Final result: 2 boxes after NMS
[INFO]  Image 161 processed in 0.039653 s, fps: 25.218532
[INFO]  Filtered 12 boxes by confidence threshold
[INFO]  Final result: 2 boxes after NMS
[INFO]  Image 162 processed in 0.042339 s, fps: 23.618841
[INFO]  Filtered 2 boxes by confidence threshold
[INFO]  Final result: 1 boxes after NMS
[INFO]  Image 163 processed in 0.041967 s, fps: 23.828168
[INFO]  Filtered 9 boxes by confidence threshold
[INFO]  Final result: 1 boxes after NMS
[INFO]  Image 164 processed in 0.040108 s, fps: 24.932404
[INFO]  Filtered 9 boxes by confidence threshold
[INFO]  Final result: 3 boxes after NMS
[INFO]  Image 165 processed in 0.040494 s, fps: 24.695223
[INFO]  Filtered 8 boxes by confidence threshold
[INFO]  Final result: 2 boxes after NMS
[INFO]  Image 166 processed in 0.043555 s, fps: 22.959711
[INFO]  Filtered 0 boxes by confidence threshold
[INFO]  Final result: 0 boxes after NMS
[INFO]  Image 167 processed in 0.042550 s, fps: 23.501981
[INFO]  Filtered 1 boxes by confidence threshold
[INFO]  Final result: 1 boxes after NMS
[INFO]  Image 168 processed in 0.043088 s, fps: 23.208415
[INFO]  Filtered 10 boxes by confidence threshold
[INFO]  Final result: 1 boxes after NMS
[INFO]  Image 169 processed in 0.045003 s, fps: 22.220827
[INFO]  Filtered 17 boxes by confidence threshold
[INFO]  Final result: 2 boxes after NMS
[INFO]  Image 170 processed in 0.043403 s, fps: 23.040009
[INFO]  Filtered 4 boxes by confidence threshold
[INFO]  Final result: 1 boxes after NMS
[INFO]  Image 171 processed in 0.042946 s, fps: 23.285278
[INFO]  Filtered 5 boxes by confidence threshold
[INFO]  Final result: 2 boxes after NMS
[INFO]  Image 172 processed in 0.042113 s, fps: 23.745534
[INFO]  Filtered 0 boxes by confidence threshold
[INFO]  Final result: 0 boxes after NMS
[INFO]  Image 173 processed in 0.041350 s, fps: 24.183842
[INFO]  Filtered 22 boxes by confidence threshold
[INFO]  Final result: 3 boxes after NMS
[INFO]  Image 174 processed in 0.043755 s, fps: 22.854587
[INFO]  Filtered 3 boxes by confidence threshold
[INFO]  Final result: 1 boxes after NMS
[INFO]  Image 175 processed in 0.043972 s, fps: 22.741638
[INFO]  Filtered 8 boxes by confidence threshold
[INFO]  Final result: 2 boxes after NMS
[INFO]  Image 176 processed in 0.042075 s, fps: 23.767074
[INFO]  Filtered 3 boxes by confidence threshold
[INFO]  Final result: 2 boxes after NMS
[INFO]  Image 177 processed in 0.040489 s, fps: 24.697981
[INFO]  Filtered 2 boxes by confidence threshold
[INFO]  Final result: 2 boxes after NMS
[INFO]  Image 178 processed in 0.038819 s, fps: 25.760393
[INFO]  Filtered 28 boxes by confidence threshold
[INFO]  Final result: 3 boxes after NMS
[INFO]  Image 179 processed in 0.043473 s, fps: 23.002633
[INFO]  Filtered 1 boxes by confidence threshold
[INFO]  Final result: 1 boxes after NMS
[INFO]  Image 180 processed in 0.040824 s, fps: 24.495658
[INFO]  Filtered 8 boxes by confidence threshold
[INFO]  Final result: 1 boxes after NMS
[INFO]  Image 181 processed in 0.041828 s, fps: 23.907638
[INFO]  Filtered 11 boxes by confidence threshold
[INFO]  Final result: 2 boxes after NMS
[INFO]  Image 182 processed in 0.042745 s, fps: 23.394684
[INFO]  Filtered 0 boxes by confidence threshold
[INFO]  Final result: 0 boxes after NMS
[INFO]  Image 183 processed in 0.043349 s, fps: 23.068843
[INFO]  Filtered 5 boxes by confidence threshold
[INFO]  Final result: 1 boxes after NMS
[INFO]  Image 184 processed in 0.034431 s, fps: 29.043790
[INFO]  Filtered 6 boxes by confidence threshold
[INFO]  Final result: 1 boxes after NMS
[INFO]  Image 185 processed in 0.039606 s, fps: 25.248791
[INFO]  Filtered 2 boxes by confidence threshold
[INFO]  Final result: 1 boxes after NMS
[INFO]  Image 186 processed in 0.040987 s, fps: 24.397694
[INFO]  Filtered 14 boxes by confidence threshold
[INFO]  Final result: 2 boxes after NMS
[INFO]  Image 187 processed in 0.042404 s, fps: 23.582913
[INFO]  Filtered 5 boxes by confidence threshold
[INFO]  Final result: 2 boxes after NMS
[INFO]  Image 188 processed in 0.042619 s, fps: 23.463736
[INFO]  Filtered 0 boxes by confidence threshold
[INFO]  Final result: 0 boxes after NMS
[INFO]  Image 189 processed in 0.044744 s, fps: 22.349153
[INFO]  Filtered 9 boxes by confidence threshold
[INFO]  Final result: 1 boxes after NMS
[INFO]  Image 190 processed in 0.043418 s, fps: 23.031871
[INFO]  Filtered 1 boxes by confidence threshold
[INFO]  Final result: 1 boxes after NMS
[INFO]  Image 191 processed in 0.036063 s, fps: 27.729590
[INFO]  Filtered 6 boxes by confidence threshold
[INFO]  Final result: 1 boxes after NMS
[INFO]  Image 192 processed in 0.042257 s, fps: 23.664743
[INFO]  Filtered 6 boxes by confidence threshold
[INFO]  Final result: 2 boxes after NMS
[INFO]  Image 193 processed in 0.034931 s, fps: 28.628000
[INFO]  Filtered 2 boxes by confidence threshold
[INFO]  Final result: 1 boxes after NMS
[INFO]  Image 194 processed in 0.040495 s, fps: 24.694322
[INFO]  Filtered 3 boxes by confidence threshold
[INFO]  Final result: 1 boxes after NMS
[INFO]  Image 195 processed in 0.043319 s, fps: 23.084487
[INFO]  Filtered 0 boxes by confidence threshold
[INFO]  Final result: 0 boxes after NMS
[INFO]  Image 196 processed in 0.039336 s, fps: 25.421912
[INFO]  Filtered 2 boxes by confidence threshold
[INFO]  Final result: 1 boxes after NMS
[INFO]  Image 197 processed in 0.045362 s, fps: 22.044794
[INFO]  Filtered 9 boxes by confidence threshold
[INFO]  Final result: 1 boxes after NMS
[INFO]  Image 198 processed in 0.040359 s, fps: 24.777459
[INFO]  Filtered 0 boxes by confidence threshold
[INFO]  Final result: 0 boxes after NMS
[INFO]  Image 199 processed in 0.043211 s, fps: 23.142373
[INFO]  Filtered 3 boxes by confidence threshold
[INFO]  Final result: 2 boxes after NMS
[INFO]  Image 200 processed in 0.041546 s, fps: 24.069569
[INFO]  Processed 200 images, average FPS: 21.425702
[INFO]  Unload model ../model/YOLO11n_p2_hbb_IRSTD_1K_512.om success
[INFO]  destroy context ok
[INFO]  Reset device 0 ok
[INFO]  Finalize acl ok
[INFO] 推理完成.
