[INFO] 开始编译源代码...
-- set INC_PATH: /usr/local/Ascend/ascend-toolkit/latest
-- set LIB_PATH: /usr/local/Ascend/ascend-toolkit/latest/runtime/lib64/stub
-- set THIRDPART: /usr/local/Ascend/ascend-toolkit/latest/thirdpart
-- Configuring done
-- Generating done
-- Build files have been written to: /home/HwHiAiUser/gp/YOLO/src
Consolidate compiler generated dependencies of target main
[ 50%] Building CXX object CMakeFiles/main.dir/sampleYOLOV8.cpp.o
[100%] Linking CXX executable /home/HwHiAiUser/gp/YOLO/out/main
[100%] Built target main
[INFO] 编译完成.
[INFO] 开始推理...
[INFO]  Directory exists: ../output
[INFO]  Directory exists: ../output/images
[INFO]  Directory exists: ../output/labels
[INFO]  Acl init ok
[INFO]  Open device 0 ok
[INFO]  Use default context currently
[INFO]  dvpp init resource ok
[INFO]  Load model ../model/bestca.om success
[INFO]  Create model description success
[INFO]  Create model(../model/bestca.om) output success
[INFO]  Init model ../model/bestca.om success
[INFO]  filter boxes by confidence threshold > 0.001000 success, boxes size is 21
[INFO]  filter boxes by NMS threshold > 0.450000 success, result size is 6
[INFO]  object detect [0.532715:SO] success
[INFO]  object detect [0.527832:SO] success
[INFO]  object detect [0.076172:SO] success
[INFO]  object detect [0.006828:SO] success
[INFO]  object detect [0.005981:SO] success
[INFO]  object detect [0.001926:SO] success
[INFO]  Warmup (image 0) elapsed time: 0.215635 s , fps: 4.637469
[INFO]  filter boxes by confidence threshold > 0.001000 success, boxes size is 8
[INFO]  filter boxes by NMS threshold > 0.450000 success, result size is 5
[INFO]  object detect [0.081726:SO] success
[INFO]  object detect [0.054413:SO] success
[INFO]  object detect [0.003365:SO] success
[INFO]  object detect [0.001170:SO] success
[INFO]  object detect [0.001151:SO] success
[INFO]  Image 1 elapsed time: 0.068211 s , fps: 14.660476
[INFO]  filter boxes by confidence threshold > 0.001000 success, boxes size is 19
[INFO]  filter boxes by NMS threshold > 0.450000 success, result size is 7
[INFO]  object detect [0.748047:SO] success
[INFO]  object detect [0.008575:SO] success
[INFO]  object detect [0.008316:SO] success
[INFO]  object detect [0.003551:SO] success
[INFO]  object detect [0.002481:SO] success
[INFO]  object detect [0.001726:SO] success
[INFO]  object detect [0.001235:SO] success
[INFO]  Image 2 elapsed time: 0.067669 s , fps: 14.777720
[INFO]  filter boxes by confidence threshold > 0.001000 success, boxes size is 17
[INFO]  filter boxes by NMS threshold > 0.450000 success, result size is 5
[INFO]  object detect [0.421387:SO] success
[INFO]  object detect [0.018158:SO] success
[INFO]  object detect [0.010170:SO] success
[INFO]  object detect [0.005096:SO] success
[INFO]  object detect [0.002623:SO] success
[INFO]  Image 3 elapsed time: 0.067728 s , fps: 14.764865
[INFO]  filter boxes by confidence threshold > 0.001000 success, boxes size is 13
[INFO]  filter boxes by NMS threshold > 0.450000 success, result size is 4
[INFO]  object detect [0.613770:SO] success
[INFO]  object detect [0.065002:SO] success
[INFO]  object detect [0.044342:SO] success
[INFO]  object detect [0.005238:SO] success
[INFO]  Image 4 elapsed time: 0.061074 s , fps: 16.373698
[INFO]  filter boxes by confidence threshold > 0.001000 success, boxes size is 6
[INFO]  filter boxes by NMS threshold > 0.450000 success, result size is 3
[INFO]  object detect [0.432129:SO] success
[INFO]  object detect [0.002562:SO] success
[INFO]  object detect [0.001810:SO] success
[INFO]  Image 5 elapsed time: 0.063158 s , fps: 15.833223
[INFO]  filter boxes by confidence threshold > 0.001000 success, boxes size is 7
[INFO]  filter boxes by NMS threshold > 0.450000 success, result size is 3
[INFO]  object detect [0.623535:SO] success
[INFO]  object detect [0.003496:SO] success
[INFO]  object detect [0.002388:SO] success
[INFO]  Image 6 elapsed time: 0.060556 s , fps: 16.513711
[INFO]  filter boxes by confidence threshold > 0.001000 success, boxes size is 16
[INFO]  filter boxes by NMS threshold > 0.450000 success, result size is 2
[INFO]  object detect [0.854004:SO] success
[INFO]  object detect [0.001069:SO] success
[INFO]  Image 7 elapsed time: 0.062729 s , fps: 15.941522
[INFO]  filter boxes by confidence threshold > 0.001000 success, boxes size is 13
[INFO]  filter boxes by NMS threshold > 0.450000 success, result size is 2
[INFO]  object detect [0.214722:SO] success
[INFO]  object detect [0.001825:SO] success
[INFO]  Image 8 elapsed time: 0.059581 s , fps: 16.783898
[INFO]  filter boxes by confidence threshold > 0.001000 success, boxes size is 54
[INFO]  filter boxes by NMS threshold > 0.450000 success, result size is 23
[INFO]  object detect [0.463867:SO] success
[INFO]  object detect [0.447754:SO] success
[INFO]  object detect [0.394043:SO] success
[INFO]  object detect [0.135376:SO] success
[INFO]  object detect [0.042816:SO] success
[INFO]  object detect [0.019226:SO] success
[INFO]  object detect [0.015198:SO] success
[INFO]  object detect [0.013123:SO] success
[INFO]  object detect [0.011330:SO] success
[INFO]  object detect [0.010651:SO] success
[INFO]  object detect [0.009232:SO] success
[INFO]  object detect [0.008034:SO] success
[INFO]  object detect [0.007126:SO] success
[INFO]  object detect [0.005795:SO] success
[INFO]  object detect [0.003960:SO] success
[INFO]  object detect [0.003237:SO] success
[INFO]  object detect [0.002562:SO] success
[INFO]  object detect [0.002132:SO] success
[INFO]  object detect [0.001890:SO] success
[INFO]  object detect [0.001831:SO] success
[INFO]  object detect [0.001400:SO] success
[INFO]  object detect [0.001170:SO] success
[INFO]  object detect [0.001112:SO] success
[INFO]  Image 9 elapsed time: 0.063469 s , fps: 15.755603
[INFO]  filter boxes by confidence threshold > 0.001000 success, boxes size is 44
[INFO]  filter boxes by NMS threshold > 0.450000 success, result size is 9
[INFO]  object detect [0.358398:SO] success
[INFO]  object detect [0.215332:SO] success
[INFO]  object detect [0.042450:SO] success
[INFO]  object detect [0.019913:SO] success
[INFO]  object detect [0.019577:SO] success
[INFO]  object detect [0.005642:SO] success
[INFO]  object detect [0.004005:SO] success
[INFO]  object detect [0.002226:SO] success
[INFO]  object detect [0.001044:SO] success
[INFO]  Image 10 elapsed time: 0.078974 s , fps: 12.662462
[INFO]  filter boxes by confidence threshold > 0.001000 success, boxes size is 7
[INFO]  filter boxes by NMS threshold > 0.450000 success, result size is 2
[INFO]  object detect [0.681152:SO] success
[INFO]  object detect [0.001175:SO] success
[INFO]  Image 11 elapsed time: 0.062538 s , fps: 15.990365
[INFO]  filter boxes by confidence threshold > 0.001000 success, boxes size is 16
[INFO]  filter boxes by NMS threshold > 0.450000 success, result size is 4
[INFO]  object detect [0.634277:SO] success
[INFO]  object detect [0.009911:SO] success
[INFO]  object detect [0.001530:SO] success
[INFO]  object detect [0.001074:SO] success
[INFO]  Image 12 elapsed time: 0.057657 s , fps: 17.344037
[INFO]  filter boxes by confidence threshold > 0.001000 success, boxes size is 5
[INFO]  filter boxes by NMS threshold > 0.450000 success, result size is 1
[INFO]  object detect [0.541992:SO] success
[INFO]  Image 13 elapsed time: 0.062075 s , fps: 16.109613
[INFO]  filter boxes by confidence threshold > 0.001000 success, boxes size is 14
[INFO]  filter boxes by NMS threshold > 0.450000 success, result size is 9
[INFO]  object detect [0.533203:SO] success
[INFO]  object detect [0.006004:SO] success
[INFO]  object detect [0.003248:SO] success
[INFO]  object detect [0.003098:SO] success
[INFO]  object detect [0.002869:SO] success
[INFO]  object detect [0.002531:SO] success
[INFO]  object detect [0.002251:SO] success
[INFO]  object detect [0.001567:SO] success
[INFO]  object detect [0.001467:SO] success
[INFO]  Image 14 elapsed time: 0.060836 s , fps: 16.437643
[INFO]  filter boxes by confidence threshold > 0.001000 success, boxes size is 21
[INFO]  filter boxes by NMS threshold > 0.450000 success, result size is 2
[INFO]  object detect [0.685059:SO] success
[INFO]  object detect [0.626953:SO] success
[INFO]  Image 15 elapsed time: 0.061523 s , fps: 16.254182
[INFO]  filter boxes by confidence threshold > 0.001000 success, boxes size is 32
[INFO]  filter boxes by NMS threshold > 0.450000 success, result size is 6
[INFO]  object detect [0.317383:SO] success
[INFO]  object detect [0.130127:SO] success
[INFO]  object detect [0.072021:SO] success
[INFO]  object detect [0.027679:SO] success
[INFO]  object detect [0.013275:SO] success
[INFO]  object detect [0.002182:SO] success
[INFO]  Image 16 elapsed time: 0.058846 s , fps: 16.993409
[INFO]  filter boxes by confidence threshold > 0.001000 success, boxes size is 14
[INFO]  filter boxes by NMS threshold > 0.450000 success, result size is 3
[INFO]  object detect [0.671875:SO] success
[INFO]  object detect [0.668457:SO] success
[INFO]  object detect [0.003487:SO] success
[INFO]  Image 17 elapsed time: 0.064418 s , fps: 15.523572
[INFO]  filter boxes by confidence threshold > 0.001000 success, boxes size is 28
[INFO]  filter boxes by NMS threshold > 0.450000 success, result size is 6
[INFO]  object detect [0.680176:SO] success
[INFO]  object detect [0.662109:SO] success
[INFO]  object detect [0.304199:SO] success
[INFO]  object detect [0.033447:SO] success
[INFO]  object detect [0.012535:SO] success
[INFO]  object detect [0.002832:SO] success
[INFO]  Image 18 elapsed time: 0.060788 s , fps: 16.450640
[INFO]  filter boxes by confidence threshold > 0.001000 success, boxes size is 18
[INFO]  filter boxes by NMS threshold > 0.450000 success, result size is 6
[INFO]  object detect [0.737793:SO] success
[INFO]  object detect [0.008316:SO] success
[INFO]  object detect [0.001668:SO] success
[INFO]  object detect [0.001266:SO] success
[INFO]  object detect [0.001164:SO] success
[INFO]  object detect [0.001116:SO] success
[INFO]  Image 19 elapsed time: 0.061717 s , fps: 16.203077
[INFO]  filter boxes by confidence threshold > 0.001000 success, boxes size is 6
[INFO]  filter boxes by NMS threshold > 0.450000 success, result size is 1
[INFO]  object detect [0.538574:SO] success
[INFO]  Image 20 elapsed time: 0.060843 s , fps: 16.435741
[INFO]  filter boxes by confidence threshold > 0.001000 success, boxes size is 4
[INFO]  filter boxes by NMS threshold > 0.450000 success, result size is 2
[INFO]  object detect [0.214355:SO] success
[INFO]  object detect [0.002869:SO] success
[INFO]  Image 21 elapsed time: 0.061222 s , fps: 16.333864
[INFO]  filter boxes by confidence threshold > 0.001000 success, boxes size is 8
[INFO]  filter boxes by NMS threshold > 0.450000 success, result size is 1
[INFO]  object detect [0.440430:SO] success
[INFO]  Image 22 elapsed time: 0.061584 s , fps: 16.237917
[INFO]  filter boxes by confidence threshold > 0.001000 success, boxes size is 4
[INFO]  filter boxes by NMS threshold > 0.450000 success, result size is 1
[INFO]  object detect [0.154785:SO] success
[INFO]  Image 23 elapsed time: 0.060448 s , fps: 16.543193
[INFO]  filter boxes by confidence threshold > 0.001000 success, boxes size is 9
[INFO]  filter boxes by NMS threshold > 0.450000 success, result size is 1
[INFO]  object detect [0.654297:SO] success
[INFO]  Image 24 elapsed time: 0.061310 s , fps: 16.310420
[INFO]  filter boxes by confidence threshold > 0.001000 success, boxes size is 10
[INFO]  filter boxes by NMS threshold > 0.450000 success, result size is 2
[INFO]  object detect [0.636719:SO] success
[INFO]  object detect [0.560059:SO] success
[INFO]  Image 25 elapsed time: 0.064457 s , fps: 15.514134
[INFO]  filter boxes by confidence threshold > 0.001000 success, boxes size is 6
[INFO]  filter boxes by NMS threshold > 0.450000 success, result size is 1
[INFO]  object detect [0.605469:SO] success
[INFO]  Image 26 elapsed time: 0.059345 s , fps: 16.850497
[INFO]  filter boxes by confidence threshold > 0.001000 success, boxes size is 26
[INFO]  filter boxes by NMS threshold > 0.450000 success, result size is 16
[INFO]  object detect [0.574219:SO] success
[INFO]  object detect [0.071472:SO] success
[INFO]  object detect [0.008850:SO] success
[INFO]  object detect [0.008545:SO] success
[INFO]  object detect [0.005260:SO] success
[INFO]  object detect [0.004848:SO] success
[INFO]  object detect [0.004810:SO] success
[INFO]  object detect [0.003052:SO] success
[INFO]  object detect [0.002623:SO] success
[INFO]  object detect [0.002562:SO] success
[INFO]  object detect [0.002472:SO] success
[INFO]  object detect [0.002216:SO] success
[INFO]  object detect [0.002140:SO] success
[INFO]  object detect [0.001934:SO] success
[INFO]  object detect [0.001377:SO] success
[INFO]  object detect [0.001184:SO] success
[INFO]  Image 27 elapsed time: 0.063663 s , fps: 15.707744
[INFO]  filter boxes by confidence threshold > 0.001000 success, boxes size is 24
[INFO]  filter boxes by NMS threshold > 0.450000 success, result size is 13
[INFO]  object detect [0.510742:SO] success
[INFO]  object detect [0.203369:SO] success
[INFO]  object detect [0.019882:SO] success
[INFO]  object detect [0.008286:SO] success
[INFO]  object detect [0.005341:SO] success
[INFO]  object detect [0.003563:SO] success
[INFO]  object detect [0.001300:SO] success
[INFO]  object detect [0.001279:SO] success
[INFO]  object detect [0.001225:SO] success
[INFO]  object detect [0.001205:SO] success
[INFO]  object detect [0.001064:SO] success
[INFO]  object detect [0.001044:SO] success
[INFO]  object detect [0.001013:SO] success
[INFO]  Image 28 elapsed time: 0.068798 s , fps: 14.535211
[INFO]  filter boxes by confidence threshold > 0.001000 success, boxes size is 6
[INFO]  filter boxes by NMS threshold > 0.450000 success, result size is 4
[INFO]  object detect [0.564941:SO] success
[INFO]  object detect [0.010132:SO] success
[INFO]  object detect [0.003681:SO] success
[INFO]  object detect [0.003260:SO] success
[INFO]  Image 29 elapsed time: 0.060402 s , fps: 16.555758
[INFO]  filter boxes by confidence threshold > 0.001000 success, boxes size is 16
[INFO]  filter boxes by NMS threshold > 0.450000 success, result size is 7
[INFO]  object detect [0.296875:SO] success
[INFO]  object detect [0.019257:SO] success
[INFO]  object detect [0.010490:SO] success
[INFO]  object detect [0.006561:SO] success
[INFO]  object detect [0.004887:SO] success
[INFO]  object detect [0.001255:SO] success
[INFO]  object detect [0.001028:SO] success
[INFO]  Image 30 elapsed time: 0.062558 s , fps: 15.985220
[INFO]  filter boxes by confidence threshold > 0.001000 success, boxes size is 29
[INFO]  filter boxes by NMS threshold > 0.450000 success, result size is 6
[INFO]  object detect [0.735840:SO] success
[INFO]  object detect [0.683594:SO] success
[INFO]  object detect [0.061890:SO] success
[INFO]  object detect [0.008514:SO] success
[INFO]  object detect [0.002520:SO] success
[INFO]  object detect [0.001995:SO] success
[INFO]  Image 31 elapsed time: 0.062707 s , fps: 15.947136
[INFO]  filter boxes by confidence threshold > 0.001000 success, boxes size is 31
[INFO]  filter boxes by NMS threshold > 0.450000 success, result size is 4
[INFO]  object detect [0.730469:SO] success
[INFO]  object detect [0.706543:SO] success
[INFO]  object detect [0.134644:SO] success
[INFO]  object detect [0.001400:SO] success
[INFO]  Image 32 elapsed time: 0.062102 s , fps: 16.102490
[INFO]  filter boxes by confidence threshold > 0.001000 success, boxes size is 6
[INFO]  filter boxes by NMS threshold > 0.450000 success, result size is 3
[INFO]  object detect [0.392334:SO] success
[INFO]  object detect [0.007492:SO] success
[INFO]  object detect [0.001949:SO] success
[INFO]  Image 33 elapsed time: 0.062382 s , fps: 16.030267
[INFO]  filter boxes by confidence threshold > 0.001000 success, boxes size is 4
[INFO]  filter boxes by NMS threshold > 0.450000 success, result size is 1
[INFO]  object detect [0.619141:SO] success
[INFO]  Image 34 elapsed time: 0.064095 s , fps: 15.601721
[INFO]  filter boxes by confidence threshold > 0.001000 success, boxes size is 19
[INFO]  filter boxes by NMS threshold > 0.450000 success, result size is 7
[INFO]  object detect [0.695312:SO] success
[INFO]  object detect [0.015472:SO] success
[INFO]  object detect [0.003496:SO] success
[INFO]  object detect [0.002192:SO] success
[INFO]  object detect [0.002174:SO] success
[INFO]  object detect [0.001890:SO] success
[INFO]  object detect [0.001574:SO] success
[INFO]  Image 35 elapsed time: 0.065152 s , fps: 15.348618
[INFO]  filter boxes by confidence threshold > 0.001000 success, boxes size is 17
[INFO]  filter boxes by NMS threshold > 0.450000 success, result size is 2
[INFO]  object detect [0.640625:SO] success
[INFO]  object detect [0.008034:SO] success
[INFO]  Image 36 elapsed time: 0.061447 s , fps: 16.274220
[INFO]  filter boxes by confidence threshold > 0.001000 success, boxes size is 12
[INFO]  filter boxes by NMS threshold > 0.450000 success, result size is 5
[INFO]  object detect [0.616211:SO] success
[INFO]  object detect [0.558594:SO] success
[INFO]  object detect [0.004944:SO] success
[INFO]  object detect [0.001404:SO] success
[INFO]  object detect [0.001086:SO] success
[INFO]  Image 37 elapsed time: 0.061419 s , fps: 16.281479
[INFO]  filter boxes by confidence threshold > 0.001000 success, boxes size is 12
[INFO]  filter boxes by NMS threshold > 0.450000 success, result size is 1
[INFO]  object detect [0.642578:SO] success
[INFO]  Image 38 elapsed time: 0.059578 s , fps: 16.784731
[INFO]  filter boxes by confidence threshold > 0.001000 success, boxes size is 2
[INFO]  filter boxes by NMS threshold > 0.450000 success, result size is 1
[INFO]  object detect [0.501953:SO] success
[INFO]  Image 39 elapsed time: 0.055855 s , fps: 17.903369
[INFO]  filter boxes by confidence threshold > 0.001000 success, boxes size is 16
[INFO]  filter boxes by NMS threshold > 0.450000 success, result size is 3
[INFO]  object detect [0.640137:SO] success
[INFO]  object detect [0.580078:SO] success
[INFO]  object detect [0.006618:SO] success
[INFO]  Image 40 elapsed time: 0.055239 s , fps: 18.103246
[INFO]  filter boxes by confidence threshold > 0.001000 success, boxes size is 29
[INFO]  filter boxes by NMS threshold > 0.450000 success, result size is 12
[INFO]  object detect [0.688965:SO] success
[INFO]  object detect [0.535156:SO] success
[INFO]  object detect [0.149292:SO] success
[INFO]  object detect [0.031433:SO] success
[INFO]  object detect [0.016724:SO] success
[INFO]  object detect [0.012428:SO] success
[INFO]  object detect [0.005039:SO] success
[INFO]  object detect [0.003853:SO] success
[INFO]  object detect [0.002531:SO] success
[INFO]  object detect [0.001942:SO] success
[INFO]  object detect [0.001285:SO] success
[INFO]  object detect [0.001005:SO] success
[INFO]  Image 41 elapsed time: 0.060111 s , fps: 16.635785
[INFO]  filter boxes by confidence threshold > 0.001000 success, boxes size is 21
[INFO]  filter boxes by NMS threshold > 0.450000 success, result size is 6
[INFO]  object detect [0.730469:SO] success
[INFO]  object detect [0.142822:SO] success
[INFO]  object detect [0.114502:SO] success
[INFO]  object detect [0.004452:SO] success
[INFO]  object detect [0.001567:SO] success
[INFO]  object detect [0.001433:SO] success
[INFO]  Image 42 elapsed time: 0.062135 s , fps: 16.094035
[INFO]  filter boxes by confidence threshold > 0.001000 success, boxes size is 16
[INFO]  filter boxes by NMS threshold > 0.450000 success, result size is 11
[INFO]  object detect [0.654785:SO] success
[INFO]  object detect [0.059204:SO] success
[INFO]  object detect [0.022461:SO] success
[INFO]  object detect [0.020203:SO] success
[INFO]  object detect [0.005157:SO] success
[INFO]  object detect [0.002991:SO] success
[INFO]  object detect [0.001591:SO] success
[INFO]  object detect [0.001309:SO] success
[INFO]  object detect [0.001112:SO] success
[INFO]  object detect [0.001037:SO] success
[INFO]  object detect [0.001000:SO] success
[INFO]  Image 43 elapsed time: 0.066183 s , fps: 15.109563
[INFO]  filter boxes by confidence threshold > 0.001000 success, boxes size is 6
[INFO]  filter boxes by NMS threshold > 0.450000 success, result size is 3
[INFO]  object detect [0.409912:SO] success
[INFO]  object detect [0.066956:SO] success
[INFO]  object detect [0.003017:SO] success
[INFO]  Image 44 elapsed time: 0.059407 s , fps: 16.832922
[INFO]  filter boxes by confidence threshold > 0.001000 success, boxes size is 19
[INFO]  filter boxes by NMS threshold > 0.450000 success, result size is 8
[INFO]  object detect [0.590820:SO] success
[INFO]  object detect [0.034058:SO] success
[INFO]  object detect [0.012711:SO] success
[INFO]  object detect [0.005707:SO] success
[INFO]  object detect [0.004574:SO] success
[INFO]  object detect [0.003286:SO] success
[INFO]  object detect [0.002350:SO] success
[INFO]  object detect [0.001057:SO] success
[INFO]  Image 45 elapsed time: 0.062539 s , fps: 15.990114
[INFO]  filter boxes by confidence threshold > 0.001000 success, boxes size is 14
[INFO]  filter boxes by NMS threshold > 0.450000 success, result size is 2
[INFO]  object detect [0.705078:SO] success
[INFO]  object detect [0.002693:SO] success
[INFO]  Image 46 elapsed time: 0.061602 s , fps: 16.233370
[INFO]  filter boxes by confidence threshold > 0.001000 success, boxes size is 18
[INFO]  filter boxes by NMS threshold > 0.450000 success, result size is 7
[INFO]  object detect [0.557129:SO] success
[INFO]  object detect [0.007011:SO] success
[INFO]  object detect [0.005306:SO] success
[INFO]  object detect [0.003975:SO] success
[INFO]  object detect [0.003510:SO] success
[INFO]  object detect [0.001694:SO] success
[INFO]  object detect [0.001160:SO] success
[INFO]  Image 47 elapsed time: 0.064249 s , fps: 15.564420
[INFO]  filter boxes by confidence threshold > 0.001000 success, boxes size is 8
[INFO]  filter boxes by NMS threshold > 0.450000 success, result size is 2
[INFO]  object detect [0.161621:SO] success
[INFO]  object detect [0.001560:SO] success
[INFO]  Image 48 elapsed time: 0.065726 s , fps: 15.214690
[INFO]  filter boxes by confidence threshold > 0.001000 success, boxes size is 5
[INFO]  filter boxes by NMS threshold > 0.450000 success, result size is 2
[INFO]  object detect [0.397705:SO] success
[INFO]  object detect [0.001438:SO] success
[INFO]  Image 49 elapsed time: 0.061516 s , fps: 16.256048
[INFO]  filter boxes by confidence threshold > 0.001000 success, boxes size is 2
[INFO]  filter boxes by NMS threshold > 0.450000 success, result size is 1
[INFO]  object detect [0.270996:SO] success
[INFO]  Image 50 elapsed time: 0.059057 s , fps: 16.932826
[INFO]  filter boxes by confidence threshold > 0.001000 success, boxes size is 36
[INFO]  filter boxes by NMS threshold > 0.450000 success, result size is 12
[INFO]  object detect [0.550293:SO] success
[INFO]  object detect [0.273926:SO] success
[INFO]  object detect [0.205811:SO] success
[INFO]  object detect [0.070923:SO] success
[INFO]  object detect [0.018982:SO] success
[INFO]  object detect [0.012329:SO] success
[INFO]  object detect [0.009857:SO] success
[INFO]  object detect [0.008347:SO] success
[INFO]  object detect [0.005665:SO] success
[INFO]  object detect [0.002359:SO] success
[INFO]  object detect [0.001507:SO] success
[INFO]  object detect [0.001461:SO] success
[INFO]  Image 51 elapsed time: 0.061454 s , fps: 16.272378
[INFO]  filter boxes by confidence threshold > 0.001000 success, boxes size is 44
[INFO]  filter boxes by NMS threshold > 0.450000 success, result size is 13
[INFO]  object detect [0.569824:SO] success
[INFO]  object detect [0.062134:SO] success
[INFO]  object detect [0.017441:SO] success
[INFO]  object detect [0.013474:SO] success
[INFO]  object detect [0.012329:SO] success
[INFO]  object detect [0.009941:SO] success
[INFO]  object detect [0.007812:SO] success
[INFO]  object detect [0.003780:SO] success
[INFO]  object detect [0.003563:SO] success
[INFO]  object detect [0.003536:SO] success
[INFO]  object detect [0.001642:SO] success
[INFO]  object detect [0.001471:SO] success
[INFO]  object detect [0.001048:SO] success
[INFO]  Image 52 elapsed time: 0.059578 s , fps: 16.784667
[INFO]  filter boxes by confidence threshold > 0.001000 success, boxes size is 14
[INFO]  filter boxes by NMS threshold > 0.450000 success, result size is 4
[INFO]  object detect [0.739746:SO] success
[INFO]  object detect [0.421875:SO] success
[INFO]  object detect [0.002150:SO] success
[INFO]  object detect [0.001400:SO] success
[INFO]  Image 53 elapsed time: 0.061724 s , fps: 16.201207
[INFO]  filter boxes by confidence threshold > 0.001000 success, boxes size is 17
[INFO]  filter boxes by NMS threshold > 0.450000 success, result size is 2
[INFO]  object detect [0.738281:SO] success
[INFO]  object detect [0.661621:SO] success
[INFO]  Image 54 elapsed time: 0.192712 s , fps: 5.189086
[INFO]  filter boxes by confidence threshold > 0.001000 success, boxes size is 6
[INFO]  filter boxes by NMS threshold > 0.450000 success, result size is 2
[INFO]  object detect [0.553711:SO] success
[INFO]  object detect [0.033905:SO] success
[INFO]  Image 55 elapsed time: 0.102166 s , fps: 9.788037
[INFO]  filter boxes by confidence threshold > 0.001000 success, boxes size is 9
[INFO]  filter boxes by NMS threshold > 0.450000 success, result size is 5
[INFO]  object detect [0.580078:SO] success
[INFO]  object detect [0.397217:SO] success
[INFO]  object detect [0.010368:SO] success
[INFO]  object detect [0.001597:SO] success
[INFO]  object detect [0.001143:SO] success
[INFO]  Image 56 elapsed time: 0.131589 s , fps: 7.599421
[INFO]  filter boxes by confidence threshold > 0.001000 success, boxes size is 12
[INFO]  filter boxes by NMS threshold > 0.450000 success, result size is 4
[INFO]  object detect [0.685547:SO] success
[INFO]  object detect [0.009232:SO] success
[INFO]  object detect [0.003780:SO] success
[INFO]  object detect [0.001107:SO] success
[INFO]  Image 57 elapsed time: 0.151599 s , fps: 6.596354
[INFO]  filter boxes by confidence threshold > 0.001000 success, boxes size is 10
[INFO]  filter boxes by NMS threshold > 0.450000 success, result size is 5
[INFO]  object detect [0.522949:SO] success
[INFO]  object detect [0.003944:SO] success
[INFO]  object detect [0.003208:SO] success
[INFO]  object detect [0.001250:SO] success
[INFO]  object detect [0.001069:SO] success
[INFO]  Image 58 elapsed time: 0.077232 s , fps: 12.948015
[INFO]  filter boxes by confidence threshold > 0.001000 success, boxes size is 13
[INFO]  filter boxes by NMS threshold > 0.450000 success, result size is 5
[INFO]  object detect [0.608398:SO] success
[INFO]  object detect [0.003609:SO] success
[INFO]  object detect [0.003326:SO] success
[INFO]  object detect [0.002663:SO] success
[INFO]  object detect [0.002277:SO] success
[INFO]  Image 59 elapsed time: 0.066680 s , fps: 14.997111
[INFO]  filter boxes by confidence threshold > 0.001000 success, boxes size is 22
[INFO]  filter boxes by NMS threshold > 0.450000 success, result size is 9
[INFO]  object detect [0.660645:SO] success
[INFO]  object detect [0.072144:SO] success
[INFO]  object detect [0.011688:SO] success
[INFO]  object detect [0.005341:SO] success
[INFO]  object detect [0.003639:SO] success
[INFO]  object detect [0.002396:SO] success
[INFO]  object detect [0.001410:SO] success
[INFO]  object detect [0.001266:SO] success
[INFO]  object detect [0.001013:SO] success
[INFO]  Image 60 elapsed time: 0.070683 s , fps: 14.147770
[INFO]  filter boxes by confidence threshold > 0.001000 success, boxes size is 21
[INFO]  filter boxes by NMS threshold > 0.450000 success, result size is 7
[INFO]  object detect [0.572754:SO] success
[INFO]  object detect [0.572754:SO] success
[INFO]  object detect [0.473145:SO] success
[INFO]  object detect [0.026245:SO] success
[INFO]  object detect [0.011467:SO] success
[INFO]  object detect [0.003006:SO] success
[INFO]  object detect [0.001680:SO] success
[INFO]  Image 61 elapsed time: 0.066830 s , fps: 14.963301
[INFO]  filter boxes by confidence threshold > 0.001000 success, boxes size is 20
[INFO]  filter boxes by NMS threshold > 0.450000 success, result size is 2
[INFO]  object detect [0.807617:SO] success
[INFO]  object detect [0.705078:SO] success
[INFO]  Image 62 elapsed time: 0.059820 s , fps: 16.716840
[INFO]  filter boxes by confidence threshold > 0.001000 success, boxes size is 7
[INFO]  filter boxes by NMS threshold > 0.450000 success, result size is 4
[INFO]  object detect [0.460938:SO] success
[INFO]  object detect [0.004868:SO] success
[INFO]  object detect [0.001726:SO] success
[INFO]  object detect [0.001449:SO] success
[INFO]  Image 63 elapsed time: 0.060269 s , fps: 16.592219
[INFO]  filter boxes by confidence threshold > 0.001000 success, boxes size is 4
[INFO]  filter boxes by NMS threshold > 0.450000 success, result size is 3
[INFO]  object detect [0.651855:SO] success
[INFO]  object detect [0.004364:SO] success
[INFO]  object detect [0.003510:SO] success
[INFO]  Image 64 elapsed time: 0.061927 s , fps: 16.148168
[INFO]  filter boxes by confidence threshold > 0.001000 success, boxes size is 18
[INFO]  filter boxes by NMS threshold > 0.450000 success, result size is 9
[INFO]  object detect [0.636719:SO] success
[INFO]  object detect [0.497070:SO] success
[INFO]  object detect [0.321289:SO] success
[INFO]  object detect [0.090881:SO] success
[INFO]  object detect [0.059998:SO] success
[INFO]  object detect [0.054413:SO] success
[INFO]  object detect [0.002979:SO] success
[INFO]  object detect [0.001661:SO] success
[INFO]  object detect [0.001125:SO] success
[INFO]  Image 65 elapsed time: 0.187472 s , fps: 5.334126
[INFO]  filter boxes by confidence threshold > 0.001000 success, boxes size is 19
[INFO]  filter boxes by NMS threshold > 0.450000 success, result size is 11
[INFO]  object detect [0.362061:SO] success
[INFO]  object detect [0.020325:SO] success
[INFO]  object detect [0.006142:SO] success
[INFO]  object detect [0.005573:SO] success
[INFO]  object detect [0.003651:SO] success
[INFO]  object detect [0.002790:SO] success
[INFO]  object detect [0.002262:SO] success
[INFO]  object detect [0.001433:SO] success
[INFO]  object detect [0.001400:SO] success
[INFO]  object detect [0.001320:SO] success
[INFO]  object detect [0.001315:SO] success
[INFO]  Image 66 elapsed time: 0.192940 s , fps: 5.182968
[INFO]  filter boxes by confidence threshold > 0.001000 success, boxes size is 21
[INFO]  filter boxes by NMS threshold > 0.450000 success, result size is 2
[INFO]  object detect [0.840820:SO] success
[INFO]  object detect [0.624023:SO] success
[INFO]  Image 67 elapsed time: 0.153161 s , fps: 6.529067
[INFO]  filter boxes by confidence threshold > 0.001000 success, boxes size is 6
[INFO]  filter boxes by NMS threshold > 0.450000 success, result size is 2
[INFO]  object detect [0.632812:SO] success
[INFO]  object detect [0.005817:SO] success
[INFO]  Image 68 elapsed time: 0.262277 s , fps: 3.812768
[INFO]  filter boxes by confidence threshold > 0.001000 success, boxes size is 11
[INFO]  filter boxes by NMS threshold > 0.450000 success, result size is 5
[INFO]  object detect [0.585449:SO] success
[INFO]  object detect [0.583008:SO] success
[INFO]  object detect [0.358154:SO] success
[INFO]  object detect [0.004902:SO] success
[INFO]  object detect [0.001377:SO] success
[INFO]  Image 69 elapsed time: 0.140779 s , fps: 7.103331
[INFO]  filter boxes by confidence threshold > 0.001000 success, boxes size is 34
[INFO]  filter boxes by NMS threshold > 0.450000 success, result size is 3
[INFO]  object detect [0.663574:SO] success
[INFO]  object detect [0.586426:SO] success
[INFO]  object detect [0.001628:SO] success
[INFO]  Image 70 elapsed time: 0.191988 s , fps: 5.208650
[INFO]  filter boxes by confidence threshold > 0.001000 success, boxes size is 26
[INFO]  filter boxes by NMS threshold > 0.450000 success, result size is 11
[INFO]  object detect [0.701172:SO] success
[INFO]  object detect [0.699219:SO] success
[INFO]  object detect [0.650391:SO] success
[INFO]  object detect [0.034302:SO] success
[INFO]  object detect [0.030792:SO] success
[INFO]  object detect [0.025421:SO] success
[INFO]  object detect [0.009125:SO] success
[INFO]  object detect [0.008057:SO] success
[INFO]  object detect [0.001591:SO] success
[INFO]  object detect [0.001525:SO] success
[INFO]  object detect [0.001483:SO] success
[INFO]  Image 71 elapsed time: 0.149740 s , fps: 6.678255
[INFO]  filter boxes by confidence threshold > 0.001000 success, boxes size is 23
[INFO]  filter boxes by NMS threshold > 0.450000 success, result size is 10
[INFO]  object detect [0.683105:SO] success
[INFO]  object detect [0.023117:SO] success
[INFO]  object detect [0.008034:SO] success
[INFO]  object detect [0.007492:SO] success
[INFO]  object detect [0.003326:SO] success
[INFO]  object detect [0.002010:SO] success
[INFO]  object detect [0.001987:SO] success
[INFO]  object detect [0.001980:SO] success
[INFO]  object detect [0.001980:SO] success
[INFO]  object detect [0.001184:SO] success
[INFO]  Image 72 elapsed time: 0.130538 s , fps: 7.660594
[INFO]  filter boxes by confidence threshold > 0.001000 success, boxes size is 7
[INFO]  filter boxes by NMS threshold > 0.450000 success, result size is 3
[INFO]  object detect [0.635254:SO] success
[INFO]  object detect [0.630371:SO] success
[INFO]  object detect [0.001289:SO] success
[INFO]  Image 73 elapsed time: 0.132740 s , fps: 7.533507
[INFO]  filter boxes by confidence threshold > 0.001000 success, boxes size is 33
[INFO]  filter boxes by NMS threshold > 0.450000 success, result size is 11
[INFO]  object detect [0.671875:SO] success
[INFO]  object detect [0.648438:SO] success
[INFO]  object detect [0.317139:SO] success
[INFO]  object detect [0.169067:SO] success
[INFO]  object detect [0.023956:SO] success
[INFO]  object detect [0.020187:SO] success
[INFO]  object detect [0.009155:SO] success
[INFO]  object detect [0.008545:SO] success
[INFO]  object detect [0.002853:SO] success
[INFO]  object detect [0.002462:SO] success
[INFO]  object detect [0.001078:SO] success
[INFO]  Image 74 elapsed time: 0.067736 s , fps: 14.763162
[INFO]  filter boxes by confidence threshold > 0.001000 success, boxes size is 12
[INFO]  filter boxes by NMS threshold > 0.450000 success, result size is 9
[INFO]  object detect [0.081970:SO] success
[INFO]  object detect [0.033905:SO] success
[INFO]  object detect [0.023376:SO] success
[INFO]  object detect [0.012535:SO] success
[INFO]  object detect [0.008217:SO] success
[INFO]  object detect [0.004646:SO] success
[INFO]  object detect [0.003582:SO] success
[INFO]  object detect [0.002132:SO] success
[INFO]  object detect [0.002075:SO] success
[INFO]  Image 75 elapsed time: 0.068933 s , fps: 14.506872
[INFO]  filter boxes by confidence threshold > 0.001000 success, boxes size is 13
[INFO]  filter boxes by NMS threshold > 0.450000 success, result size is 8
[INFO]  object detect [0.457520:SO] success
[INFO]  object detect [0.253418:SO] success
[INFO]  object detect [0.203369:SO] success
[INFO]  object detect [0.187500:SO] success
[INFO]  object detect [0.071716:SO] success
[INFO]  object detect [0.001919:SO] success
[INFO]  object detect [0.001422:SO] success
[INFO]  object detect [0.001192:SO] success
[INFO]  Image 76 elapsed time: 0.070937 s , fps: 14.097057
[INFO]  filter boxes by confidence threshold > 0.001000 success, boxes size is 19
[INFO]  filter boxes by NMS threshold > 0.450000 success, result size is 13
[INFO]  object detect [0.580078:SO] success
[INFO]  object detect [0.021164:SO] success
[INFO]  object detect [0.008377:SO] success
[INFO]  object detect [0.007874:SO] success
[INFO]  object detect [0.006512:SO] success
[INFO]  object detect [0.005466:SO] success
[INFO]  object detect [0.005341:SO] success
[INFO]  object detect [0.003593:SO] success
[INFO]  object detect [0.003414:SO] success
[INFO]  object detect [0.001890:SO] success
[INFO]  object detect [0.001095:SO] success
[INFO]  object detect [0.001086:SO] success
[INFO]  object detect [0.001057:SO] success
[INFO]  Image 77 elapsed time: 0.056334 s , fps: 17.751178
[INFO]  filter boxes by confidence threshold > 0.001000 success, boxes size is 30
[INFO]  filter boxes by NMS threshold > 0.450000 success, result size is 2
[INFO]  object detect [0.842285:SO] success
[INFO]  object detect [0.829102:SO] success
[INFO]  Image 78 elapsed time: 0.059976 s , fps: 16.673208
[INFO]  filter boxes by confidence threshold > 0.001000 success, boxes size is 18
[INFO]  filter boxes by NMS threshold > 0.450000 success, result size is 2
[INFO]  object detect [0.803223:SO] success
[INFO]  object detect [0.006268:SO] success
[INFO]  Image 79 elapsed time: 0.061785 s , fps: 16.185211
[INFO]  filter boxes by confidence threshold > 0.001000 success, boxes size is 18
[INFO]  filter boxes by NMS threshold > 0.450000 success, result size is 4
[INFO]  object detect [0.660645:SO] success
[INFO]  object detect [0.642090:SO] success
[INFO]  object detect [0.008781:SO] success
[INFO]  object detect [0.002058:SO] success
[INFO]  Image 80 elapsed time: 0.060395 s , fps: 16.557688
[INFO]  filter boxes by confidence threshold > 0.001000 success, boxes size is 11
[INFO]  filter boxes by NMS threshold > 0.450000 success, result size is 4
[INFO]  object detect [0.572266:SO] success
[INFO]  object detect [0.002653:SO] success
[INFO]  object detect [0.001567:SO] success
[INFO]  object detect [0.001245:SO] success
[INFO]  Image 81 elapsed time: 0.064084 s , fps: 15.604617
[INFO]  filter boxes by confidence threshold > 0.001000 success, boxes size is 6
[INFO]  filter boxes by NMS threshold > 0.450000 success, result size is 3
[INFO]  object detect [0.430176:SO] success
[INFO]  object detect [0.026917:SO] success
[INFO]  object detect [0.002226:SO] success
[INFO]  Image 82 elapsed time: 0.062261 s , fps: 16.061319
[INFO]  filter boxes by confidence threshold > 0.001000 success, boxes size is 9
[INFO]  filter boxes by NMS threshold > 0.450000 success, result size is 5
[INFO]  object detect [0.620605:SO] success
[INFO]  object detect [0.012970:SO] success
[INFO]  object detect [0.010490:SO] success
[INFO]  object detect [0.003006:SO] success
[INFO]  object detect [0.001212:SO] success
[INFO]  Image 83 elapsed time: 0.057375 s , fps: 17.429064
[INFO]  filter boxes by confidence threshold > 0.001000 success, boxes size is 13
[INFO]  filter boxes by NMS threshold > 0.450000 success, result size is 5
[INFO]  object detect [0.664062:SO] success
[INFO]  object detect [0.009308:SO] success
[INFO]  object detect [0.008545:SO] success
[INFO]  object detect [0.002550:SO] success
[INFO]  object detect [0.001289:SO] success
[INFO]  Image 84 elapsed time: 0.060066 s , fps: 16.648485
[INFO]  filter boxes by confidence threshold > 0.001000 success, boxes size is 25
[INFO]  filter boxes by NMS threshold > 0.450000 success, result size is 4
[INFO]  object detect [0.716797:SO] success
[INFO]  object detect [0.666016:SO] success
[INFO]  object detect [0.003471:SO] success
[INFO]  object detect [0.001335:SO] success
[INFO]  Image 85 elapsed time: 0.061228 s , fps: 16.332381
[INFO]  filter boxes by confidence threshold > 0.001000 success, boxes size is 45
[INFO]  filter boxes by NMS threshold > 0.450000 success, result size is 9
[INFO]  object detect [0.593262:SO] success
[INFO]  object detect [0.232178:SO] success
[INFO]  object detect [0.071899:SO] success
[INFO]  object detect [0.005867:SO] success
[INFO]  object detect [0.003708:SO] success
[INFO]  object detect [0.002693:SO] success
[INFO]  object detect [0.001518:SO] success
[INFO]  object detect [0.001362:SO] success
[INFO]  object detect [0.001060:SO] success
[INFO]  Image 86 elapsed time: 0.062540 s , fps: 15.989832
[INFO]  filter boxes by confidence threshold > 0.001000 success, boxes size is 8
[INFO]  filter boxes by NMS threshold > 0.450000 success, result size is 6
[INFO]  object detect [0.486816:SO] success
[INFO]  object detect [0.197266:SO] success
[INFO]  object detect [0.005917:SO] success
[INFO]  object detect [0.004021:SO] success
[INFO]  object detect [0.002769:SO] success
[INFO]  object detect [0.001125:SO] success
[INFO]  Image 87 elapsed time: 0.063367 s , fps: 15.781052
[INFO]  filter boxes by confidence threshold > 0.001000 success, boxes size is 10
[INFO]  filter boxes by NMS threshold > 0.450000 success, result size is 4
[INFO]  object detect [0.667969:SO] success
[INFO]  object detect [0.065796:SO] success
[INFO]  object detect [0.001926:SO] success
[INFO]  object detect [0.001143:SO] success
[INFO]  Image 88 elapsed time: 0.056243 s , fps: 17.779880
[INFO]  filter boxes by confidence threshold > 0.001000 success, boxes size is 18
[INFO]  filter boxes by NMS threshold > 0.450000 success, result size is 3
[INFO]  object detect [0.357422:SO] success
[INFO]  object detect [0.161011:SO] success
[INFO]  object detect [0.004555:SO] success
[INFO]  Image 89 elapsed time: 0.059081 s , fps: 16.925822
[INFO]  filter boxes by confidence threshold > 0.001000 success, boxes size is 10
[INFO]  filter boxes by NMS threshold > 0.450000 success, result size is 7
[INFO]  object detect [0.329346:SO] success
[INFO]  object detect [0.059875:SO] success
[INFO]  object detect [0.043793:SO] success
[INFO]  object detect [0.001904:SO] success
[INFO]  object detect [0.001762:SO] success
[INFO]  object detect [0.001574:SO] success
[INFO]  object detect [0.001164:SO] success
[INFO]  Image 90 elapsed time: 0.061401 s , fps: 16.286468
[INFO]  filter boxes by confidence threshold > 0.001000 success, boxes size is 25
[INFO]  filter boxes by NMS threshold > 0.450000 success, result size is 9
[INFO]  object detect [0.657715:SO] success
[INFO]  object detect [0.055176:SO] success
[INFO]  object detect [0.037903:SO] success
[INFO]  object detect [0.033508:SO] success
[INFO]  object detect [0.009552:SO] success
[INFO]  object detect [0.002369:SO] success
[INFO]  object detect [0.001255:SO] success
[INFO]  object detect [0.001107:SO] success
[INFO]  object detect [0.001024:SO] success
[INFO]  Image 91 elapsed time: 0.062491 s , fps: 16.002268
[INFO]  filter boxes by confidence threshold > 0.001000 success, boxes size is 26
[INFO]  filter boxes by NMS threshold > 0.450000 success, result size is 6
[INFO]  object detect [0.716797:SO] success
[INFO]  object detect [0.665527:SO] success
[INFO]  object detect [0.074158:SO] success
[INFO]  object detect [0.003029:SO] success
[INFO]  object detect [0.001591:SO] success
[INFO]  object detect [0.001393:SO] success
[INFO]  Image 92 elapsed time: 0.061965 s , fps: 16.138271
[INFO]  filter boxes by confidence threshold > 0.001000 success, boxes size is 15
[INFO]  filter boxes by NMS threshold > 0.450000 success, result size is 5
[INFO]  object detect [0.722656:SO] success
[INFO]  object detect [0.048309:SO] success
[INFO]  object detect [0.007462:SO] success
[INFO]  object detect [0.004608:SO] success
[INFO]  object detect [0.002028:SO] success
[INFO]  Image 93 elapsed time: 0.056905 s , fps: 17.573121
[INFO]  filter boxes by confidence threshold > 0.001000 success, boxes size is 12
[INFO]  filter boxes by NMS threshold > 0.450000 success, result size is 1
[INFO]  object detect [0.697266:SO] success
[INFO]  Image 94 elapsed time: 0.064279 s , fps: 15.557217
[INFO]  filter boxes by confidence threshold > 0.001000 success, boxes size is 21
[INFO]  filter boxes by NMS threshold > 0.450000 success, result size is 4
[INFO]  object detect [0.701660:SO] success
[INFO]  object detect [0.699707:SO] success
[INFO]  object detect [0.002623:SO] success
[INFO]  object detect [0.001825:SO] success
[INFO]  Image 95 elapsed time: 0.061447 s , fps: 16.274088
[INFO]  filter boxes by confidence threshold > 0.001000 success, boxes size is 26
[INFO]  filter boxes by NMS threshold > 0.450000 success, result size is 7
[INFO]  object detect [0.656738:SO] success
[INFO]  object detect [0.281250:SO] success
[INFO]  object detect [0.215332:SO] success
[INFO]  object detect [0.008286:SO] success
[INFO]  object detect [0.002747:SO] success
[INFO]  object detect [0.001389:SO] success
[INFO]  object detect [0.001377:SO] success
[INFO]  Image 96 elapsed time: 0.061754 s , fps: 16.193325
[INFO]  filter boxes by confidence threshold > 0.001000 success, boxes size is 22
[INFO]  filter boxes by NMS threshold > 0.450000 success, result size is 11
[INFO]  object detect [0.165527:SO] success
[INFO]  object detect [0.089783:SO] success
[INFO]  object detect [0.045380:SO] success
[INFO]  object detect [0.014832:SO] success
[INFO]  object detect [0.003681:SO] success
[INFO]  object detect [0.003510:SO] success
[INFO]  object detect [0.003309:SO] success
[INFO]  object detect [0.002424:SO] success
[INFO]  object detect [0.002342:SO] success
[INFO]  object detect [0.002251:SO] success
[INFO]  object detect [0.002226:SO] success
[INFO]  Image 97 elapsed time: 0.062394 s , fps: 16.027066
[INFO]  filter boxes by confidence threshold > 0.001000 success, boxes size is 5
[INFO]  filter boxes by NMS threshold > 0.450000 success, result size is 3
[INFO]  object detect [0.502441:SO] success
[INFO]  object detect [0.005322:SO] success
[INFO]  object detect [0.003899:SO] success
[INFO]  Image 98 elapsed time: 0.064684 s , fps: 15.459684
[INFO]  filter boxes by confidence threshold > 0.001000 success, boxes size is 9
[INFO]  filter boxes by NMS threshold > 0.450000 success, result size is 3
[INFO]  object detect [0.625977:SO] success
[INFO]  object detect [0.477539:SO] success
[INFO]  object detect [0.004925:SO] success
[INFO]  Image 99 elapsed time: 0.059548 s , fps: 16.793235
[INFO]  filter boxes by confidence threshold > 0.001000 success, boxes size is 6
[INFO]  filter boxes by NMS threshold > 0.450000 success, result size is 3
[INFO]  object detect [0.445312:SO] success
[INFO]  object detect [0.010529:SO] success
[INFO]  object detect [0.006390:SO] success
[INFO]  Image 100 elapsed time: 0.060362 s , fps: 16.566615
[INFO]  filter boxes by confidence threshold > 0.001000 success, boxes size is 9
[INFO]  filter boxes by NMS threshold > 0.450000 success, result size is 1
[INFO]  object detect [0.643066:SO] success
[INFO]  Image 101 elapsed time: 0.059410 s , fps: 16.832226
[INFO]  filter boxes by confidence threshold > 0.001000 success, boxes size is 22
[INFO]  filter boxes by NMS threshold > 0.450000 success, result size is 4
[INFO]  object detect [0.693359:SO] success
[INFO]  object detect [0.006165:SO] success
[INFO]  object detect [0.001854:SO] success
[INFO]  object detect [0.001816:SO] success
[INFO]  Image 102 elapsed time: 0.059161 s , fps: 16.902928
[INFO]  filter boxes by confidence threshold > 0.001000 success, boxes size is 35
[INFO]  filter boxes by NMS threshold > 0.450000 success, result size is 17
[INFO]  object detect [0.642578:SO] success
[INFO]  object detect [0.463379:SO] success
[INFO]  object detect [0.197754:SO] success
[INFO]  object detect [0.041351:SO] success
[INFO]  object detect [0.035767:SO] success
[INFO]  object detect [0.021408:SO] success
[INFO]  object detect [0.018799:SO] success
[INFO]  object detect [0.007843:SO] success
[INFO]  object detect [0.007286:SO] success
[INFO]  object detect [0.007202:SO] success
[INFO]  object detect [0.004040:SO] success
[INFO]  object detect [0.002226:SO] success
[INFO]  object detect [0.001926:SO] success
[INFO]  object detect [0.001688:SO] success
[INFO]  object detect [0.001525:SO] success
[INFO]  object detect [0.001373:SO] success
[INFO]  object detect [0.001202:SO] success
[INFO]  Image 103 elapsed time: 0.062460 s , fps: 16.010232
[INFO]  filter boxes by confidence threshold > 0.001000 success, boxes size is 22
[INFO]  filter boxes by NMS threshold > 0.450000 success, result size is 5
[INFO]  object detect [0.709473:SO] success
[INFO]  object detect [0.700684:SO] success
[INFO]  object detect [0.025620:SO] success
[INFO]  object detect [0.001518:SO] success
[INFO]  object detect [0.001433:SO] success
[INFO]  Image 104 elapsed time: 0.060585 s , fps: 16.505699
[INFO]  filter boxes by confidence threshold > 0.001000 success, boxes size is 31
[INFO]  filter boxes by NMS threshold > 0.450000 success, result size is 10
[INFO]  object detect [0.635254:SO] success
[INFO]  object detect [0.630859:SO] success
[INFO]  object detect [0.010895:SO] success
[INFO]  object detect [0.004135:SO] success
[INFO]  object detect [0.003693:SO] success
[INFO]  object detect [0.002724:SO] success
[INFO]  object detect [0.001688:SO] success
[INFO]  object detect [0.001471:SO] success
[INFO]  object detect [0.001250:SO] success
[INFO]  object detect [0.001037:SO] success
[INFO]  Image 105 elapsed time: 0.058361 s , fps: 17.134632
[INFO]  filter boxes by confidence threshold > 0.001000 success, boxes size is 17
[INFO]  filter boxes by NMS threshold > 0.450000 success, result size is 6
[INFO]  object detect [0.580078:SO] success
[INFO]  object detect [0.579102:SO] success
[INFO]  object detect [0.492188:SO] success
[INFO]  object detect [0.009789:SO] success
[INFO]  object detect [0.005428:SO] success
[INFO]  object detect [0.001216:SO] success
[INFO]  Image 106 elapsed time: 0.059185 s , fps: 16.896246
[INFO]  filter boxes by confidence threshold > 0.001000 success, boxes size is 15
[INFO]  filter boxes by NMS threshold > 0.450000 success, result size is 2
[INFO]  object detect [0.652832:SO] success
[INFO]  object detect [0.328857:SO] success
[INFO]  Image 107 elapsed time: 0.060114 s , fps: 16.634967
[INFO]  filter boxes by confidence threshold > 0.001000 success, boxes size is 27
[INFO]  filter boxes by NMS threshold > 0.450000 success, result size is 10
[INFO]  object detect [0.612305:SO] success
[INFO]  object detect [0.602539:SO] success
[INFO]  object detect [0.056213:SO] success
[INFO]  object detect [0.053040:SO] success
[INFO]  object detect [0.014954:SO] success
[INFO]  object detect [0.006538:SO] success
[INFO]  object detect [0.003735:SO] success
[INFO]  object detect [0.002323:SO] success
[INFO]  object detect [0.001957:SO] success
[INFO]  object detect [0.001400:SO] success
[INFO]  Image 108 elapsed time: 0.059336 s , fps: 16.853283
[INFO]  filter boxes by confidence threshold > 0.001000 success, boxes size is 9
[INFO]  filter boxes by NMS threshold > 0.450000 success, result size is 2
[INFO]  object detect [0.613770:SO] success
[INFO]  object detect [0.002869:SO] success
[INFO]  Image 109 elapsed time: 0.059714 s , fps: 16.746515
[INFO]  filter boxes by confidence threshold > 0.001000 success, boxes size is 21
[INFO]  filter boxes by NMS threshold > 0.450000 success, result size is 7
[INFO]  object detect [0.558594:SO] success
[INFO]  object detect [0.321045:SO] success
[INFO]  object detect [0.029999:SO] success
[INFO]  object detect [0.003944:SO] success
[INFO]  object detect [0.003088:SO] success
[INFO]  object detect [0.001507:SO] success
[INFO]  object detect [0.001151:SO] success
[INFO]  Image 110 elapsed time: 0.064048 s , fps: 15.613185
[INFO]  filter boxes by confidence threshold > 0.001000 success, boxes size is 9
[INFO]  filter boxes by NMS threshold > 0.450000 success, result size is 4
[INFO]  object detect [0.607422:SO] success
[INFO]  object detect [0.002359:SO] success
[INFO]  object detect [0.002115:SO] success
[INFO]  object detect [0.001192:SO] success
[INFO]  Image 111 elapsed time: 0.059976 s , fps: 16.673213
[INFO]  filter boxes by confidence threshold > 0.001000 success, boxes size is 4
[INFO]  filter boxes by NMS threshold > 0.450000 success, result size is 1
[INFO]  object detect [0.600098:SO] success
[INFO]  Image 112 elapsed time: 0.055350 s , fps: 18.066764
[INFO]  filter boxes by confidence threshold > 0.001000 success, boxes size is 57
[INFO]  filter boxes by NMS threshold > 0.450000 success, result size is 27
[INFO]  object detect [0.601562:SO] success
[INFO]  object detect [0.516602:SO] success
[INFO]  object detect [0.414307:SO] success
[INFO]  object detect [0.254395:SO] success
[INFO]  object detect [0.231934:SO] success
[INFO]  object detect [0.087097:SO] success
[INFO]  object detect [0.073547:SO] success
[INFO]  object detect [0.058105:SO] success
[INFO]  object detect [0.023956:SO] success
[INFO]  object detect [0.022217:SO] success
[INFO]  object detect [0.012100:SO] success
[INFO]  object detect [0.008781:SO] success
[INFO]  object detect [0.007996:SO] success
[INFO]  object detect [0.006664:SO] success
[INFO]  object detect [0.006462:SO] success
[INFO]  object detect [0.004417:SO] success
[INFO]  object detect [0.004150:SO] success
[INFO]  object detect [0.002832:SO] success
[INFO]  object detect [0.002270:SO] success
[INFO]  object detect [0.001898:SO] success
[INFO]  object detect [0.001846:SO] success
[INFO]  object detect [0.001768:SO] success
[INFO]  object detect [0.001688:SO] success
[INFO]  object detect [0.001357:SO] success
[INFO]  object detect [0.001221:SO] success
[INFO]  object detect [0.001017:SO] success
[INFO]  object detect [0.001009:SO] success
[INFO]  Image 113 elapsed time: 0.061063 s , fps: 16.376636
[INFO]  filter boxes by confidence threshold > 0.001000 success, boxes size is 18
[INFO]  filter boxes by NMS threshold > 0.450000 success, result size is 3
[INFO]  object detect [0.750000:SO] success
[INFO]  object detect [0.007034:SO] success
[INFO]  object detect [0.002270:SO] success
[INFO]  Image 114 elapsed time: 0.060046 s , fps: 16.653990
[INFO]  filter boxes by confidence threshold > 0.001000 success, boxes size is 11
[INFO]  filter boxes by NMS threshold > 0.450000 success, result size is 3
[INFO]  object detect [0.738281:SO] success
[INFO]  object detect [0.001350:SO] success
[INFO]  object detect [0.001017:SO] success
[INFO]  Image 115 elapsed time: 0.060276 s , fps: 16.590487
[INFO]  filter boxes by confidence threshold > 0.001000 success, boxes size is 32
[INFO]  filter boxes by NMS threshold > 0.450000 success, result size is 8
[INFO]  object detect [0.089905:SO] success
[INFO]  object detect [0.008316:SO] success
[INFO]  object detect [0.006927:SO] success
[INFO]  object detect [0.005619:SO] success
[INFO]  object detect [0.004887:SO] success
[INFO]  object detect [0.004181:SO] success
[INFO]  object detect [0.002602:SO] success
[INFO]  object detect [0.001005:SO] success
[INFO]  Image 116 elapsed time: 0.061667 s , fps: 16.216128
[INFO]  filter boxes by confidence threshold > 0.001000 success, boxes size is 29
[INFO]  filter boxes by NMS threshold > 0.450000 success, result size is 10
[INFO]  object detect [0.667480:SO] success
[INFO]  object detect [0.039276:SO] success
[INFO]  object detect [0.013641:SO] success
[INFO]  object detect [0.011963:SO] success
[INFO]  object detect [0.011833:SO] success
[INFO]  object detect [0.010742:SO] success
[INFO]  object detect [0.002251:SO] success
[INFO]  object detect [0.001781:SO] success
[INFO]  object detect [0.001675:SO] success
[INFO]  object detect [0.001579:SO] success
[INFO]  Image 117 elapsed time: 0.062747 s , fps: 15.937129
[INFO]  filter boxes by confidence threshold > 0.001000 success, boxes size is 4
[INFO]  filter boxes by NMS threshold > 0.450000 success, result size is 1
[INFO]  object detect [0.556641:SO] success
[INFO]  Image 118 elapsed time: 0.058061 s , fps: 17.223173
[INFO]  filter boxes by confidence threshold > 0.001000 success, boxes size is 12
[INFO]  filter boxes by NMS threshold > 0.450000 success, result size is 4
[INFO]  object detect [0.644531:SO] success
[INFO]  object detect [0.127319:SO] success
[INFO]  object detect [0.009445:SO] success
[INFO]  object detect [0.002201:SO] success
[INFO]  Image 119 elapsed time: 0.055698 s , fps: 17.953895
[INFO]  filter boxes by confidence threshold > 0.001000 success, boxes size is 24
[INFO]  filter boxes by NMS threshold > 0.450000 success, result size is 2
[INFO]  object detect [0.770996:SO] success
[INFO]  object detect [0.662109:SO] success
[INFO]  Image 120 elapsed time: 0.059386 s , fps: 16.838892
[INFO]  filter boxes by confidence threshold > 0.001000 success, boxes size is 29
[INFO]  filter boxes by NMS threshold > 0.450000 success, result size is 13
[INFO]  object detect [0.479492:SO] success
[INFO]  object detect [0.384766:SO] success
[INFO]  object detect [0.342529:SO] success
[INFO]  object detect [0.297363:SO] success
[INFO]  object detect [0.294922:SO] success
[INFO]  object detect [0.259766:SO] success
[INFO]  object detect [0.101074:SO] success
[INFO]  object detect [0.029602:SO] success
[INFO]  object detect [0.020615:SO] success
[INFO]  object detect [0.013123:SO] success
[INFO]  object detect [0.005203:SO] success
[INFO]  object detect [0.003159:SO] success
[INFO]  object detect [0.002846:SO] success
[INFO]  Image 121 elapsed time: 0.059221 s , fps: 16.885803
[INFO]  filter boxes by confidence threshold > 0.001000 success, boxes size is 42
[INFO]  filter boxes by NMS threshold > 0.450000 success, result size is 23
[INFO]  object detect [0.501465:SO] success
[INFO]  object detect [0.496094:SO] success
[INFO]  object detect [0.365234:SO] success
[INFO]  object detect [0.063721:SO] success
[INFO]  object detect [0.023499:SO] success
[INFO]  object detect [0.023315:SO] success
[INFO]  object detect [0.009338:SO] success
[INFO]  object detect [0.007751:SO] success
[INFO]  object detect [0.007721:SO] success
[INFO]  object detect [0.005039:SO] success
[INFO]  object detect [0.004810:SO] success
[INFO]  object detect [0.003376:SO] success
[INFO]  object detect [0.003040:SO] success
[INFO]  object detect [0.003029:SO] success
[INFO]  object detect [0.002653:SO] success
[INFO]  object detect [0.002510:SO] success
[INFO]  object detect [0.002342:SO] success
[INFO]  object detect [0.002182:SO] success
[INFO]  object detect [0.002058:SO] success
[INFO]  object detect [0.002003:SO] success
[INFO]  object detect [0.001926:SO] success
[INFO]  object detect [0.001294:SO] success
[INFO]  object detect [0.001179:SO] success
[INFO]  Image 122 elapsed time: 0.061608 s , fps: 16.231625
[INFO]  filter boxes by confidence threshold > 0.001000 success, boxes size is 17
[INFO]  filter boxes by NMS threshold > 0.450000 success, result size is 6
[INFO]  object detect [0.632812:SO] success
[INFO]  object detect [0.579102:SO] success
[INFO]  object detect [0.078247:SO] success
[INFO]  object detect [0.005260:SO] success
[INFO]  object detect [0.002251:SO] success
[INFO]  object detect [0.002068:SO] success
[INFO]  Image 123 elapsed time: 0.059646 s , fps: 16.765578
[INFO]  filter boxes by confidence threshold > 0.001000 success, boxes size is 9
[INFO]  filter boxes by NMS threshold > 0.450000 success, result size is 4
[INFO]  object detect [0.659668:SO] success
[INFO]  object detect [0.581543:SO] success
[INFO]  object detect [0.058472:SO] success
[INFO]  object detect [0.019043:SO] success
[INFO]  Image 124 elapsed time: 0.057754 s , fps: 17.314813
[INFO]  filter boxes by confidence threshold > 0.001000 success, boxes size is 38
[INFO]  filter boxes by NMS threshold > 0.450000 success, result size is 20
[INFO]  object detect [0.730469:SO] success
[INFO]  object detect [0.197998:SO] success
[INFO]  object detect [0.160034:SO] success
[INFO]  object detect [0.030518:SO] success
[INFO]  object detect [0.015961:SO] success
[INFO]  object detect [0.013855:SO] success
[INFO]  object detect [0.013382:SO] success
[INFO]  object detect [0.013123:SO] success
[INFO]  object detect [0.006268:SO] success
[INFO]  object detect [0.005573:SO] success
[INFO]  object detect [0.004593:SO] success
[INFO]  object detect [0.003197:SO] success
[INFO]  object detect [0.002979:SO] success
[INFO]  object detect [0.002823:SO] success
[INFO]  object detect [0.002623:SO] success
[INFO]  object detect [0.002296:SO] success
[INFO]  object detect [0.001831:SO] success
[INFO]  object detect [0.001768:SO] success
[INFO]  object detect [0.001579:SO] success
[INFO]  object detect [0.001266:SO] success
[INFO]  Image 125 elapsed time: 0.061262 s , fps: 16.323338
[INFO]  filter boxes by confidence threshold > 0.001000 success, boxes size is 19
[INFO]  filter boxes by NMS threshold > 0.450000 success, result size is 5
[INFO]  object detect [0.528809:SO] success
[INFO]  object detect [0.244141:SO] success
[INFO]  object detect [0.015411:SO] success
[INFO]  object detect [0.001825:SO] success
[INFO]  object detect [0.001642:SO] success
[INFO]  Image 126 elapsed time: 0.062323 s , fps: 16.045384
[INFO]  filter boxes by confidence threshold > 0.001000 success, boxes size is 10
[INFO]  filter boxes by NMS threshold > 0.450000 success, result size is 3
[INFO]  object detect [0.606445:SO] success
[INFO]  object detect [0.019577:SO] success
[INFO]  object detect [0.002140:SO] success
[INFO]  Image 127 elapsed time: 0.058874 s , fps: 16.985400
[INFO]  filter boxes by confidence threshold > 0.001000 success, boxes size is 14
[INFO]  filter boxes by NMS threshold > 0.450000 success, result size is 4
[INFO]  object detect [0.632812:SO] success
[INFO]  object detect [0.013901:SO] success
[INFO]  object detect [0.011024:SO] success
[INFO]  object detect [0.001300:SO] success
[INFO]  Image 128 elapsed time: 0.059969 s , fps: 16.675165
[INFO]  filter boxes by confidence threshold > 0.001000 success, boxes size is 9
[INFO]  filter boxes by NMS threshold > 0.450000 success, result size is 6
[INFO]  object detect [0.630371:SO] success
[INFO]  object detect [0.034088:SO] success
[INFO]  object detect [0.019043:SO] success
[INFO]  object detect [0.002663:SO] success
[INFO]  object detect [0.001898:SO] success
[INFO]  object detect [0.001400:SO] success
[INFO]  Image 129 elapsed time: 0.060662 s , fps: 16.484708
[INFO]  filter boxes by confidence threshold > 0.001000 success, boxes size is 41
[INFO]  filter boxes by NMS threshold > 0.450000 success, result size is 19
[INFO]  object detect [0.402344:SO] success
[INFO]  object detect [0.183594:SO] success
[INFO]  object detect [0.101929:SO] success
[INFO]  object detect [0.022629:SO] success
[INFO]  object detect [0.015472:SO] success
[INFO]  object detect [0.008446:SO] success
[INFO]  object detect [0.008415:SO] success
[INFO]  object detect [0.008087:SO] success
[INFO]  object detect [0.006241:SO] success
[INFO]  object detect [0.003208:SO] success
[INFO]  object detect [0.002922:SO] success
[INFO]  object detect [0.002531:SO] success
[INFO]  object detect [0.001890:SO] success
[INFO]  object detect [0.001846:SO] success
[INFO]  object detect [0.001789:SO] success
[INFO]  object detect [0.001675:SO] success
[INFO]  object detect [0.001250:SO] success
[INFO]  object detect [0.001175:SO] success
[INFO]  object detect [0.001020:SO] success
[INFO]  Image 130 elapsed time: 0.063153 s , fps: 15.834450
[INFO]  filter boxes by confidence threshold > 0.001000 success, boxes size is 3
[INFO]  filter boxes by NMS threshold > 0.450000 success, result size is 2
[INFO]  object detect [0.350830:SO] success
[INFO]  object detect [0.001694:SO] success
[INFO]  Image 131 elapsed time: 0.056754 s , fps: 17.619773
[INFO]  filter boxes by confidence threshold > 0.001000 success, boxes size is 13
[INFO]  filter boxes by NMS threshold > 0.450000 success, result size is 6
[INFO]  object detect [0.615723:SO] success
[INFO]  object detect [0.544922:SO] success
[INFO]  object detect [0.030273:SO] success
[INFO]  object detect [0.010406:SO] success
[INFO]  object detect [0.007370:SO] success
[INFO]  object detect [0.002623:SO] success
[INFO]  Image 132 elapsed time: 0.064040 s , fps: 15.615318
[INFO]  filter boxes by confidence threshold > 0.001000 success, boxes size is 27
[INFO]  filter boxes by NMS threshold > 0.450000 success, result size is 12
[INFO]  object detect [0.648926:SO] success
[INFO]  object detect [0.087097:SO] success
[INFO]  object detect [0.032593:SO] success
[INFO]  object detect [0.022156:SO] success
[INFO]  object detect [0.011909:SO] success
[INFO]  object detect [0.008087:SO] success
[INFO]  object detect [0.006287:SO] success
[INFO]  object detect [0.002562:SO] success
[INFO]  object detect [0.002314:SO] success
[INFO]  object detect [0.001980:SO] success
[INFO]  object detect [0.001675:SO] success
[INFO]  object detect [0.001269:SO] success
[INFO]  Image 133 elapsed time: 0.061068 s , fps: 16.375195
[INFO]  filter boxes by confidence threshold > 0.001000 success, boxes size is 12
[INFO]  filter boxes by NMS threshold > 0.450000 success, result size is 4
[INFO]  object detect [0.623535:SO] success
[INFO]  object detect [0.018585:SO] success
[INFO]  object detect [0.001748:SO] success
[INFO]  object detect [0.001060:SO] success
[INFO]  Image 134 elapsed time: 0.057489 s , fps: 17.394565
[INFO]  filter boxes by confidence threshold > 0.001000 success, boxes size is 9
[INFO]  filter boxes by NMS threshold > 0.450000 success, result size is 1
[INFO]  object detect [0.630371:SO] success
[INFO]  Image 135 elapsed time: 0.059284 s , fps: 16.867918
[INFO]  filter boxes by confidence threshold > 0.001000 success, boxes size is 14
[INFO]  filter boxes by NMS threshold > 0.450000 success, result size is 3
[INFO]  object detect [0.642578:SO] success
[INFO]  object detect [0.001245:SO] success
[INFO]  object detect [0.001028:SO] success
[INFO]  Image 136 elapsed time: 0.058988 s , fps: 16.952507
[INFO]  filter boxes by confidence threshold > 0.001000 success, boxes size is 16
[INFO]  filter boxes by NMS threshold > 0.450000 success, result size is 3
[INFO]  object detect [0.665527:SO] success
[INFO]  object detect [0.014130:SO] success
[INFO]  object detect [0.004627:SO] success
[INFO]  Image 137 elapsed time: 0.059202 s , fps: 16.891181
[INFO]  filter boxes by confidence threshold > 0.001000 success, boxes size is 16
[INFO]  filter boxes by NMS threshold > 0.450000 success, result size is 13
[INFO]  object detect [0.067749:SO] success
[INFO]  object detect [0.053894:SO] success
[INFO]  object detect [0.026413:SO] success
[INFO]  object detect [0.021362:SO] success
[INFO]  object detect [0.017181:SO] success
[INFO]  object detect [0.003765:SO] success
[INFO]  object detect [0.002050:SO] success
[INFO]  object detect [0.001987:SO] success
[INFO]  object detect [0.001713:SO] success
[INFO]  object detect [0.001591:SO] success
[INFO]  object detect [0.001315:SO] success
[INFO]  object detect [0.001289:SO] success
[INFO]  object detect [0.001107:SO] success
[INFO]  Image 138 elapsed time: 0.063302 s , fps: 15.797174
[INFO]  filter boxes by confidence threshold > 0.001000 success, boxes size is 37
[INFO]  filter boxes by NMS threshold > 0.450000 success, result size is 11
[INFO]  object detect [0.717285:SO] success
[INFO]  object detect [0.181641:SO] success
[INFO]  object detect [0.140869:SO] success
[INFO]  object detect [0.073975:SO] success
[INFO]  object detect [0.006416:SO] success
[INFO]  object detect [0.004280:SO] success
[INFO]  object detect [0.002716:SO] success
[INFO]  object detect [0.001816:SO] success
[INFO]  object detect [0.001197:SO] success
[INFO]  object detect [0.001060:SO] success
[INFO]  object detect [0.001044:SO] success
[INFO]  Image 139 elapsed time: 0.062983 s , fps: 15.877342
[INFO]  filter boxes by confidence threshold > 0.001000 success, boxes size is 14
[INFO]  filter boxes by NMS threshold > 0.450000 success, result size is 10
[INFO]  object detect [0.576172:SO] success
[INFO]  object detect [0.454590:SO] success
[INFO]  object detect [0.381348:SO] success
[INFO]  object detect [0.373779:SO] success
[INFO]  object detect [0.176880:SO] success
[INFO]  object detect [0.092285:SO] success
[INFO]  object detect [0.011505:SO] success
[INFO]  object detect [0.005707:SO] success
[INFO]  object detect [0.002462:SO] success
[INFO]  object detect [0.001427:SO] success
[INFO]  Image 140 elapsed time: 0.055230 s , fps: 18.105984
[INFO]  filter boxes by confidence threshold > 0.001000 success, boxes size is 6
[INFO]  filter boxes by NMS threshold > 0.450000 success, result size is 1
[INFO]  object detect [0.621094:SO] success
[INFO]  Image 141 elapsed time: 0.053533 s , fps: 18.680123
[INFO]  filter boxes by confidence threshold > 0.001000 success, boxes size is 30
[INFO]  filter boxes by NMS threshold > 0.450000 success, result size is 8
[INFO]  object detect [0.732422:SO] success
[INFO]  object detect [0.636230:SO] success
[INFO]  object detect [0.355469:SO] success
[INFO]  object detect [0.013275:SO] success
[INFO]  object detect [0.007660:SO] success
[INFO]  object detect [0.006191:SO] success
[INFO]  object detect [0.002434:SO] success
[INFO]  object detect [0.001274:SO] success
[INFO]  Image 142 elapsed time: 0.062171 s , fps: 16.084780
[INFO]  filter boxes by confidence threshold > 0.001000 success, boxes size is 11
[INFO]  filter boxes by NMS threshold > 0.450000 success, result size is 3
[INFO]  object detect [0.607422:SO] success
[INFO]  object detect [0.013641:SO] success
[INFO]  object detect [0.003735:SO] success
[INFO]  Image 143 elapsed time: 0.060923 s , fps: 16.414276
[INFO]  filter boxes by confidence threshold > 0.001000 success, boxes size is 28
[INFO]  filter boxes by NMS threshold > 0.450000 success, result size is 6
[INFO]  object detect [0.701660:SO] success
[INFO]  object detect [0.658691:SO] success
[INFO]  object detect [0.116943:SO] success
[INFO]  object detect [0.005795:SO] success
[INFO]  object detect [0.002083:SO] success
[INFO]  object detect [0.001544:SO] success
[INFO]  Image 144 elapsed time: 0.061550 s , fps: 16.246942
[INFO]  filter boxes by confidence threshold > 0.001000 success, boxes size is 10
[INFO]  filter boxes by NMS threshold > 0.450000 success, result size is 2
[INFO]  object detect [0.610352:SO] success
[INFO]  object detect [0.003286:SO] success
[INFO]  Image 145 elapsed time: 0.059141 s , fps: 16.908674
[INFO]  filter boxes by confidence threshold > 0.001000 success, boxes size is 14
[INFO]  filter boxes by NMS threshold > 0.450000 success, result size is 6
[INFO]  object detect [0.640625:SO] success
[INFO]  object detect [0.565918:SO] success
[INFO]  object detect [0.006592:SO] success
[INFO]  object detect [0.006432:SO] success
[INFO]  object detect [0.005512:SO] success
[INFO]  object detect [0.001604:SO] success
[INFO]  Image 146 elapsed time: 0.061262 s , fps: 16.323310
[INFO]  filter boxes by confidence threshold > 0.001000 success, boxes size is 14
[INFO]  filter boxes by NMS threshold > 0.450000 success, result size is 2
[INFO]  object detect [0.632812:SO] success
[INFO]  object detect [0.002174:SO] success
[INFO]  Image 147 elapsed time: 0.061430 s , fps: 16.278801
[INFO]  filter boxes by confidence threshold > 0.001000 success, boxes size is 11
[INFO]  filter boxes by NMS threshold > 0.450000 success, result size is 3
[INFO]  object detect [0.646484:SO] success
[INFO]  object detect [0.120972:SO] success
[INFO]  object detect [0.002150:SO] success
[INFO]  Image 148 elapsed time: 0.060611 s , fps: 16.498647
[INFO]  filter boxes by confidence threshold > 0.001000 success, boxes size is 6
[INFO]  filter boxes by NMS threshold > 0.450000 success, result size is 2
[INFO]  object detect [0.499023:SO] success
[INFO]  object detect [0.002592:SO] success
[INFO]  Image 149 elapsed time: 0.060870 s , fps: 16.428512
[INFO]  filter boxes by confidence threshold > 0.001000 success, boxes size is 20
[INFO]  filter boxes by NMS threshold > 0.450000 success, result size is 9
[INFO]  object detect [0.687988:SO] success
[INFO]  object detect [0.368164:SO] success
[INFO]  object detect [0.023438:SO] success
[INFO]  object detect [0.016724:SO] success
[INFO]  object detect [0.003525:SO] success
[INFO]  object detect [0.002790:SO] success
[INFO]  object detect [0.001726:SO] success
[INFO]  object detect [0.001467:SO] success
[INFO]  object detect [0.001212:SO] success
[INFO]  Image 150 elapsed time: 0.062090 s , fps: 16.105629
[INFO]  filter boxes by confidence threshold > 0.001000 success, boxes size is 11
[INFO]  filter boxes by NMS threshold > 0.450000 success, result size is 1
[INFO]  object detect [0.686035:SO] success
[INFO]  Image 151 elapsed time: 0.059441 s , fps: 16.823494
[INFO]  filter boxes by confidence threshold > 0.001000 success, boxes size is 22
[INFO]  filter boxes by NMS threshold > 0.450000 success, result size is 10
[INFO]  object detect [0.593262:SO] success
[INFO]  object detect [0.116821:SO] success
[INFO]  object detect [0.081970:SO] success
[INFO]  object detect [0.013214:SO] success
[INFO]  object detect [0.009827:SO] success
[INFO]  object detect [0.003807:SO] success
[INFO]  object detect [0.003405:SO] success
[INFO]  object detect [0.001898:SO] success
[INFO]  object detect [0.001624:SO] success
[INFO]  object detect [0.001013:SO] success
[INFO]  Image 152 elapsed time: 0.060926 s , fps: 16.413434
[INFO]  filter boxes by confidence threshold > 0.001000 success, boxes size is 21
[INFO]  filter boxes by NMS threshold > 0.450000 success, result size is 5
[INFO]  object detect [0.444824:SO] success
[INFO]  object detect [0.054688:SO] success
[INFO]  object detect [0.010284:SO] success
[INFO]  object detect [0.004101:SO] success
[INFO]  object detect [0.003456:SO] success
[INFO]  Image 153 elapsed time: 0.057246 s , fps: 17.468384
[INFO]  filter boxes by confidence threshold > 0.001000 success, boxes size is 3
[INFO]  filter boxes by NMS threshold > 0.450000 success, result size is 1
[INFO]  object detect [0.647949:SO] success
[INFO]  Image 154 elapsed time: 0.057709 s , fps: 17.328296
[INFO]  filter boxes by confidence threshold > 0.001000 success, boxes size is 25
[INFO]  filter boxes by NMS threshold > 0.450000 success, result size is 3
[INFO]  object detect [0.859863:SO] success
[INFO]  object detect [0.738281:SO] success
[INFO]  object detect [0.001610:SO] success
[INFO]  Image 155 elapsed time: 0.059267 s , fps: 16.872815
[INFO]  filter boxes by confidence threshold > 0.001000 success, boxes size is 7
[INFO]  filter boxes by NMS threshold > 0.450000 success, result size is 2
[INFO]  object detect [0.626953:SO] success
[INFO]  object detect [0.001502:SO] success
[INFO]  Image 156 elapsed time: 0.060354 s , fps: 16.569017
[INFO]  filter boxes by confidence threshold > 0.001000 success, boxes size is 7
[INFO]  filter boxes by NMS threshold > 0.450000 success, result size is 2
[INFO]  object detect [0.499023:SO] success
[INFO]  object detect [0.011024:SO] success
[INFO]  Image 157 elapsed time: 0.055714 s , fps: 17.948713
[INFO]  filter boxes by confidence threshold > 0.001000 success, boxes size is 51
[INFO]  filter boxes by NMS threshold > 0.450000 success, result size is 10
[INFO]  object detect [0.734375:SO] success
[INFO]  object detect [0.690918:SO] success
[INFO]  object detect [0.640137:SO] success
[INFO]  object detect [0.054108:SO] success
[INFO]  object detect [0.036896:SO] success
[INFO]  object detect [0.003487:SO] success
[INFO]  object detect [0.002378:SO] success
[INFO]  object detect [0.001825:SO] success
[INFO]  object detect [0.001720:SO] success
[INFO]  object detect [0.001635:SO] success
[INFO]  Image 158 elapsed time: 0.060258 s , fps: 16.595202
[INFO]  filter boxes by confidence threshold > 0.001000 success, boxes size is 33
[INFO]  filter boxes by NMS threshold > 0.450000 success, result size is 9
[INFO]  object detect [0.630371:SO] success
[INFO]  object detect [0.617188:SO] success
[INFO]  object detect [0.036591:SO] success
[INFO]  object detect [0.026871:SO] success
[INFO]  object detect [0.009018:SO] success
[INFO]  object detect [0.002359:SO] success
[INFO]  object detect [0.001875:SO] success
[INFO]  object detect [0.001680:SO] success
[INFO]  object detect [0.001216:SO] success
[INFO]  Image 159 elapsed time: 0.057674 s , fps: 17.338712
[INFO]  filter boxes by confidence threshold > 0.001000 success, boxes size is 21
[INFO]  filter boxes by NMS threshold > 0.450000 success, result size is 4
[INFO]  object detect [0.609375:SO] success
[INFO]  object detect [0.567383:SO] success
[INFO]  object detect [0.566406:SO] success
[INFO]  object detect [0.005981:SO] success
[INFO]  Image 160 elapsed time: 0.058683 s , fps: 17.040763
[INFO]  filter boxes by confidence threshold > 0.001000 success, boxes size is 40
[INFO]  filter boxes by NMS threshold > 0.450000 success, result size is 3
[INFO]  object detect [0.821289:SO] success
[INFO]  object detect [0.720703:SO] success
[INFO]  object detect [0.002472:SO] success
[INFO]  Image 161 elapsed time: 0.057076 s , fps: 17.520388
[INFO]  filter boxes by confidence threshold > 0.001000 success, boxes size is 25
[INFO]  filter boxes by NMS threshold > 0.450000 success, result size is 7
[INFO]  object detect [0.687988:SO] success
[INFO]  object detect [0.685059:SO] success
[INFO]  object detect [0.100586:SO] success
[INFO]  object detect [0.003017:SO] success
[INFO]  object detect [0.002609:SO] success
[INFO]  object detect [0.001315:SO] success
[INFO]  object detect [0.001269:SO] success
[INFO]  Image 162 elapsed time: 0.059565 s , fps: 16.788430
[INFO]  filter boxes by confidence threshold > 0.001000 success, boxes size is 19
[INFO]  filter boxes by NMS threshold > 0.450000 success, result size is 9
[INFO]  object detect [0.646484:SO] success
[INFO]  object detect [0.164673:SO] success
[INFO]  object detect [0.112427:SO] success
[INFO]  object detect [0.066345:SO] success
[INFO]  object detect [0.047180:SO] success
[INFO]  object detect [0.005062:SO] success
[INFO]  object detect [0.003365:SO] success
[INFO]  object detect [0.001810:SO] success
[INFO]  object detect [0.001146:SO] success
[INFO]  Image 163 elapsed time: 0.059839 s , fps: 16.711509
[INFO]  filter boxes by confidence threshold > 0.001000 success, boxes size is 15
[INFO]  filter boxes by NMS threshold > 0.450000 success, result size is 2
[INFO]  object detect [0.675293:SO] success
[INFO]  object detect [0.001427:SO] success
[INFO]  Image 164 elapsed time: 0.057731 s , fps: 17.321755
[INFO]  filter boxes by confidence threshold > 0.001000 success, boxes size is 18
[INFO]  filter boxes by NMS threshold > 0.450000 success, result size is 6
[INFO]  object detect [0.667969:SO] success
[INFO]  object detect [0.623535:SO] success
[INFO]  object detect [0.556152:SO] success
[INFO]  object detect [0.014130:SO] success
[INFO]  object detect [0.007576:SO] success
[INFO]  object detect [0.002396:SO] success
[INFO]  Image 165 elapsed time: 0.058636 s , fps: 17.054458
[INFO]  filter boxes by confidence threshold > 0.001000 success, boxes size is 33
[INFO]  filter boxes by NMS threshold > 0.450000 success, result size is 6
[INFO]  object detect [0.699219:SO] success
[INFO]  object detect [0.692871:SO] success
[INFO]  object detect [0.085632:SO] success
[INFO]  object detect [0.036224:SO] success
[INFO]  object detect [0.003376:SO] success
[INFO]  object detect [0.002314:SO] success
[INFO]  Image 166 elapsed time: 0.064274 s , fps: 15.558462
[INFO]  filter boxes by confidence threshold > 0.001000 success, boxes size is 25
[INFO]  filter boxes by NMS threshold > 0.450000 success, result size is 11
[INFO]  object detect [0.542480:SO] success
[INFO]  object detect [0.011467:SO] success
[INFO]  object detect [0.011116:SO] success
[INFO]  object detect [0.006618:SO] success
[INFO]  object detect [0.005707:SO] success
[INFO]  object detect [0.003780:SO] success
[INFO]  object detect [0.003754:SO] success
[INFO]  object detect [0.003088:SO] success
[INFO]  object detect [0.002642:SO] success
[INFO]  object detect [0.001507:SO] success
[INFO]  object detect [0.001362:SO] success
[INFO]  Image 167 elapsed time: 0.062549 s , fps: 15.987424
[INFO]  filter boxes by confidence threshold > 0.001000 success, boxes size is 8
[INFO]  filter boxes by NMS threshold > 0.450000 success, result size is 3
[INFO]  object detect [0.318115:SO] success
[INFO]  object detect [0.279297:SO] success
[INFO]  object detect [0.001350:SO] success
[INFO]  Image 168 elapsed time: 0.059191 s , fps: 16.894534
[INFO]  filter boxes by confidence threshold > 0.001000 success, boxes size is 27
[INFO]  filter boxes by NMS threshold > 0.450000 success, result size is 3
[INFO]  object detect [0.802246:SO] success
[INFO]  object detect [0.153320:SO] success
[INFO]  object detect [0.001240:SO] success
[INFO]  Image 169 elapsed time: 0.060579 s , fps: 16.507390
[INFO]  filter boxes by confidence threshold > 0.001000 success, boxes size is 17
[INFO]  filter boxes by NMS threshold > 0.450000 success, result size is 3
[INFO]  object detect [0.683594:SO] success
[INFO]  object detect [0.655762:SO] success
[INFO]  object detect [0.001804:SO] success
[INFO]  Image 170 elapsed time: 0.059851 s , fps: 16.708147
[INFO]  filter boxes by confidence threshold > 0.001000 success, boxes size is 6
[INFO]  filter boxes by NMS threshold > 0.450000 success, result size is 1
[INFO]  object detect [0.636719:SO] success
[INFO]  Image 171 elapsed time: 0.059680 s , fps: 16.755991
[INFO]  filter boxes by confidence threshold > 0.001000 success, boxes size is 7
[INFO]  filter boxes by NMS threshold > 0.450000 success, result size is 2
[INFO]  object detect [0.679199:SO] success
[INFO]  object detect [0.540527:SO] success
[INFO]  Image 172 elapsed time: 0.058931 s , fps: 16.968941
[INFO]  filter boxes by confidence threshold > 0.001000 success, boxes size is 36
[INFO]  filter boxes by NMS threshold > 0.450000 success, result size is 9
[INFO]  object detect [0.142212:SO] success
[INFO]  object detect [0.080811:SO] success
[INFO]  object detect [0.063477:SO] success
[INFO]  object detect [0.044342:SO] success
[INFO]  object detect [0.011734:SO] success
[INFO]  object detect [0.004471:SO] success
[INFO]  object detect [0.002684:SO] success
[INFO]  object detect [0.001160:SO] success
[INFO]  object detect [0.001074:SO] success
[INFO]  Image 173 elapsed time: 0.059058 s , fps: 16.932492
[INFO]  filter boxes by confidence threshold > 0.001000 success, boxes size is 51
[INFO]  filter boxes by NMS threshold > 0.450000 success, result size is 8
[INFO]  object detect [0.731934:SO] success
[INFO]  object detect [0.683105:SO] success
[INFO]  object detect [0.622559:SO] success
[INFO]  object detect [0.103027:SO] success
[INFO]  object detect [0.037231:SO] success
[INFO]  object detect [0.003296:SO] success
[INFO]  object detect [0.001586:SO] success
[INFO]  object detect [0.001400:SO] success
[INFO]  Image 174 elapsed time: 0.061397 s , fps: 16.287391
[INFO]  filter boxes by confidence threshold > 0.001000 success, boxes size is 13
[INFO]  filter boxes by NMS threshold > 0.450000 success, result size is 8
[INFO]  object detect [0.518555:SO] success
[INFO]  object detect [0.088074:SO] success
[INFO]  object detect [0.008186:SO] success
[INFO]  object detect [0.003029:SO] success
[INFO]  object detect [0.002396:SO] success
[INFO]  object detect [0.002157:SO] success
[INFO]  object detect [0.001170:SO] success
[INFO]  object detect [0.001099:SO] success
[INFO]  Image 175 elapsed time: 0.061090 s , fps: 16.369264
[INFO]  filter boxes by confidence threshold > 0.001000 success, boxes size is 16
[INFO]  filter boxes by NMS threshold > 0.450000 success, result size is 5
[INFO]  object detect [0.739746:SO] success
[INFO]  object detect [0.722656:SO] success
[INFO]  object detect [0.613281:SO] success
[INFO]  object detect [0.003754:SO] success
[INFO]  object detect [0.003582:SO] success
[INFO]  Image 176 elapsed time: 0.059786 s , fps: 16.726417
[INFO]  filter boxes by confidence threshold > 0.001000 success, boxes size is 8
[INFO]  filter boxes by NMS threshold > 0.450000 success, result size is 3
[INFO]  object detect [0.623535:SO] success
[INFO]  object detect [0.617188:SO] success
[INFO]  object detect [0.012100:SO] success
[INFO]  Image 177 elapsed time: 0.061678 s , fps: 16.213356
[INFO]  filter boxes by confidence threshold > 0.001000 success, boxes size is 8
[INFO]  filter boxes by NMS threshold > 0.450000 success, result size is 4
[INFO]  object detect [0.456055:SO] success
[INFO]  object detect [0.223145:SO] success
[INFO]  object detect [0.003510:SO] success
[INFO]  object detect [0.002140:SO] success
[INFO]  Image 178 elapsed time: 0.056839 s , fps: 17.593546
[INFO]  filter boxes by confidence threshold > 0.001000 success, boxes size is 55
[INFO]  filter boxes by NMS threshold > 0.450000 success, result size is 8
[INFO]  object detect [0.775391:SO] success
[INFO]  object detect [0.685547:SO] success
[INFO]  object detect [0.673340:SO] success
[INFO]  object detect [0.086914:SO] success
[INFO]  object detect [0.033020:SO] success
[INFO]  object detect [0.007935:SO] success
[INFO]  object detect [0.002676:SO] success
[INFO]  object detect [0.001064:SO] success
[INFO]  Image 179 elapsed time: 0.060814 s , fps: 16.443567
[INFO]  filter boxes by confidence threshold > 0.001000 success, boxes size is 3
[INFO]  filter boxes by NMS threshold > 0.450000 success, result size is 1
[INFO]  object detect [0.593750:SO] success
[INFO]  Image 180 elapsed time: 0.058638 s , fps: 17.053853
[INFO]  filter boxes by confidence threshold > 0.001000 success, boxes size is 10
[INFO]  filter boxes by NMS threshold > 0.450000 success, result size is 2
[INFO]  object detect [0.679688:SO] success
[INFO]  object detect [0.001816:SO] success
[INFO]  Image 181 elapsed time: 0.058194 s , fps: 17.183779
[INFO]  filter boxes by confidence threshold > 0.001000 success, boxes size is 15
[INFO]  filter boxes by NMS threshold > 0.450000 success, result size is 2
[INFO]  object detect [0.685547:SO] success
[INFO]  object detect [0.481934:SO] success
[INFO]  Image 182 elapsed time: 0.058655 s , fps: 17.048952
[INFO]  filter boxes by confidence threshold > 0.001000 success, boxes size is 3
[INFO]  filter boxes by NMS threshold > 0.450000 success, result size is 1
[INFO]  object detect [0.054626:SO] success
[INFO]  Image 183 elapsed time: 0.060141 s , fps: 16.627567
[INFO]  filter boxes by confidence threshold > 0.001000 success, boxes size is 17
[INFO]  filter boxes by NMS threshold > 0.450000 success, result size is 5
[INFO]  object detect [0.618164:SO] success
[INFO]  object detect [0.118530:SO] success
[INFO]  object detect [0.021851:SO] success
[INFO]  object detect [0.013023:SO] success
[INFO]  object detect [0.006004:SO] success
[INFO]  Image 184 elapsed time: 0.054884 s , fps: 18.220239
[INFO]  filter boxes by confidence threshold > 0.001000 success, boxes size is 20
[INFO]  filter boxes by NMS threshold > 0.450000 success, result size is 4
[INFO]  object detect [0.556152:SO] success
[INFO]  object detect [0.004593:SO] success
[INFO]  object detect [0.003624:SO] success
[INFO]  object detect [0.001919:SO] success
[INFO]  Image 185 elapsed time: 0.057250 s , fps: 17.467246
[INFO]  filter boxes by confidence threshold > 0.001000 success, boxes size is 4
[INFO]  filter boxes by NMS threshold > 0.450000 success, result size is 1
[INFO]  object detect [0.609863:SO] success
[INFO]  Image 186 elapsed time: 0.060021 s , fps: 16.660771
[INFO]  filter boxes by confidence threshold > 0.001000 success, boxes size is 21
[INFO]  filter boxes by NMS threshold > 0.450000 success, result size is 3
[INFO]  object detect [0.722168:SO] success
[INFO]  object detect [0.645996:SO] success
[INFO]  object detect [0.001736:SO] success
[INFO]  Image 187 elapsed time: 0.059199 s , fps: 16.892268
[INFO]  filter boxes by confidence threshold > 0.001000 success, boxes size is 35
[INFO]  filter boxes by NMS threshold > 0.450000 success, result size is 10
[INFO]  object detect [0.570312:SO] success
[INFO]  object detect [0.501953:SO] success
[INFO]  object detect [0.258545:SO] success
[INFO]  object detect [0.157104:SO] success
[INFO]  object detect [0.102661:SO] success
[INFO]  object detect [0.077942:SO] success
[INFO]  object detect [0.005306:SO] success
[INFO]  object detect [0.005219:SO] success
[INFO]  object detect [0.003525:SO] success
[INFO]  object detect [0.001367:SO] success
[INFO]  Image 188 elapsed time: 0.059893 s , fps: 16.696313
[INFO]  filter boxes by confidence threshold > 0.001000 success, boxes size is 5
[INFO]  filter boxes by NMS threshold > 0.450000 success, result size is 2
[INFO]  object detect [0.238770:SO] success
[INFO]  object detect [0.004086:SO] success
[INFO]  Image 189 elapsed time: 0.061570 s , fps: 16.241763
[INFO]  filter boxes by confidence threshold > 0.001000 success, boxes size is 13
[INFO]  filter boxes by NMS threshold > 0.450000 success, result size is 4
[INFO]  object detect [0.677734:SO] success
[INFO]  object detect [0.007812:SO] success
[INFO]  object detect [0.004574:SO] success
[INFO]  object detect [0.001942:SO] success
[INFO]  Image 190 elapsed time: 0.060566 s , fps: 16.511013
[INFO]  filter boxes by confidence threshold > 0.001000 success, boxes size is 5
[INFO]  filter boxes by NMS threshold > 0.450000 success, result size is 4
[INFO]  object detect [0.573242:SO] success
[INFO]  object detect [0.003807:SO] success
[INFO]  object detect [0.001415:SO] success
[INFO]  object detect [0.001064:SO] success
[INFO]  Image 191 elapsed time: 0.055465 s , fps: 18.029548
[INFO]  filter boxes by confidence threshold > 0.001000 success, boxes size is 15
[INFO]  filter boxes by NMS threshold > 0.450000 success, result size is 8
[INFO]  object detect [0.679199:SO] success
[INFO]  object detect [0.007034:SO] success
[INFO]  object detect [0.003248:SO] success
[INFO]  object detect [0.002663:SO] success
[INFO]  object detect [0.002396:SO] success
[INFO]  object detect [0.001415:SO] success
[INFO]  object detect [0.001255:SO] success
[INFO]  object detect [0.001095:SO] success
[INFO]  Image 192 elapsed time: 0.059607 s , fps: 16.776507
[INFO]  filter boxes by confidence threshold > 0.001000 success, boxes size is 11
[INFO]  filter boxes by NMS threshold > 0.450000 success, result size is 4
[INFO]  object detect [0.593750:SO] success
[INFO]  object detect [0.577148:SO] success
[INFO]  object detect [0.003796:SO] success
[INFO]  object detect [0.002520:SO] success
[INFO]  Image 193 elapsed time: 0.078701 s , fps: 12.706249
[INFO]  filter boxes by confidence threshold > 0.001000 success, boxes size is 10
[INFO]  filter boxes by NMS threshold > 0.450000 success, result size is 3
[INFO]  object detect [0.547852:SO] success
[INFO]  object detect [0.185059:SO] success
[INFO]  object detect [0.003248:SO] success
[INFO]  Image 194 elapsed time: 0.057803 s , fps: 17.300085
[INFO]  filter boxes by confidence threshold > 0.001000 success, boxes size is 13
[INFO]  filter boxes by NMS threshold > 0.450000 success, result size is 5
[INFO]  object detect [0.669922:SO] success
[INFO]  object detect [0.041138:SO] success
[INFO]  object detect [0.003147:SO] success
[INFO]  object detect [0.003147:SO] success
[INFO]  object detect [0.001095:SO] success
[INFO]  Image 195 elapsed time: 0.059969 s , fps: 16.675276
[INFO]  filter boxes by confidence threshold > 0.001000 success, boxes size is 8
[INFO]  filter boxes by NMS threshold > 0.450000 success, result size is 2
[INFO]  object detect [0.031494:SO] success
[INFO]  object detect [0.003780:SO] success
[INFO]  Image 196 elapsed time: 0.059267 s , fps: 16.872715
[INFO]  filter boxes by confidence threshold > 0.001000 success, boxes size is 7
[INFO]  filter boxes by NMS threshold > 0.450000 success, result size is 3
[INFO]  object detect [0.525391:SO] success
[INFO]  object detect [0.001586:SO] success
[INFO]  object detect [0.001231:SO] success
[INFO]  Image 197 elapsed time: 0.060879 s , fps: 16.426111
[INFO]  filter boxes by confidence threshold > 0.001000 success, boxes size is 33
[INFO]  filter boxes by NMS threshold > 0.450000 success, result size is 9
[INFO]  object detect [0.539062:SO] success
[INFO]  object detect [0.016159:SO] success
[INFO]  object detect [0.007812:SO] success
[INFO]  object detect [0.004627:SO] success
[INFO]  object detect [0.003883:SO] success
[INFO]  object detect [0.003853:SO] success
[INFO]  object detect [0.003197:SO] success
[INFO]  object detect [0.001554:SO] success
[INFO]  object detect [0.001121:SO] success
[INFO]  Image 198 elapsed time: 0.058526 s , fps: 17.086385
[INFO]  filter boxes by confidence threshold > 0.001000 success, boxes size is 9
[INFO]  filter boxes by NMS threshold > 0.450000 success, result size is 7
[INFO]  object detect [0.152832:SO] success
[INFO]  object detect [0.006775:SO] success
[INFO]  object detect [0.003960:SO] success
[INFO]  object detect [0.002270:SO] success
[INFO]  object detect [0.001655:SO] success
[INFO]  object detect [0.001116:SO] success
[INFO]  object detect [0.001060:SO] success
[INFO]  Image 199 elapsed time: 0.060515 s , fps: 16.524695
[INFO]  filter boxes by confidence threshold > 0.001000 success, boxes size is 11
[INFO]  filter boxes by NMS threshold > 0.450000 success, result size is 6
[INFO]  object detect [0.667480:SO] success
[INFO]  object detect [0.592773:SO] success
[INFO]  object detect [0.003914:SO] success
[INFO]  object detect [0.002707:SO] success
[INFO]  object detect [0.001860:SO] success
[INFO]  object detect [0.001774:SO] success
[INFO]  Image 200 elapsed time: 0.058895 s , fps: 16.979391
[INFO]  Processed 200 images (excluding warmup), average FPS: 14.767054
[INFO]  Unload model ../model/bestca.om success
[INFO]  destroy context ok
[INFO]  Reset device 0 ok
[INFO]  Finalize acl ok
[INFO] 推理完成.
[INFO] 开始评估 mAP...
========== 评估结果 ==========
Precision: [     0.8478]
Recall: [    0.79125]
mAP@0.5: 0.8690967537374447
mAP@0.5:0.95: 0.4206707467166936
================================
[INFO] 评估完成.
======================================
 Run finished at Thu Aug 21 15:10:02 CST 2025
 Logs saved to /home/HwHiAiUser/gp/YOLO/logs/run_2025-08-21_15-09-27.log
======================================
