[INFO] 开始编译源代码...
-- set INC_PATH: /usr/local/Ascend/ascend-toolkit/latest
-- set LIB_PATH: /usr/local/Ascend/ascend-toolkit/latest/runtime/lib64/stub
-- set THIRDPART: /usr/local/Ascend/ascend-toolkit/latest/thirdpart
-- Configuring done
-- Generating done
-- Build files have been written to: /home/HwHiAiUser/gp/YOLO/src
Consolidate compiler generated dependencies of target main
[100%] Built target main
[INFO] 编译完成.
[INFO] 开始推理...
[INFO]  Directory exists: ../output
[INFO]  Directory exists: ../output/images
[INFO]  Directory exists: ../output/labels
[INFO]  Acl init ok
[INFO]  Open device 0 ok
[INFO]  Use default context currently
[INFO]  dvpp init resource ok
[INFO]  Load model ../model/best_nextvit200.om success
[INFO]  Create model description success
[INFO]  Create model(../model/best_nextvit200.om) output success
[INFO]  Init model ../model/best_nextvit200.om success
[INFO]  filter boxes by confidence threshold > 0.001000 success, boxes size is 31
[INFO]  filter boxes by NMS threshold > 0.450000 success, result size is 6
[INFO]  object detect [0.942383:SO] success
[INFO]  object detect [0.718262:SO] success
[INFO]  object detect [0.248047:SO] success
[INFO]  object detect [0.165527:SO] success
[INFO]  object detect [0.001530:SO] success
[INFO]  object detect [0.001125:SO] success
[INFO]  Warmup (image 0) elapsed time: 0.080791 s , fps: 12.377570
[INFO]  filter boxes by confidence threshold > 0.001000 success, boxes size is 18
[INFO]  filter boxes by NMS threshold > 0.450000 success, result size is 10
[INFO]  object detect [0.886719:SO] success
[INFO]  object detect [0.018158:SO] success
[INFO]  object detect [0.005116:SO] success
[INFO]  object detect [0.003052:SO] success
[INFO]  object detect [0.002090:SO] success
[INFO]  object detect [0.001377:SO] success
[INFO]  object detect [0.001300:SO] success
[INFO]  object detect [0.001175:SO] success
[INFO]  object detect [0.001139:SO] success
[INFO]  object detect [0.001044:SO] success
[INFO]  Image 1 elapsed time: 0.077170 s , fps: 12.958357
[INFO]  filter boxes by confidence threshold > 0.001000 success, boxes size is 25
[INFO]  filter boxes by NMS threshold > 0.450000 success, result size is 10
[INFO]  object detect [0.986328:SO] success
[INFO]  object detect [0.005402:SO] success
[INFO]  object detect [0.004646:SO] success
[INFO]  object detect [0.002277:SO] success
[INFO]  object detect [0.002243:SO] success
[INFO]  object detect [0.001748:SO] success
[INFO]  object detect [0.001740:SO] success
[INFO]  object detect [0.001279:SO] success
[INFO]  object detect [0.001216:SO] success
[INFO]  object detect [0.001028:SO] success
[INFO]  Image 2 elapsed time: 0.076961 s , fps: 12.993520
[INFO]  filter boxes by confidence threshold > 0.001000 success, boxes size is 15
[INFO]  filter boxes by NMS threshold > 0.450000 success, result size is 2
[INFO]  object detect [0.870117:SO] success
[INFO]  object detect [0.103210:SO] success
[INFO]  Image 3 elapsed time: 0.078498 s , fps: 12.739120
[INFO]  filter boxes by confidence threshold > 0.001000 success, boxes size is 21
[INFO]  filter boxes by NMS threshold > 0.450000 success, result size is 6
[INFO]  object detect [0.942383:SO] success
[INFO]  object detect [0.533203:SO] success
[INFO]  object detect [0.474121:SO] success
[INFO]  object detect [0.237305:SO] success
[INFO]  object detect [0.016281:SO] success
[INFO]  object detect [0.013901:SO] success
[INFO]  Image 4 elapsed time: 0.075348 s , fps: 13.271671
[INFO]  filter boxes by confidence threshold > 0.001000 success, boxes size is 9
[INFO]  filter boxes by NMS threshold > 0.450000 success, result size is 2
[INFO]  object detect [0.899414:SO] success
[INFO]  object detect [0.002481:SO] success
[INFO]  Image 5 elapsed time: 0.075982 s , fps: 13.161071
[INFO]  filter boxes by confidence threshold > 0.001000 success, boxes size is 7
[INFO]  filter boxes by NMS threshold > 0.450000 success, result size is 1
[INFO]  object detect [0.945312:SO] success
[INFO]  Image 6 elapsed time: 0.075464 s , fps: 13.251322
[INFO]  filter boxes by confidence threshold > 0.001000 success, boxes size is 11
[INFO]  filter boxes by NMS threshold > 0.450000 success, result size is 2
[INFO]  object detect [0.996094:SO] success
[INFO]  object detect [0.002716:SO] success
[INFO]  Image 7 elapsed time: 0.077559 s , fps: 12.893415
[INFO]  filter boxes by confidence threshold > 0.001000 success, boxes size is 10
[INFO]  filter boxes by NMS threshold > 0.450000 success, result size is 2
[INFO]  object detect [0.885742:SO] success
[INFO]  object detect [0.001567:SO] success
[INFO]  Image 8 elapsed time: 0.074093 s , fps: 13.496630
[INFO]  filter boxes by confidence threshold > 0.001000 success, boxes size is 70
[INFO]  filter boxes by NMS threshold > 0.450000 success, result size is 22
[INFO]  object detect [0.775391:SO] success
[INFO]  object detect [0.724121:SO] success
[INFO]  object detect [0.699219:SO] success
[INFO]  object detect [0.376465:SO] success
[INFO]  object detect [0.212158:SO] success
[INFO]  object detect [0.016083:SO] success
[INFO]  object detect [0.007523:SO] success
[INFO]  object detect [0.007034:SO] success
[INFO]  object detect [0.006317:SO] success
[INFO]  object detect [0.005116:SO] success
[INFO]  object detect [0.004738:SO] success
[INFO]  object detect [0.003796:SO] success
[INFO]  object detect [0.003296:SO] success
[INFO]  object detect [0.002407:SO] success
[INFO]  object detect [0.002157:SO] success
[INFO]  object detect [0.001700:SO] success
[INFO]  object detect [0.001675:SO] success
[INFO]  object detect [0.001438:SO] success
[INFO]  object detect [0.001377:SO] success
[INFO]  object detect [0.001315:SO] success
[INFO]  object detect [0.001074:SO] success
[INFO]  object detect [0.001057:SO] success
[INFO]  Image 9 elapsed time: 0.080658 s , fps: 12.398095
[INFO]  filter boxes by confidence threshold > 0.001000 success, boxes size is 33
[INFO]  filter boxes by NMS threshold > 0.450000 success, result size is 8
[INFO]  object detect [0.987305:SO] success
[INFO]  object detect [0.738281:SO] success
[INFO]  object detect [0.658203:SO] success
[INFO]  object detect [0.124268:SO] success
[INFO]  object detect [0.007256:SO] success
[INFO]  object detect [0.001890:SO] success
[INFO]  object detect [0.001579:SO] success
[INFO]  object detect [0.001116:SO] success
[INFO]  Image 10 elapsed time: 0.077582 s , fps: 12.889662
[INFO]  filter boxes by confidence threshold > 0.001000 success, boxes size is 8
[INFO]  filter boxes by NMS threshold > 0.450000 success, result size is 1
[INFO]  object detect [0.940430:SO] success
[INFO]  Image 11 elapsed time: 0.071629 s , fps: 13.960871
[INFO]  filter boxes by confidence threshold > 0.001000 success, boxes size is 13
[INFO]  filter boxes by NMS threshold > 0.450000 success, result size is 4
[INFO]  object detect [0.991211:SO] success
[INFO]  object detect [0.014740:SO] success
[INFO]  object detect [0.005020:SO] success
[INFO]  object detect [0.001404:SO] success
[INFO]  Image 12 elapsed time: 0.072632 s , fps: 13.768070
[INFO]  filter boxes by confidence threshold > 0.001000 success, boxes size is 12
[INFO]  filter boxes by NMS threshold > 0.450000 success, result size is 4
[INFO]  object detect [0.932617:SO] success
[INFO]  object detect [0.022385:SO] success
[INFO]  object detect [0.002502:SO] success
[INFO]  object detect [0.001748:SO] success
[INFO]  Image 13 elapsed time: 0.078393 s , fps: 12.756292
[INFO]  filter boxes by confidence threshold > 0.001000 success, boxes size is 19
[INFO]  filter boxes by NMS threshold > 0.450000 success, result size is 7
[INFO]  object detect [0.974609:SO] success
[INFO]  object detect [0.010216:SO] success
[INFO]  object detect [0.004005:SO] success
[INFO]  object detect [0.003899:SO] success
[INFO]  object detect [0.003017:SO] success
[INFO]  object detect [0.001433:SO] success
[INFO]  object detect [0.001192:SO] success
[INFO]  Image 14 elapsed time: 0.083361 s , fps: 11.996023
[INFO]  filter boxes by confidence threshold > 0.001000 success, boxes size is 19
[INFO]  filter boxes by NMS threshold > 0.450000 success, result size is 3
[INFO]  object detect [0.951172:SO] success
[INFO]  object detect [0.945312:SO] success
[INFO]  object detect [0.006561:SO] success
[INFO]  Image 15 elapsed time: 0.076440 s , fps: 13.082103
[INFO]  filter boxes by confidence threshold > 0.001000 success, boxes size is 33
[INFO]  filter boxes by NMS threshold > 0.450000 success, result size is 8
[INFO]  object detect [0.893555:SO] success
[INFO]  object detect [0.094666:SO] success
[INFO]  object detect [0.087891:SO] success
[INFO]  object detect [0.008087:SO] success
[INFO]  object detect [0.007782:SO] success
[INFO]  object detect [0.007607:SO] success
[INFO]  object detect [0.004265:SO] success
[INFO]  object detect [0.002541:SO] success
[INFO]  Image 16 elapsed time: 0.082157 s , fps: 12.171761
[INFO]  filter boxes by confidence threshold > 0.001000 success, boxes size is 15
[INFO]  filter boxes by NMS threshold > 0.450000 success, result size is 2
[INFO]  object detect [0.962891:SO] success
[INFO]  object detect [0.956055:SO] success
[INFO]  Image 17 elapsed time: 0.075831 s , fps: 13.187254
[INFO]  filter boxes by confidence threshold > 0.001000 success, boxes size is 41
[INFO]  filter boxes by NMS threshold > 0.450000 success, result size is 9
[INFO]  object detect [0.970703:SO] success
[INFO]  object detect [0.952148:SO] success
[INFO]  object detect [0.408691:SO] success
[INFO]  object detect [0.093018:SO] success
[INFO]  object detect [0.003510:SO] success
[INFO]  object detect [0.003006:SO] success
[INFO]  object detect [0.002832:SO] success
[INFO]  object detect [0.002003:SO] success
[INFO]  object detect [0.001112:SO] success
[INFO]  Image 18 elapsed time: 0.080170 s , fps: 12.473451
[INFO]  filter boxes by confidence threshold > 0.001000 success, boxes size is 15
[INFO]  filter boxes by NMS threshold > 0.450000 success, result size is 4
[INFO]  object detect [0.974609:SO] success
[INFO]  object detect [0.004452:SO] success
[INFO]  object detect [0.004040:SO] success
[INFO]  object detect [0.001530:SO] success
[INFO]  Image 19 elapsed time: 0.077091 s , fps: 12.971605
[INFO]  filter boxes by confidence threshold > 0.001000 success, boxes size is 8
[INFO]  filter boxes by NMS threshold > 0.450000 success, result size is 1
[INFO]  object detect [0.864258:SO] success
[INFO]  Image 20 elapsed time: 0.074880 s , fps: 13.354683
[INFO]  filter boxes by confidence threshold > 0.001000 success, boxes size is 8
[INFO]  filter boxes by NMS threshold > 0.450000 success, result size is 1
[INFO]  object detect [0.898438:SO] success
[INFO]  Image 21 elapsed time: 0.074665 s , fps: 13.393109
[INFO]  filter boxes by confidence threshold > 0.001000 success, boxes size is 8
[INFO]  filter boxes by NMS threshold > 0.450000 success, result size is 1
[INFO]  object detect [0.821289:SO] success
[INFO]  Image 22 elapsed time: 0.079042 s , fps: 12.651447
[INFO]  filter boxes by confidence threshold > 0.001000 success, boxes size is 12
[INFO]  filter boxes by NMS threshold > 0.450000 success, result size is 3
[INFO]  object detect [0.917969:SO] success
[INFO]  object detect [0.004501:SO] success
[INFO]  object detect [0.003172:SO] success
[INFO]  Image 23 elapsed time: 0.074759 s , fps: 13.376324
[INFO]  filter boxes by confidence threshold > 0.001000 success, boxes size is 10
[INFO]  filter boxes by NMS threshold > 0.450000 success, result size is 2
[INFO]  object detect [0.920898:SO] success
[INFO]  object detect [0.003719:SO] success
[INFO]  Image 24 elapsed time: 0.076217 s , fps: 13.120487
[INFO]  filter boxes by confidence threshold > 0.001000 success, boxes size is 18
[INFO]  filter boxes by NMS threshold > 0.450000 success, result size is 4
[INFO]  object detect [0.972656:SO] success
[INFO]  object detect [0.946289:SO] success
[INFO]  object detect [0.001530:SO] success
[INFO]  object detect [0.001121:SO] success
[INFO]  Image 25 elapsed time: 0.074952 s , fps: 13.341876
[INFO]  filter boxes by confidence threshold > 0.001000 success, boxes size is 12
[INFO]  filter boxes by NMS threshold > 0.450000 success, result size is 3
[INFO]  object detect [0.939453:SO] success
[INFO]  object detect [0.010048:SO] success
[INFO]  object detect [0.001235:SO] success
[INFO]  Image 26 elapsed time: 0.074184 s , fps: 13.480062
[INFO]  filter boxes by confidence threshold > 0.001000 success, boxes size is 34
[INFO]  filter boxes by NMS threshold > 0.450000 success, result size is 8
[INFO]  object detect [0.971680:SO] success
[INFO]  object detect [0.067444:SO] success
[INFO]  object detect [0.013275:SO] success
[INFO]  object detect [0.007256:SO] success
[INFO]  object detect [0.005039:SO] success
[INFO]  object detect [0.001965:SO] success
[INFO]  object detect [0.001781:SO] success
[INFO]  object detect [0.001212:SO] success
[INFO]  Image 27 elapsed time: 0.076990 s , fps: 12.988671
[INFO]  filter boxes by confidence threshold > 0.001000 success, boxes size is 28
[INFO]  filter boxes by NMS threshold > 0.450000 success, result size is 12
[INFO]  object detect [0.912109:SO] success
[INFO]  object detect [0.262695:SO] success
[INFO]  object detect [0.048096:SO] success
[INFO]  object detect [0.020569:SO] success
[INFO]  object detect [0.003185:SO] success
[INFO]  object detect [0.002378:SO] success
[INFO]  object detect [0.002277:SO] success
[INFO]  object detect [0.002150:SO] success
[INFO]  object detect [0.001591:SO] success
[INFO]  object detect [0.001549:SO] success
[INFO]  object detect [0.001384:SO] success
[INFO]  object detect [0.001044:SO] success
[INFO]  Image 28 elapsed time: 0.077858 s , fps: 12.843969
[INFO]  filter boxes by confidence threshold > 0.001000 success, boxes size is 8
[INFO]  filter boxes by NMS threshold > 0.450000 success, result size is 1
[INFO]  object detect [0.821289:SO] success
[INFO]  Image 29 elapsed time: 0.073964 s , fps: 13.520162
[INFO]  filter boxes by confidence threshold > 0.001000 success, boxes size is 17
[INFO]  filter boxes by NMS threshold > 0.450000 success, result size is 7
[INFO]  object detect [0.572754:SO] success
[INFO]  object detect [0.002388:SO] success
[INFO]  object detect [0.001384:SO] success
[INFO]  object detect [0.001327:SO] success
[INFO]  object detect [0.001225:SO] success
[INFO]  object detect [0.001202:SO] success
[INFO]  object detect [0.001064:SO] success
[INFO]  Image 30 elapsed time: 0.074290 s , fps: 13.460802
[INFO]  filter boxes by confidence threshold > 0.001000 success, boxes size is 25
[INFO]  filter boxes by NMS threshold > 0.450000 success, result size is 7
[INFO]  object detect [0.978516:SO] success
[INFO]  object detect [0.942383:SO] success
[INFO]  object detect [0.776367:SO] success
[INFO]  object detect [0.005157:SO] success
[INFO]  object detect [0.004768:SO] success
[INFO]  object detect [0.001616:SO] success
[INFO]  object detect [0.001415:SO] success
[INFO]  Image 31 elapsed time: 0.075858 s , fps: 13.182469
[INFO]  filter boxes by confidence threshold > 0.001000 success, boxes size is 31
[INFO]  filter boxes by NMS threshold > 0.450000 success, result size is 8
[INFO]  object detect [0.923828:SO] success
[INFO]  object detect [0.564941:SO] success
[INFO]  object detect [0.125732:SO] success
[INFO]  object detect [0.030823:SO] success
[INFO]  object detect [0.011909:SO] success
[INFO]  object detect [0.008286:SO] success
[INFO]  object detect [0.005039:SO] success
[INFO]  object detect [0.004055:SO] success
[INFO]  Image 32 elapsed time: 0.077446 s , fps: 12.912225
[INFO]  filter boxes by confidence threshold > 0.001000 success, boxes size is 24
[INFO]  filter boxes by NMS threshold > 0.450000 success, result size is 10
[INFO]  object detect [0.865723:SO] success
[INFO]  object detect [0.816406:SO] success
[INFO]  object detect [0.107666:SO] success
[INFO]  object detect [0.017441:SO] success
[INFO]  object detect [0.008987:SO] success
[INFO]  object detect [0.001860:SO] success
[INFO]  object detect [0.001362:SO] success
[INFO]  object detect [0.001320:SO] success
[INFO]  object detect [0.001269:SO] success
[INFO]  object detect [0.001235:SO] success
[INFO]  Image 33 elapsed time: 0.076968 s , fps: 12.992465
[INFO]  filter boxes by confidence threshold > 0.001000 success, boxes size is 8
[INFO]  filter boxes by NMS threshold > 0.450000 success, result size is 1
[INFO]  object detect [0.914062:SO] success
[INFO]  Image 34 elapsed time: 0.076010 s , fps: 13.156118
[INFO]  filter boxes by confidence threshold > 0.001000 success, boxes size is 26
[INFO]  filter boxes by NMS threshold > 0.450000 success, result size is 9
[INFO]  object detect [0.974609:SO] success
[INFO]  object detect [0.013123:SO] success
[INFO]  object detect [0.008255:SO] success
[INFO]  object detect [0.003822:SO] success
[INFO]  object detect [0.003708:SO] success
[INFO]  object detect [0.003185:SO] success
[INFO]  object detect [0.001642:SO] success
[INFO]  object detect [0.001537:SO] success
[INFO]  object detect [0.001160:SO] success
[INFO]  Image 35 elapsed time: 0.075826 s , fps: 13.188065
[INFO]  filter boxes by confidence threshold > 0.001000 success, boxes size is 12
[INFO]  filter boxes by NMS threshold > 0.450000 success, result size is 2
[INFO]  object detect [0.937500:SO] success
[INFO]  object detect [0.003075:SO] success
[INFO]  Image 36 elapsed time: 0.075813 s , fps: 13.190312
[INFO]  filter boxes by confidence threshold > 0.001000 success, boxes size is 17
[INFO]  filter boxes by NMS threshold > 0.450000 success, result size is 4
[INFO]  object detect [0.906250:SO] success
[INFO]  object detect [0.861328:SO] success
[INFO]  object detect [0.005402:SO] success
[INFO]  object detect [0.005280:SO] success
[INFO]  Image 37 elapsed time: 0.076934 s , fps: 12.998115
[INFO]  filter boxes by confidence threshold > 0.001000 success, boxes size is 10
[INFO]  filter boxes by NMS threshold > 0.450000 success, result size is 1
[INFO]  object detect [0.984375:SO] success
[INFO]  Image 38 elapsed time: 0.074351 s , fps: 13.449709
[INFO]  filter boxes by confidence threshold > 0.001000 success, boxes size is 7
[INFO]  filter boxes by NMS threshold > 0.450000 success, result size is 2
[INFO]  object detect [0.593750:SO] success
[INFO]  object detect [0.021591:SO] success
[INFO]  Image 39 elapsed time: 0.071025 s , fps: 14.079576
[INFO]  filter boxes by confidence threshold > 0.001000 success, boxes size is 15
[INFO]  filter boxes by NMS threshold > 0.450000 success, result size is 2
[INFO]  object detect [0.962891:SO] success
[INFO]  object detect [0.677246:SO] success
[INFO]  Image 40 elapsed time: 0.073771 s , fps: 13.555492
[INFO]  filter boxes by confidence threshold > 0.001000 success, boxes size is 49
[INFO]  filter boxes by NMS threshold > 0.450000 success, result size is 17
[INFO]  object detect [0.980469:SO] success
[INFO]  object detect [0.945312:SO] success
[INFO]  object detect [0.691406:SO] success
[INFO]  object detect [0.409668:SO] success
[INFO]  object detect [0.044342:SO] success
[INFO]  object detect [0.036072:SO] success
[INFO]  object detect [0.016907:SO] success
[INFO]  object detect [0.015320:SO] success
[INFO]  object detect [0.007660:SO] success
[INFO]  object detect [0.006691:SO] success
[INFO]  object detect [0.006462:SO] success
[INFO]  object detect [0.005753:SO] success
[INFO]  object detect [0.004868:SO] success
[INFO]  object detect [0.003223:SO] success
[INFO]  object detect [0.002462:SO] success
[INFO]  object detect [0.002415:SO] success
[INFO]  object detect [0.001000:SO] success
[INFO]  Image 41 elapsed time: 0.077494 s , fps: 12.904168
[INFO]  filter boxes by confidence threshold > 0.001000 success, boxes size is 34
[INFO]  filter boxes by NMS threshold > 0.450000 success, result size is 10
[INFO]  object detect [0.964844:SO] success
[INFO]  object detect [0.195190:SO] success
[INFO]  object detect [0.071716:SO] success
[INFO]  object detect [0.015381:SO] success
[INFO]  object detect [0.002502:SO] success
[INFO]  object detect [0.002083:SO] success
[INFO]  object detect [0.002020:SO] success
[INFO]  object detect [0.001726:SO] success
[INFO]  object detect [0.001720:SO] success
[INFO]  object detect [0.001335:SO] success
[INFO]  Image 42 elapsed time: 0.076279 s , fps: 13.109758
[INFO]  filter boxes by confidence threshold > 0.001000 success, boxes size is 28
[INFO]  filter boxes by NMS threshold > 0.450000 success, result size is 8
[INFO]  object detect [0.945312:SO] success
[INFO]  object detect [0.051453:SO] success
[INFO]  object detect [0.016724:SO] success
[INFO]  object detect [0.005688:SO] success
[INFO]  object detect [0.004417:SO] success
[INFO]  object detect [0.002913:SO] success
[INFO]  object detect [0.002581:SO] success
[INFO]  object detect [0.001904:SO] success
[INFO]  Image 43 elapsed time: 0.075172 s , fps: 13.302906
[INFO]  filter boxes by confidence threshold > 0.001000 success, boxes size is 12
[INFO]  filter boxes by NMS threshold > 0.450000 success, result size is 4
[INFO]  object detect [0.729004:SO] success
[INFO]  object detect [0.009857:SO] success
[INFO]  object detect [0.005779:SO] success
[INFO]  object detect [0.001184:SO] success
[INFO]  Image 44 elapsed time: 0.075142 s , fps: 13.308155
[INFO]  filter boxes by confidence threshold > 0.001000 success, boxes size is 26
[INFO]  filter boxes by NMS threshold > 0.450000 success, result size is 9
[INFO]  object detect [0.974609:SO] success
[INFO]  object detect [0.435059:SO] success
[INFO]  object detect [0.035095:SO] success
[INFO]  object detect [0.002493:SO] success
[INFO]  object detect [0.002108:SO] success
[INFO]  object detect [0.001688:SO] success
[INFO]  object detect [0.001586:SO] success
[INFO]  object detect [0.001479:SO] success
[INFO]  object detect [0.001187:SO] success
[INFO]  Image 45 elapsed time: 0.078014 s , fps: 12.818233
[INFO]  filter boxes by confidence threshold > 0.001000 success, boxes size is 11
[INFO]  filter boxes by NMS threshold > 0.450000 success, result size is 2
[INFO]  object detect [0.977539:SO] success
[INFO]  object detect [0.001250:SO] success
[INFO]  Image 46 elapsed time: 0.075935 s , fps: 13.169228
[INFO]  filter boxes by confidence threshold > 0.001000 success, boxes size is 17
[INFO]  filter boxes by NMS threshold > 0.450000 success, result size is 4
[INFO]  object detect [0.934570:SO] success
[INFO]  object detect [0.041718:SO] success
[INFO]  object detect [0.036133:SO] success
[INFO]  object detect [0.001095:SO] success
[INFO]  Image 47 elapsed time: 0.076840 s , fps: 13.014119
[INFO]  filter boxes by confidence threshold > 0.001000 success, boxes size is 14
[INFO]  filter boxes by NMS threshold > 0.450000 success, result size is 4
[INFO]  object detect [0.885742:SO] success
[INFO]  object detect [0.006828:SO] success
[INFO]  object detect [0.004593:SO] success
[INFO]  object detect [0.003838:SO] success
[INFO]  Image 48 elapsed time: 0.136866 s , fps: 7.306410
[INFO]  filter boxes by confidence threshold > 0.001000 success, boxes size is 16
[INFO]  filter boxes by NMS threshold > 0.450000 success, result size is 9
[INFO]  object detect [0.587891:SO] success
[INFO]  object detect [0.007996:SO] success
[INFO]  object detect [0.005512:SO] success
[INFO]  object detect [0.005428:SO] success
[INFO]  object detect [0.001957:SO] success
[INFO]  object detect [0.001537:SO] success
[INFO]  object detect [0.001471:SO] success
[INFO]  object detect [0.001285:SO] success
[INFO]  object detect [0.001060:SO] success
[INFO]  Image 49 elapsed time: 0.112701 s , fps: 8.873029
[INFO]  filter boxes by confidence threshold > 0.001000 success, boxes size is 5
[INFO]  filter boxes by NMS threshold > 0.450000 success, result size is 1
[INFO]  object detect [0.865723:SO] success
[INFO]  Image 50 elapsed time: 0.071936 s , fps: 13.901281
[INFO]  filter boxes by confidence threshold > 0.001000 success, boxes size is 62
[INFO]  filter boxes by NMS threshold > 0.450000 success, result size is 22
[INFO]  object detect [0.957031:SO] success
[INFO]  object detect [0.620605:SO] success
[INFO]  object detect [0.242920:SO] success
[INFO]  object detect [0.177734:SO] success
[INFO]  object detect [0.155640:SO] success
[INFO]  object detect [0.134033:SO] success
[INFO]  object detect [0.053894:SO] success
[INFO]  object detect [0.021530:SO] success
[INFO]  object detect [0.018372:SO] success
[INFO]  object detect [0.010651:SO] success
[INFO]  object detect [0.007370:SO] success
[INFO]  object detect [0.003208:SO] success
[INFO]  object detect [0.003197:SO] success
[INFO]  object detect [0.003052:SO] success
[INFO]  object detect [0.002235:SO] success
[INFO]  object detect [0.001668:SO] success
[INFO]  object detect [0.001586:SO] success
[INFO]  object detect [0.001445:SO] success
[INFO]  object detect [0.001335:SO] success
[INFO]  object detect [0.001164:SO] success
[INFO]  object detect [0.001013:SO] success
[INFO]  object detect [0.001009:SO] success
[INFO]  Image 51 elapsed time: 0.080758 s , fps: 12.382749
[INFO]  filter boxes by confidence threshold > 0.001000 success, boxes size is 32
[INFO]  filter boxes by NMS threshold > 0.450000 success, result size is 12
[INFO]  object detect [0.802246:SO] success
[INFO]  object detect [0.750977:SO] success
[INFO]  object detect [0.020187:SO] success
[INFO]  object detect [0.016968:SO] success
[INFO]  object detect [0.004471:SO] success
[INFO]  object detect [0.003063:SO] success
[INFO]  object detect [0.003040:SO] success
[INFO]  object detect [0.001831:SO] success
[INFO]  object detect [0.001655:SO] success
[INFO]  object detect [0.001513:SO] success
[INFO]  object detect [0.001384:SO] success
[INFO]  object detect [0.001017:SO] success
[INFO]  Image 52 elapsed time: 0.080983 s , fps: 12.348316
[INFO]  filter boxes by confidence threshold > 0.001000 success, boxes size is 18
[INFO]  filter boxes by NMS threshold > 0.450000 success, result size is 3
[INFO]  object detect [0.958984:SO] success
[INFO]  object detect [0.223633:SO] success
[INFO]  object detect [0.003147:SO] success
[INFO]  Image 53 elapsed time: 0.081425 s , fps: 12.281275
[INFO]  filter boxes by confidence threshold > 0.001000 success, boxes size is 25
[INFO]  filter boxes by NMS threshold > 0.450000 success, result size is 7
[INFO]  object detect [0.972656:SO] success
[INFO]  object detect [0.940430:SO] success
[INFO]  object detect [0.026947:SO] success
[INFO]  object detect [0.003807:SO] success
[INFO]  object detect [0.001554:SO] success
[INFO]  object detect [0.001384:SO] success
[INFO]  object detect [0.001362:SO] success
[INFO]  Image 54 elapsed time: 0.082099 s , fps: 12.180446
[INFO]  filter boxes by confidence threshold > 0.001000 success, boxes size is 18
[INFO]  filter boxes by NMS threshold > 0.450000 success, result size is 7
[INFO]  object detect [0.832031:SO] success
[INFO]  object detect [0.532227:SO] success
[INFO]  object detect [0.004715:SO] success
[INFO]  object detect [0.002737:SO] success
[INFO]  object detect [0.002359:SO] success
[INFO]  object detect [0.002182:SO] success
[INFO]  object detect [0.001357:SO] success
[INFO]  Image 55 elapsed time: 0.078704 s , fps: 12.705814
[INFO]  filter boxes by confidence threshold > 0.001000 success, boxes size is 33
[INFO]  filter boxes by NMS threshold > 0.450000 success, result size is 10
[INFO]  object detect [0.966797:SO] success
[INFO]  object detect [0.735840:SO] success
[INFO]  object detect [0.367432:SO] success
[INFO]  object detect [0.004452:SO] success
[INFO]  object detect [0.003899:SO] success
[INFO]  object detect [0.003662:SO] success
[INFO]  object detect [0.001942:SO] success
[INFO]  object detect [0.001367:SO] success
[INFO]  object detect [0.001315:SO] success
[INFO]  object detect [0.001139:SO] success
[INFO]  Image 56 elapsed time: 0.080652 s , fps: 12.398931
[INFO]  filter boxes by confidence threshold > 0.001000 success, boxes size is 20
[INFO]  filter boxes by NMS threshold > 0.450000 success, result size is 7
[INFO]  object detect [0.953125:SO] success
[INFO]  object detect [0.562012:SO] success
[INFO]  object detect [0.007553:SO] success
[INFO]  object detect [0.003376:SO] success
[INFO]  object detect [0.003208:SO] success
[INFO]  object detect [0.002510:SO] success
[INFO]  object detect [0.001881:SO] success
[INFO]  Image 57 elapsed time: 0.075287 s , fps: 13.282465
[INFO]  filter boxes by confidence threshold > 0.001000 success, boxes size is 18
[INFO]  filter boxes by NMS threshold > 0.450000 success, result size is 5
[INFO]  object detect [0.937500:SO] success
[INFO]  object detect [0.015839:SO] success
[INFO]  object detect [0.014450:SO] success
[INFO]  object detect [0.001495:SO] success
[INFO]  object detect [0.001099:SO] success
[INFO]  Image 58 elapsed time: 0.076601 s , fps: 13.054735
[INFO]  filter boxes by confidence threshold > 0.001000 success, boxes size is 27
[INFO]  filter boxes by NMS threshold > 0.450000 success, result size is 9
[INFO]  object detect [0.962891:SO] success
[INFO]  object detect [0.030273:SO] success
[INFO]  object detect [0.008446:SO] success
[INFO]  object detect [0.002653:SO] success
[INFO]  object detect [0.002235:SO] success
[INFO]  object detect [0.001816:SO] success
[INFO]  object detect [0.001518:SO] success
[INFO]  object detect [0.001315:SO] success
[INFO]  object detect [0.001143:SO] success
[INFO]  Image 59 elapsed time: 0.078584 s , fps: 12.725216
[INFO]  filter boxes by confidence threshold > 0.001000 success, boxes size is 22
[INFO]  filter boxes by NMS threshold > 0.450000 success, result size is 7
[INFO]  object detect [0.966797:SO] success
[INFO]  object detect [0.650879:SO] success
[INFO]  object detect [0.010612:SO] success
[INFO]  object detect [0.006989:SO] success
[INFO]  object detect [0.003960:SO] success
[INFO]  object detect [0.003052:SO] success
[INFO]  object detect [0.001495:SO] success
[INFO]  Image 60 elapsed time: 0.076566 s , fps: 13.060589
[INFO]  filter boxes by confidence threshold > 0.001000 success, boxes size is 46
[INFO]  filter boxes by NMS threshold > 0.450000 success, result size is 15
[INFO]  object detect [0.797852:SO] success
[INFO]  object detect [0.717285:SO] success
[INFO]  object detect [0.710449:SO] success
[INFO]  object detect [0.652344:SO] success
[INFO]  object detect [0.015793:SO] success
[INFO]  object detect [0.007904:SO] success
[INFO]  object detect [0.006191:SO] success
[INFO]  object detect [0.006050:SO] success
[INFO]  object detect [0.004417:SO] success
[INFO]  object detect [0.002396:SO] success
[INFO]  object detect [0.001987:SO] success
[INFO]  object detect [0.001661:SO] success
[INFO]  object detect [0.001400:SO] success
[INFO]  object detect [0.001274:SO] success
[INFO]  object detect [0.001235:SO] success
[INFO]  Image 61 elapsed time: 0.079785 s , fps: 12.533708
[INFO]  filter boxes by confidence threshold > 0.001000 success, boxes size is 22
[INFO]  filter boxes by NMS threshold > 0.450000 success, result size is 3
[INFO]  object detect [0.984375:SO] success
[INFO]  object detect [0.982422:SO] success
[INFO]  object detect [0.002571:SO] success
[INFO]  Image 62 elapsed time: 0.075864 s , fps: 13.181531
[INFO]  filter boxes by confidence threshold > 0.001000 success, boxes size is 16
[INFO]  filter boxes by NMS threshold > 0.450000 success, result size is 6
[INFO]  object detect [0.794434:SO] success
[INFO]  object detect [0.023071:SO] success
[INFO]  object detect [0.010490:SO] success
[INFO]  object detect [0.003326:SO] success
[INFO]  object detect [0.001972:SO] success
[INFO]  object detect [0.001804:SO] success
[INFO]  Image 63 elapsed time: 0.074528 s , fps: 13.417706
[INFO]  filter boxes by confidence threshold > 0.001000 success, boxes size is 16
[INFO]  filter boxes by NMS threshold > 0.450000 success, result size is 5
[INFO]  object detect [0.925781:SO] success
[INFO]  object detect [0.023315:SO] success
[INFO]  object detect [0.004086:SO] success
[INFO]  object detect [0.003006:SO] success
[INFO]  object detect [0.001028:SO] success
[INFO]  Image 64 elapsed time: 0.079621 s , fps: 12.559478
[INFO]  filter boxes by confidence threshold > 0.001000 success, boxes size is 27
[INFO]  filter boxes by NMS threshold > 0.450000 success, result size is 4
[INFO]  object detect [0.912109:SO] success
[INFO]  object detect [0.874023:SO] success
[INFO]  object detect [0.627441:SO] success
[INFO]  object detect [0.009193:SO] success
[INFO]  Image 65 elapsed time: 0.074832 s , fps: 13.363201
[INFO]  filter boxes by confidence threshold > 0.001000 success, boxes size is 16
[INFO]  filter boxes by NMS threshold > 0.450000 success, result size is 7
[INFO]  object detect [0.920898:SO] success
[INFO]  object detect [0.277344:SO] success
[INFO]  object detect [0.019226:SO] success
[INFO]  object detect [0.007034:SO] success
[INFO]  object detect [0.004902:SO] success
[INFO]  object detect [0.001655:SO] success
[INFO]  object detect [0.001544:SO] success
[INFO]  Image 66 elapsed time: 0.078318 s , fps: 12.768416
[INFO]  filter boxes by confidence threshold > 0.001000 success, boxes size is 21
[INFO]  filter boxes by NMS threshold > 0.450000 success, result size is 3
[INFO]  object detect [0.994141:SO] success
[INFO]  object detect [0.953125:SO] success
[INFO]  object detect [0.001549:SO] success
[INFO]  Image 67 elapsed time: 0.075748 s , fps: 13.201754
[INFO]  filter boxes by confidence threshold > 0.001000 success, boxes size is 13
[INFO]  filter boxes by NMS threshold > 0.450000 success, result size is 4
[INFO]  object detect [0.956055:SO] success
[INFO]  object detect [0.002632:SO] success
[INFO]  object detect [0.002201:SO] success
[INFO]  object detect [0.001245:SO] success
[INFO]  Image 68 elapsed time: 0.079061 s , fps: 12.648537
[INFO]  filter boxes by confidence threshold > 0.001000 success, boxes size is 24
[INFO]  filter boxes by NMS threshold > 0.450000 success, result size is 4
[INFO]  object detect [0.863281:SO] success
[INFO]  object detect [0.855469:SO] success
[INFO]  object detect [0.853027:SO] success
[INFO]  object detect [0.005917:SO] success
[INFO]  Image 69 elapsed time: 0.073769 s , fps: 13.555764
[INFO]  filter boxes by confidence threshold > 0.001000 success, boxes size is 22
[INFO]  filter boxes by NMS threshold > 0.450000 success, result size is 5
[INFO]  object detect [0.980469:SO] success
[INFO]  object detect [0.971680:SO] success
[INFO]  object detect [0.060303:SO] success
[INFO]  object detect [0.006462:SO] success
[INFO]  object detect [0.001591:SO] success
[INFO]  Image 70 elapsed time: 0.075962 s , fps: 13.164403
[INFO]  filter boxes by confidence threshold > 0.001000 success, boxes size is 35
[INFO]  filter boxes by NMS threshold > 0.450000 success, result size is 11
[INFO]  object detect [0.980469:SO] success
[INFO]  object detect [0.964844:SO] success
[INFO]  object detect [0.957031:SO] success
[INFO]  object detect [0.019257:SO] success
[INFO]  object detect [0.011238:SO] success
[INFO]  object detect [0.009857:SO] success
[INFO]  object detect [0.003185:SO] success
[INFO]  object detect [0.002174:SO] success
[INFO]  object detect [0.001740:SO] success
[INFO]  object detect [0.001579:SO] success
[INFO]  object detect [0.001057:SO] success
[INFO]  Image 71 elapsed time: 0.077116 s , fps: 12.967494
[INFO]  filter boxes by confidence threshold > 0.001000 success, boxes size is 25
[INFO]  filter boxes by NMS threshold > 0.450000 success, result size is 8
[INFO]  object detect [0.962891:SO] success
[INFO]  object detect [0.069031:SO] success
[INFO]  object detect [0.007370:SO] success
[INFO]  object detect [0.004887:SO] success
[INFO]  object detect [0.002270:SO] success
[INFO]  object detect [0.001335:SO] success
[INFO]  object detect [0.001125:SO] success
[INFO]  object detect [0.001095:SO] success
[INFO]  Image 72 elapsed time: 0.078817 s , fps: 12.687637
[INFO]  filter boxes by confidence threshold > 0.001000 success, boxes size is 15
[INFO]  filter boxes by NMS threshold > 0.450000 success, result size is 3
[INFO]  object detect [0.937500:SO] success
[INFO]  object detect [0.917969:SO] success
[INFO]  object detect [0.001285:SO] success
[INFO]  Image 73 elapsed time: 0.075426 s , fps: 13.258001
[INFO]  filter boxes by confidence threshold > 0.001000 success, boxes size is 32
[INFO]  filter boxes by NMS threshold > 0.450000 success, result size is 8
[INFO]  object detect [0.955078:SO] success
[INFO]  object detect [0.949219:SO] success
[INFO]  object detect [0.015381:SO] success
[INFO]  object detect [0.003693:SO] success
[INFO]  object detect [0.003525:SO] success
[INFO]  object detect [0.003237:SO] success
[INFO]  object detect [0.002075:SO] success
[INFO]  object detect [0.001095:SO] success
[INFO]  Image 74 elapsed time: 0.077403 s , fps: 12.919457
[INFO]  filter boxes by confidence threshold > 0.001000 success, boxes size is 15
[INFO]  filter boxes by NMS threshold > 0.450000 success, result size is 12
[INFO]  object detect [0.035767:SO] success
[INFO]  object detect [0.010170:SO] success
[INFO]  object detect [0.005917:SO] success
[INFO]  object detect [0.004868:SO] success
[INFO]  object detect [0.004280:SO] success
[INFO]  object detect [0.002724:SO] success
[INFO]  object detect [0.002531:SO] success
[INFO]  object detect [0.002342:SO] success
[INFO]  object detect [0.001987:SO] success
[INFO]  object detect [0.001934:SO] success
[INFO]  object detect [0.001919:SO] success
[INFO]  object detect [0.001781:SO] success
[INFO]  Image 75 elapsed time: 0.082049 s , fps: 12.187838
[INFO]  filter boxes by confidence threshold > 0.001000 success, boxes size is 33
[INFO]  filter boxes by NMS threshold > 0.450000 success, result size is 6
[INFO]  object detect [0.782715:SO] success
[INFO]  object detect [0.338623:SO] success
[INFO]  object detect [0.155518:SO] success
[INFO]  object detect [0.155518:SO] success
[INFO]  object detect [0.011200:SO] success
[INFO]  object detect [0.004181:SO] success
[INFO]  Image 76 elapsed time: 0.070975 s , fps: 14.089466
[INFO]  filter boxes by confidence threshold > 0.001000 success, boxes size is 43
[INFO]  filter boxes by NMS threshold > 0.450000 success, result size is 17
[INFO]  object detect [0.849609:SO] success
[INFO]  object detect [0.244141:SO] success
[INFO]  object detect [0.054993:SO] success
[INFO]  object detect [0.033722:SO] success
[INFO]  object detect [0.030090:SO] success
[INFO]  object detect [0.024231:SO] success
[INFO]  object detect [0.016968:SO] success
[INFO]  object detect [0.015015:SO] success
[INFO]  object detect [0.012383:SO] success
[INFO]  object detect [0.009094:SO] success
[INFO]  object detect [0.007011:SO] success
[INFO]  object detect [0.005383:SO] success
[INFO]  object detect [0.002520:SO] success
[INFO]  object detect [0.002209:SO] success
[INFO]  object detect [0.002050:SO] success
[INFO]  object detect [0.002010:SO] success
[INFO]  object detect [0.001017:SO] success
[INFO]  Image 77 elapsed time: 0.072990 s , fps: 13.700559
[INFO]  filter boxes by confidence threshold > 0.001000 success, boxes size is 18
[INFO]  filter boxes by NMS threshold > 0.450000 success, result size is 2
[INFO]  object detect [0.994141:SO] success
[INFO]  object detect [0.992188:SO] success
[INFO]  Image 78 elapsed time: 0.083855 s , fps: 11.925373
[INFO]  filter boxes by confidence threshold > 0.001000 success, boxes size is 17
[INFO]  filter boxes by NMS threshold > 0.450000 success, result size is 5
[INFO]  object detect [0.995117:SO] success
[INFO]  object detect [0.006798:SO] success
[INFO]  object detect [0.002035:SO] success
[INFO]  object detect [0.001713:SO] success
[INFO]  object detect [0.001549:SO] success
[INFO]  Image 79 elapsed time: 0.076282 s , fps: 13.109235
[INFO]  filter boxes by confidence threshold > 0.001000 success, boxes size is 16
[INFO]  filter boxes by NMS threshold > 0.450000 success, result size is 2
[INFO]  object detect [0.972656:SO] success
[INFO]  object detect [0.933594:SO] success
[INFO]  Image 80 elapsed time: 0.075538 s , fps: 13.238391
[INFO]  filter boxes by confidence threshold > 0.001000 success, boxes size is 11
[INFO]  filter boxes by NMS threshold > 0.450000 success, result size is 2
[INFO]  object detect [0.923828:SO] success
[INFO]  object detect [0.013580:SO] success
[INFO]  Image 81 elapsed time: 0.078950 s , fps: 12.666310
[INFO]  filter boxes by confidence threshold > 0.001000 success, boxes size is 17
[INFO]  filter boxes by NMS threshold > 0.450000 success, result size is 6
[INFO]  object detect [0.656250:SO] success
[INFO]  object detect [0.059082:SO] success
[INFO]  object detect [0.002979:SO] success
[INFO]  object detect [0.002707:SO] success
[INFO]  object detect [0.002243:SO] success
[INFO]  object detect [0.001810:SO] success
[INFO]  Image 82 elapsed time: 0.081836 s , fps: 12.219632
[INFO]  filter boxes by confidence threshold > 0.001000 success, boxes size is 11
[INFO]  filter boxes by NMS threshold > 0.450000 success, result size is 3
[INFO]  object detect [0.937500:SO] success
[INFO]  object detect [0.005383:SO] success
[INFO]  object detect [0.001139:SO] success
[INFO]  Image 83 elapsed time: 0.072558 s , fps: 13.782025
[INFO]  filter boxes by confidence threshold > 0.001000 success, boxes size is 9
[INFO]  filter boxes by NMS threshold > 0.450000 success, result size is 3
[INFO]  object detect [0.935547:SO] success
[INFO]  object detect [0.001762:SO] success
[INFO]  object detect [0.001400:SO] success
[INFO]  Image 84 elapsed time: 0.077157 s , fps: 12.960631
[INFO]  filter boxes by confidence threshold > 0.001000 success, boxes size is 30
[INFO]  filter boxes by NMS threshold > 0.450000 success, result size is 8
[INFO]  object detect [0.973633:SO] success
[INFO]  object detect [0.955078:SO] success
[INFO]  object detect [0.063721:SO] success
[INFO]  object detect [0.013275:SO] success
[INFO]  object detect [0.013023:SO] success
[INFO]  object detect [0.007492:SO] success
[INFO]  object detect [0.005535:SO] success
[INFO]  object detect [0.002945:SO] success
[INFO]  Image 85 elapsed time: 0.076151 s , fps: 13.131863
[INFO]  filter boxes by confidence threshold > 0.001000 success, boxes size is 21
[INFO]  filter boxes by NMS threshold > 0.450000 success, result size is 8
[INFO]  object detect [0.970703:SO] success
[INFO]  object detect [0.005383:SO] success
[INFO]  object detect [0.004963:SO] success
[INFO]  object detect [0.004086:SO] success
[INFO]  object detect [0.002541:SO] success
[INFO]  object detect [0.001422:SO] success
[INFO]  object detect [0.001235:SO] success
[INFO]  object detect [0.001175:SO] success
[INFO]  Image 86 elapsed time: 0.076860 s , fps: 13.010753
[INFO]  filter boxes by confidence threshold > 0.001000 success, boxes size is 22
[INFO]  filter boxes by NMS threshold > 0.450000 success, result size is 5
[INFO]  object detect [0.718750:SO] success
[INFO]  object detect [0.669434:SO] success
[INFO]  object detect [0.297852:SO] success
[INFO]  object detect [0.015732:SO] success
[INFO]  object detect [0.001143:SO] success
[INFO]  Image 87 elapsed time: 0.080437 s , fps: 12.432089
[INFO]  filter boxes by confidence threshold > 0.001000 success, boxes size is 15
[INFO]  filter boxes by NMS threshold > 0.450000 success, result size is 4
[INFO]  object detect [0.924805:SO] success
[INFO]  object detect [0.013794:SO] success
[INFO]  object detect [0.007690:SO] success
[INFO]  object detect [0.002800:SO] success
[INFO]  Image 88 elapsed time: 0.078513 s , fps: 12.736825
[INFO]  filter boxes by confidence threshold > 0.001000 success, boxes size is 10
[INFO]  filter boxes by NMS threshold > 0.450000 success, result size is 4
[INFO]  object detect [0.031189:SO] success
[INFO]  object detect [0.018616:SO] success
[INFO]  object detect [0.017639:SO] success
[INFO]  object detect [0.006287:SO] success
[INFO]  Image 89 elapsed time: 0.074461 s , fps: 13.429903
[INFO]  filter boxes by confidence threshold > 0.001000 success, boxes size is 22
[INFO]  filter boxes by NMS threshold > 0.450000 success, result size is 6
[INFO]  object detect [0.710938:SO] success
[INFO]  object detect [0.276855:SO] success
[INFO]  object detect [0.080627:SO] success
[INFO]  object detect [0.001700:SO] success
[INFO]  object detect [0.001648:SO] success
[INFO]  object detect [0.001259:SO] success
[INFO]  Image 90 elapsed time: 0.083006 s , fps: 12.047371
[INFO]  filter boxes by confidence threshold > 0.001000 success, boxes size is 34
[INFO]  filter boxes by NMS threshold > 0.450000 success, result size is 13
[INFO]  object detect [0.973633:SO] success
[INFO]  object detect [0.555176:SO] success
[INFO]  object detect [0.031433:SO] success
[INFO]  object detect [0.003754:SO] success
[INFO]  object detect [0.002216:SO] success
[INFO]  object detect [0.002050:SO] success
[INFO]  object detect [0.002035:SO] success
[INFO]  object detect [0.001762:SO] success
[INFO]  object detect [0.001479:SO] success
[INFO]  object detect [0.001384:SO] success
[INFO]  object detect [0.001289:SO] success
[INFO]  object detect [0.001112:SO] success
[INFO]  object detect [0.001060:SO] success
[INFO]  Image 91 elapsed time: 0.076329 s , fps: 13.101188
[INFO]  filter boxes by confidence threshold > 0.001000 success, boxes size is 27
[INFO]  filter boxes by NMS threshold > 0.450000 success, result size is 7
[INFO]  object detect [0.974609:SO] success
[INFO]  object detect [0.935547:SO] success
[INFO]  object detect [0.017700:SO] success
[INFO]  object detect [0.004230:SO] success
[INFO]  object detect [0.003536:SO] success
[INFO]  object detect [0.003088:SO] success
[INFO]  object detect [0.002323:SO] success
[INFO]  Image 92 elapsed time: 0.083096 s , fps: 12.034316
[INFO]  filter boxes by confidence threshold > 0.001000 success, boxes size is 13
[INFO]  filter boxes by NMS threshold > 0.450000 success, result size is 4
[INFO]  object detect [0.959961:SO] success
[INFO]  object detect [0.006142:SO] success
[INFO]  object detect [0.002083:SO] success
[INFO]  object detect [0.001904:SO] success
[INFO]  Image 93 elapsed time: 0.074441 s , fps: 13.433455
[INFO]  filter boxes by confidence threshold > 0.001000 success, boxes size is 18
[INFO]  filter boxes by NMS threshold > 0.450000 success, result size is 6
[INFO]  object detect [0.974609:SO] success
[INFO]  object detect [0.403320:SO] success
[INFO]  object detect [0.008606:SO] success
[INFO]  object detect [0.003159:SO] success
[INFO]  object detect [0.001422:SO] success
[INFO]  object detect [0.001346:SO] success
[INFO]  Image 94 elapsed time: 0.077954 s , fps: 12.828141
[INFO]  filter boxes by confidence threshold > 0.001000 success, boxes size is 25
[INFO]  filter boxes by NMS threshold > 0.450000 success, result size is 7
[INFO]  object detect [0.972656:SO] success
[INFO]  object detect [0.971680:SO] success
[INFO]  object detect [0.038239:SO] success
[INFO]  object detect [0.012383:SO] success
[INFO]  object detect [0.003853:SO] success
[INFO]  object detect [0.003681:SO] success
[INFO]  object detect [0.001898:SO] success
[INFO]  Image 95 elapsed time: 0.075844 s , fps: 13.184895
[INFO]  filter boxes by confidence threshold > 0.001000 success, boxes size is 21
[INFO]  filter boxes by NMS threshold > 0.450000 success, result size is 3
[INFO]  object detect [0.931641:SO] success
[INFO]  object detect [0.763672:SO] success
[INFO]  object detect [0.244385:SO] success
[INFO]  Image 96 elapsed time: 0.076103 s , fps: 13.140002
[INFO]  filter boxes by confidence threshold > 0.001000 success, boxes size is 57
[INFO]  filter boxes by NMS threshold > 0.450000 success, result size is 29
[INFO]  object detect [0.856445:SO] success
[INFO]  object detect [0.590820:SO] success
[INFO]  object detect [0.215332:SO] success
[INFO]  object detect [0.203003:SO] success
[INFO]  object detect [0.052094:SO] success
[INFO]  object detect [0.026245:SO] success
[INFO]  object detect [0.015320:SO] success
[INFO]  object detect [0.013687:SO] success
[INFO]  object detect [0.011734:SO] success
[INFO]  object detect [0.010651:SO] success
[INFO]  object detect [0.006268:SO] success
[INFO]  object detect [0.004902:SO] success
[INFO]  object detect [0.004166:SO] success
[INFO]  object detect [0.003853:SO] success
[INFO]  object detect [0.002684:SO] success
[INFO]  object detect [0.002562:SO] success
[INFO]  object detect [0.001898:SO] success
[INFO]  object detect [0.001810:SO] success
[INFO]  object detect [0.001642:SO] success
[INFO]  object detect [0.001422:SO] success
[INFO]  object detect [0.001373:SO] success
[INFO]  object detect [0.001357:SO] success
[INFO]  object detect [0.001335:SO] success
[INFO]  object detect [0.001289:SO] success
[INFO]  object detect [0.001285:SO] success
[INFO]  object detect [0.001212:SO] success
[INFO]  object detect [0.001099:SO] success
[INFO]  object detect [0.001095:SO] success
[INFO]  object detect [0.001028:SO] success
[INFO]  Image 97 elapsed time: 0.100545 s , fps: 9.945792
[INFO]  filter boxes by confidence threshold > 0.001000 success, boxes size is 12
[INFO]  filter boxes by NMS threshold > 0.450000 success, result size is 3
[INFO]  object detect [0.931641:SO] success
[INFO]  object detect [0.006718:SO] success
[INFO]  object detect [0.003075:SO] success
[INFO]  Image 98 elapsed time: 0.085512 s , fps: 11.694267
[INFO]  filter boxes by confidence threshold > 0.001000 success, boxes size is 32
[INFO]  filter boxes by NMS threshold > 0.450000 success, result size is 12
[INFO]  object detect [0.941406:SO] success
[INFO]  object detect [0.939453:SO] success
[INFO]  object detect [0.016159:SO] success
[INFO]  object detect [0.012238:SO] success
[INFO]  object detect [0.003197:SO] success
[INFO]  object detect [0.002287:SO] success
[INFO]  object detect [0.002192:SO] success
[INFO]  object detect [0.001846:SO] success
[INFO]  object detect [0.001688:SO] success
[INFO]  object detect [0.001461:SO] success
[INFO]  object detect [0.001231:SO] success
[INFO]  object detect [0.001133:SO] success
[INFO]  Image 99 elapsed time: 0.079221 s , fps: 12.622937
[INFO]  filter boxes by confidence threshold > 0.001000 success, boxes size is 11
[INFO]  filter boxes by NMS threshold > 0.450000 success, result size is 3
[INFO]  object detect [0.886719:SO] success
[INFO]  object detect [0.070679:SO] success
[INFO]  object detect [0.003441:SO] success
[INFO]  Image 100 elapsed time: 0.081076 s , fps: 12.334088
[INFO]  filter boxes by confidence threshold > 0.001000 success, boxes size is 8
[INFO]  filter boxes by NMS threshold > 0.450000 success, result size is 2
[INFO]  object detect [0.957031:SO] success
[INFO]  object detect [0.001005:SO] success
[INFO]  Image 101 elapsed time: 0.080246 s , fps: 12.461615
[INFO]  filter boxes by confidence threshold > 0.001000 success, boxes size is 23
[INFO]  filter boxes by NMS threshold > 0.450000 success, result size is 6
[INFO]  object detect [0.990234:SO] success
[INFO]  object detect [0.420654:SO] success
[INFO]  object detect [0.003296:SO] success
[INFO]  object detect [0.001300:SO] success
[INFO]  object detect [0.001175:SO] success
[INFO]  object detect [0.001090:SO] success
[INFO]  Image 102 elapsed time: 0.082136 s , fps: 12.174965
[INFO]  filter boxes by confidence threshold > 0.001000 success, boxes size is 55
[INFO]  filter boxes by NMS threshold > 0.450000 success, result size is 23
[INFO]  object detect [0.929688:SO] success
[INFO]  object detect [0.900391:SO] success
[INFO]  object detect [0.516113:SO] success
[INFO]  object detect [0.303223:SO] success
[INFO]  object detect [0.094116:SO] success
[INFO]  object detect [0.025696:SO] success
[INFO]  object detect [0.024658:SO] success
[INFO]  object detect [0.008316:SO] success
[INFO]  object detect [0.003853:SO] success
[INFO]  object detect [0.003754:SO] success
[INFO]  object detect [0.003172:SO] success
[INFO]  object detect [0.003006:SO] success
[INFO]  object detect [0.002934:SO] success
[INFO]  object detect [0.002913:SO] success
[INFO]  object detect [0.002846:SO] success
[INFO]  object detect [0.002243:SO] success
[INFO]  object detect [0.002216:SO] success
[INFO]  object detect [0.001680:SO] success
[INFO]  object detect [0.001635:SO] success
[INFO]  object detect [0.001330:SO] success
[INFO]  object detect [0.001300:SO] success
[INFO]  object detect [0.001221:SO] success
[INFO]  object detect [0.001044:SO] success
[INFO]  Image 103 elapsed time: 0.101362 s , fps: 9.865598
[INFO]  filter boxes by confidence threshold > 0.001000 success, boxes size is 29
[INFO]  filter boxes by NMS threshold > 0.450000 success, result size is 6
[INFO]  object detect [0.977539:SO] success
[INFO]  object detect [0.969727:SO] success
[INFO]  object detect [0.144897:SO] success
[INFO]  object detect [0.016968:SO] success
[INFO]  object detect [0.016724:SO] success
[INFO]  object detect [0.012711:SO] success
[INFO]  Image 104 elapsed time: 0.076968 s , fps: 12.992331
[INFO]  filter boxes by confidence threshold > 0.001000 success, boxes size is 28
[INFO]  filter boxes by NMS threshold > 0.450000 success, result size is 7
[INFO]  object detect [0.976562:SO] success
[INFO]  object detect [0.935547:SO] success
[INFO]  object detect [0.017242:SO] success
[INFO]  object detect [0.003796:SO] success
[INFO]  object detect [0.002800:SO] success
[INFO]  object detect [0.002277:SO] success
[INFO]  object detect [0.001143:SO] success
[INFO]  Image 105 elapsed time: 0.077091 s , fps: 12.971664
[INFO]  filter boxes by confidence threshold > 0.001000 success, boxes size is 36
[INFO]  filter boxes by NMS threshold > 0.450000 success, result size is 10
[INFO]  object detect [0.968750:SO] success
[INFO]  object detect [0.902344:SO] success
[INFO]  object detect [0.851562:SO] success
[INFO]  object detect [0.126953:SO] success
[INFO]  object detect [0.028870:SO] success
[INFO]  object detect [0.025375:SO] success
[INFO]  object detect [0.006287:SO] success
[INFO]  object detect [0.003159:SO] success
[INFO]  object detect [0.002531:SO] success
[INFO]  object detect [0.001574:SO] success
[INFO]  Image 106 elapsed time: 0.089503 s , fps: 11.172761
[INFO]  filter boxes by confidence threshold > 0.001000 success, boxes size is 17
[INFO]  filter boxes by NMS threshold > 0.450000 success, result size is 3
[INFO]  object detect [0.966797:SO] success
[INFO]  object detect [0.943359:SO] success
[INFO]  object detect [0.001393:SO] success
[INFO]  Image 107 elapsed time: 0.076036 s , fps: 13.151674
[INFO]  filter boxes by confidence threshold > 0.001000 success, boxes size is 33
[INFO]  filter boxes by NMS threshold > 0.450000 success, result size is 7
[INFO]  object detect [0.957031:SO] success
[INFO]  object detect [0.951172:SO] success
[INFO]  object detect [0.937500:SO] success
[INFO]  object detect [0.002333:SO] success
[INFO]  object detect [0.001438:SO] success
[INFO]  object detect [0.001160:SO] success
[INFO]  object detect [0.001133:SO] success
[INFO]  Image 108 elapsed time: 0.085887 s , fps: 11.643176
[INFO]  filter boxes by confidence threshold > 0.001000 success, boxes size is 10
[INFO]  filter boxes by NMS threshold > 0.450000 success, result size is 2
[INFO]  object detect [0.880859:SO] success
[INFO]  object detect [0.002531:SO] success
[INFO]  Image 109 elapsed time: 0.077065 s , fps: 12.976129
[INFO]  filter boxes by confidence threshold > 0.001000 success, boxes size is 22
[INFO]  filter boxes by NMS threshold > 0.450000 success, result size is 5
[INFO]  object detect [0.861328:SO] success
[INFO]  object detect [0.552734:SO] success
[INFO]  object detect [0.274170:SO] success
[INFO]  object detect [0.016846:SO] success
[INFO]  object detect [0.001202:SO] success
[INFO]  Image 110 elapsed time: 0.096906 s , fps: 10.319262
[INFO]  filter boxes by confidence threshold > 0.001000 success, boxes size is 10
[INFO]  filter boxes by NMS threshold > 0.450000 success, result size is 2
[INFO]  object detect [0.885742:SO] success
[INFO]  object detect [0.098633:SO] success
[INFO]  Image 111 elapsed time: 0.080587 s , fps: 12.408929
[INFO]  filter boxes by confidence threshold > 0.001000 success, boxes size is 9
[INFO]  filter boxes by NMS threshold > 0.450000 success, result size is 1
[INFO]  object detect [0.960938:SO] success
[INFO]  Image 112 elapsed time: 0.076550 s , fps: 13.063368
[INFO]  filter boxes by confidence threshold > 0.001000 success, boxes size is 54
[INFO]  filter boxes by NMS threshold > 0.450000 success, result size is 15
[INFO]  object detect [0.915039:SO] success
[INFO]  object detect [0.876953:SO] success
[INFO]  object detect [0.402344:SO] success
[INFO]  object detect [0.055847:SO] success
[INFO]  object detect [0.015594:SO] success
[INFO]  object detect [0.008087:SO] success
[INFO]  object detect [0.003582:SO] success
[INFO]  object detect [0.002378:SO] success
[INFO]  object detect [0.002216:SO] success
[INFO]  object detect [0.001839:SO] success
[INFO]  object detect [0.001831:SO] success
[INFO]  object detect [0.001748:SO] success
[INFO]  object detect [0.001279:SO] success
[INFO]  object detect [0.001240:SO] success
[INFO]  object detect [0.001129:SO] success
[INFO]  Image 113 elapsed time: 0.081464 s , fps: 12.275330
[INFO]  filter boxes by confidence threshold > 0.001000 success, boxes size is 12
[INFO]  filter boxes by NMS threshold > 0.450000 success, result size is 3
[INFO]  object detect [0.942383:SO] success
[INFO]  object detect [0.015900:SO] success
[INFO]  object detect [0.002832:SO] success
[INFO]  Image 114 elapsed time: 0.083852 s , fps: 11.925731
[INFO]  filter boxes by confidence threshold > 0.001000 success, boxes size is 19
[INFO]  filter boxes by NMS threshold > 0.450000 success, result size is 7
[INFO]  object detect [0.977539:SO] success
[INFO]  object detect [0.013580:SO] success
[INFO]  object detect [0.005867:SO] success
[INFO]  object detect [0.005280:SO] success
[INFO]  object detect [0.003365:SO] success
[INFO]  object detect [0.001965:SO] success
[INFO]  object detect [0.001720:SO] success
[INFO]  Image 115 elapsed time: 0.077199 s , fps: 12.953559
[INFO]  filter boxes by confidence threshold > 0.001000 success, boxes size is 49
[INFO]  filter boxes by NMS threshold > 0.450000 success, result size is 13
[INFO]  object detect [0.866211:SO] success
[INFO]  object detect [0.416016:SO] success
[INFO]  object detect [0.169434:SO] success
[INFO]  object detect [0.034241:SO] success
[INFO]  object detect [0.022400:SO] success
[INFO]  object detect [0.008186:SO] success
[INFO]  object detect [0.007492:SO] success
[INFO]  object detect [0.007034:SO] success
[INFO]  object detect [0.005306:SO] success
[INFO]  object detect [0.001628:SO] success
[INFO]  object detect [0.001554:SO] success
[INFO]  object detect [0.001335:SO] success
[INFO]  object detect [0.001060:SO] success
[INFO]  Image 116 elapsed time: 0.091007 s , fps: 10.988151
[INFO]  filter boxes by confidence threshold > 0.001000 success, boxes size is 9
[INFO]  filter boxes by NMS threshold > 0.450000 success, result size is 1
[INFO]  object detect [0.967773:SO] success
[INFO]  Image 117 elapsed time: 0.088544 s , fps: 11.293846
[INFO]  filter boxes by confidence threshold > 0.001000 success, boxes size is 8
[INFO]  filter boxes by NMS threshold > 0.450000 success, result size is 1
[INFO]  object detect [0.856445:SO] success
[INFO]  Image 118 elapsed time: 0.075902 s , fps: 13.174831
[INFO]  filter boxes by confidence threshold > 0.001000 success, boxes size is 15
[INFO]  filter boxes by NMS threshold > 0.450000 success, result size is 2
[INFO]  object detect [0.949219:SO] success
[INFO]  object detect [0.192383:SO] success
[INFO]  Image 119 elapsed time: 0.075829 s , fps: 13.187518
[INFO]  filter boxes by confidence threshold > 0.001000 success, boxes size is 18
[INFO]  filter boxes by NMS threshold > 0.450000 success, result size is 2
[INFO]  object detect [0.976562:SO] success
[INFO]  object detect [0.969727:SO] success
[INFO]  Image 120 elapsed time: 0.097026 s , fps: 10.306471
[INFO]  filter boxes by confidence threshold > 0.001000 success, boxes size is 54
[INFO]  filter boxes by NMS threshold > 0.450000 success, result size is 29
[INFO]  object detect [0.886719:SO] success
[INFO]  object detect [0.802246:SO] success
[INFO]  object detect [0.744629:SO] success
[INFO]  object detect [0.337646:SO] success
[INFO]  object detect [0.205811:SO] success
[INFO]  object detect [0.114380:SO] success
[INFO]  object detect [0.103210:SO] success
[INFO]  object detect [0.060608:SO] success
[INFO]  object detect [0.059692:SO] success
[INFO]  object detect [0.049866:SO] success
[INFO]  object detect [0.045013:SO] success
[INFO]  object detect [0.025696:SO] success
[INFO]  object detect [0.015198:SO] success
[INFO]  object detect [0.010704:SO] success
[INFO]  object detect [0.007721:SO] success
[INFO]  object detect [0.007149:SO] success
[INFO]  object detect [0.005917:SO] success
[INFO]  object detect [0.004299:SO] success
[INFO]  object detect [0.004070:SO] success
[INFO]  object detect [0.003336:SO] success
[INFO]  object detect [0.002676:SO] success
[INFO]  object detect [0.001911:SO] success
[INFO]  object detect [0.001904:SO] success
[INFO]  object detect [0.001854:SO] success
[INFO]  object detect [0.001422:SO] success
[INFO]  object detect [0.001225:SO] success
[INFO]  object detect [0.001116:SO] success
[INFO]  object detect [0.001099:SO] success
[INFO]  object detect [0.001057:SO] success
[INFO]  Image 121 elapsed time: 0.076444 s , fps: 13.081454
[INFO]  filter boxes by confidence threshold > 0.001000 success, boxes size is 50
[INFO]  filter boxes by NMS threshold > 0.450000 success, result size is 15
[INFO]  object detect [0.906250:SO] success
[INFO]  object detect [0.590820:SO] success
[INFO]  object detect [0.224121:SO] success
[INFO]  object detect [0.206055:SO] success
[INFO]  object detect [0.115112:SO] success
[INFO]  object detect [0.039398:SO] success
[INFO]  object detect [0.018555:SO] success
[INFO]  object detect [0.003185:SO] success
[INFO]  object detect [0.002378:SO] success
[INFO]  object detect [0.001980:SO] success
[INFO]  object detect [0.001919:SO] success
[INFO]  object detect [0.001479:SO] success
[INFO]  object detect [0.001187:SO] success
[INFO]  object detect [0.001179:SO] success
[INFO]  object detect [0.001081:SO] success
[INFO]  Image 122 elapsed time: 0.085149 s , fps: 11.744159
[INFO]  filter boxes by confidence threshold > 0.001000 success, boxes size is 25
[INFO]  filter boxes by NMS threshold > 0.450000 success, result size is 8
[INFO]  object detect [0.917969:SO] success
[INFO]  object detect [0.866211:SO] success
[INFO]  object detect [0.029541:SO] success
[INFO]  object detect [0.007233:SO] success
[INFO]  object detect [0.003063:SO] success
[INFO]  object detect [0.001957:SO] success
[INFO]  object detect [0.001740:SO] success
[INFO]  object detect [0.001367:SO] success
[INFO]  Image 123 elapsed time: 0.082129 s , fps: 12.175944
[INFO]  filter boxes by confidence threshold > 0.001000 success, boxes size is 31
[INFO]  filter boxes by NMS threshold > 0.450000 success, result size is 7
[INFO]  object detect [0.940430:SO] success
[INFO]  object detect [0.883789:SO] success
[INFO]  object detect [0.213257:SO] success
[INFO]  object detect [0.147217:SO] success
[INFO]  object detect [0.034363:SO] success
[INFO]  object detect [0.005157:SO] success
[INFO]  object detect [0.001179:SO] success
[INFO]  Image 124 elapsed time: 0.079386 s , fps: 12.596740
[INFO]  filter boxes by confidence threshold > 0.001000 success, boxes size is 51
[INFO]  filter boxes by NMS threshold > 0.450000 success, result size is 28
[INFO]  object detect [0.993164:SO] success
[INFO]  object detect [0.058350:SO] success
[INFO]  object detect [0.019455:SO] success
[INFO]  object detect [0.019119:SO] success
[INFO]  object detect [0.015411:SO] success
[INFO]  object detect [0.010406:SO] success
[INFO]  object detect [0.008781:SO] success
[INFO]  object detect [0.007011:SO] success
[INFO]  object detect [0.006390:SO] success
[INFO]  object detect [0.005932:SO] success
[INFO]  object detect [0.004646:SO] success
[INFO]  object detect [0.004646:SO] success
[INFO]  object detect [0.004070:SO] success
[INFO]  object detect [0.003525:SO] success
[INFO]  object detect [0.002462:SO] success
[INFO]  object detect [0.002323:SO] success
[INFO]  object detect [0.001987:SO] success
[INFO]  object detect [0.001957:SO] success
[INFO]  object detect [0.001507:SO] success
[INFO]  object detect [0.001410:SO] success
[INFO]  object detect [0.001384:SO] success
[INFO]  object detect [0.001384:SO] success
[INFO]  object detect [0.001279:SO] success
[INFO]  object detect [0.001212:SO] success
[INFO]  object detect [0.001212:SO] success
[INFO]  object detect [0.001205:SO] success
[INFO]  object detect [0.001040:SO] success
[INFO]  object detect [0.001005:SO] success
[INFO]  Image 125 elapsed time: 0.081253 s , fps: 12.307204
[INFO]  filter boxes by confidence threshold > 0.001000 success, boxes size is 38
[INFO]  filter boxes by NMS threshold > 0.450000 success, result size is 11
[INFO]  object detect [0.689941:SO] success
[INFO]  object detect [0.260498:SO] success
[INFO]  object detect [0.145386:SO] success
[INFO]  object detect [0.008255:SO] success
[INFO]  object detect [0.005688:SO] success
[INFO]  object detect [0.005402:SO] success
[INFO]  object detect [0.004791:SO] success
[INFO]  object detect [0.002890:SO] success
[INFO]  object detect [0.001768:SO] success
[INFO]  object detect [0.001616:SO] success
[INFO]  object detect [0.001192:SO] success
[INFO]  Image 126 elapsed time: 0.086653 s , fps: 11.540298
[INFO]  filter boxes by confidence threshold > 0.001000 success, boxes size is 8
[INFO]  filter boxes by NMS threshold > 0.450000 success, result size is 1
[INFO]  object detect [0.935547:SO] success
[INFO]  Image 127 elapsed time: 0.080179 s , fps: 12.472061
[INFO]  filter boxes by confidence threshold > 0.001000 success, boxes size is 29
[INFO]  filter boxes by NMS threshold > 0.450000 success, result size is 12
[INFO]  object detect [0.937500:SO] success
[INFO]  object detect [0.090271:SO] success
[INFO]  object detect [0.006989:SO] success
[INFO]  object detect [0.004700:SO] success
[INFO]  object detect [0.003990:SO] success
[INFO]  object detect [0.002876:SO] success
[INFO]  object detect [0.001544:SO] success
[INFO]  object detect [0.001156:SO] success
[INFO]  object detect [0.001125:SO] success
[INFO]  object detect [0.001125:SO] success
[INFO]  object detect [0.001028:SO] success
[INFO]  object detect [0.001024:SO] success
[INFO]  Image 128 elapsed time: 0.083323 s , fps: 12.001548
[INFO]  filter boxes by confidence threshold > 0.001000 success, boxes size is 27
[INFO]  filter boxes by NMS threshold > 0.450000 success, result size is 8
[INFO]  object detect [0.876953:SO] success
[INFO]  object detect [0.571289:SO] success
[INFO]  object detect [0.053772:SO] success
[INFO]  object detect [0.002853:SO] success
[INFO]  object detect [0.002531:SO] success
[INFO]  object detect [0.001816:SO] success
[INFO]  object detect [0.001586:SO] success
[INFO]  object detect [0.001300:SO] success
[INFO]  Image 129 elapsed time: 0.078860 s , fps: 12.680639
[INFO]  filter boxes by confidence threshold > 0.001000 success, boxes size is 35
[INFO]  filter boxes by NMS threshold > 0.450000 success, result size is 13
[INFO]  object detect [0.888672:SO] success
[INFO]  object detect [0.874023:SO] success
[INFO]  object detect [0.236816:SO] success
[INFO]  object detect [0.083191:SO] success
[INFO]  object detect [0.034424:SO] success
[INFO]  object detect [0.022034:SO] success
[INFO]  object detect [0.016907:SO] success
[INFO]  object detect [0.004250:SO] success
[INFO]  object detect [0.002226:SO] success
[INFO]  object detect [0.002068:SO] success
[INFO]  object detect [0.002068:SO] success
[INFO]  object detect [0.001604:SO] success
[INFO]  object detect [0.001197:SO] success
[INFO]  Image 130 elapsed time: 0.075756 s , fps: 13.200211
[INFO]  filter boxes by confidence threshold > 0.001000 success, boxes size is 6
[INFO]  filter boxes by NMS threshold > 0.450000 success, result size is 1
[INFO]  object detect [0.642578:SO] success
[INFO]  Image 131 elapsed time: 0.075471 s , fps: 13.250056
[INFO]  filter boxes by confidence threshold > 0.001000 success, boxes size is 25
[INFO]  filter boxes by NMS threshold > 0.450000 success, result size is 4
[INFO]  object detect [0.945312:SO] success
[INFO]  object detect [0.851562:SO] success
[INFO]  object detect [0.026917:SO] success
[INFO]  object detect [0.001266:SO] success
[INFO]  Image 132 elapsed time: 0.079235 s , fps: 12.620740
[INFO]  filter boxes by confidence threshold > 0.001000 success, boxes size is 20
[INFO]  filter boxes by NMS threshold > 0.450000 success, result size is 5
[INFO]  object detect [0.910156:SO] success
[INFO]  object detect [0.220215:SO] success
[INFO]  object detect [0.011734:SO] success
[INFO]  object detect [0.007065:SO] success
[INFO]  object detect [0.005157:SO] success
[INFO]  Image 133 elapsed time: 0.081002 s , fps: 12.345433
[INFO]  filter boxes by confidence threshold > 0.001000 success, boxes size is 9
[INFO]  filter boxes by NMS threshold > 0.450000 success, result size is 2
[INFO]  object detect [0.885742:SO] success
[INFO]  object detect [0.003471:SO] success
[INFO]  Image 134 elapsed time: 0.078710 s , fps: 12.704946
[INFO]  filter boxes by confidence threshold > 0.001000 success, boxes size is 7
[INFO]  filter boxes by NMS threshold > 0.450000 success, result size is 1
[INFO]  object detect [0.956055:SO] success
[INFO]  Image 135 elapsed time: 0.075096 s , fps: 13.316240
[INFO]  filter boxes by confidence threshold > 0.001000 success, boxes size is 15
[INFO]  filter boxes by NMS threshold > 0.450000 success, result size is 4
[INFO]  object detect [0.981445:SO] success
[INFO]  object detect [0.013275:SO] success
[INFO]  object detect [0.002769:SO] success
[INFO]  object detect [0.002226:SO] success
[INFO]  Image 136 elapsed time: 0.075942 s , fps: 13.167924
[INFO]  filter boxes by confidence threshold > 0.001000 success, boxes size is 18
[INFO]  filter boxes by NMS threshold > 0.450000 success, result size is 4
[INFO]  object detect [0.986328:SO] success
[INFO]  object detect [0.010368:SO] success
[INFO]  object detect [0.005844:SO] success
[INFO]  object detect [0.001309:SO] success
[INFO]  Image 137 elapsed time: 0.082294 s , fps: 12.151488
[INFO]  filter boxes by confidence threshold > 0.001000 success, boxes size is 21
[INFO]  filter boxes by NMS threshold > 0.450000 success, result size is 8
[INFO]  object detect [0.899414:SO] success
[INFO]  object detect [0.017578:SO] success
[INFO]  object detect [0.010704:SO] success
[INFO]  object detect [0.006416:SO] success
[INFO]  object detect [0.006004:SO] success
[INFO]  object detect [0.002043:SO] success
[INFO]  object detect [0.001415:SO] success
[INFO]  object detect [0.001269:SO] success
[INFO]  Image 138 elapsed time: 0.076642 s , fps: 13.047637
[INFO]  filter boxes by confidence threshold > 0.001000 success, boxes size is 23
[INFO]  filter boxes by NMS threshold > 0.450000 success, result size is 4
[INFO]  object detect [0.976562:SO] success
[INFO]  object detect [0.173340:SO] success
[INFO]  object detect [0.015839:SO] success
[INFO]  object detect [0.001212:SO] success
[INFO]  Image 139 elapsed time: 0.079642 s , fps: 12.556223
[INFO]  filter boxes by confidence threshold > 0.001000 success, boxes size is 42
[INFO]  filter boxes by NMS threshold > 0.450000 success, result size is 8
[INFO]  object detect [0.854004:SO] success
[INFO]  object detect [0.583984:SO] success
[INFO]  object detect [0.487305:SO] success
[INFO]  object detect [0.245117:SO] success
[INFO]  object detect [0.156494:SO] success
[INFO]  object detect [0.101257:SO] success
[INFO]  object detect [0.001544:SO] success
[INFO]  object detect [0.001000:SO] success
[INFO]  Image 140 elapsed time: 0.085462 s , fps: 11.701049
[INFO]  filter boxes by confidence threshold > 0.001000 success, boxes size is 10
[INFO]  filter boxes by NMS threshold > 0.450000 success, result size is 3
[INFO]  object detect [0.973633:SO] success
[INFO]  object detect [0.003040:SO] success
[INFO]  object detect [0.001544:SO] success
[INFO]  Image 141 elapsed time: 0.071092 s , fps: 14.066208
[INFO]  filter boxes by confidence threshold > 0.001000 success, boxes size is 31
[INFO]  filter boxes by NMS threshold > 0.450000 success, result size is 7
[INFO]  object detect [0.977539:SO] success
[INFO]  object detect [0.939453:SO] success
[INFO]  object detect [0.190430:SO] success
[INFO]  object detect [0.017700:SO] success
[INFO]  object detect [0.006538:SO] success
[INFO]  object detect [0.003609:SO] success
[INFO]  object detect [0.002707:SO] success
[INFO]  Image 142 elapsed time: 0.076631 s , fps: 13.049510
[INFO]  filter boxes by confidence threshold > 0.001000 success, boxes size is 8
[INFO]  filter boxes by NMS threshold > 0.450000 success, result size is 1
[INFO]  object detect [0.933594:SO] success
[INFO]  Image 143 elapsed time: 0.079730 s , fps: 12.542292
[INFO]  filter boxes by confidence threshold > 0.001000 success, boxes size is 24
[INFO]  filter boxes by NMS threshold > 0.450000 success, result size is 6
[INFO]  object detect [0.985352:SO] success
[INFO]  object detect [0.972656:SO] success
[INFO]  object detect [0.748047:SO] success
[INFO]  object detect [0.209229:SO] success
[INFO]  object detect [0.003040:SO] success
[INFO]  object detect [0.001125:SO] success
[INFO]  Image 144 elapsed time: 0.076249 s , fps: 13.114898
[INFO]  filter boxes by confidence threshold > 0.001000 success, boxes size is 9
[INFO]  filter boxes by NMS threshold > 0.450000 success, result size is 1
[INFO]  object detect [0.911133:SO] success
[INFO]  Image 145 elapsed time: 0.075598 s , fps: 13.227931
[INFO]  filter boxes by confidence threshold > 0.001000 success, boxes size is 22
[INFO]  filter boxes by NMS threshold > 0.450000 success, result size is 8
[INFO]  object detect [0.892578:SO] success
[INFO]  object detect [0.876953:SO] success
[INFO]  object detect [0.007370:SO] success
[INFO]  object detect [0.007347:SO] success
[INFO]  object detect [0.006851:SO] success
[INFO]  object detect [0.002958:SO] success
[INFO]  object detect [0.002132:SO] success
[INFO]  object detect [0.001471:SO] success
[INFO]  Image 146 elapsed time: 0.079398 s , fps: 12.594747
[INFO]  filter boxes by confidence threshold > 0.001000 success, boxes size is 13
[INFO]  filter boxes by NMS threshold > 0.450000 success, result size is 3
[INFO]  object detect [0.984375:SO] success
[INFO]  object detect [0.002209:SO] success
[INFO]  object detect [0.001024:SO] success
[INFO]  Image 147 elapsed time: 0.075625 s , fps: 13.223106
[INFO]  filter boxes by confidence threshold > 0.001000 success, boxes size is 17
[INFO]  filter boxes by NMS threshold > 0.450000 success, result size is 4
[INFO]  object detect [0.937500:SO] success
[INFO]  object detect [0.650879:SO] success
[INFO]  object detect [0.001688:SO] success
[INFO]  object detect [0.001427:SO] success
[INFO]  Image 148 elapsed time: 0.085941 s , fps: 11.635936
[INFO]  filter boxes by confidence threshold > 0.001000 success, boxes size is 8
[INFO]  filter boxes by NMS threshold > 0.450000 success, result size is 1
[INFO]  object detect [0.929688:SO] success
[INFO]  Image 149 elapsed time: 0.076884 s , fps: 13.006663
[INFO]  filter boxes by confidence threshold > 0.001000 success, boxes size is 35
[INFO]  filter boxes by NMS threshold > 0.450000 success, result size is 12
[INFO]  object detect [0.952148:SO] success
[INFO]  object detect [0.833496:SO] success
[INFO]  object detect [0.009743:SO] success
[INFO]  object detect [0.006100:SO] success
[INFO]  object detect [0.005383:SO] success
[INFO]  object detect [0.003147:SO] success
[INFO]  object detect [0.002991:SO] success
[INFO]  object detect [0.002623:SO] success
[INFO]  object detect [0.002209:SO] success
[INFO]  object detect [0.002003:SO] success
[INFO]  object detect [0.001965:SO] success
[INFO]  object detect [0.001184:SO] success
[INFO]  Image 150 elapsed time: 0.082446 s , fps: 12.129189
[INFO]  filter boxes by confidence threshold > 0.001000 success, boxes size is 10
[INFO]  filter boxes by NMS threshold > 0.450000 success, result size is 1
[INFO]  object detect [0.963867:SO] success
[INFO]  Image 151 elapsed time: 0.076435 s , fps: 13.083009
[INFO]  filter boxes by confidence threshold > 0.001000 success, boxes size is 37
[INFO]  filter boxes by NMS threshold > 0.450000 success, result size is 12
[INFO]  object detect [0.956055:SO] success
[INFO]  object detect [0.044830:SO] success
[INFO]  object detect [0.013077:SO] success
[INFO]  object detect [0.011589:SO] success
[INFO]  object detect [0.006119:SO] success
[INFO]  object detect [0.002769:SO] success
[INFO]  object detect [0.002550:SO] success
[INFO]  object detect [0.002493:SO] success
[INFO]  object detect [0.001942:SO] success
[INFO]  object detect [0.001816:SO] success
[INFO]  object detect [0.001707:SO] success
[INFO]  object detect [0.001192:SO] success
[INFO]  Image 152 elapsed time: 0.082319 s , fps: 12.147804
[INFO]  filter boxes by confidence threshold > 0.001000 success, boxes size is 18
[INFO]  filter boxes by NMS threshold > 0.450000 success, result size is 6
[INFO]  object detect [0.873047:SO] success
[INFO]  object detect [0.712891:SO] success
[INFO]  object detect [0.032349:SO] success
[INFO]  object detect [0.003651:SO] success
[INFO]  object detect [0.003172:SO] success
[INFO]  object detect [0.001335:SO] success
[INFO]  Image 153 elapsed time: 0.073670 s , fps: 13.573988
[INFO]  filter boxes by confidence threshold > 0.001000 success, boxes size is 12
[INFO]  filter boxes by NMS threshold > 0.450000 success, result size is 3
[INFO]  object detect [0.856445:SO] success
[INFO]  object detect [0.002443:SO] success
[INFO]  object detect [0.002209:SO] success
[INFO]  Image 154 elapsed time: 0.078447 s , fps: 12.747433
[INFO]  filter boxes by confidence threshold > 0.001000 success, boxes size is 18
[INFO]  filter boxes by NMS threshold > 0.450000 success, result size is 2
[INFO]  object detect [0.992188:SO] success
[INFO]  object detect [0.953125:SO] success
[INFO]  Image 155 elapsed time: 0.075554 s , fps: 13.235547
[INFO]  filter boxes by confidence threshold > 0.001000 success, boxes size is 17
[INFO]  filter boxes by NMS threshold > 0.450000 success, result size is 4
[INFO]  object detect [0.870117:SO] success
[INFO]  object detect [0.008476:SO] success
[INFO]  object detect [0.002028:SO] success
[INFO]  object detect [0.001726:SO] success
[INFO]  Image 156 elapsed time: 0.075144 s , fps: 13.307826
[INFO]  filter boxes by confidence threshold > 0.001000 success, boxes size is 8
[INFO]  filter boxes by NMS threshold > 0.450000 success, result size is 1
[INFO]  object detect [0.974609:SO] success
[INFO]  Image 157 elapsed time: 0.075437 s , fps: 13.256028
[INFO]  filter boxes by confidence threshold > 0.001000 success, boxes size is 34
[INFO]  filter boxes by NMS threshold > 0.450000 success, result size is 7
[INFO]  object detect [0.984375:SO] success
[INFO]  object detect [0.958008:SO] success
[INFO]  object detect [0.957031:SO] success
[INFO]  object detect [0.028656:SO] success
[INFO]  object detect [0.002100:SO] success
[INFO]  object detect [0.001860:SO] success
[INFO]  object detect [0.001327:SO] success
[INFO]  Image 158 elapsed time: 0.077059 s , fps: 12.976992
[INFO]  filter boxes by confidence threshold > 0.001000 success, boxes size is 28
[INFO]  filter boxes by NMS threshold > 0.450000 success, result size is 7
[INFO]  object detect [0.916016:SO] success
[INFO]  object detect [0.495117:SO] success
[INFO]  object detect [0.110474:SO] success
[INFO]  object detect [0.037598:SO] success
[INFO]  object detect [0.033600:SO] success
[INFO]  object detect [0.003765:SO] success
[INFO]  object detect [0.002125:SO] success
[INFO]  Image 159 elapsed time: 0.073764 s , fps: 13.556782
[INFO]  filter boxes by confidence threshold > 0.001000 success, boxes size is 26
[INFO]  filter boxes by NMS threshold > 0.450000 success, result size is 3
[INFO]  object detect [0.920898:SO] success
[INFO]  object detect [0.912109:SO] success
[INFO]  object detect [0.905273:SO] success
[INFO]  Image 160 elapsed time: 0.074790 s , fps: 13.370735
[INFO]  filter boxes by confidence threshold > 0.001000 success, boxes size is 27
[INFO]  filter boxes by NMS threshold > 0.450000 success, result size is 2
[INFO]  object detect [0.996094:SO] success
[INFO]  object detect [0.994141:SO] success
[INFO]  Image 161 elapsed time: 0.074750 s , fps: 13.377841
[INFO]  filter boxes by confidence threshold > 0.001000 success, boxes size is 22
[INFO]  filter boxes by NMS threshold > 0.450000 success, result size is 4
[INFO]  object detect [0.972656:SO] success
[INFO]  object detect [0.966797:SO] success
[INFO]  object detect [0.013901:SO] success
[INFO]  object detect [0.001357:SO] success
[INFO]  Image 162 elapsed time: 0.083154 s , fps: 12.025859
[INFO]  filter boxes by confidence threshold > 0.001000 success, boxes size is 30
[INFO]  filter boxes by NMS threshold > 0.450000 success, result size is 9
[INFO]  object detect [0.955078:SO] success
[INFO]  object detect [0.515137:SO] success
[INFO]  object detect [0.012383:SO] success
[INFO]  object detect [0.004902:SO] success
[INFO]  object detect [0.003853:SO] success
[INFO]  object detect [0.003609:SO] success
[INFO]  object detect [0.002216:SO] success
[INFO]  object detect [0.001987:SO] success
[INFO]  object detect [0.001000:SO] success
[INFO]  Image 163 elapsed time: 0.075756 s , fps: 13.200339
[INFO]  filter boxes by confidence threshold > 0.001000 success, boxes size is 25
[INFO]  filter boxes by NMS threshold > 0.450000 success, result size is 8
[INFO]  object detect [0.970703:SO] success
[INFO]  object detect [0.007256:SO] success
[INFO]  object detect [0.006317:SO] success
[INFO]  object detect [0.005005:SO] success
[INFO]  object detect [0.004986:SO] success
[INFO]  object detect [0.004593:SO] success
[INFO]  object detect [0.003109:SO] success
[INFO]  object detect [0.001346:SO] success
[INFO]  Image 164 elapsed time: 0.080116 s , fps: 12.481872
[INFO]  filter boxes by confidence threshold > 0.001000 success, boxes size is 23
[INFO]  filter boxes by NMS threshold > 0.450000 success, result size is 3
[INFO]  object detect [0.899414:SO] success
[INFO]  object detect [0.898438:SO] success
[INFO]  object detect [0.860352:SO] success
[INFO]  Image 165 elapsed time: 0.074095 s , fps: 13.496175
[INFO]  filter boxes by confidence threshold > 0.001000 success, boxes size is 25
[INFO]  filter boxes by NMS threshold > 0.450000 success, result size is 4
[INFO]  object detect [0.970703:SO] success
[INFO]  object detect [0.948242:SO] success
[INFO]  object detect [0.098816:SO] success
[INFO]  object detect [0.004868:SO] success
[INFO]  Image 166 elapsed time: 0.082298 s , fps: 12.150953
[INFO]  filter boxes by confidence threshold > 0.001000 success, boxes size is 32
[INFO]  filter boxes by NMS threshold > 0.450000 success, result size is 15
[INFO]  object detect [0.784668:SO] success
[INFO]  object detect [0.527832:SO] success
[INFO]  object detect [0.091064:SO] success
[INFO]  object detect [0.020996:SO] success
[INFO]  object detect [0.016785:SO] success
[INFO]  object detect [0.009628:SO] success
[INFO]  object detect [0.009155:SO] success
[INFO]  object detect [0.008743:SO] success
[INFO]  object detect [0.005138:SO] success
[INFO]  object detect [0.004681:SO] success
[INFO]  object detect [0.003639:SO] success
[INFO]  object detect [0.002510:SO] success
[INFO]  object detect [0.002251:SO] success
[INFO]  object detect [0.001911:SO] success
[INFO]  object detect [0.001197:SO] success
[INFO]  Image 167 elapsed time: 0.080798 s , fps: 12.376530
[INFO]  filter boxes by confidence threshold > 0.001000 success, boxes size is 11
[INFO]  filter boxes by NMS threshold > 0.450000 success, result size is 2
[INFO]  object detect [0.902344:SO] success
[INFO]  object detect [0.767578:SO] success
[INFO]  Image 168 elapsed time: 0.074901 s , fps: 13.351031
[INFO]  filter boxes by confidence threshold > 0.001000 success, boxes size is 21
[INFO]  filter boxes by NMS threshold > 0.450000 success, result size is 5
[INFO]  object detect [0.995117:SO] success
[INFO]  object detect [0.026428:SO] success
[INFO]  object detect [0.002157:SO] success
[INFO]  object detect [0.001309:SO] success
[INFO]  object detect [0.001013:SO] success
[INFO]  Image 169 elapsed time: 0.076354 s , fps: 13.096938
[INFO]  filter boxes by confidence threshold > 0.001000 success, boxes size is 17
[INFO]  filter boxes by NMS threshold > 0.450000 success, result size is 3
[INFO]  object detect [0.963867:SO] success
[INFO]  object detect [0.956055:SO] success
[INFO]  object detect [0.017853:SO] success
[INFO]  Image 170 elapsed time: 0.081368 s , fps: 12.289835
[INFO]  filter boxes by confidence threshold > 0.001000 success, boxes size is 10
[INFO]  filter boxes by NMS threshold > 0.450000 success, result size is 2
[INFO]  object detect [0.914062:SO] success
[INFO]  object detect [0.003914:SO] success
[INFO]  Image 171 elapsed time: 0.077315 s , fps: 12.934110
[INFO]  filter boxes by confidence threshold > 0.001000 success, boxes size is 15
[INFO]  filter boxes by NMS threshold > 0.450000 success, result size is 2
[INFO]  object detect [0.939453:SO] success
[INFO]  object detect [0.939453:SO] success
[INFO]  Image 172 elapsed time: 0.075308 s , fps: 13.278853
[INFO]  filter boxes by confidence threshold > 0.001000 success, boxes size is 44
[INFO]  filter boxes by NMS threshold > 0.450000 success, result size is 15
[INFO]  object detect [0.161621:SO] success
[INFO]  object detect [0.042725:SO] success
[INFO]  object detect [0.026917:SO] success
[INFO]  object detect [0.016968:SO] success
[INFO]  object detect [0.010368:SO] success
[INFO]  object detect [0.008987:SO] success
[INFO]  object detect [0.005642:SO] success
[INFO]  object detect [0.004005:SO] success
[INFO]  object detect [0.003681:SO] success
[INFO]  object detect [0.003197:SO] success
[INFO]  object detect [0.002424:SO] success
[INFO]  object detect [0.001680:SO] success
[INFO]  object detect [0.001554:SO] success
[INFO]  object detect [0.001373:SO] success
[INFO]  object detect [0.001175:SO] success
[INFO]  Image 173 elapsed time: 0.078102 s , fps: 12.803715
[INFO]  filter boxes by confidence threshold > 0.001000 success, boxes size is 32
[INFO]  filter boxes by NMS threshold > 0.450000 success, result size is 5
[INFO]  object detect [0.984375:SO] success
[INFO]  object detect [0.955078:SO] success
[INFO]  object detect [0.955078:SO] success
[INFO]  object detect [0.028198:SO] success
[INFO]  object detect [0.001688:SO] success
[INFO]  Image 174 elapsed time: 0.076603 s , fps: 13.054344
[INFO]  filter boxes by confidence threshold > 0.001000 success, boxes size is 19
[INFO]  filter boxes by NMS threshold > 0.450000 success, result size is 7
[INFO]  object detect [0.904297:SO] success
[INFO]  object detect [0.047791:SO] success
[INFO]  object detect [0.017990:SO] success
[INFO]  object detect [0.004715:SO] success
[INFO]  object detect [0.003765:SO] success
[INFO]  object detect [0.002396:SO] success
[INFO]  object detect [0.001467:SO] success
[INFO]  Image 175 elapsed time: 0.077285 s , fps: 12.939092
[INFO]  filter boxes by confidence threshold > 0.001000 success, boxes size is 27
[INFO]  filter boxes by NMS threshold > 0.450000 success, result size is 5
[INFO]  object detect [0.982422:SO] success
[INFO]  object detect [0.967773:SO] success
[INFO]  object detect [0.892578:SO] success
[INFO]  object detect [0.006100:SO] success
[INFO]  object detect [0.001309:SO] success
[INFO]  Image 176 elapsed time: 0.075612 s , fps: 13.225446
[INFO]  filter boxes by confidence threshold > 0.001000 success, boxes size is 15
[INFO]  filter boxes by NMS threshold > 0.450000 success, result size is 3
[INFO]  object detect [0.917969:SO] success
[INFO]  object detect [0.917969:SO] success
[INFO]  object detect [0.002182:SO] success
[INFO]  Image 177 elapsed time: 0.077060 s , fps: 12.976946
[INFO]  filter boxes by confidence threshold > 0.001000 success, boxes size is 23
[INFO]  filter boxes by NMS threshold > 0.450000 success, result size is 7
[INFO]  object detect [0.869141:SO] success
[INFO]  object detect [0.858887:SO] success
[INFO]  object detect [0.006775:SO] success
[INFO]  object detect [0.002075:SO] success
[INFO]  object detect [0.001942:SO] success
[INFO]  object detect [0.001221:SO] success
[INFO]  object detect [0.001192:SO] success
[INFO]  Image 178 elapsed time: 0.075206 s , fps: 13.296789
[INFO]  filter boxes by confidence threshold > 0.001000 success, boxes size is 42
[INFO]  filter boxes by NMS threshold > 0.450000 success, result size is 10
[INFO]  object detect [0.984375:SO] success
[INFO]  object detect [0.955078:SO] success
[INFO]  object detect [0.918945:SO] success
[INFO]  object detect [0.239014:SO] success
[INFO]  object detect [0.140137:SO] success
[INFO]  object detect [0.073425:SO] success
[INFO]  object detect [0.004230:SO] success
[INFO]  object detect [0.002003:SO] success
[INFO]  object detect [0.001513:SO] success
[INFO]  object detect [0.001454:SO] success
[INFO]  Image 179 elapsed time: 0.076434 s , fps: 13.083216
[INFO]  filter boxes by confidence threshold > 0.001000 success, boxes size is 7
[INFO]  filter boxes by NMS threshold > 0.450000 success, result size is 1
[INFO]  object detect [0.945312:SO] success
[INFO]  Image 180 elapsed time: 0.079798 s , fps: 12.531702
[INFO]  filter boxes by confidence threshold > 0.001000 success, boxes size is 11
[INFO]  filter boxes by NMS threshold > 0.450000 success, result size is 2
[INFO]  object detect [0.953125:SO] success
[INFO]  object detect [0.002707:SO] success
[INFO]  Image 181 elapsed time: 0.074455 s , fps: 13.430892
[INFO]  filter boxes by confidence threshold > 0.001000 success, boxes size is 16
[INFO]  filter boxes by NMS threshold > 0.450000 success, result size is 3
[INFO]  object detect [0.957031:SO] success
[INFO]  object detect [0.948242:SO] success
[INFO]  object detect [0.081360:SO] success
[INFO]  Image 182 elapsed time: 0.078572 s , fps: 12.727122
[INFO]  filter boxes by confidence threshold > 0.001000 success, boxes size is 13
[INFO]  filter boxes by NMS threshold > 0.450000 success, result size is 3
[INFO]  object detect [0.748047:SO] success
[INFO]  object detect [0.004517:SO] success
[INFO]  object detect [0.001839:SO] success
[INFO]  Image 183 elapsed time: 0.078587 s , fps: 12.724737
[INFO]  filter boxes by confidence threshold > 0.001000 success, boxes size is 15
[INFO]  filter boxes by NMS threshold > 0.450000 success, result size is 6
[INFO]  object detect [0.915039:SO] success
[INFO]  object detect [0.143311:SO] success
[INFO]  object detect [0.061768:SO] success
[INFO]  object detect [0.008644:SO] success
[INFO]  object detect [0.002853:SO] success
[INFO]  object detect [0.001597:SO] success
[INFO]  Image 184 elapsed time: 0.071510 s , fps: 13.983986
[INFO]  filter boxes by confidence threshold > 0.001000 success, boxes size is 18
[INFO]  filter boxes by NMS threshold > 0.450000 success, result size is 5
[INFO]  object detect [0.834961:SO] success
[INFO]  object detect [0.052002:SO] success
[INFO]  object detect [0.025146:SO] success
[INFO]  object detect [0.001694:SO] success
[INFO]  object detect [0.001192:SO] success
[INFO]  Image 185 elapsed time: 0.073962 s , fps: 13.520421
[INFO]  filter boxes by confidence threshold > 0.001000 success, boxes size is 11
[INFO]  filter boxes by NMS threshold > 0.450000 success, result size is 2
[INFO]  object detect [0.674316:SO] success
[INFO]  object detect [0.003052:SO] success
[INFO]  Image 186 elapsed time: 0.077930 s , fps: 12.832108
[INFO]  filter boxes by confidence threshold > 0.001000 success, boxes size is 19
[INFO]  filter boxes by NMS threshold > 0.450000 success, result size is 2
[INFO]  object detect [0.978516:SO] success
[INFO]  object detect [0.948242:SO] success
[INFO]  Image 187 elapsed time: 0.077812 s , fps: 12.851548
[INFO]  filter boxes by confidence threshold > 0.001000 success, boxes size is 35
[INFO]  filter boxes by NMS threshold > 0.450000 success, result size is 12
[INFO]  object detect [0.962891:SO] success
[INFO]  object detect [0.906250:SO] success
[INFO]  object detect [0.841309:SO] success
[INFO]  object detect [0.730469:SO] success
[INFO]  object detect [0.013855:SO] success
[INFO]  object detect [0.009628:SO] success
[INFO]  object detect [0.005665:SO] success
[INFO]  object detect [0.002216:SO] success
[INFO]  object detect [0.001755:SO] success
[INFO]  object detect [0.001635:SO] success
[INFO]  object detect [0.001579:SO] success
[INFO]  object detect [0.001415:SO] success
[INFO]  Image 188 elapsed time: 0.075770 s , fps: 13.197921
[INFO]  filter boxes by confidence threshold > 0.001000 success, boxes size is 12
[INFO]  filter boxes by NMS threshold > 0.450000 success, result size is 2
[INFO]  object detect [0.623047:SO] success
[INFO]  object detect [0.005367:SO] success
[INFO]  Image 189 elapsed time: 0.076487 s , fps: 13.074175
[INFO]  filter boxes by confidence threshold > 0.001000 success, boxes size is 35
[INFO]  filter boxes by NMS threshold > 0.450000 success, result size is 9
[INFO]  object detect [0.972656:SO] success
[INFO]  object detect [0.149780:SO] success
[INFO]  object detect [0.100037:SO] success
[INFO]  object detect [0.009018:SO] success
[INFO]  object detect [0.008514:SO] success
[INFO]  object detect [0.006718:SO] success
[INFO]  object detect [0.003899:SO] success
[INFO]  object detect [0.002058:SO] success
[INFO]  object detect [0.001064:SO] success
[INFO]  Image 190 elapsed time: 0.079907 s , fps: 12.514610
[INFO]  filter boxes by confidence threshold > 0.001000 success, boxes size is 12
[INFO]  filter boxes by NMS threshold > 0.450000 success, result size is 3
[INFO]  object detect [0.871582:SO] success
[INFO]  object detect [0.152344:SO] success
[INFO]  object detect [0.003376:SO] success
[INFO]  Image 191 elapsed time: 0.073436 s , fps: 13.617307
[INFO]  filter boxes by confidence threshold > 0.001000 success, boxes size is 32
[INFO]  filter boxes by NMS threshold > 0.450000 success, result size is 9
[INFO]  object detect [0.977539:SO] success
[INFO]  object detect [0.352539:SO] success
[INFO]  object detect [0.079041:SO] success
[INFO]  object detect [0.005795:SO] success
[INFO]  object detect [0.005733:SO] success
[INFO]  object detect [0.005020:SO] success
[INFO]  object detect [0.002869:SO] success
[INFO]  object detect [0.002083:SO] success
[INFO]  object detect [0.001095:SO] success
[INFO]  Image 192 elapsed time: 0.075778 s , fps: 13.196401
[INFO]  filter boxes by confidence threshold > 0.001000 success, boxes size is 17
[INFO]  filter boxes by NMS threshold > 0.450000 success, result size is 3
[INFO]  object detect [0.858887:SO] success
[INFO]  object detect [0.710938:SO] success
[INFO]  object detect [0.002251:SO] success
[INFO]  Image 193 elapsed time: 0.070820 s , fps: 14.120387
[INFO]  filter boxes by confidence threshold > 0.001000 success, boxes size is 11
[INFO]  filter boxes by NMS threshold > 0.450000 success, result size is 3
[INFO]  object detect [0.926758:SO] success
[INFO]  object detect [0.103027:SO] success
[INFO]  object detect [0.004299:SO] success
[INFO]  Image 194 elapsed time: 0.079771 s , fps: 12.535943
[INFO]  filter boxes by confidence threshold > 0.001000 success, boxes size is 30
[INFO]  filter boxes by NMS threshold > 0.450000 success, result size is 13
[INFO]  object detect [0.960938:SO] success
[INFO]  object detect [0.347656:SO] success
[INFO]  object detect [0.104614:SO] success
[INFO]  object detect [0.018234:SO] success
[INFO]  object detect [0.010567:SO] success
[INFO]  object detect [0.008781:SO] success
[INFO]  object detect [0.005882:SO] success
[INFO]  object detect [0.004608:SO] success
[INFO]  object detect [0.002707:SO] success
[INFO]  object detect [0.002581:SO] success
[INFO]  object detect [0.001707:SO] success
[INFO]  object detect [0.001187:SO] success
[INFO]  object detect [0.001139:SO] success
[INFO]  Image 195 elapsed time: 0.076137 s , fps: 13.134303
[INFO]  filter boxes by confidence threshold > 0.001000 success, boxes size is 13
[INFO]  filter boxes by NMS threshold > 0.450000 success, result size is 6
[INFO]  object detect [0.197266:SO] success
[INFO]  object detect [0.005219:SO] success
[INFO]  object detect [0.002832:SO] success
[INFO]  object detect [0.001949:SO] success
[INFO]  object detect [0.001340:SO] success
[INFO]  object detect [0.001235:SO] success
[INFO]  Image 196 elapsed time: 0.073899 s , fps: 13.532024
[INFO]  filter boxes by confidence threshold > 0.001000 success, boxes size is 10
[INFO]  filter boxes by NMS threshold > 0.450000 success, result size is 2
[INFO]  object detect [0.940430:SO] success
[INFO]  object detect [0.014450:SO] success
[INFO]  Image 197 elapsed time: 0.076608 s , fps: 13.053535
[INFO]  filter boxes by confidence threshold > 0.001000 success, boxes size is 26
[INFO]  filter boxes by NMS threshold > 0.450000 success, result size is 8
[INFO]  object detect [0.962891:SO] success
[INFO]  object detect [0.036621:SO] success
[INFO]  object detect [0.004166:SO] success
[INFO]  object detect [0.001911:SO] success
[INFO]  object detect [0.001774:SO] success
[INFO]  object detect [0.001518:SO] success
[INFO]  object detect [0.001053:SO] success
[INFO]  object detect [0.001005:SO] success
[INFO]  Image 198 elapsed time: 0.079127 s , fps: 12.637923
[INFO]  filter boxes by confidence threshold > 0.001000 success, boxes size is 11
[INFO]  filter boxes by NMS threshold > 0.450000 success, result size is 4
[INFO]  object detect [0.777344:SO] success
[INFO]  object detect [0.001911:SO] success
[INFO]  object detect [0.001245:SO] success
[INFO]  object detect [0.001240:SO] success
[INFO]  Image 199 elapsed time: 0.076021 s , fps: 13.154319
[INFO]  filter boxes by confidence threshold > 0.001000 success, boxes size is 20
[INFO]  filter boxes by NMS threshold > 0.450000 success, result size is 5
[INFO]  object detect [0.969727:SO] success
[INFO]  object detect [0.949219:SO] success
[INFO]  object detect [0.012680:SO] success
[INFO]  object detect [0.001530:SO] success
[INFO]  object detect [0.001160:SO] success
[INFO]  Image 200 elapsed time: 0.075304 s , fps: 13.279525
[INFO]  Processed 200 images (excluding warmup), average FPS: 12.726652
[INFO]  Unload model ../model/best_nextvit200.om success
[INFO]  destroy context ok
[INFO]  Reset device 0 ok
[INFO]  Finalize acl ok
[INFO] 推理完成.
[INFO] 开始评估 mAP...
========== 评估结果 ==========
Precision: [    0.91591]
Recall: [    0.76094]
mAP@0.5: 0.8578599427272244
mAP@0.5:0.95: 0.39812299772035314
================================
[INFO] 评估完成.
======================================
 Run finished at Wed Aug 20 15:18:28 CST 2025
 Logs saved to /home/HwHiAiUser/gp/YOLO/logs/run_2025-08-20_15-18-02.log
======================================
