[INFO] 开始编译源代码...
-- set INC_PATH: /usr/local/Ascend/ascend-toolkit/latest
-- set LIB_PATH: /usr/local/Ascend/ascend-toolkit/latest/runtime/lib64/stub
-- set THIRDPART: /usr/local/Ascend/ascend-toolkit/latest/thirdpart
-- Configuring done
-- Generating done
-- Build files have been written to: /home/HwHiAiUser/gp/YOLO/src
Consolidate compiler generated dependencies of target main
[ 50%] Building CXX object CMakeFiles/main.dir/sampleYOLOV8.cpp.o
[100%] Linking CXX executable /home/HwHiAiUser/gp/YOLO/out/main
[100%] Built target main
[INFO] 编译完成.
[INFO] 开始推理...
[INFO]  Directory exists: ../output
[INFO]  Directory exists: ../output/images
[INFO]  Directory exists: ../output/labels
[INFO]  Acl init ok
[INFO]  Open device 0 ok
[INFO]  Use default context currently
[INFO]  dvpp init resource ok
[INFO]  Load model ../model/bestv8sp2.om success
[INFO]  Create model description success
[INFO]  Create model(../model/bestv8sp2.om) output success
[INFO]  Init model ../model/bestv8sp2.om success
[INFO]  filter boxes by confidence threshold > 0.001000 success, boxes size is 21
[INFO]  filter boxes by NMS threshold > 0.450000 success, result size is 5
[INFO]  object detect [0.500000:SO] success
[INFO]  object detect [0.499023:SO] success
[INFO]  object detect [0.378662:SO] success
[INFO]  object detect [0.056641:SO] success
[INFO]  object detect [0.001867:SO] success
[INFO]  Warmup (image 0) elapsed time: 0.063819 s , fps: 15.669411
[INFO]  filter boxes by confidence threshold > 0.001000 success, boxes size is 7
[INFO]  filter boxes by NMS threshold > 0.450000 success, result size is 3
[INFO]  object detect [0.541016:SO] success
[INFO]  object detect [0.018585:SO] success
[INFO]  object detect [0.001427:SO] success
[INFO]  Image 1 elapsed time: 0.038675 s , fps: 25.856206
[INFO]  filter boxes by confidence threshold > 0.001000 success, boxes size is 16
[INFO]  filter boxes by NMS threshold > 0.450000 success, result size is 5
[INFO]  object detect [0.767578:SO] success
[INFO]  object detect [0.071716:SO] success
[INFO]  object detect [0.007843:SO] success
[INFO]  object detect [0.003868:SO] success
[INFO]  object detect [0.003765:SO] success
[INFO]  Image 2 elapsed time: 0.042439 s , fps: 23.563254
[INFO]  filter boxes by confidence threshold > 0.001000 success, boxes size is 9
[INFO]  filter boxes by NMS threshold > 0.450000 success, result size is 2
[INFO]  object detect [0.337646:SO] success
[INFO]  object detect [0.001567:SO] success
[INFO]  Image 3 elapsed time: 0.043193 s , fps: 23.151860
[INFO]  filter boxes by confidence threshold > 0.001000 success, boxes size is 15
[INFO]  filter boxes by NMS threshold > 0.450000 success, result size is 4
[INFO]  object detect [0.664062:SO] success
[INFO]  object detect [0.024094:SO] success
[INFO]  object detect [0.004055:SO] success
[INFO]  object detect [0.001107:SO] success
[INFO]  Image 4 elapsed time: 0.036219 s , fps: 27.609782
[INFO]  filter boxes by confidence threshold > 0.001000 success, boxes size is 6
[INFO]  filter boxes by NMS threshold > 0.450000 success, result size is 2
[INFO]  object detect [0.509766:SO] success
[INFO]  object detect [0.003237:SO] success
[INFO]  Image 5 elapsed time: 0.036788 s , fps: 27.183059
[INFO]  filter boxes by confidence threshold > 0.001000 success, boxes size is 6
[INFO]  filter boxes by NMS threshold > 0.450000 success, result size is 1
[INFO]  object detect [0.642578:SO] success
[INFO]  Image 6 elapsed time: 0.035529 s , fps: 28.145660
[INFO]  filter boxes by confidence threshold > 0.001000 success, boxes size is 15
[INFO]  filter boxes by NMS threshold > 0.450000 success, result size is 1
[INFO]  object detect [0.874023:SO] success
[INFO]  Image 7 elapsed time: 0.037334 s , fps: 26.785221
[INFO]  filter boxes by confidence threshold > 0.001000 success, boxes size is 11
[INFO]  filter boxes by NMS threshold > 0.450000 success, result size is 2
[INFO]  object detect [0.262939:SO] success
[INFO]  object detect [0.018555:SO] success
[INFO]  Image 8 elapsed time: 0.055930 s , fps: 17.879356
[INFO]  filter boxes by confidence threshold > 0.001000 success, boxes size is 29
[INFO]  filter boxes by NMS threshold > 0.450000 success, result size is 15
[INFO]  object detect [0.504883:SO] success
[INFO]  object detect [0.450684:SO] success
[INFO]  object detect [0.155518:SO] success
[INFO]  object detect [0.124878:SO] success
[INFO]  object detect [0.065125:SO] success
[INFO]  object detect [0.025177:SO] success
[INFO]  object detect [0.014221:SO] success
[INFO]  object detect [0.009552:SO] success
[INFO]  object detect [0.007874:SO] success
[INFO]  object detect [0.004417:SO] success
[INFO]  object detect [0.004265:SO] success
[INFO]  object detect [0.004166:SO] success
[INFO]  object detect [0.002157:SO] success
[INFO]  object detect [0.002090:SO] success
[INFO]  object detect [0.001537:SO] success
[INFO]  Image 9 elapsed time: 0.049582 s , fps: 20.168614
[INFO]  filter boxes by confidence threshold > 0.001000 success, boxes size is 47
[INFO]  filter boxes by NMS threshold > 0.450000 success, result size is 9
[INFO]  object detect [0.693359:SO] success
[INFO]  object detect [0.292725:SO] success
[INFO]  object detect [0.260498:SO] success
[INFO]  object detect [0.015900:SO] success
[INFO]  object detect [0.008217:SO] success
[INFO]  object detect [0.005005:SO] success
[INFO]  object detect [0.002592:SO] success
[INFO]  object detect [0.002314:SO] success
[INFO]  object detect [0.001048:SO] success
[INFO]  Image 10 elapsed time: 0.035149 s , fps: 28.450419
[INFO]  filter boxes by confidence threshold > 0.001000 success, boxes size is 6
[INFO]  filter boxes by NMS threshold > 0.450000 success, result size is 1
[INFO]  object detect [0.685059:SO] success
[INFO]  Image 11 elapsed time: 0.032352 s , fps: 30.909932
[INFO]  filter boxes by confidence threshold > 0.001000 success, boxes size is 18
[INFO]  filter boxes by NMS threshold > 0.450000 success, result size is 3
[INFO]  object detect [0.744141:SO] success
[INFO]  object detect [0.034363:SO] success
[INFO]  object detect [0.001048:SO] success
[INFO]  Image 12 elapsed time: 0.033544 s , fps: 29.811875
[INFO]  filter boxes by confidence threshold > 0.001000 success, boxes size is 5
[INFO]  filter boxes by NMS threshold > 0.450000 success, result size is 2
[INFO]  object detect [0.601562:SO] success
[INFO]  object detect [0.002388:SO] success
[INFO]  Image 13 elapsed time: 0.035972 s , fps: 27.799446
[INFO]  filter boxes by confidence threshold > 0.001000 success, boxes size is 11
[INFO]  filter boxes by NMS threshold > 0.450000 success, result size is 1
[INFO]  object detect [0.626953:SO] success
[INFO]  Image 14 elapsed time: 0.036494 s , fps: 27.402008
[INFO]  filter boxes by confidence threshold > 0.001000 success, boxes size is 22
[INFO]  filter boxes by NMS threshold > 0.450000 success, result size is 3
[INFO]  object detect [0.724121:SO] success
[INFO]  object detect [0.685547:SO] success
[INFO]  object detect [0.001125:SO] success
[INFO]  Image 15 elapsed time: 0.037154 s , fps: 26.914959
[INFO]  filter boxes by confidence threshold > 0.001000 success, boxes size is 29
[INFO]  filter boxes by NMS threshold > 0.450000 success, result size is 7
[INFO]  object detect [0.435303:SO] success
[INFO]  object detect [0.042572:SO] success
[INFO]  object detect [0.032104:SO] success
[INFO]  object detect [0.031250:SO] success
[INFO]  object detect [0.001898:SO] success
[INFO]  object detect [0.001688:SO] success
[INFO]  object detect [0.001095:SO] success
[INFO]  Image 16 elapsed time: 0.033942 s , fps: 29.461627
[INFO]  filter boxes by confidence threshold > 0.001000 success, boxes size is 13
[INFO]  filter boxes by NMS threshold > 0.450000 success, result size is 3
[INFO]  object detect [0.753418:SO] success
[INFO]  object detect [0.709473:SO] success
[INFO]  object detect [0.002846:SO] success
[INFO]  Image 17 elapsed time: 0.038011 s , fps: 26.308168
[INFO]  filter boxes by confidence threshold > 0.001000 success, boxes size is 25
[INFO]  filter boxes by NMS threshold > 0.450000 success, result size is 5
[INFO]  object detect [0.772949:SO] success
[INFO]  object detect [0.746094:SO] success
[INFO]  object detect [0.320068:SO] success
[INFO]  object detect [0.070923:SO] success
[INFO]  object detect [0.005795:SO] success
[INFO]  Image 18 elapsed time: 0.035900 s , fps: 27.854925
[INFO]  filter boxes by confidence threshold > 0.001000 success, boxes size is 11
[INFO]  filter boxes by NMS threshold > 0.450000 success, result size is 2
[INFO]  object detect [0.671875:SO] success
[INFO]  object detect [0.001489:SO] success
[INFO]  Image 19 elapsed time: 0.036775 s , fps: 27.192269
[INFO]  filter boxes by confidence threshold > 0.001000 success, boxes size is 6
[INFO]  filter boxes by NMS threshold > 0.450000 success, result size is 1
[INFO]  object detect [0.515625:SO] success
[INFO]  Image 20 elapsed time: 0.035591 s , fps: 28.096877
[INFO]  filter boxes by confidence threshold > 0.001000 success, boxes size is 4
[INFO]  filter boxes by NMS threshold > 0.450000 success, result size is 1
[INFO]  object detect [0.416748:SO] success
[INFO]  Image 21 elapsed time: 0.060884 s , fps: 16.424690
[INFO]  filter boxes by confidence threshold > 0.001000 success, boxes size is 8
[INFO]  filter boxes by NMS threshold > 0.450000 success, result size is 1
[INFO]  object detect [0.318115:SO] success
[INFO]  Image 22 elapsed time: 0.043978 s , fps: 22.738857
[INFO]  filter boxes by confidence threshold > 0.001000 success, boxes size is 4
[INFO]  filter boxes by NMS threshold > 0.450000 success, result size is 1
[INFO]  object detect [0.240723:SO] success
[INFO]  Image 23 elapsed time: 0.033114 s , fps: 30.198986
[INFO]  filter boxes by confidence threshold > 0.001000 success, boxes size is 9
[INFO]  filter boxes by NMS threshold > 0.450000 success, result size is 1
[INFO]  object detect [0.722656:SO] success
[INFO]  Image 24 elapsed time: 0.035836 s , fps: 27.905175
[INFO]  filter boxes by confidence threshold > 0.001000 success, boxes size is 10
[INFO]  filter boxes by NMS threshold > 0.450000 success, result size is 2
[INFO]  object detect [0.762695:SO] success
[INFO]  object detect [0.572266:SO] success
[INFO]  Image 25 elapsed time: 0.035556 s , fps: 28.124634
[INFO]  filter boxes by confidence threshold > 0.001000 success, boxes size is 6
[INFO]  filter boxes by NMS threshold > 0.450000 success, result size is 1
[INFO]  object detect [0.706543:SO] success
[INFO]  Image 26 elapsed time: 0.034103 s , fps: 29.322629
[INFO]  filter boxes by confidence threshold > 0.001000 success, boxes size is 10
[INFO]  filter boxes by NMS threshold > 0.450000 success, result size is 5
[INFO]  object detect [0.701172:SO] success
[INFO]  object detect [0.174316:SO] success
[INFO]  object detect [0.035889:SO] success
[INFO]  object detect [0.001881:SO] success
[INFO]  object detect [0.001335:SO] success
[INFO]  Image 27 elapsed time: 0.037795 s , fps: 26.458479
[INFO]  filter boxes by confidence threshold > 0.001000 success, boxes size is 47
[INFO]  filter boxes by NMS threshold > 0.450000 success, result size is 25
[INFO]  object detect [0.590820:SO] success
[INFO]  object detect [0.062012:SO] success
[INFO]  object detect [0.035675:SO] success
[INFO]  object detect [0.027008:SO] success
[INFO]  object detect [0.020615:SO] success
[INFO]  object detect [0.014511:SO] success
[INFO]  object detect [0.008743:SO] success
[INFO]  object detect [0.008415:SO] success
[INFO]  object detect [0.007874:SO] success
[INFO]  object detect [0.007256:SO] success
[INFO]  object detect [0.006618:SO] success
[INFO]  object detect [0.005512:SO] success
[INFO]  object detect [0.002823:SO] success
[INFO]  object detect [0.002810:SO] success
[INFO]  object detect [0.002493:SO] success
[INFO]  object detect [0.002108:SO] success
[INFO]  object detect [0.002058:SO] success
[INFO]  object detect [0.002020:SO] success
[INFO]  object detect [0.001965:SO] success
[INFO]  object detect [0.001965:SO] success
[INFO]  object detect [0.001624:SO] success
[INFO]  object detect [0.001410:SO] success
[INFO]  object detect [0.001384:SO] success
[INFO]  object detect [0.001300:SO] success
[INFO]  object detect [0.001024:SO] success
[INFO]  Image 28 elapsed time: 0.042173 s , fps: 23.711842
[INFO]  filter boxes by confidence threshold > 0.001000 success, boxes size is 4
[INFO]  filter boxes by NMS threshold > 0.450000 success, result size is 2
[INFO]  object detect [0.592773:SO] success
[INFO]  object detect [0.002693:SO] success
[INFO]  Image 29 elapsed time: 0.038870 s , fps: 25.726645
[INFO]  filter boxes by confidence threshold > 0.001000 success, boxes size is 7
[INFO]  filter boxes by NMS threshold > 0.450000 success, result size is 3
[INFO]  object detect [0.327148:SO] success
[INFO]  object detect [0.019913:SO] success
[INFO]  object detect [0.001389:SO] success
[INFO]  Image 30 elapsed time: 0.034330 s , fps: 29.128757
[INFO]  filter boxes by confidence threshold > 0.001000 success, boxes size is 28
[INFO]  filter boxes by NMS threshold > 0.450000 success, result size is 6
[INFO]  object detect [0.784668:SO] success
[INFO]  object detect [0.772461:SO] success
[INFO]  object detect [0.166992:SO] success
[INFO]  object detect [0.005707:SO] success
[INFO]  object detect [0.002455:SO] success
[INFO]  object detect [0.001781:SO] success
[INFO]  Image 31 elapsed time: 0.037093 s , fps: 26.959342
[INFO]  filter boxes by confidence threshold > 0.001000 success, boxes size is 27
[INFO]  filter boxes by NMS threshold > 0.450000 success, result size is 3
[INFO]  object detect [0.818359:SO] success
[INFO]  object detect [0.691406:SO] success
[INFO]  object detect [0.004539:SO] success
[INFO]  Image 32 elapsed time: 0.037840 s , fps: 26.427392
[INFO]  filter boxes by confidence threshold > 0.001000 success, boxes size is 6
[INFO]  filter boxes by NMS threshold > 0.450000 success, result size is 3
[INFO]  object detect [0.548340:SO] success
[INFO]  object detect [0.041351:SO] success
[INFO]  object detect [0.014130:SO] success
[INFO]  Image 33 elapsed time: 0.041492 s , fps: 24.101194
[INFO]  filter boxes by confidence threshold > 0.001000 success, boxes size is 4
[INFO]  filter boxes by NMS threshold > 0.450000 success, result size is 1
[INFO]  object detect [0.663574:SO] success
[INFO]  Image 34 elapsed time: 0.051562 s , fps: 19.394028
[INFO]  filter boxes by confidence threshold > 0.001000 success, boxes size is 21
[INFO]  filter boxes by NMS threshold > 0.450000 success, result size is 8
[INFO]  object detect [0.791016:SO] success
[INFO]  object detect [0.014175:SO] success
[INFO]  object detect [0.005157:SO] success
[INFO]  object detect [0.005081:SO] success
[INFO]  object detect [0.002890:SO] success
[INFO]  object detect [0.002314:SO] success
[INFO]  object detect [0.001146:SO] success
[INFO]  object detect [0.001099:SO] success
[INFO]  Image 35 elapsed time: 0.038898 s , fps: 25.708539
[INFO]  filter boxes by confidence threshold > 0.001000 success, boxes size is 19
[INFO]  filter boxes by NMS threshold > 0.450000 success, result size is 2
[INFO]  object detect [0.617188:SO] success
[INFO]  object detect [0.016586:SO] success
[INFO]  Image 36 elapsed time: 0.036683 s , fps: 27.260652
[INFO]  filter boxes by confidence threshold > 0.001000 success, boxes size is 10
[INFO]  filter boxes by NMS threshold > 0.450000 success, result size is 4
[INFO]  object detect [0.712402:SO] success
[INFO]  object detect [0.536133:SO] success
[INFO]  object detect [0.003075:SO] success
[INFO]  object detect [0.001445:SO] success
[INFO]  Image 37 elapsed time: 0.034864 s , fps: 28.682875
[INFO]  filter boxes by confidence threshold > 0.001000 success, boxes size is 12
[INFO]  filter boxes by NMS threshold > 0.450000 success, result size is 1
[INFO]  object detect [0.692871:SO] success
[INFO]  Image 38 elapsed time: 0.034764 s , fps: 28.765124
[INFO]  filter boxes by confidence threshold > 0.001000 success, boxes size is 3
[INFO]  filter boxes by NMS threshold > 0.450000 success, result size is 1
[INFO]  object detect [0.430664:SO] success
[INFO]  Image 39 elapsed time: 0.030558 s , fps: 32.725127
[INFO]  filter boxes by confidence threshold > 0.001000 success, boxes size is 10
[INFO]  filter boxes by NMS threshold > 0.450000 success, result size is 2
[INFO]  object detect [0.780762:SO] success
[INFO]  object detect [0.648926:SO] success
[INFO]  Image 40 elapsed time: 0.030672 s , fps: 32.602874
[INFO]  filter boxes by confidence threshold > 0.001000 success, boxes size is 39
[INFO]  filter boxes by NMS threshold > 0.450000 success, result size is 16
[INFO]  object detect [0.694824:SO] success
[INFO]  object detect [0.626465:SO] success
[INFO]  object detect [0.141113:SO] success
[INFO]  object detect [0.107056:SO] success
[INFO]  object detect [0.090088:SO] success
[INFO]  object detect [0.012283:SO] success
[INFO]  object detect [0.009972:SO] success
[INFO]  object detect [0.008514:SO] success
[INFO]  object detect [0.008446:SO] success
[INFO]  object detect [0.003681:SO] success
[INFO]  object detect [0.002800:SO] success
[INFO]  object detect [0.002378:SO] success
[INFO]  object detect [0.002342:SO] success
[INFO]  object detect [0.002333:SO] success
[INFO]  object detect [0.001610:SO] success
[INFO]  object detect [0.001090:SO] success
[INFO]  Image 41 elapsed time: 0.036112 s , fps: 27.691255
[INFO]  filter boxes by confidence threshold > 0.001000 success, boxes size is 16
[INFO]  filter boxes by NMS threshold > 0.450000 success, result size is 4
[INFO]  object detect [0.808594:SO] success
[INFO]  object detect [0.025024:SO] success
[INFO]  object detect [0.004738:SO] success
[INFO]  object detect [0.004070:SO] success
[INFO]  Image 42 elapsed time: 0.037102 s , fps: 26.952591
[INFO]  filter boxes by confidence threshold > 0.001000 success, boxes size is 14
[INFO]  filter boxes by NMS threshold > 0.450000 success, result size is 9
[INFO]  object detect [0.655762:SO] success
[INFO]  object detect [0.114014:SO] success
[INFO]  object detect [0.017578:SO] success
[INFO]  object detect [0.011292:SO] success
[INFO]  object detect [0.003063:SO] success
[INFO]  object detect [0.002531:SO] success
[INFO]  object detect [0.001461:SO] success
[INFO]  object detect [0.001454:SO] success
[INFO]  object detect [0.001060:SO] success
[INFO]  Image 43 elapsed time: 0.037065 s , fps: 26.979603
[INFO]  filter boxes by confidence threshold > 0.001000 success, boxes size is 4
[INFO]  filter boxes by NMS threshold > 0.450000 success, result size is 3
[INFO]  object detect [0.464355:SO] success
[INFO]  object detect [0.026917:SO] success
[INFO]  object detect [0.008446:SO] success
[INFO]  Image 44 elapsed time: 0.034773 s , fps: 28.758092
[INFO]  filter boxes by confidence threshold > 0.001000 success, boxes size is 20
[INFO]  filter boxes by NMS threshold > 0.450000 success, result size is 8
[INFO]  object detect [0.715332:SO] success
[INFO]  object detect [0.022812:SO] success
[INFO]  object detect [0.011688:SO] success
[INFO]  object detect [0.011505:SO] success
[INFO]  object detect [0.009483:SO] success
[INFO]  object detect [0.008034:SO] success
[INFO]  object detect [0.004150:SO] success
[INFO]  object detect [0.002520:SO] success
[INFO]  Image 45 elapsed time: 0.037668 s , fps: 26.547642
[INFO]  filter boxes by confidence threshold > 0.001000 success, boxes size is 12
[INFO]  filter boxes by NMS threshold > 0.450000 success, result size is 1
[INFO]  object detect [0.749023:SO] success
[INFO]  Image 46 elapsed time: 0.037067 s , fps: 26.978496
[INFO]  filter boxes by confidence threshold > 0.001000 success, boxes size is 10
[INFO]  filter boxes by NMS threshold > 0.450000 success, result size is 6
[INFO]  object detect [0.626953:SO] success
[INFO]  object detect [0.013794:SO] success
[INFO]  object detect [0.013275:SO] success
[INFO]  object detect [0.003040:SO] success
[INFO]  object detect [0.002550:SO] success
[INFO]  object detect [0.001013:SO] success
[INFO]  Image 47 elapsed time: 0.057483 s , fps: 17.396515
[INFO]  filter boxes by confidence threshold > 0.001000 success, boxes size is 10
[INFO]  filter boxes by NMS threshold > 0.450000 success, result size is 5
[INFO]  object detect [0.148315:SO] success
[INFO]  object detect [0.013901:SO] success
[INFO]  object detect [0.002472:SO] success
[INFO]  object detect [0.001502:SO] success
[INFO]  object detect [0.001367:SO] success
[INFO]  Image 48 elapsed time: 0.043978 s , fps: 22.738867
[INFO]  filter boxes by confidence threshold > 0.001000 success, boxes size is 7
[INFO]  filter boxes by NMS threshold > 0.450000 success, result size is 4
[INFO]  object detect [0.415039:SO] success
[INFO]  object detect [0.006165:SO] success
[INFO]  object detect [0.002832:SO] success
[INFO]  object detect [0.001748:SO] success
[INFO]  Image 49 elapsed time: 0.034908 s , fps: 28.646994
[INFO]  filter boxes by confidence threshold > 0.001000 success, boxes size is 4
[INFO]  filter boxes by NMS threshold > 0.450000 success, result size is 2
[INFO]  object detect [0.348389:SO] success
[INFO]  object detect [0.001713:SO] success
[INFO]  Image 50 elapsed time: 0.036429 s , fps: 27.450855
[INFO]  filter boxes by confidence threshold > 0.001000 success, boxes size is 43
[INFO]  filter boxes by NMS threshold > 0.450000 success, result size is 13
[INFO]  object detect [0.522461:SO] success
[INFO]  object detect [0.311035:SO] success
[INFO]  object detect [0.153320:SO] success
[INFO]  object detect [0.095337:SO] success
[INFO]  object detect [0.084229:SO] success
[INFO]  object detect [0.018341:SO] success
[INFO]  object detect [0.014511:SO] success
[INFO]  object detect [0.014008:SO] success
[INFO]  object detect [0.010368:SO] success
[INFO]  object detect [0.006882:SO] success
[INFO]  object detect [0.003273:SO] success
[INFO]  object detect [0.001965:SO] success
[INFO]  object detect [0.001362:SO] success
[INFO]  Image 51 elapsed time: 0.036847 s , fps: 27.139134
[INFO]  filter boxes by confidence threshold > 0.001000 success, boxes size is 60
[INFO]  filter boxes by NMS threshold > 0.450000 success, result size is 20
[INFO]  object detect [0.554688:SO] success
[INFO]  object detect [0.125000:SO] success
[INFO]  object detect [0.111694:SO] success
[INFO]  object detect [0.074341:SO] success
[INFO]  object detect [0.034546:SO] success
[INFO]  object detect [0.021042:SO] success
[INFO]  object detect [0.015900:SO] success
[INFO]  object detect [0.008186:SO] success
[INFO]  object detect [0.006191:SO] success
[INFO]  object detect [0.003914:SO] success
[INFO]  object detect [0.002890:SO] success
[INFO]  object detect [0.002602:SO] success
[INFO]  object detect [0.002378:SO] success
[INFO]  object detect [0.002369:SO] success
[INFO]  object detect [0.001919:SO] success
[INFO]  object detect [0.001736:SO] success
[INFO]  object detect [0.001616:SO] success
[INFO]  object detect [0.001221:SO] success
[INFO]  object detect [0.001212:SO] success
[INFO]  object detect [0.001057:SO] success
[INFO]  Image 52 elapsed time: 0.035819 s , fps: 27.918094
[INFO]  filter boxes by confidence threshold > 0.001000 success, boxes size is 13
[INFO]  filter boxes by NMS threshold > 0.450000 success, result size is 3
[INFO]  object detect [0.782715:SO] success
[INFO]  object detect [0.303711:SO] success
[INFO]  object detect [0.001060:SO] success
[INFO]  Image 53 elapsed time: 0.037188 s , fps: 26.890713
[INFO]  filter boxes by confidence threshold > 0.001000 success, boxes size is 19
[INFO]  filter boxes by NMS threshold > 0.450000 success, result size is 3
[INFO]  object detect [0.783203:SO] success
[INFO]  object detect [0.736328:SO] success
[INFO]  object detect [0.001579:SO] success
[INFO]  Image 54 elapsed time: 0.037035 s , fps: 27.001443
[INFO]  filter boxes by confidence threshold > 0.001000 success, boxes size is 4
[INFO]  filter boxes by NMS threshold > 0.450000 success, result size is 2
[INFO]  object detect [0.668457:SO] success
[INFO]  object detect [0.001300:SO] success
[INFO]  Image 55 elapsed time: 0.036731 s , fps: 27.225089
[INFO]  filter boxes by confidence threshold > 0.001000 success, boxes size is 10
[INFO]  filter boxes by NMS threshold > 0.450000 success, result size is 5
[INFO]  object detect [0.685547:SO] success
[INFO]  object detect [0.514648:SO] success
[INFO]  object detect [0.005795:SO] success
[INFO]  object detect [0.001694:SO] success
[INFO]  object detect [0.001668:SO] success
[INFO]  Image 56 elapsed time: 0.036650 s , fps: 27.285447
[INFO]  filter boxes by confidence threshold > 0.001000 success, boxes size is 6
[INFO]  filter boxes by NMS threshold > 0.450000 success, result size is 1
[INFO]  object detect [0.697266:SO] success
[INFO]  Image 57 elapsed time: 0.035980 s , fps: 27.793425
[INFO]  filter boxes by confidence threshold > 0.001000 success, boxes size is 8
[INFO]  filter boxes by NMS threshold > 0.450000 success, result size is 3
[INFO]  object detect [0.652832:SO] success
[INFO]  object detect [0.001655:SO] success
[INFO]  object detect [0.001005:SO] success
[INFO]  Image 58 elapsed time: 0.037360 s , fps: 26.766774
[INFO]  filter boxes by confidence threshold > 0.001000 success, boxes size is 16
[INFO]  filter boxes by NMS threshold > 0.450000 success, result size is 8
[INFO]  object detect [0.646484:SO] success
[INFO]  object detect [0.016342:SO] success
[INFO]  object detect [0.009674:SO] success
[INFO]  object detect [0.006287:SO] success
[INFO]  object detect [0.002028:SO] success
[INFO]  object detect [0.001720:SO] success
[INFO]  object detect [0.001216:SO] success
[INFO]  object detect [0.001060:SO] success
[INFO]  Image 59 elapsed time: 0.038032 s , fps: 26.293699
[INFO]  filter boxes by confidence threshold > 0.001000 success, boxes size is 16
[INFO]  filter boxes by NMS threshold > 0.450000 success, result size is 4
[INFO]  object detect [0.750000:SO] success
[INFO]  object detect [0.036499:SO] success
[INFO]  object detect [0.013275:SO] success
[INFO]  object detect [0.006775:SO] success
[INFO]  Image 60 elapsed time: 0.056782 s , fps: 17.611338
[INFO]  filter boxes by confidence threshold > 0.001000 success, boxes size is 34
[INFO]  filter boxes by NMS threshold > 0.450000 success, result size is 14
[INFO]  object detect [0.402344:SO] success
[INFO]  object detect [0.382812:SO] success
[INFO]  object detect [0.371826:SO] success
[INFO]  object detect [0.107483:SO] success
[INFO]  object detect [0.080505:SO] success
[INFO]  object detect [0.035675:SO] success
[INFO]  object detect [0.027985:SO] success
[INFO]  object detect [0.008545:SO] success
[INFO]  object detect [0.002472:SO] success
[INFO]  object detect [0.002003:SO] success
[INFO]  object detect [0.001610:SO] success
[INFO]  object detect [0.001507:SO] success
[INFO]  object detect [0.001289:SO] success
[INFO]  object detect [0.001020:SO] success
[INFO]  Image 61 elapsed time: 0.046840 s , fps: 21.349247
[INFO]  filter boxes by confidence threshold > 0.001000 success, boxes size is 21
[INFO]  filter boxes by NMS threshold > 0.450000 success, result size is 2
[INFO]  object detect [0.793945:SO] success
[INFO]  object detect [0.784180:SO] success
[INFO]  Image 62 elapsed time: 0.034612 s , fps: 28.892074
[INFO]  filter boxes by confidence threshold > 0.001000 success, boxes size is 11
[INFO]  filter boxes by NMS threshold > 0.450000 success, result size is 4
[INFO]  object detect [0.532227:SO] success
[INFO]  object detect [0.008514:SO] success
[INFO]  object detect [0.005367:SO] success
[INFO]  object detect [0.001846:SO] success
[INFO]  Image 63 elapsed time: 0.034286 s , fps: 29.166652
[INFO]  filter boxes by confidence threshold > 0.001000 success, boxes size is 6
[INFO]  filter boxes by NMS threshold > 0.450000 success, result size is 3
[INFO]  object detect [0.734375:SO] success
[INFO]  object detect [0.008415:SO] success
[INFO]  object detect [0.002991:SO] success
[INFO]  Image 64 elapsed time: 0.035823 s , fps: 27.915172
[INFO]  filter boxes by confidence threshold > 0.001000 success, boxes size is 30
[INFO]  filter boxes by NMS threshold > 0.450000 success, result size is 10
[INFO]  object detect [0.688965:SO] success
[INFO]  object detect [0.514160:SO] success
[INFO]  object detect [0.336670:SO] success
[INFO]  object detect [0.093323:SO] success
[INFO]  object detect [0.061401:SO] success
[INFO]  object detect [0.017441:SO] success
[INFO]  object detect [0.007065:SO] success
[INFO]  object detect [0.002424:SO] success
[INFO]  object detect [0.001804:SO] success
[INFO]  object detect [0.001216:SO] success
[INFO]  Image 65 elapsed time: 0.033354 s , fps: 29.981663
[INFO]  filter boxes by confidence threshold > 0.001000 success, boxes size is 23
[INFO]  filter boxes by NMS threshold > 0.450000 success, result size is 13
[INFO]  object detect [0.418945:SO] success
[INFO]  object detect [0.005402:SO] success
[INFO]  object detect [0.004330:SO] success
[INFO]  object detect [0.004040:SO] success
[INFO]  object detect [0.003609:SO] success
[INFO]  object detect [0.002869:SO] success
[INFO]  object detect [0.002415:SO] success
[INFO]  object detect [0.002226:SO] success
[INFO]  object detect [0.001957:SO] success
[INFO]  object detect [0.001816:SO] success
[INFO]  object detect [0.001675:SO] success
[INFO]  object detect [0.001335:SO] success
[INFO]  object detect [0.001032:SO] success
[INFO]  Image 66 elapsed time: 0.035870 s , fps: 27.878837
[INFO]  filter boxes by confidence threshold > 0.001000 success, boxes size is 23
[INFO]  filter boxes by NMS threshold > 0.450000 success, result size is 2
[INFO]  object detect [0.832031:SO] success
[INFO]  object detect [0.699219:SO] success
[INFO]  Image 67 elapsed time: 0.038374 s , fps: 26.059075
[INFO]  filter boxes by confidence threshold > 0.001000 success, boxes size is 6
[INFO]  filter boxes by NMS threshold > 0.450000 success, result size is 2
[INFO]  object detect [0.634277:SO] success
[INFO]  object detect [0.002235:SO] success
[INFO]  Image 68 elapsed time: 0.035062 s , fps: 28.521015
[INFO]  filter boxes by confidence threshold > 0.001000 success, boxes size is 13
[INFO]  filter boxes by NMS threshold > 0.450000 success, result size is 6
[INFO]  object detect [0.625000:SO] success
[INFO]  object detect [0.535645:SO] success
[INFO]  object detect [0.360352:SO] success
[INFO]  object detect [0.002434:SO] success
[INFO]  object detect [0.002323:SO] success
[INFO]  object detect [0.001064:SO] success
[INFO]  Image 69 elapsed time: 0.033012 s , fps: 30.291608
[INFO]  filter boxes by confidence threshold > 0.001000 success, boxes size is 45
[INFO]  filter boxes by NMS threshold > 0.450000 success, result size is 3
[INFO]  object detect [0.693359:SO] success
[INFO]  object detect [0.656250:SO] success
[INFO]  object detect [0.002115:SO] success
[INFO]  Image 70 elapsed time: 0.035123 s , fps: 28.471648
[INFO]  filter boxes by confidence threshold > 0.001000 success, boxes size is 22
[INFO]  filter boxes by NMS threshold > 0.450000 success, result size is 8
[INFO]  object detect [0.819824:SO] success
[INFO]  object detect [0.744141:SO] success
[INFO]  object detect [0.697754:SO] success
[INFO]  object detect [0.011780:SO] success
[INFO]  object detect [0.003120:SO] success
[INFO]  object detect [0.001680:SO] success
[INFO]  object detect [0.001389:SO] success
[INFO]  object detect [0.001017:SO] success
[INFO]  Image 71 elapsed time: 0.035146 s , fps: 28.452426
[INFO]  filter boxes by confidence threshold > 0.001000 success, boxes size is 12
[INFO]  filter boxes by NMS threshold > 0.450000 success, result size is 3
[INFO]  object detect [0.716309:SO] success
[INFO]  object detect [0.015015:SO] success
[INFO]  object detect [0.005081:SO] success
[INFO]  Image 72 elapsed time: 0.034951 s , fps: 28.611715
[INFO]  filter boxes by confidence threshold > 0.001000 success, boxes size is 6
[INFO]  filter boxes by NMS threshold > 0.450000 success, result size is 2
[INFO]  object detect [0.757812:SO] success
[INFO]  object detect [0.664062:SO] success
[INFO]  Image 73 elapsed time: 0.055326 s , fps: 18.074562
[INFO]  filter boxes by confidence threshold > 0.001000 success, boxes size is 18
[INFO]  filter boxes by NMS threshold > 0.450000 success, result size is 4
[INFO]  object detect [0.746094:SO] success
[INFO]  object detect [0.720703:SO] success
[INFO]  object detect [0.109497:SO] success
[INFO]  object detect [0.023438:SO] success
[INFO]  Image 74 elapsed time: 0.034325 s , fps: 29.133460
[INFO]  filter boxes by confidence threshold > 0.001000 success, boxes size is 8
[INFO]  filter boxes by NMS threshold > 0.450000 success, result size is 7
[INFO]  object detect [0.013214:SO] success
[INFO]  object detect [0.010338:SO] success
[INFO]  object detect [0.004402:SO] success
[INFO]  object detect [0.004299:SO] success
[INFO]  object detect [0.002378:SO] success
[INFO]  object detect [0.002043:SO] success
[INFO]  object detect [0.001330:SO] success
[INFO]  Image 75 elapsed time: 0.036454 s , fps: 27.431778
[INFO]  filter boxes by confidence threshold > 0.001000 success, boxes size is 10
[INFO]  filter boxes by NMS threshold > 0.450000 success, result size is 5
[INFO]  object detect [0.432373:SO] success
[INFO]  object detect [0.188965:SO] success
[INFO]  object detect [0.121826:SO] success
[INFO]  object detect [0.061768:SO] success
[INFO]  object detect [0.008156:SO] success
[INFO]  Image 76 elapsed time: 0.029887 s , fps: 33.459377
[INFO]  filter boxes by confidence threshold > 0.001000 success, boxes size is 29
[INFO]  filter boxes by NMS threshold > 0.450000 success, result size is 14
[INFO]  object detect [0.598633:SO] success
[INFO]  object detect [0.092041:SO] success
[INFO]  object detect [0.083252:SO] success
[INFO]  object detect [0.071899:SO] success
[INFO]  object detect [0.065125:SO] success
[INFO]  object detect [0.064636:SO] success
[INFO]  object detect [0.037689:SO] success
[INFO]  object detect [0.036743:SO] success
[INFO]  object detect [0.017853:SO] success
[INFO]  object detect [0.014664:SO] success
[INFO]  object detect [0.007996:SO] success
[INFO]  object detect [0.003754:SO] success
[INFO]  object detect [0.003309:SO] success
[INFO]  object detect [0.001250:SO] success
[INFO]  Image 77 elapsed time: 0.031112 s , fps: 32.142258
[INFO]  filter boxes by confidence threshold > 0.001000 success, boxes size is 26
[INFO]  filter boxes by NMS threshold > 0.450000 success, result size is 2
[INFO]  object detect [0.849609:SO] success
[INFO]  object detect [0.803711:SO] success
[INFO]  Image 78 elapsed time: 0.033832 s , fps: 29.557636
[INFO]  filter boxes by confidence threshold > 0.001000 success, boxes size is 15
[INFO]  filter boxes by NMS threshold > 0.450000 success, result size is 2
[INFO]  object detect [0.845215:SO] success
[INFO]  object detect [0.001597:SO] success
[INFO]  Image 79 elapsed time: 0.035460 s , fps: 28.200461
[INFO]  filter boxes by confidence threshold > 0.001000 success, boxes size is 17
[INFO]  filter boxes by NMS threshold > 0.450000 success, result size is 2
[INFO]  object detect [0.747559:SO] success
[INFO]  object detect [0.713379:SO] success
[INFO]  Image 80 elapsed time: 0.033645 s , fps: 29.721847
[INFO]  filter boxes by confidence threshold > 0.001000 success, boxes size is 11
[INFO]  filter boxes by NMS threshold > 0.450000 success, result size is 4
[INFO]  object detect [0.589844:SO] success
[INFO]  object detect [0.007751:SO] success
[INFO]  object detect [0.002737:SO] success
[INFO]  object detect [0.001037:SO] success
[INFO]  Image 81 elapsed time: 0.036144 s , fps: 27.666802
[INFO]  filter boxes by confidence threshold > 0.001000 success, boxes size is 9
[INFO]  filter boxes by NMS threshold > 0.450000 success, result size is 5
[INFO]  object detect [0.503418:SO] success
[INFO]  object detect [0.028564:SO] success
[INFO]  object detect [0.002075:SO] success
[INFO]  object detect [0.001774:SO] success
[INFO]  object detect [0.001748:SO] success
[INFO]  Image 82 elapsed time: 0.031571 s , fps: 31.674525
[INFO]  filter boxes by confidence threshold > 0.001000 success, boxes size is 7
[INFO]  filter boxes by NMS threshold > 0.450000 success, result size is 3
[INFO]  object detect [0.648926:SO] success
[INFO]  object detect [0.014557:SO] success
[INFO]  object detect [0.012009:SO] success
[INFO]  Image 83 elapsed time: 0.030762 s , fps: 32.507112
[INFO]  filter boxes by confidence threshold > 0.001000 success, boxes size is 12
[INFO]  filter boxes by NMS threshold > 0.450000 success, result size is 4
[INFO]  object detect [0.685059:SO] success
[INFO]  object detect [0.010612:SO] success
[INFO]  object detect [0.002747:SO] success
[INFO]  object detect [0.002663:SO] success
[INFO]  Image 84 elapsed time: 0.030446 s , fps: 32.844503
[INFO]  filter boxes by confidence threshold > 0.001000 success, boxes size is 22
[INFO]  filter boxes by NMS threshold > 0.450000 success, result size is 4
[INFO]  object detect [0.778320:SO] success
[INFO]  object detect [0.724121:SO] success
[INFO]  object detect [0.017441:SO] success
[INFO]  object detect [0.001044:SO] success
[INFO]  Image 85 elapsed time: 0.034524 s , fps: 28.965493
[INFO]  filter boxes by confidence threshold > 0.001000 success, boxes size is 30
[INFO]  filter boxes by NMS threshold > 0.450000 success, result size is 5
[INFO]  object detect [0.430664:SO] success
[INFO]  object detect [0.033203:SO] success
[INFO]  object detect [0.008034:SO] success
[INFO]  object detect [0.007202:SO] success
[INFO]  object detect [0.005219:SO] success
[INFO]  Image 86 elapsed time: 0.036000 s , fps: 27.777759
[INFO]  filter boxes by confidence threshold > 0.001000 success, boxes size is 8
[INFO]  filter boxes by NMS threshold > 0.450000 success, result size is 4
[INFO]  object detect [0.498047:SO] success
[INFO]  object detect [0.038910:SO] success
[INFO]  object detect [0.005260:SO] success
[INFO]  object detect [0.004364:SO] success
[INFO]  Image 87 elapsed time: 0.035913 s , fps: 27.844793
[INFO]  filter boxes by confidence threshold > 0.001000 success, boxes size is 9
[INFO]  filter boxes by NMS threshold > 0.450000 success, result size is 4
[INFO]  object detect [0.753418:SO] success
[INFO]  object detect [0.020645:SO] success
[INFO]  object detect [0.004265:SO] success
[INFO]  object detect [0.001245:SO] success
[INFO]  Image 88 elapsed time: 0.039860 s , fps: 25.087564
[INFO]  filter boxes by confidence threshold > 0.001000 success, boxes size is 19
[INFO]  filter boxes by NMS threshold > 0.450000 success, result size is 3
[INFO]  object detect [0.546875:SO] success
[INFO]  object detect [0.197632:SO] success
[INFO]  object detect [0.002642:SO] success
[INFO]  Image 89 elapsed time: 0.035895 s , fps: 27.858724
[INFO]  filter boxes by confidence threshold > 0.001000 success, boxes size is 10
[INFO]  filter boxes by NMS threshold > 0.450000 success, result size is 5
[INFO]  object detect [0.394531:SO] success
[INFO]  object detect [0.147949:SO] success
[INFO]  object detect [0.103760:SO] success
[INFO]  object detect [0.046997:SO] success
[INFO]  object detect [0.007523:SO] success
[INFO]  Image 90 elapsed time: 0.034511 s , fps: 28.976422
[INFO]  filter boxes by confidence threshold > 0.001000 success, boxes size is 27
[INFO]  filter boxes by NMS threshold > 0.450000 success, result size is 13
[INFO]  object detect [0.691406:SO] success
[INFO]  object detect [0.139526:SO] success
[INFO]  object detect [0.062927:SO] success
[INFO]  object detect [0.017700:SO] success
[INFO]  object detect [0.011467:SO] success
[INFO]  object detect [0.004963:SO] success
[INFO]  object detect [0.002899:SO] success
[INFO]  object detect [0.002502:SO] success
[INFO]  object detect [0.002472:SO] success
[INFO]  object detect [0.002350:SO] success
[INFO]  object detect [0.002028:SO] success
[INFO]  object detect [0.001825:SO] success
[INFO]  object detect [0.001009:SO] success
[INFO]  Image 91 elapsed time: 0.035887 s , fps: 27.865550
[INFO]  filter boxes by confidence threshold > 0.001000 success, boxes size is 27
[INFO]  filter boxes by NMS threshold > 0.450000 success, result size is 5
[INFO]  object detect [0.741699:SO] success
[INFO]  object detect [0.541016:SO] success
[INFO]  object detect [0.006958:SO] success
[INFO]  object detect [0.003735:SO] success
[INFO]  object detect [0.002716:SO] success
[INFO]  Image 92 elapsed time: 0.036284 s , fps: 27.560210
[INFO]  filter boxes by confidence threshold > 0.001000 success, boxes size is 12
[INFO]  filter boxes by NMS threshold > 0.450000 success, result size is 2
[INFO]  object detect [0.729004:SO] success
[INFO]  object detect [0.001433:SO] success
[INFO]  Image 93 elapsed time: 0.030481 s , fps: 32.806835
[INFO]  filter boxes by confidence threshold > 0.001000 success, boxes size is 14
[INFO]  filter boxes by NMS threshold > 0.450000 success, result size is 2
[INFO]  object detect [0.726562:SO] success
[INFO]  object detect [0.001726:SO] success
[INFO]  Image 94 elapsed time: 0.034011 s , fps: 29.401875
[INFO]  filter boxes by confidence threshold > 0.001000 success, boxes size is 21
[INFO]  filter boxes by NMS threshold > 0.450000 success, result size is 4
[INFO]  object detect [0.759277:SO] success
[INFO]  object detect [0.739746:SO] success
[INFO]  object detect [0.003456:SO] success
[INFO]  object detect [0.002642:SO] success
[INFO]  Image 95 elapsed time: 0.034810 s , fps: 28.727197
[INFO]  filter boxes by confidence threshold > 0.001000 success, boxes size is 18
[INFO]  filter boxes by NMS threshold > 0.450000 success, result size is 4
[INFO]  object detect [0.681152:SO] success
[INFO]  object detect [0.090332:SO] success
[INFO]  object detect [0.014343:SO] success
[INFO]  object detect [0.004150:SO] success
[INFO]  Image 96 elapsed time: 0.034893 s , fps: 28.659274
[INFO]  filter boxes by confidence threshold > 0.001000 success, boxes size is 30
[INFO]  filter boxes by NMS threshold > 0.450000 success, result size is 17
[INFO]  object detect [0.231445:SO] success
[INFO]  object detect [0.175781:SO] success
[INFO]  object detect [0.070435:SO] success
[INFO]  object detect [0.034363:SO] success
[INFO]  object detect [0.016846:SO] success
[INFO]  object detect [0.012970:SO] success
[INFO]  object detect [0.009941:SO] success
[INFO]  object detect [0.009628:SO] success
[INFO]  object detect [0.008911:SO] success
[INFO]  object detect [0.005753:SO] success
[INFO]  object detect [0.004250:SO] success
[INFO]  object detect [0.003040:SO] success
[INFO]  object detect [0.002724:SO] success
[INFO]  object detect [0.002003:SO] success
[INFO]  object detect [0.001942:SO] success
[INFO]  object detect [0.001904:SO] success
[INFO]  object detect [0.001202:SO] success
[INFO]  Image 97 elapsed time: 0.035536 s , fps: 28.140199
[INFO]  filter boxes by confidence threshold > 0.001000 success, boxes size is 4
[INFO]  filter boxes by NMS threshold > 0.450000 success, result size is 3
[INFO]  object detect [0.406006:SO] success
[INFO]  object detect [0.001289:SO] success
[INFO]  object detect [0.001078:SO] success
[INFO]  Image 98 elapsed time: 0.034752 s , fps: 28.775695
[INFO]  filter boxes by confidence threshold > 0.001000 success, boxes size is 9
[INFO]  filter boxes by NMS threshold > 0.450000 success, result size is 3
[INFO]  object detect [0.705078:SO] success
[INFO]  object detect [0.407227:SO] success
[INFO]  object detect [0.001433:SO] success
[INFO]  Image 99 elapsed time: 0.032391 s , fps: 30.872933
[INFO]  filter boxes by confidence threshold > 0.001000 success, boxes size is 20
[INFO]  filter boxes by NMS threshold > 0.450000 success, result size is 4
[INFO]  object detect [0.541016:SO] success
[INFO]  object detect [0.131348:SO] success
[INFO]  object detect [0.079285:SO] success
[INFO]  object detect [0.020737:SO] success
[INFO]  Image 100 elapsed time: 0.034287 s , fps: 29.165678
[INFO]  filter boxes by confidence threshold > 0.001000 success, boxes size is 9
[INFO]  filter boxes by NMS threshold > 0.450000 success, result size is 1
[INFO]  object detect [0.720215:SO] success
[INFO]  Image 101 elapsed time: 0.034654 s , fps: 28.857092
[INFO]  filter boxes by confidence threshold > 0.001000 success, boxes size is 24
[INFO]  filter boxes by NMS threshold > 0.450000 success, result size is 4
[INFO]  object detect [0.739746:SO] success
[INFO]  object detect [0.072510:SO] success
[INFO]  object detect [0.002571:SO] success
[INFO]  object detect [0.001816:SO] success
[INFO]  Image 102 elapsed time: 0.053223 s , fps: 18.789011
[INFO]  filter boxes by confidence threshold > 0.001000 success, boxes size is 16
[INFO]  filter boxes by NMS threshold > 0.450000 success, result size is 7
[INFO]  object detect [0.705566:SO] success
[INFO]  object detect [0.548828:SO] success
[INFO]  object detect [0.547852:SO] success
[INFO]  object detect [0.002869:SO] success
[INFO]  object detect [0.001400:SO] success
[INFO]  object detect [0.001125:SO] success
[INFO]  object detect [0.001086:SO] success
[INFO]  Image 103 elapsed time: 0.035346 s , fps: 28.291365
[INFO]  filter boxes by confidence threshold > 0.001000 success, boxes size is 18
[INFO]  filter boxes by NMS threshold > 0.450000 success, result size is 5
[INFO]  object detect [0.804688:SO] success
[INFO]  object detect [0.750000:SO] success
[INFO]  object detect [0.050293:SO] success
[INFO]  object detect [0.014832:SO] success
[INFO]  object detect [0.001384:SO] success
[INFO]  Image 104 elapsed time: 0.037822 s , fps: 26.439401
[INFO]  filter boxes by confidence threshold > 0.001000 success, boxes size is 20
[INFO]  filter boxes by NMS threshold > 0.450000 success, result size is 7
[INFO]  object detect [0.709473:SO] success
[INFO]  object detect [0.703613:SO] success
[INFO]  object detect [0.008186:SO] success
[INFO]  object detect [0.008125:SO] success
[INFO]  object detect [0.002333:SO] success
[INFO]  object detect [0.001549:SO] success
[INFO]  object detect [0.001404:SO] success
[INFO]  Image 105 elapsed time: 0.033081 s , fps: 30.229034
[INFO]  filter boxes by confidence threshold > 0.001000 success, boxes size is 20
[INFO]  filter boxes by NMS threshold > 0.450000 success, result size is 7
[INFO]  object detect [0.632812:SO] success
[INFO]  object detect [0.600098:SO] success
[INFO]  object detect [0.554688:SO] success
[INFO]  object detect [0.177734:SO] success
[INFO]  object detect [0.039337:SO] success
[INFO]  object detect [0.004486:SO] success
[INFO]  object detect [0.002050:SO] success
[INFO]  Image 106 elapsed time: 0.033864 s , fps: 29.529596
[INFO]  filter boxes by confidence threshold > 0.001000 success, boxes size is 15
[INFO]  filter boxes by NMS threshold > 0.450000 success, result size is 2
[INFO]  object detect [0.728516:SO] success
[INFO]  object detect [0.379639:SO] success
[INFO]  Image 107 elapsed time: 0.034197 s , fps: 29.242454
[INFO]  filter boxes by confidence threshold > 0.001000 success, boxes size is 19
[INFO]  filter boxes by NMS threshold > 0.450000 success, result size is 5
[INFO]  object detect [0.625977:SO] success
[INFO]  object detect [0.593262:SO] success
[INFO]  object detect [0.489258:SO] success
[INFO]  object detect [0.003525:SO] success
[INFO]  object detect [0.001610:SO] success
[INFO]  Image 108 elapsed time: 0.034379 s , fps: 29.087117
[INFO]  filter boxes by confidence threshold > 0.001000 success, boxes size is 11
[INFO]  filter boxes by NMS threshold > 0.450000 success, result size is 2
[INFO]  object detect [0.617188:SO] success
[INFO]  object detect [0.002350:SO] success
[INFO]  Image 109 elapsed time: 0.034373 s , fps: 29.092317
[INFO]  filter boxes by confidence threshold > 0.001000 success, boxes size is 28
[INFO]  filter boxes by NMS threshold > 0.450000 success, result size is 10
[INFO]  object detect [0.545410:SO] success
[INFO]  object detect [0.224121:SO] success
[INFO]  object detect [0.008347:SO] success
[INFO]  object detect [0.003754:SO] success
[INFO]  object detect [0.003471:SO] success
[INFO]  object detect [0.003349:SO] success
[INFO]  object detect [0.001839:SO] success
[INFO]  object detect [0.001804:SO] success
[INFO]  object detect [0.001567:SO] success
[INFO]  object detect [0.001102:SO] success
[INFO]  Image 110 elapsed time: 0.034703 s , fps: 28.815635
[INFO]  filter boxes by confidence threshold > 0.001000 success, boxes size is 8
[INFO]  filter boxes by NMS threshold > 0.450000 success, result size is 3
[INFO]  object detect [0.598145:SO] success
[INFO]  object detect [0.026321:SO] success
[INFO]  object detect [0.001740:SO] success
[INFO]  Image 111 elapsed time: 0.034415 s , fps: 29.056917
[INFO]  filter boxes by confidence threshold > 0.001000 success, boxes size is 4
[INFO]  filter boxes by NMS threshold > 0.450000 success, result size is 1
[INFO]  object detect [0.683105:SO] success
[INFO]  Image 112 elapsed time: 0.030245 s , fps: 33.062892
[INFO]  filter boxes by confidence threshold > 0.001000 success, boxes size is 60
[INFO]  filter boxes by NMS threshold > 0.450000 success, result size is 29
[INFO]  object detect [0.689941:SO] success
[INFO]  object detect [0.543457:SO] success
[INFO]  object detect [0.173340:SO] success
[INFO]  object detect [0.066223:SO] success
[INFO]  object detect [0.058594:SO] success
[INFO]  object detect [0.052002:SO] success
[INFO]  object detect [0.046478:SO] success
[INFO]  object detect [0.029602:SO] success
[INFO]  object detect [0.015671:SO] success
[INFO]  object detect [0.010094:SO] success
[INFO]  object detect [0.008186:SO] success
[INFO]  object detect [0.005306:SO] success
[INFO]  object detect [0.005005:SO] success
[INFO]  object detect [0.004501:SO] success
[INFO]  object detect [0.004181:SO] success
[INFO]  object detect [0.004150:SO] success
[INFO]  object detect [0.003853:SO] success
[INFO]  object detect [0.003109:SO] success
[INFO]  object detect [0.002226:SO] success
[INFO]  object detect [0.002192:SO] success
[INFO]  object detect [0.001934:SO] success
[INFO]  object detect [0.001890:SO] success
[INFO]  object detect [0.001635:SO] success
[INFO]  object detect [0.001461:SO] success
[INFO]  object detect [0.001410:SO] success
[INFO]  object detect [0.001235:SO] success
[INFO]  object detect [0.001231:SO] success
[INFO]  object detect [0.001057:SO] success
[INFO]  object detect [0.001017:SO] success
[INFO]  Image 113 elapsed time: 0.034816 s , fps: 28.722299
[INFO]  filter boxes by confidence threshold > 0.001000 success, boxes size is 13
[INFO]  filter boxes by NMS threshold > 0.450000 success, result size is 2
[INFO]  object detect [0.677734:SO] success
[INFO]  object detect [0.007874:SO] success
[INFO]  Image 114 elapsed time: 0.035188 s , fps: 28.418448
[INFO]  filter boxes by confidence threshold > 0.001000 success, boxes size is 13
[INFO]  filter boxes by NMS threshold > 0.450000 success, result size is 2
[INFO]  object detect [0.739746:SO] success
[INFO]  object detect [0.001192:SO] success
[INFO]  Image 115 elapsed time: 0.035480 s , fps: 28.185243
[INFO]  filter boxes by confidence threshold > 0.001000 success, boxes size is 12
[INFO]  filter boxes by NMS threshold > 0.450000 success, result size is 8
[INFO]  object detect [0.011780:SO] success
[INFO]  object detect [0.010864:SO] success
[INFO]  object detect [0.006664:SO] success
[INFO]  object detect [0.002853:SO] success
[INFO]  object detect [0.001781:SO] success
[INFO]  object detect [0.001586:SO] success
[INFO]  object detect [0.001373:SO] success
[INFO]  object detect [0.001053:SO] success
[INFO]  Image 116 elapsed time: 0.051863 s , fps: 19.281593
[INFO]  filter boxes by confidence threshold > 0.001000 success, boxes size is 28
[INFO]  filter boxes by NMS threshold > 0.450000 success, result size is 7
[INFO]  object detect [0.656250:SO] success
[INFO]  object detect [0.033661:SO] success
[INFO]  object detect [0.012634:SO] success
[INFO]  object detect [0.008415:SO] success
[INFO]  object detect [0.007095:SO] success
[INFO]  object detect [0.005817:SO] success
[INFO]  object detect [0.005447:SO] success
[INFO]  Image 117 elapsed time: 0.039522 s , fps: 25.302238
[INFO]  filter boxes by confidence threshold > 0.001000 success, boxes size is 4
[INFO]  filter boxes by NMS threshold > 0.450000 success, result size is 1
[INFO]  object detect [0.625977:SO] success
[INFO]  Image 118 elapsed time: 0.035243 s , fps: 28.374183
[INFO]  filter boxes by confidence threshold > 0.001000 success, boxes size is 10
[INFO]  filter boxes by NMS threshold > 0.450000 success, result size is 4
[INFO]  object detect [0.724121:SO] success
[INFO]  object detect [0.204956:SO] success
[INFO]  object detect [0.006004:SO] success
[INFO]  object detect [0.003134:SO] success
[INFO]  Image 119 elapsed time: 0.030602 s , fps: 32.677294
[INFO]  filter boxes by confidence threshold > 0.001000 success, boxes size is 25
[INFO]  filter boxes by NMS threshold > 0.450000 success, result size is 2
[INFO]  object detect [0.805664:SO] success
[INFO]  object detect [0.738281:SO] success
[INFO]  Image 120 elapsed time: 0.034086 s , fps: 29.337576
[INFO]  filter boxes by confidence threshold > 0.001000 success, boxes size is 30
[INFO]  filter boxes by NMS threshold > 0.450000 success, result size is 17
[INFO]  object detect [0.725098:SO] success
[INFO]  object detect [0.605469:SO] success
[INFO]  object detect [0.584473:SO] success
[INFO]  object detect [0.421875:SO] success
[INFO]  object detect [0.414307:SO] success
[INFO]  object detect [0.392334:SO] success
[INFO]  object detect [0.336670:SO] success
[INFO]  object detect [0.274902:SO] success
[INFO]  object detect [0.255371:SO] success
[INFO]  object detect [0.056641:SO] success
[INFO]  object detect [0.021225:SO] success
[INFO]  object detect [0.010338:SO] success
[INFO]  object detect [0.005707:SO] success
[INFO]  object detect [0.002424:SO] success
[INFO]  object detect [0.002243:SO] success
[INFO]  object detect [0.001245:SO] success
[INFO]  object detect [0.001048:SO] success
[INFO]  Image 121 elapsed time: 0.034898 s , fps: 28.655237
[INFO]  filter boxes by confidence threshold > 0.001000 success, boxes size is 23
[INFO]  filter boxes by NMS threshold > 0.450000 success, result size is 13
[INFO]  object detect [0.528320:SO] success
[INFO]  object detect [0.518555:SO] success
[INFO]  object detect [0.327148:SO] success
[INFO]  object detect [0.096924:SO] success
[INFO]  object detect [0.012199:SO] success
[INFO]  object detect [0.008156:SO] success
[INFO]  object detect [0.003914:SO] success
[INFO]  object detect [0.003639:SO] success
[INFO]  object detect [0.002050:SO] success
[INFO]  object detect [0.001957:SO] success
[INFO]  object detect [0.001221:SO] success
[INFO]  object detect [0.001164:SO] success
[INFO]  object detect [0.001121:SO] success
[INFO]  Image 122 elapsed time: 0.036393 s , fps: 27.477821
[INFO]  filter boxes by confidence threshold > 0.001000 success, boxes size is 26
[INFO]  filter boxes by NMS threshold > 0.450000 success, result size is 10
[INFO]  object detect [0.590820:SO] success
[INFO]  object detect [0.285400:SO] success
[INFO]  object detect [0.005955:SO] success
[INFO]  object detect [0.005554:SO] success
[INFO]  object detect [0.003780:SO] success
[INFO]  object detect [0.002602:SO] success
[INFO]  object detect [0.002531:SO] success
[INFO]  object detect [0.002108:SO] success
[INFO]  object detect [0.001628:SO] success
[INFO]  object detect [0.001151:SO] success
[INFO]  Image 123 elapsed time: 0.035121 s , fps: 28.473017
[INFO]  filter boxes by confidence threshold > 0.001000 success, boxes size is 10
[INFO]  filter boxes by NMS threshold > 0.450000 success, result size is 5
[INFO]  object detect [0.732422:SO] success
[INFO]  object detect [0.667480:SO] success
[INFO]  object detect [0.043213:SO] success
[INFO]  object detect [0.002684:SO] success
[INFO]  object detect [0.001289:SO] success
[INFO]  Image 124 elapsed time: 0.033040 s , fps: 30.266718
[INFO]  filter boxes by confidence threshold > 0.001000 success, boxes size is 26
[INFO]  filter boxes by NMS threshold > 0.450000 success, result size is 10
[INFO]  object detect [0.772461:SO] success
[INFO]  object detect [0.022217:SO] success
[INFO]  object detect [0.004593:SO] success
[INFO]  object detect [0.003838:SO] success
[INFO]  object detect [0.003309:SO] success
[INFO]  object detect [0.002562:SO] success
[INFO]  object detect [0.002455:SO] success
[INFO]  object detect [0.001518:SO] success
[INFO]  object detect [0.001340:SO] success
[INFO]  object detect [0.001294:SO] success
[INFO]  Image 125 elapsed time: 0.035854 s , fps: 27.890938
[INFO]  filter boxes by confidence threshold > 0.001000 success, boxes size is 9
[INFO]  filter boxes by NMS threshold > 0.450000 success, result size is 6
[INFO]  object detect [0.647949:SO] success
[INFO]  object detect [0.014954:SO] success
[INFO]  object detect [0.008034:SO] success
[INFO]  object detect [0.004738:SO] success
[INFO]  object detect [0.001694:SO] success
[INFO]  object detect [0.001489:SO] success
[INFO]  Image 126 elapsed time: 0.036758 s , fps: 27.204814
[INFO]  filter boxes by confidence threshold > 0.001000 success, boxes size is 14
[INFO]  filter boxes by NMS threshold > 0.450000 success, result size is 5
[INFO]  object detect [0.601562:SO] success
[INFO]  object detect [0.038513:SO] success
[INFO]  object detect [0.002333:SO] success
[INFO]  object detect [0.001567:SO] success
[INFO]  object detect [0.001377:SO] success
[INFO]  Image 127 elapsed time: 0.034472 s , fps: 29.009398
[INFO]  filter boxes by confidence threshold > 0.001000 success, boxes size is 14
[INFO]  filter boxes by NMS threshold > 0.450000 success, result size is 5
[INFO]  object detect [0.619629:SO] success
[INFO]  object detect [0.108765:SO] success
[INFO]  object detect [0.018585:SO] success
[INFO]  object detect [0.004539:SO] success
[INFO]  object detect [0.001305:SO] success
[INFO]  Image 128 elapsed time: 0.034673 s , fps: 28.840705
[INFO]  filter boxes by confidence threshold > 0.001000 success, boxes size is 2
[INFO]  filter boxes by NMS threshold > 0.450000 success, result size is 2
[INFO]  object detect [0.654297:SO] success
[INFO]  object detect [0.003525:SO] success
[INFO]  Image 129 elapsed time: 0.036347 s , fps: 27.512218
[INFO]  filter boxes by confidence threshold > 0.001000 success, boxes size is 43
[INFO]  filter boxes by NMS threshold > 0.450000 success, result size is 26
[INFO]  object detect [0.428223:SO] success
[INFO]  object detect [0.314453:SO] success
[INFO]  object detect [0.103760:SO] success
[INFO]  object detect [0.048950:SO] success
[INFO]  object detect [0.045135:SO] success
[INFO]  object detect [0.019043:SO] success
[INFO]  object detect [0.014389:SO] success
[INFO]  object detect [0.013474:SO] success
[INFO]  object detect [0.012199:SO] success
[INFO]  object detect [0.010170:SO] success
[INFO]  object detect [0.007904:SO] success
[INFO]  object detect [0.005020:SO] success
[INFO]  object detect [0.004963:SO] success
[INFO]  object detect [0.004417:SO] success
[INFO]  object detect [0.003693:SO] success
[INFO]  object detect [0.003098:SO] success
[INFO]  object detect [0.003006:SO] success
[INFO]  object detect [0.002174:SO] success
[INFO]  object detect [0.002125:SO] success
[INFO]  object detect [0.001881:SO] success
[INFO]  object detect [0.001544:SO] success
[INFO]  object detect [0.001449:SO] success
[INFO]  object detect [0.001357:SO] success
[INFO]  object detect [0.001259:SO] success
[INFO]  object detect [0.001205:SO] success
[INFO]  object detect [0.001156:SO] success
[INFO]  Image 130 elapsed time: 0.050764 s , fps: 19.699062
[INFO]  filter boxes by confidence threshold > 0.001000 success, boxes size is 2
[INFO]  filter boxes by NMS threshold > 0.450000 success, result size is 1
[INFO]  object detect [0.222168:SO] success
[INFO]  Image 131 elapsed time: 0.029674 s , fps: 33.699788
[INFO]  filter boxes by confidence threshold > 0.001000 success, boxes size is 13
[INFO]  filter boxes by NMS threshold > 0.450000 success, result size is 6
[INFO]  object detect [0.699707:SO] success
[INFO]  object detect [0.664062:SO] success
[INFO]  object detect [0.104187:SO] success
[INFO]  object detect [0.004433:SO] success
[INFO]  object detect [0.002270:SO] success
[INFO]  object detect [0.001069:SO] success
[INFO]  Image 132 elapsed time: 0.034536 s , fps: 28.955707
[INFO]  filter boxes by confidence threshold > 0.001000 success, boxes size is 23
[INFO]  filter boxes by NMS threshold > 0.450000 success, result size is 13
[INFO]  object detect [0.653809:SO] success
[INFO]  object detect [0.087891:SO] success
[INFO]  object detect [0.057312:SO] success
[INFO]  object detect [0.011559:SO] success
[INFO]  object detect [0.009232:SO] success
[INFO]  object detect [0.004250:SO] success
[INFO]  object detect [0.003719:SO] success
[INFO]  object detect [0.003017:SO] success
[INFO]  object detect [0.002823:SO] success
[INFO]  object detect [0.002174:SO] success
[INFO]  object detect [0.001479:SO] success
[INFO]  object detect [0.001212:SO] success
[INFO]  object detect [0.001133:SO] success
[INFO]  Image 133 elapsed time: 0.036562 s , fps: 27.350669
[INFO]  filter boxes by confidence threshold > 0.001000 success, boxes size is 8
[INFO]  filter boxes by NMS threshold > 0.450000 success, result size is 2
[INFO]  object detect [0.654297:SO] success
[INFO]  object detect [0.003147:SO] success
[INFO]  Image 134 elapsed time: 0.035375 s , fps: 28.268488
[INFO]  filter boxes by confidence threshold > 0.001000 success, boxes size is 12
[INFO]  filter boxes by NMS threshold > 0.450000 success, result size is 3
[INFO]  object detect [0.693848:SO] success
[INFO]  object detect [0.012772:SO] success
[INFO]  object detect [0.010094:SO] success
[INFO]  Image 135 elapsed time: 0.036773 s , fps: 27.193670
[INFO]  filter boxes by confidence threshold > 0.001000 success, boxes size is 21
[INFO]  filter boxes by NMS threshold > 0.450000 success, result size is 2
[INFO]  object detect [0.712891:SO] success
[INFO]  object detect [0.014008:SO] success
[INFO]  Image 136 elapsed time: 0.033822 s , fps: 29.566393
[INFO]  filter boxes by confidence threshold > 0.001000 success, boxes size is 25
[INFO]  filter boxes by NMS threshold > 0.450000 success, result size is 6
[INFO]  object detect [0.722168:SO] success
[INFO]  object detect [0.042084:SO] success
[INFO]  object detect [0.022705:SO] success
[INFO]  object detect [0.009483:SO] success
[INFO]  object detect [0.002562:SO] success
[INFO]  object detect [0.001449:SO] success
[INFO]  Image 137 elapsed time: 0.034107 s , fps: 29.319888
[INFO]  filter boxes by confidence threshold > 0.001000 success, boxes size is 6
[INFO]  filter boxes by NMS threshold > 0.450000 success, result size is 5
[INFO]  object detect [0.108215:SO] success
[INFO]  object detect [0.009232:SO] success
[INFO]  object detect [0.004250:SO] success
[INFO]  object detect [0.003990:SO] success
[INFO]  object detect [0.001121:SO] success
[INFO]  Image 138 elapsed time: 0.036845 s , fps: 27.140822
[INFO]  filter boxes by confidence threshold > 0.001000 success, boxes size is 20
[INFO]  filter boxes by NMS threshold > 0.450000 success, result size is 4
[INFO]  object detect [0.798828:SO] success
[INFO]  object detect [0.237061:SO] success
[INFO]  object detect [0.028656:SO] success
[INFO]  object detect [0.001017:SO] success
[INFO]  Image 139 elapsed time: 0.036568 s , fps: 27.346524
[INFO]  filter boxes by confidence threshold > 0.001000 success, boxes size is 12
[INFO]  filter boxes by NMS threshold > 0.450000 success, result size is 7
[INFO]  object detect [0.701172:SO] success
[INFO]  object detect [0.475586:SO] success
[INFO]  object detect [0.318604:SO] success
[INFO]  object detect [0.278320:SO] success
[INFO]  object detect [0.173828:SO] success
[INFO]  object detect [0.084961:SO] success
[INFO]  object detect [0.001255:SO] success
[INFO]  Image 140 elapsed time: 0.029352 s , fps: 34.068889
[INFO]  filter boxes by confidence threshold > 0.001000 success, boxes size is 8
[INFO]  filter boxes by NMS threshold > 0.450000 success, result size is 2
[INFO]  object detect [0.748047:SO] success
[INFO]  object detect [0.003471:SO] success
[INFO]  Image 141 elapsed time: 0.028737 s , fps: 34.797771
[INFO]  filter boxes by confidence threshold > 0.001000 success, boxes size is 23
[INFO]  filter boxes by NMS threshold > 0.450000 success, result size is 5
[INFO]  object detect [0.826172:SO] success
[INFO]  object detect [0.750000:SO] success
[INFO]  object detect [0.069275:SO] success
[INFO]  object detect [0.005322:SO] success
[INFO]  object detect [0.001579:SO] success
[INFO]  Image 142 elapsed time: 0.035025 s , fps: 28.551382
[INFO]  filter boxes by confidence threshold > 0.001000 success, boxes size is 9
[INFO]  filter boxes by NMS threshold > 0.450000 success, result size is 2
[INFO]  object detect [0.632812:SO] success
[INFO]  object detect [0.002592:SO] success
[INFO]  Image 143 elapsed time: 0.036025 s , fps: 27.758594
[INFO]  filter boxes by confidence threshold > 0.001000 success, boxes size is 30
[INFO]  filter boxes by NMS threshold > 0.450000 success, result size is 6
[INFO]  object detect [0.755371:SO] success
[INFO]  object detect [0.690918:SO] success
[INFO]  object detect [0.155640:SO] success
[INFO]  object detect [0.004417:SO] success
[INFO]  object detect [0.002140:SO] success
[INFO]  object detect [0.002100:SO] success
[INFO]  Image 144 elapsed time: 0.052400 s , fps: 19.083892
[INFO]  filter boxes by confidence threshold > 0.001000 success, boxes size is 14
[INFO]  filter boxes by NMS threshold > 0.450000 success, result size is 3
[INFO]  object detect [0.652344:SO] success
[INFO]  object detect [0.004517:SO] success
[INFO]  object detect [0.002899:SO] success
[INFO]  Image 145 elapsed time: 0.033949 s , fps: 29.455698
[INFO]  filter boxes by confidence threshold > 0.001000 success, boxes size is 20
[INFO]  filter boxes by NMS threshold > 0.450000 success, result size is 10
[INFO]  object detect [0.600586:SO] success
[INFO]  object detect [0.595703:SO] success
[INFO]  object detect [0.010986:SO] success
[INFO]  object detect [0.005867:SO] success
[INFO]  object detect [0.005062:SO] success
[INFO]  object detect [0.002472:SO] success
[INFO]  object detect [0.002216:SO] success
[INFO]  object detect [0.001762:SO] success
[INFO]  object detect [0.001688:SO] success
[INFO]  object detect [0.001495:SO] success
[INFO]  Image 146 elapsed time: 0.035900 s , fps: 27.855249
[INFO]  filter boxes by confidence threshold > 0.001000 success, boxes size is 19
[INFO]  filter boxes by NMS threshold > 0.450000 success, result size is 5
[INFO]  object detect [0.656250:SO] success
[INFO]  object detect [0.004299:SO] success
[INFO]  object detect [0.002890:SO] success
[INFO]  object detect [0.001720:SO] success
[INFO]  object detect [0.001377:SO] success
[INFO]  Image 147 elapsed time: 0.038120 s , fps: 26.232727
[INFO]  filter boxes by confidence threshold > 0.001000 success, boxes size is 15
[INFO]  filter boxes by NMS threshold > 0.450000 success, result size is 3
[INFO]  object detect [0.652344:SO] success
[INFO]  object detect [0.067444:SO] success
[INFO]  object detect [0.001309:SO] success
[INFO]  Image 148 elapsed time: 0.035343 s , fps: 28.294450
[INFO]  filter boxes by confidence threshold > 0.001000 success, boxes size is 5
[INFO]  filter boxes by NMS threshold > 0.450000 success, result size is 2
[INFO]  object detect [0.628906:SO] success
[INFO]  object detect [0.003609:SO] success
[INFO]  Image 149 elapsed time: 0.035127 s , fps: 28.467731
[INFO]  filter boxes by confidence threshold > 0.001000 success, boxes size is 18
[INFO]  filter boxes by NMS threshold > 0.450000 success, result size is 5
[INFO]  object detect [0.725098:SO] success
[INFO]  object detect [0.063354:SO] success
[INFO]  object detect [0.058228:SO] success
[INFO]  object detect [0.012970:SO] success
[INFO]  object detect [0.001300:SO] success
[INFO]  Image 150 elapsed time: 0.035379 s , fps: 28.264992
[INFO]  filter boxes by confidence threshold > 0.001000 success, boxes size is 12
[INFO]  filter boxes by NMS threshold > 0.450000 success, result size is 1
[INFO]  object detect [0.726562:SO] success
[INFO]  Image 151 elapsed time: 0.034288 s , fps: 29.165040
[INFO]  filter boxes by confidence threshold > 0.001000 success, boxes size is 24
[INFO]  filter boxes by NMS threshold > 0.450000 success, result size is 12
[INFO]  object detect [0.685547:SO] success
[INFO]  object detect [0.222168:SO] success
[INFO]  object detect [0.017242:SO] success
[INFO]  object detect [0.010895:SO] success
[INFO]  object detect [0.008606:SO] success
[INFO]  object detect [0.005184:SO] success
[INFO]  object detect [0.001648:SO] success
[INFO]  object detect [0.001449:SO] success
[INFO]  object detect [0.001445:SO] success
[INFO]  object detect [0.001099:SO] success
[INFO]  object detect [0.001095:SO] success
[INFO]  object detect [0.001078:SO] success
[INFO]  Image 152 elapsed time: 0.034396 s , fps: 29.073075
[INFO]  filter boxes by confidence threshold > 0.001000 success, boxes size is 11
[INFO]  filter boxes by NMS threshold > 0.450000 success, result size is 3
[INFO]  object detect [0.560547:SO] success
[INFO]  object detect [0.426514:SO] success
[INFO]  object detect [0.002653:SO] success
[INFO]  Image 153 elapsed time: 0.032446 s , fps: 30.820184
[INFO]  filter boxes by confidence threshold > 0.001000 success, boxes size is 3
[INFO]  filter boxes by NMS threshold > 0.450000 success, result size is 2
[INFO]  object detect [0.690918:SO] success
[INFO]  object detect [0.002424:SO] success
[INFO]  Image 154 elapsed time: 0.032830 s , fps: 30.459902
[INFO]  filter boxes by confidence threshold > 0.001000 success, boxes size is 25
[INFO]  filter boxes by NMS threshold > 0.450000 success, result size is 4
[INFO]  object detect [0.815430:SO] success
[INFO]  object detect [0.738281:SO] success
[INFO]  object detect [0.002125:SO] success
[INFO]  object detect [0.001197:SO] success
[INFO]  Image 155 elapsed time: 0.034382 s , fps: 29.084684
[INFO]  filter boxes by confidence threshold > 0.001000 success, boxes size is 7
[INFO]  filter boxes by NMS threshold > 0.450000 success, result size is 2
[INFO]  object detect [0.558594:SO] success
[INFO]  object detect [0.003273:SO] success
[INFO]  Image 156 elapsed time: 0.033415 s , fps: 29.926967
[INFO]  filter boxes by confidence threshold > 0.001000 success, boxes size is 8
[INFO]  filter boxes by NMS threshold > 0.450000 success, result size is 3
[INFO]  object detect [0.581055:SO] success
[INFO]  object detect [0.006691:SO] success
[INFO]  object detect [0.003017:SO] success
[INFO]  Image 157 elapsed time: 0.031332 s , fps: 31.915991
[INFO]  filter boxes by confidence threshold > 0.001000 success, boxes size is 39
[INFO]  filter boxes by NMS threshold > 0.450000 success, result size is 5
[INFO]  object detect [0.778320:SO] success
[INFO]  object detect [0.731934:SO] success
[INFO]  object detect [0.674316:SO] success
[INFO]  object detect [0.001774:SO] success
[INFO]  object detect [0.001090:SO] success
[INFO]  Image 158 elapsed time: 0.049538 s , fps: 20.186460
[INFO]  filter boxes by confidence threshold > 0.001000 success, boxes size is 19
[INFO]  filter boxes by NMS threshold > 0.450000 success, result size is 8
[INFO]  object detect [0.454590:SO] success
[INFO]  object detect [0.324951:SO] success
[INFO]  object detect [0.088074:SO] success
[INFO]  object detect [0.002531:SO] success
[INFO]  object detect [0.002424:SO] success
[INFO]  object detect [0.002415:SO] success
[INFO]  object detect [0.001713:SO] success
[INFO]  object detect [0.001102:SO] success
[INFO]  Image 159 elapsed time: 0.033846 s , fps: 29.545756
[INFO]  filter boxes by confidence threshold > 0.001000 success, boxes size is 19
[INFO]  filter boxes by NMS threshold > 0.450000 success, result size is 3
[INFO]  object detect [0.673340:SO] success
[INFO]  object detect [0.615234:SO] success
[INFO]  object detect [0.446289:SO] success
[INFO]  Image 160 elapsed time: 0.033702 s , fps: 29.671815
[INFO]  filter boxes by confidence threshold > 0.001000 success, boxes size is 32
[INFO]  filter boxes by NMS threshold > 0.450000 success, result size is 2
[INFO]  object detect [0.856445:SO] success
[INFO]  object detect [0.816406:SO] success
[INFO]  Image 161 elapsed time: 0.032244 s , fps: 31.013965
[INFO]  filter boxes by confidence threshold > 0.001000 success, boxes size is 18
[INFO]  filter boxes by NMS threshold > 0.450000 success, result size is 5
[INFO]  object detect [0.776367:SO] success
[INFO]  object detect [0.713379:SO] success
[INFO]  object detect [0.001965:SO] success
[INFO]  object detect [0.001597:SO] success
[INFO]  object detect [0.001266:SO] success
[INFO]  Image 162 elapsed time: 0.034334 s , fps: 29.125593
[INFO]  filter boxes by confidence threshold > 0.001000 success, boxes size is 14
[INFO]  filter boxes by NMS threshold > 0.450000 success, result size is 7
[INFO]  object detect [0.729980:SO] success
[INFO]  object detect [0.027283:SO] success
[INFO]  object detect [0.011780:SO] success
[INFO]  object detect [0.010010:SO] success
[INFO]  object detect [0.005238:SO] success
[INFO]  object detect [0.001898:SO] success
[INFO]  object detect [0.001549:SO] success
[INFO]  Image 163 elapsed time: 0.034392 s , fps: 29.076439
[INFO]  filter boxes by confidence threshold > 0.001000 success, boxes size is 14
[INFO]  filter boxes by NMS threshold > 0.450000 success, result size is 3
[INFO]  object detect [0.734863:SO] success
[INFO]  object detect [0.009018:SO] success
[INFO]  object detect [0.001175:SO] success
[INFO]  Image 164 elapsed time: 0.032997 s , fps: 30.306028
[INFO]  filter boxes by confidence threshold > 0.001000 success, boxes size is 21
[INFO]  filter boxes by NMS threshold > 0.450000 success, result size is 5
[INFO]  object detect [0.722168:SO] success
[INFO]  object detect [0.662109:SO] success
[INFO]  object detect [0.635254:SO] success
[INFO]  object detect [0.013275:SO] success
[INFO]  object detect [0.002602:SO] success
[INFO]  Image 165 elapsed time: 0.032633 s , fps: 30.643845
[INFO]  filter boxes by confidence threshold > 0.001000 success, boxes size is 20
[INFO]  filter boxes by NMS threshold > 0.450000 success, result size is 5
[INFO]  object detect [0.790527:SO] success
[INFO]  object detect [0.697266:SO] success
[INFO]  object detect [0.007843:SO] success
[INFO]  object detect [0.003624:SO] success
[INFO]  object detect [0.002157:SO] success
[INFO]  Image 166 elapsed time: 0.034335 s , fps: 29.124444
[INFO]  filter boxes by confidence threshold > 0.001000 success, boxes size is 9
[INFO]  filter boxes by NMS threshold > 0.450000 success, result size is 5
[INFO]  object detect [0.181641:SO] success
[INFO]  object detect [0.114014:SO] success
[INFO]  object detect [0.013168:SO] success
[INFO]  object detect [0.001804:SO] success
[INFO]  object detect [0.001020:SO] success
[INFO]  Image 167 elapsed time: 0.035089 s , fps: 28.499271
[INFO]  filter boxes by confidence threshold > 0.001000 success, boxes size is 9
[INFO]  filter boxes by NMS threshold > 0.450000 success, result size is 3
[INFO]  object detect [0.400146:SO] success
[INFO]  object detect [0.333740:SO] success
[INFO]  object detect [0.009155:SO] success
[INFO]  Image 168 elapsed time: 0.034234 s , fps: 29.210832
[INFO]  filter boxes by confidence threshold > 0.001000 success, boxes size is 23
[INFO]  filter boxes by NMS threshold > 0.450000 success, result size is 2
[INFO]  object detect [0.874023:SO] success
[INFO]  object detect [0.066711:SO] success
[INFO]  Image 169 elapsed time: 0.035546 s , fps: 28.132661
[INFO]  filter boxes by confidence threshold > 0.001000 success, boxes size is 15
[INFO]  filter boxes by NMS threshold > 0.450000 success, result size is 2
[INFO]  object detect [0.789062:SO] success
[INFO]  object detect [0.727051:SO] success
[INFO]  Image 170 elapsed time: 0.035141 s , fps: 28.456491
[INFO]  filter boxes by confidence threshold > 0.001000 success, boxes size is 9
[INFO]  filter boxes by NMS threshold > 0.450000 success, result size is 2
[INFO]  object detect [0.589844:SO] success
[INFO]  object detect [0.001081:SO] success
[INFO]  Image 171 elapsed time: 0.035270 s , fps: 28.353048
[INFO]  filter boxes by confidence threshold > 0.001000 success, boxes size is 10
[INFO]  filter boxes by NMS threshold > 0.450000 success, result size is 5
[INFO]  object detect [0.734375:SO] success
[INFO]  object detect [0.629395:SO] success
[INFO]  object detect [0.002035:SO] success
[INFO]  object detect [0.001502:SO] success
[INFO]  object detect [0.001107:SO] success
[INFO]  Image 172 elapsed time: 0.053735 s , fps: 18.609930
[INFO]  filter boxes by confidence threshold > 0.001000 success, boxes size is 33
[INFO]  filter boxes by NMS threshold > 0.450000 success, result size is 7
[INFO]  object detect [0.425781:SO] success
[INFO]  object detect [0.027405:SO] success
[INFO]  object detect [0.020203:SO] success
[INFO]  object detect [0.018005:SO] success
[INFO]  object detect [0.003052:SO] success
[INFO]  object detect [0.001269:SO] success
[INFO]  object detect [0.001187:SO] success
[INFO]  Image 173 elapsed time: 0.034112 s , fps: 29.314858
[INFO]  filter boxes by confidence threshold > 0.001000 success, boxes size is 43
[INFO]  filter boxes by NMS threshold > 0.450000 success, result size is 6
[INFO]  object detect [0.782715:SO] success
[INFO]  object detect [0.726074:SO] success
[INFO]  object detect [0.669434:SO] success
[INFO]  object detect [0.002020:SO] success
[INFO]  object detect [0.001095:SO] success
[INFO]  object detect [0.001053:SO] success
[INFO]  Image 174 elapsed time: 0.036074 s , fps: 27.720632
[INFO]  filter boxes by confidence threshold > 0.001000 success, boxes size is 16
[INFO]  filter boxes by NMS threshold > 0.450000 success, result size is 9
[INFO]  object detect [0.606934:SO] success
[INFO]  object detect [0.019531:SO] success
[INFO]  object detect [0.012772:SO] success
[INFO]  object detect [0.004501:SO] success
[INFO]  object detect [0.003349:SO] success
[INFO]  object detect [0.002396:SO] success
[INFO]  object detect [0.001781:SO] success
[INFO]  object detect [0.001694:SO] success
[INFO]  object detect [0.001289:SO] success
[INFO]  Image 175 elapsed time: 0.036156 s , fps: 27.657795
[INFO]  filter boxes by confidence threshold > 0.001000 success, boxes size is 20
[INFO]  filter boxes by NMS threshold > 0.450000 success, result size is 6
[INFO]  object detect [0.746094:SO] success
[INFO]  object detect [0.740234:SO] success
[INFO]  object detect [0.576172:SO] success
[INFO]  object detect [0.003040:SO] success
[INFO]  object detect [0.001202:SO] success
[INFO]  object detect [0.001192:SO] success
[INFO]  Image 176 elapsed time: 0.034685 s , fps: 28.831022
[INFO]  filter boxes by confidence threshold > 0.001000 success, boxes size is 8
[INFO]  filter boxes by NMS threshold > 0.450000 success, result size is 3
[INFO]  object detect [0.697754:SO] success
[INFO]  object detect [0.685547:SO] success
[INFO]  object detect [0.011650:SO] success
[INFO]  Image 177 elapsed time: 0.033248 s , fps: 30.077328
[INFO]  filter boxes by confidence threshold > 0.001000 success, boxes size is 8
[INFO]  filter boxes by NMS threshold > 0.450000 success, result size is 3
[INFO]  object detect [0.472656:SO] success
[INFO]  object detect [0.288086:SO] success
[INFO]  object detect [0.007576:SO] success
[INFO]  Image 178 elapsed time: 0.032187 s , fps: 31.068589
[INFO]  filter boxes by confidence threshold > 0.001000 success, boxes size is 65
[INFO]  filter boxes by NMS threshold > 0.450000 success, result size is 11
[INFO]  object detect [0.827637:SO] success
[INFO]  object detect [0.740234:SO] success
[INFO]  object detect [0.714844:SO] success
[INFO]  object detect [0.158081:SO] success
[INFO]  object detect [0.006664:SO] success
[INFO]  object detect [0.003624:SO] success
[INFO]  object detect [0.001942:SO] success
[INFO]  object detect [0.001881:SO] success
[INFO]  object detect [0.001415:SO] success
[INFO]  object detect [0.001367:SO] success
[INFO]  object detect [0.001095:SO] success
[INFO]  Image 179 elapsed time: 0.035258 s , fps: 28.362178
[INFO]  filter boxes by confidence threshold > 0.001000 success, boxes size is 3
[INFO]  filter boxes by NMS threshold > 0.450000 success, result size is 1
[INFO]  object detect [0.699219:SO] success
[INFO]  Image 180 elapsed time: 0.033133 s , fps: 30.181383
[INFO]  filter boxes by confidence threshold > 0.001000 success, boxes size is 10
[INFO]  filter boxes by NMS threshold > 0.450000 success, result size is 3
[INFO]  object detect [0.673340:SO] success
[INFO]  object detect [0.006592:SO] success
[INFO]  object detect [0.002693:SO] success
[INFO]  Image 181 elapsed time: 0.033461 s , fps: 29.885751
[INFO]  filter boxes by confidence threshold > 0.001000 success, boxes size is 15
[INFO]  filter boxes by NMS threshold > 0.450000 success, result size is 2
[INFO]  object detect [0.710449:SO] success
[INFO]  object detect [0.446289:SO] success
[INFO]  Image 182 elapsed time: 0.034287 s , fps: 29.165731
[INFO]  filter boxes by confidence threshold > 0.001000 success, boxes size is 3
[INFO]  filter boxes by NMS threshold > 0.450000 success, result size is 1
[INFO]  object detect [0.005779:SO] success
[INFO]  Image 183 elapsed time: 0.034848 s , fps: 28.695993
[INFO]  filter boxes by confidence threshold > 0.001000 success, boxes size is 19
[INFO]  filter boxes by NMS threshold > 0.450000 success, result size is 8
[INFO]  object detect [0.644531:SO] success
[INFO]  object detect [0.189819:SO] success
[INFO]  object detect [0.007126:SO] success
[INFO]  object detect [0.007011:SO] success
[INFO]  object detect [0.005341:SO] success
[INFO]  object detect [0.003286:SO] success
[INFO]  object detect [0.002378:SO] success
[INFO]  object detect [0.001184:SO] success
[INFO]  Image 184 elapsed time: 0.029514 s , fps: 33.882580
[INFO]  filter boxes by confidence threshold > 0.001000 success, boxes size is 16
[INFO]  filter boxes by NMS threshold > 0.450000 success, result size is 2
[INFO]  object detect [0.504395:SO] success
[INFO]  object detect [0.003441:SO] success
[INFO]  Image 185 elapsed time: 0.031846 s , fps: 31.400653
[INFO]  filter boxes by confidence threshold > 0.001000 success, boxes size is 3
[INFO]  filter boxes by NMS threshold > 0.450000 success, result size is 1
[INFO]  object detect [0.491211:SO] success
[INFO]  Image 186 elapsed time: 0.044519 s , fps: 22.462137
[INFO]  filter boxes by confidence threshold > 0.001000 success, boxes size is 18
[INFO]  filter boxes by NMS threshold > 0.450000 success, result size is 2
[INFO]  object detect [0.746094:SO] success
[INFO]  object detect [0.745605:SO] success
[INFO]  Image 187 elapsed time: 0.044270 s , fps: 22.588913
[INFO]  filter boxes by confidence threshold > 0.001000 success, boxes size is 39
[INFO]  filter boxes by NMS threshold > 0.450000 success, result size is 9
[INFO]  object detect [0.468750:SO] success
[INFO]  object detect [0.332764:SO] success
[INFO]  object detect [0.307617:SO] success
[INFO]  object detect [0.267090:SO] success
[INFO]  object detect [0.178223:SO] success
[INFO]  object detect [0.031006:SO] success
[INFO]  object detect [0.007324:SO] success
[INFO]  object detect [0.002192:SO] success
[INFO]  object detect [0.001668:SO] success
[INFO]  Image 188 elapsed time: 0.043010 s , fps: 23.250221
[INFO]  filter boxes by confidence threshold > 0.001000 success, boxes size is 4
[INFO]  filter boxes by NMS threshold > 0.450000 success, result size is 2
[INFO]  object detect [0.232178:SO] success
[INFO]  object detect [0.001221:SO] success
[INFO]  Image 189 elapsed time: 0.035764 s , fps: 27.960769
[INFO]  filter boxes by confidence threshold > 0.001000 success, boxes size is 11
[INFO]  filter boxes by NMS threshold > 0.450000 success, result size is 3
[INFO]  object detect [0.708496:SO] success
[INFO]  object detect [0.018585:SO] success
[INFO]  object detect [0.004608:SO] success
[INFO]  Image 190 elapsed time: 0.036110 s , fps: 27.693316
[INFO]  filter boxes by confidence threshold > 0.001000 success, boxes size is 3
[INFO]  filter boxes by NMS threshold > 0.450000 success, result size is 1
[INFO]  object detect [0.636719:SO] success
[INFO]  Image 191 elapsed time: 0.030320 s , fps: 32.981629
[INFO]  filter boxes by confidence threshold > 0.001000 success, boxes size is 18
[INFO]  filter boxes by NMS threshold > 0.450000 success, result size is 8
[INFO]  object detect [0.744141:SO] success
[INFO]  object detect [0.035217:SO] success
[INFO]  object detect [0.004166:SO] success
[INFO]  object detect [0.003387:SO] success
[INFO]  object detect [0.002132:SO] success
[INFO]  object detect [0.001579:SO] success
[INFO]  object detect [0.001184:SO] success
[INFO]  object detect [0.001095:SO] success
[INFO]  Image 192 elapsed time: 0.033956 s , fps: 29.449824
[INFO]  filter boxes by confidence threshold > 0.001000 success, boxes size is 10
[INFO]  filter boxes by NMS threshold > 0.450000 success, result size is 3
[INFO]  object detect [0.656738:SO] success
[INFO]  object detect [0.624023:SO] success
[INFO]  object detect [0.008125:SO] success
[INFO]  Image 193 elapsed time: 0.029404 s , fps: 34.008880
[INFO]  filter boxes by confidence threshold > 0.001000 success, boxes size is 9
[INFO]  filter boxes by NMS threshold > 0.450000 success, result size is 3
[INFO]  object detect [0.636230:SO] success
[INFO]  object detect [0.163574:SO] success
[INFO]  object detect [0.002068:SO] success
[INFO]  Image 194 elapsed time: 0.032373 s , fps: 30.889503
[INFO]  filter boxes by confidence threshold > 0.001000 success, boxes size is 17
[INFO]  filter boxes by NMS threshold > 0.450000 success, result size is 7
[INFO]  object detect [0.677734:SO] success
[INFO]  object detect [0.314209:SO] success
[INFO]  object detect [0.023605:SO] success
[INFO]  object detect [0.006905:SO] success
[INFO]  object detect [0.006287:SO] success
[INFO]  object detect [0.001537:SO] success
[INFO]  object detect [0.001400:SO] success
[INFO]  Image 195 elapsed time: 0.035167 s , fps: 28.436126
[INFO]  filter boxes by confidence threshold > 0.001000 success, boxes size is 1
[INFO]  filter boxes by NMS threshold > 0.450000 success, result size is 1
[INFO]  object detect [0.001300:SO] success
[INFO]  Image 196 elapsed time: 0.034746 s , fps: 28.780578
[INFO]  filter boxes by confidence threshold > 0.001000 success, boxes size is 6
[INFO]  filter boxes by NMS threshold > 0.450000 success, result size is 1
[INFO]  object detect [0.594727:SO] success
[INFO]  Image 197 elapsed time: 0.035294 s , fps: 28.333232
[INFO]  filter boxes by confidence threshold > 0.001000 success, boxes size is 36
[INFO]  filter boxes by NMS threshold > 0.450000 success, result size is 11
[INFO]  object detect [0.604492:SO] success
[INFO]  object detect [0.016022:SO] success
[INFO]  object detect [0.012970:SO] success
[INFO]  object detect [0.005795:SO] success
[INFO]  object detect [0.003853:SO] success
[INFO]  object detect [0.002716:SO] success
[INFO]  object detect [0.002314:SO] success
[INFO]  object detect [0.001972:SO] success
[INFO]  object detect [0.001736:SO] success
[INFO]  object detect [0.001335:SO] success
[INFO]  object detect [0.001245:SO] success
[INFO]  Image 198 elapsed time: 0.033537 s , fps: 29.817598
[INFO]  filter boxes by confidence threshold > 0.001000 success, boxes size is 7
[INFO]  filter boxes by NMS threshold > 0.450000 success, result size is 2
[INFO]  object detect [0.307373:SO] success
[INFO]  object detect [0.008057:SO] success
[INFO]  Image 199 elapsed time: 0.035440 s , fps: 28.216824
[INFO]  filter boxes by confidence threshold > 0.001000 success, boxes size is 8
[INFO]  filter boxes by NMS threshold > 0.450000 success, result size is 4
[INFO]  object detect [0.791992:SO] success
[INFO]  object detect [0.582520:SO] success
[INFO]  object detect [0.003441:SO] success
[INFO]  object detect [0.001890:SO] success
[INFO]  Image 200 elapsed time: 0.052194 s , fps: 19.159450
[INFO]  Processed 200 images (excluding warmup), average FPS: 27.359109
[INFO]  Unload model ../model/bestv8sp2.om success
[INFO]  destroy context ok
[INFO]  Reset device 0 ok
[INFO]  Finalize acl ok
[INFO] 推理完成.
[INFO] 开始评估 mAP...
========== 评估结果 ==========
Precision: [    0.84228]
Recall: [    0.83502]
mAP@0.5: 0.8826647825680107
mAP@0.5:0.95: 0.4197054539604445
================================
[INFO] 评估完成.
======================================
 Run finished at Wed Aug 20 17:27:03 CST 2025
 Logs saved to /home/HwHiAiUser/gp/YOLO/logs/run_2025-08-20_17-26-35.log
======================================
