[INFO] 开始编译源代码...
-- set INC_PATH: /usr/local/Ascend/ascend-toolkit/latest
-- set LIB_PATH: /usr/local/Ascend/ascend-toolkit/latest/runtime/lib64/stub
-- set THIRDPART: /usr/local/Ascend/ascend-toolkit/latest/thirdpart
-- Configuring done
-- Generating done
-- Build files have been written to: /home/HwHiAiUser/gp/YOLO/src
Consolidate compiler generated dependencies of target main
[ 50%] Building CXX object CMakeFiles/main.dir/sampleYOLOV8.cpp.o
[100%] Linking CXX executable /home/HwHiAiUser/gp/YOLO/out/main
[100%] Built target main
[INFO] 编译完成.
[INFO] 开始推理...
[INFO]  Directory exists: ../output
[INFO]  Directory exists: ../output/images
[INFO]  Directory exists: ../output/labels
[INFO]  Acl init ok
[INFO]  Open device 0 ok
[INFO]  Use default context currently
[INFO]  dvpp init resource ok
[INFO]  Load model ../model/bestv8s.om success
[INFO]  Create model description success
[INFO]  Create model(../model/bestv8s.om) output success
[INFO]  Init model ../model/bestv8s.om success
[INFO]  filter boxes by confidence threshold > 0.001000 success, boxes size is 9
[INFO]  filter boxes by NMS threshold > 0.450000 success, result size is 5
[INFO]  object detect [0.206787:SO] success
[INFO]  object detect [0.068054:SO] success
[INFO]  object detect [0.036682:SO] success
[INFO]  object detect [0.003006:SO] success
[INFO]  object detect [0.001255:SO] success
[INFO]  Warmup (image 0) elapsed time: 0.067394 s , fps: 14.838149
[INFO]  filter boxes by confidence threshold > 0.001000 success, boxes size is 4
[INFO]  filter boxes by NMS threshold > 0.450000 success, result size is 3
[INFO]  object detect [0.012283:SO] success
[INFO]  object detect [0.005005:SO] success
[INFO]  object detect [0.002415:SO] success
[INFO]  Image 1 elapsed time: 0.030161 s , fps: 33.155413
[INFO]  filter boxes by confidence threshold > 0.001000 success, boxes size is 4
[INFO]  filter boxes by NMS threshold > 0.450000 success, result size is 1
[INFO]  object detect [0.712402:SO] success
[INFO]  Image 2 elapsed time: 0.036271 s , fps: 27.570299
[INFO]  filter boxes by confidence threshold > 0.001000 success, boxes size is 4
[INFO]  filter boxes by NMS threshold > 0.450000 success, result size is 3
[INFO]  object detect [0.625977:SO] success
[INFO]  object detect [0.019196:SO] success
[INFO]  object detect [0.001537:SO] success
[INFO]  Image 3 elapsed time: 0.030825 s , fps: 32.440678
[INFO]  filter boxes by confidence threshold > 0.001000 success, boxes size is 2
[INFO]  filter boxes by NMS threshold > 0.450000 success, result size is 2
[INFO]  object detect [0.726562:SO] success
[INFO]  object detect [0.001926:SO] success
[INFO]  Image 4 elapsed time: 0.028729 s , fps: 34.807892
[INFO]  filter boxes by confidence threshold > 0.001000 success, boxes size is 1
[INFO]  filter boxes by NMS threshold > 0.450000 success, result size is 1
[INFO]  object detect [0.025314:SO] success
[INFO]  Image 5 elapsed time: 0.045365 s , fps: 22.043636
[INFO]  filter boxes by confidence threshold > 0.001000 success, boxes size is 3
[INFO]  filter boxes by NMS threshold > 0.450000 success, result size is 1
[INFO]  object detect [0.206787:SO] success
[INFO]  Image 6 elapsed time: 0.034161 s , fps: 29.272849
[INFO]  filter boxes by confidence threshold > 0.001000 success, boxes size is 10
[INFO]  filter boxes by NMS threshold > 0.450000 success, result size is 1
[INFO]  object detect [0.862305:SO] success
[INFO]  Image 7 elapsed time: 0.033348 s , fps: 29.986425
[INFO]  filter boxes by confidence threshold > 0.001000 success, boxes size is 6
[INFO]  filter boxes by NMS threshold > 0.450000 success, result size is 1
[INFO]  object detect [0.017181:SO] success
[INFO]  Image 8 elapsed time: 0.029771 s , fps: 33.589918
[INFO]  filter boxes by confidence threshold > 0.001000 success, boxes size is 8
[INFO]  filter boxes by NMS threshold > 0.450000 success, result size is 7
[INFO]  object detect [0.120361:SO] success
[INFO]  object detect [0.010284:SO] success
[INFO]  object detect [0.005932:SO] success
[INFO]  object detect [0.003914:SO] success
[INFO]  object detect [0.001610:SO] success
[INFO]  object detect [0.001179:SO] success
[INFO]  object detect [0.001048:SO] success
[INFO]  Image 9 elapsed time: 0.030890 s , fps: 32.372415
[INFO]  filter boxes by confidence threshold > 0.001000 success, boxes size is 11
[INFO]  filter boxes by NMS threshold > 0.450000 success, result size is 4
[INFO]  object detect [0.725098:SO] success
[INFO]  object detect [0.494141:SO] success
[INFO]  object detect [0.204956:SO] success
[INFO]  object detect [0.037415:SO] success
[INFO]  Image 10 elapsed time: 0.033784 s , fps: 29.600002
[INFO]  filter boxes by confidence threshold > 0.001000 success, boxes size is 2
[INFO]  filter boxes by NMS threshold > 0.450000 success, result size is 1
[INFO]  object detect [0.755371:SO] success
[INFO]  Image 11 elapsed time: 0.029737 s , fps: 33.628064
[INFO]  filter boxes by confidence threshold > 0.001000 success, boxes size is 10
[INFO]  filter boxes by NMS threshold > 0.450000 success, result size is 2
[INFO]  object detect [0.848633:SO] success
[INFO]  object detect [0.003098:SO] success
[INFO]  Image 12 elapsed time: 0.025946 s , fps: 38.540968
[INFO]  filter boxes by confidence threshold > 0.001000 success, boxes size is 2
[INFO]  filter boxes by NMS threshold > 0.450000 success, result size is 1
[INFO]  object detect [0.001875:SO] success
[INFO]  Image 13 elapsed time: 0.029778 s , fps: 33.581904
[INFO]  filter boxes by confidence threshold > 0.001000 success, boxes size is 2
[INFO]  filter boxes by NMS threshold > 0.450000 success, result size is 1
[INFO]  object detect [0.135742:SO] success
[INFO]  Image 14 elapsed time: 0.029191 s , fps: 34.256721
[INFO]  filter boxes by confidence threshold > 0.001000 success, boxes size is 5
[INFO]  filter boxes by NMS threshold > 0.450000 success, result size is 2
[INFO]  object detect [0.795410:SO] success
[INFO]  object detect [0.632324:SO] success
[INFO]  Image 15 elapsed time: 0.028555 s , fps: 35.020584
[INFO]  filter boxes by confidence threshold > 0.001000 success, boxes size is 4
[INFO]  filter boxes by NMS threshold > 0.450000 success, result size is 3
[INFO]  object detect [0.722168:SO] success
[INFO]  object detect [0.008820:SO] success
[INFO]  object detect [0.001274:SO] success
[INFO]  Image 16 elapsed time: 0.031425 s , fps: 31.821858
[INFO]  filter boxes by confidence threshold > 0.001000 success, boxes size is 3
[INFO]  filter boxes by NMS threshold > 0.450000 success, result size is 3
[INFO]  object detect [0.771484:SO] success
[INFO]  object detect [0.285156:SO] success
[INFO]  object detect [0.001139:SO] success
[INFO]  Image 17 elapsed time: 0.028139 s , fps: 35.538122
[INFO]  filter boxes by confidence threshold > 0.001000 success, boxes size is 5
[INFO]  filter boxes by NMS threshold > 0.450000 success, result size is 4
[INFO]  object detect [0.736328:SO] success
[INFO]  object detect [0.597656:SO] success
[INFO]  object detect [0.084961:SO] success
[INFO]  object detect [0.031677:SO] success
[INFO]  Image 18 elapsed time: 0.029255 s , fps: 34.182681
[INFO]  filter boxes by confidence threshold > 0.001000 success, boxes size is 3
[INFO]  filter boxes by NMS threshold > 0.450000 success, result size is 2
[INFO]  object detect [0.622070:SO] success
[INFO]  object detect [0.001393:SO] success
[INFO]  Image 19 elapsed time: 0.028886 s , fps: 34.618880
[INFO]  filter boxes by confidence threshold > 0.001000 success, boxes size is 1
[INFO]  filter boxes by NMS threshold > 0.450000 success, result size is 1
[INFO]  object detect [0.701660:SO] success
[INFO]  Image 20 elapsed time: 0.028053 s , fps: 35.646700
[INFO]  filter boxes by confidence threshold > 0.001000 success, boxes size is 1
[INFO]  filter boxes by NMS threshold > 0.450000 success, result size is 1
[INFO]  object detect [0.012535:SO] success
[INFO]  Image 21 elapsed time: 0.033956 s , fps: 29.449450
[INFO]  filter boxes by confidence threshold > 0.001000 success, boxes size is 3
[INFO]  filter boxes by NMS threshold > 0.450000 success, result size is 1
[INFO]  object detect [0.020096:SO] success
[INFO]  Image 22 elapsed time: 0.033032 s , fps: 30.273272
[INFO]  filter boxes by confidence threshold > 0.001000 success, boxes size is 1
[INFO]  filter boxes by NMS threshold > 0.450000 success, result size is 1
[INFO]  object detect [0.004963:SO] success
[INFO]  Image 23 elapsed time: 0.030018 s , fps: 33.313106
[INFO]  filter boxes by confidence threshold > 0.001000 success, boxes size is 3
[INFO]  filter boxes by NMS threshold > 0.450000 success, result size is 1
[INFO]  object detect [0.773926:SO] success
[INFO]  Image 24 elapsed time: 0.029098 s , fps: 34.366628
[INFO]  filter boxes by confidence threshold > 0.001000 success, boxes size is 3
[INFO]  filter boxes by NMS threshold > 0.450000 success, result size is 2
[INFO]  object detect [0.050751:SO] success
[INFO]  object detect [0.010368:SO] success
[INFO]  Image 25 elapsed time: 0.041698 s , fps: 23.981785
[INFO]  filter boxes by confidence threshold > 0.001000 success, boxes size is 2
[INFO]  filter boxes by NMS threshold > 0.450000 success, result size is 2
[INFO]  object detect [0.711426:SO] success
[INFO]  object detect [0.003525:SO] success
[INFO]  Image 26 elapsed time: 0.027303 s , fps: 36.626047
[INFO]  filter boxes by confidence threshold > 0.001000 success, boxes size is 3
[INFO]  filter boxes by NMS threshold > 0.450000 success, result size is 2
[INFO]  object detect [0.017044:SO] success
[INFO]  object detect [0.016220:SO] success
[INFO]  Image 27 elapsed time: 0.030339 s , fps: 32.960976
[INFO]  filter boxes by confidence threshold > 0.001000 success, boxes size is 6
[INFO]  filter boxes by NMS threshold > 0.450000 success, result size is 5
[INFO]  object detect [0.610352:SO] success
[INFO]  object detect [0.138916:SO] success
[INFO]  object detect [0.002592:SO] success
[INFO]  object detect [0.001655:SO] success
[INFO]  object detect [0.001597:SO] success
[INFO]  Image 28 elapsed time: 0.028976 s , fps: 34.510879
[INFO]  filter boxes by confidence threshold > 0.001000 success, boxes size is 1
[INFO]  filter boxes by NMS threshold > 0.450000 success, result size is 1
[INFO]  object detect [0.496094:SO] success
[INFO]  Image 29 elapsed time: 0.026815 s , fps: 37.292951
[INFO]  filter boxes by confidence threshold > 0.001000 success, boxes size is 14
[INFO]  filter boxes by NMS threshold > 0.450000 success, result size is 12
[INFO]  object detect [0.036743:SO] success
[INFO]  object detect [0.010490:SO] success
[INFO]  object detect [0.009521:SO] success
[INFO]  object detect [0.006744:SO] success
[INFO]  object detect [0.004810:SO] success
[INFO]  object detect [0.004280:SO] success
[INFO]  object detect [0.003838:SO] success
[INFO]  object detect [0.003326:SO] success
[INFO]  object detect [0.002550:SO] success
[INFO]  object detect [0.002455:SO] success
[INFO]  object detect [0.001427:SO] success
[INFO]  object detect [0.001090:SO] success
[INFO]  Image 30 elapsed time: 0.027711 s , fps: 36.087133
[INFO]  filter boxes by confidence threshold > 0.001000 success, boxes size is 5
[INFO]  filter boxes by NMS threshold > 0.450000 success, result size is 3
[INFO]  object detect [0.788086:SO] success
[INFO]  object detect [0.750977:SO] success
[INFO]  object detect [0.001289:SO] success
[INFO]  Image 31 elapsed time: 0.029804 s , fps: 33.552843
[INFO]  filter boxes by confidence threshold > 0.001000 success, boxes size is 8
[INFO]  filter boxes by NMS threshold > 0.450000 success, result size is 2
[INFO]  object detect [0.798828:SO] success
[INFO]  object detect [0.718262:SO] success
[INFO]  Image 32 elapsed time: 0.031751 s , fps: 31.495395
[INFO]  filter boxes by confidence threshold > 0.001000 success, boxes size is 4
[INFO]  filter boxes by NMS threshold > 0.450000 success, result size is 4
[INFO]  object detect [0.003405:SO] success
[INFO]  object detect [0.003260:SO] success
[INFO]  object detect [0.002359:SO] success
[INFO]  object detect [0.002235:SO] success
[INFO]  Image 33 elapsed time: 0.034239 s , fps: 29.206358
[INFO]  filter boxes by confidence threshold > 0.001000 success, boxes size is 1
[INFO]  filter boxes by NMS threshold > 0.450000 success, result size is 1
[INFO]  object detect [0.718750:SO] success
[INFO]  Image 34 elapsed time: 0.033736 s , fps: 29.642319
[INFO]  filter boxes by confidence threshold > 0.001000 success, boxes size is 1
[INFO]  filter boxes by NMS threshold > 0.450000 success, result size is 1
[INFO]  object detect [0.784668:SO] success
[INFO]  Image 35 elapsed time: 0.028479 s , fps: 35.113479
[INFO]  filter boxes by confidence threshold > 0.001000 success, boxes size is 8
[INFO]  filter boxes by NMS threshold > 0.450000 success, result size is 2
[INFO]  object detect [0.710938:SO] success
[INFO]  object detect [0.040619:SO] success
[INFO]  Image 36 elapsed time: 0.029495 s , fps: 33.903835
[INFO]  filter boxes by confidence threshold > 0.001000 success, boxes size is 3
[INFO]  filter boxes by NMS threshold > 0.450000 success, result size is 2
[INFO]  object detect [0.164062:SO] success
[INFO]  object detect [0.051971:SO] success
[INFO]  Image 37 elapsed time: 0.048952 s , fps: 20.428120
[INFO]  filter boxes by confidence threshold > 0.001000 success, boxes size is 4
[INFO]  filter boxes by NMS threshold > 0.450000 success, result size is 1
[INFO]  object detect [0.817871:SO] success
[INFO]  Image 38 elapsed time: 0.035380 s , fps: 28.264383
[INFO]  filter boxes by confidence threshold > 0.001000 success, boxes size is 1
[INFO]  filter boxes by NMS threshold > 0.450000 success, result size is 1
[INFO]  object detect [0.042236:SO] success
[INFO]  Image 39 elapsed time: 0.025060 s , fps: 39.904512
[INFO]  filter boxes by confidence threshold > 0.001000 success, boxes size is 4
[INFO]  filter boxes by NMS threshold > 0.450000 success, result size is 2
[INFO]  object detect [0.730469:SO] success
[INFO]  object detect [0.018799:SO] success
[INFO]  Image 40 elapsed time: 0.023571 s , fps: 42.425478
[INFO]  filter boxes by confidence threshold > 0.001000 success, boxes size is 10
[INFO]  filter boxes by NMS threshold > 0.450000 success, result size is 6
[INFO]  object detect [0.811523:SO] success
[INFO]  object detect [0.098206:SO] success
[INFO]  object detect [0.008606:SO] success
[INFO]  object detect [0.006100:SO] success
[INFO]  object detect [0.005493:SO] success
[INFO]  object detect [0.002174:SO] success
[INFO]  Image 41 elapsed time: 0.029806 s , fps: 33.550803
[INFO]  filter boxes by confidence threshold > 0.001000 success, boxes size is 3
[INFO]  filter boxes by NMS threshold > 0.450000 success, result size is 1
[INFO]  object detect [0.850586:SO] success
[INFO]  Image 42 elapsed time: 0.029277 s , fps: 34.156118
[INFO]  filter boxes by confidence threshold > 0.001000 success, boxes size is 3
[INFO]  filter boxes by NMS threshold > 0.450000 success, result size is 2
[INFO]  object detect [0.030396:SO] success
[INFO]  object detect [0.002800:SO] success
[INFO]  Image 43 elapsed time: 0.030525 s , fps: 32.759594
[INFO]  filter boxes by confidence threshold > 0.001000 success, boxes size is 1
[INFO]  filter boxes by NMS threshold > 0.450000 success, result size is 1
[INFO]  object detect [0.341553:SO] success
[INFO]  Image 44 elapsed time: 0.030426 s , fps: 32.866142
[INFO]  filter boxes by confidence threshold > 0.001000 success, boxes size is 4
[INFO]  filter boxes by NMS threshold > 0.450000 success, result size is 3
[INFO]  object detect [0.649902:SO] success
[INFO]  object detect [0.004681:SO] success
[INFO]  object detect [0.001762:SO] success
[INFO]  Image 45 elapsed time: 0.030792 s , fps: 32.475446
[INFO]  filter boxes by confidence threshold > 0.001000 success, boxes size is 4
[INFO]  filter boxes by NMS threshold > 0.450000 success, result size is 1
[INFO]  object detect [0.731934:SO] success
[INFO]  Image 46 elapsed time: 0.028550 s , fps: 35.025875
[INFO]  filter boxes by confidence threshold > 0.001000 success, boxes size is 8
[INFO]  filter boxes by NMS threshold > 0.450000 success, result size is 2
[INFO]  object detect [0.130859:SO] success
[INFO]  object detect [0.035156:SO] success
[INFO]  Image 47 elapsed time: 0.032609 s , fps: 30.666501
[INFO]  filter boxes by confidence threshold > 0.001000 success, boxes size is 3
[INFO]  filter boxes by NMS threshold > 0.450000 success, result size is 1
[INFO]  object detect [0.127197:SO] success
[INFO]  Image 48 elapsed time: 0.030617 s , fps: 32.661845
[INFO]  filter boxes by confidence threshold > 0.001000 success, boxes size is 1
[INFO]  filter boxes by NMS threshold > 0.450000 success, result size is 1
[INFO]  object detect [0.466309:SO] success
[INFO]  Image 49 elapsed time: 0.029004 s , fps: 34.478405
[INFO]  filter boxes by confidence threshold > 0.001000 success, boxes size is 0
[INFO]  filter boxes by NMS threshold > 0.450000 success, result size is 0
[INFO]  Image 50 elapsed time: 0.023040 s , fps: 43.402687
[INFO]  filter boxes by confidence threshold > 0.001000 success, boxes size is 11
[INFO]  filter boxes by NMS threshold > 0.450000 success, result size is 5
[INFO]  object detect [0.367188:SO] success
[INFO]  object detect [0.355225:SO] success
[INFO]  object detect [0.337646:SO] success
[INFO]  object detect [0.266602:SO] success
[INFO]  object detect [0.016281:SO] success
[INFO]  Image 51 elapsed time: 0.029738 s , fps: 33.627289
[INFO]  filter boxes by confidence threshold > 0.001000 success, boxes size is 12
[INFO]  filter boxes by NMS threshold > 0.450000 success, result size is 6
[INFO]  object detect [0.580078:SO] success
[INFO]  object detect [0.145874:SO] success
[INFO]  object detect [0.006317:SO] success
[INFO]  object detect [0.002443:SO] success
[INFO]  object detect [0.001300:SO] success
[INFO]  object detect [0.001164:SO] success
[INFO]  Image 52 elapsed time: 0.027261 s , fps: 36.681887
[INFO]  filter boxes by confidence threshold > 0.001000 success, boxes size is 4
[INFO]  filter boxes by NMS threshold > 0.450000 success, result size is 3
[INFO]  object detect [0.819824:SO] success
[INFO]  object detect [0.006432:SO] success
[INFO]  object detect [0.001668:SO] success
[INFO]  Image 53 elapsed time: 0.030938 s , fps: 32.323148
[INFO]  filter boxes by confidence threshold > 0.001000 success, boxes size is 3
[INFO]  filter boxes by NMS threshold > 0.450000 success, result size is 2
[INFO]  object detect [0.774414:SO] success
[INFO]  object detect [0.769043:SO] success
[INFO]  Image 54 elapsed time: 0.032336 s , fps: 30.925111
[INFO]  filter boxes by confidence threshold > 0.001000 success, boxes size is 1
[INFO]  filter boxes by NMS threshold > 0.450000 success, result size is 1
[INFO]  object detect [0.024551:SO] success
[INFO]  Image 55 elapsed time: 0.030987 s , fps: 32.271969
[INFO]  filter boxes by confidence threshold > 0.001000 success, boxes size is 6
[INFO]  filter boxes by NMS threshold > 0.450000 success, result size is 6
[INFO]  object detect [0.661621:SO] success
[INFO]  object detect [0.080017:SO] success
[INFO]  object detect [0.047974:SO] success
[INFO]  object detect [0.004135:SO] success
[INFO]  object detect [0.003273:SO] success
[INFO]  object detect [0.001133:SO] success
[INFO]  Image 56 elapsed time: 0.040386 s , fps: 24.761345
[INFO]  filter boxes by confidence threshold > 0.001000 success, boxes size is 7
[INFO]  filter boxes by NMS threshold > 0.450000 success, result size is 4
[INFO]  object detect [0.701172:SO] success
[INFO]  object detect [0.056152:SO] success
[INFO]  object detect [0.018753:SO] success
[INFO]  object detect [0.001700:SO] success
[INFO]  Image 57 elapsed time: 0.029161 s , fps: 34.292552
[INFO]  filter boxes by confidence threshold > 0.001000 success, boxes size is 2
[INFO]  filter boxes by NMS threshold > 0.450000 success, result size is 1
[INFO]  object detect [0.026321:SO] success
[INFO]  Image 58 elapsed time: 0.032052 s , fps: 31.199554
[INFO]  filter boxes by confidence threshold > 0.001000 success, boxes size is 3
[INFO]  filter boxes by NMS threshold > 0.450000 success, result size is 1
[INFO]  object detect [0.030548:SO] success
[INFO]  Image 59 elapsed time: 0.030445 s , fps: 32.846103
[INFO]  filter boxes by confidence threshold > 0.001000 success, boxes size is 2
[INFO]  filter boxes by NMS threshold > 0.450000 success, result size is 2
[INFO]  object detect [0.765625:SO] success
[INFO]  object detect [0.074158:SO] success
[INFO]  Image 60 elapsed time: 0.034902 s , fps: 28.652009
[INFO]  filter boxes by confidence threshold > 0.001000 success, boxes size is 10
[INFO]  filter boxes by NMS threshold > 0.450000 success, result size is 6
[INFO]  object detect [0.659668:SO] success
[INFO]  object detect [0.384766:SO] success
[INFO]  object detect [0.175781:SO] success
[INFO]  object detect [0.002323:SO] success
[INFO]  object detect [0.001586:SO] success
[INFO]  object detect [0.001129:SO] success
[INFO]  Image 61 elapsed time: 0.030511 s , fps: 32.775499
[INFO]  filter boxes by confidence threshold > 0.001000 success, boxes size is 8
[INFO]  filter boxes by NMS threshold > 0.450000 success, result size is 2
[INFO]  object detect [0.848633:SO] success
[INFO]  object detect [0.814453:SO] success
[INFO]  Image 62 elapsed time: 0.029760 s , fps: 33.602711
[INFO]  filter boxes by confidence threshold > 0.001000 success, boxes size is 4
[INFO]  filter boxes by NMS threshold > 0.450000 success, result size is 4
[INFO]  object detect [0.501465:SO] success
[INFO]  object detect [0.004700:SO] success
[INFO]  object detect [0.002958:SO] success
[INFO]  object detect [0.002623:SO] success
[INFO]  Image 63 elapsed time: 0.031193 s , fps: 32.058174
[INFO]  filter boxes by confidence threshold > 0.001000 success, boxes size is 1
[INFO]  filter boxes by NMS threshold > 0.450000 success, result size is 1
[INFO]  object detect [0.249512:SO] success
[INFO]  Image 64 elapsed time: 0.034126 s , fps: 29.303015
[INFO]  filter boxes by confidence threshold > 0.001000 success, boxes size is 7
[INFO]  filter boxes by NMS threshold > 0.450000 success, result size is 5
[INFO]  object detect [0.593750:SO] success
[INFO]  object detect [0.248047:SO] success
[INFO]  object detect [0.080322:SO] success
[INFO]  object detect [0.010254:SO] success
[INFO]  object detect [0.001642:SO] success
[INFO]  Image 65 elapsed time: 0.029033 s , fps: 34.443965
[INFO]  filter boxes by confidence threshold > 0.001000 success, boxes size is 8
[INFO]  filter boxes by NMS threshold > 0.450000 success, result size is 7
[INFO]  object detect [0.030457:SO] success
[INFO]  object detect [0.013794:SO] success
[INFO]  object detect [0.003273:SO] success
[INFO]  object detect [0.002434:SO] success
[INFO]  object detect [0.001438:SO] success
[INFO]  object detect [0.001433:SO] success
[INFO]  object detect [0.001064:SO] success
[INFO]  Image 66 elapsed time: 0.029822 s , fps: 33.531935
[INFO]  filter boxes by confidence threshold > 0.001000 success, boxes size is 8
[INFO]  filter boxes by NMS threshold > 0.450000 success, result size is 2
[INFO]  object detect [0.821289:SO] success
[INFO]  object detect [0.708496:SO] success
[INFO]  Image 67 elapsed time: 0.035978 s , fps: 27.794558
[INFO]  filter boxes by confidence threshold > 0.001000 success, boxes size is 4
[INFO]  filter boxes by NMS threshold > 0.450000 success, result size is 1
[INFO]  object detect [0.169067:SO] success
[INFO]  Image 68 elapsed time: 0.029607 s , fps: 33.776150
[INFO]  filter boxes by confidence threshold > 0.001000 success, boxes size is 4
[INFO]  filter boxes by NMS threshold > 0.450000 success, result size is 3
[INFO]  object detect [0.430176:SO] success
[INFO]  object detect [0.040527:SO] success
[INFO]  object detect [0.034241:SO] success
[INFO]  Image 69 elapsed time: 0.040514 s , fps: 24.682846
[INFO]  filter boxes by confidence threshold > 0.001000 success, boxes size is 15
[INFO]  filter boxes by NMS threshold > 0.450000 success, result size is 4
[INFO]  object detect [0.778320:SO] success
[INFO]  object detect [0.753418:SO] success
[INFO]  object detect [0.002132:SO] success
[INFO]  object detect [0.001028:SO] success
[INFO]  Image 70 elapsed time: 0.034491 s , fps: 28.993055
[INFO]  filter boxes by confidence threshold > 0.001000 success, boxes size is 4
[INFO]  filter boxes by NMS threshold > 0.450000 success, result size is 3
[INFO]  object detect [0.472656:SO] success
[INFO]  object detect [0.255127:SO] success
[INFO]  object detect [0.129150:SO] success
[INFO]  Image 71 elapsed time: 0.039032 s , fps: 25.620024
[INFO]  filter boxes by confidence threshold > 0.001000 success, boxes size is 3
[INFO]  filter boxes by NMS threshold > 0.450000 success, result size is 3
[INFO]  object detect [0.784668:SO] success
[INFO]  object detect [0.013535:SO] success
[INFO]  object detect [0.001635:SO] success
[INFO]  Image 72 elapsed time: 0.031793 s , fps: 31.453312
[INFO]  filter boxes by confidence threshold > 0.001000 success, boxes size is 2
[INFO]  filter boxes by NMS threshold > 0.450000 success, result size is 2
[INFO]  object detect [0.134521:SO] success
[INFO]  object detect [0.064209:SO] success
[INFO]  Image 73 elapsed time: 0.029970 s , fps: 33.366414
[INFO]  filter boxes by confidence threshold > 0.001000 success, boxes size is 3
[INFO]  filter boxes by NMS threshold > 0.450000 success, result size is 2
[INFO]  object detect [0.681641:SO] success
[INFO]  object detect [0.052826:SO] success
[INFO]  Image 74 elapsed time: 0.031554 s , fps: 31.692138
[INFO]  filter boxes by confidence threshold > 0.001000 success, boxes size is 2
[INFO]  filter boxes by NMS threshold > 0.450000 success, result size is 2
[INFO]  object detect [0.003883:SO] success
[INFO]  object detect [0.002481:SO] success
[INFO]  Image 75 elapsed time: 0.030640 s , fps: 32.637549
[INFO]  filter boxes by confidence threshold > 0.001000 success, boxes size is 6
[INFO]  filter boxes by NMS threshold > 0.450000 success, result size is 5
[INFO]  object detect [0.012863:SO] success
[INFO]  object detect [0.012146:SO] success
[INFO]  object detect [0.008316:SO] success
[INFO]  object detect [0.006432:SO] success
[INFO]  object detect [0.002958:SO] success
[INFO]  Image 76 elapsed time: 0.025840 s , fps: 38.699195
[INFO]  filter boxes by confidence threshold > 0.001000 success, boxes size is 5
[INFO]  filter boxes by NMS threshold > 0.450000 success, result size is 5
[INFO]  object detect [0.181641:SO] success
[INFO]  object detect [0.093323:SO] success
[INFO]  object detect [0.011238:SO] success
[INFO]  object detect [0.009094:SO] success
[INFO]  object detect [0.005512:SO] success
[INFO]  Image 77 elapsed time: 0.024789 s , fps: 40.339920
[INFO]  filter boxes by confidence threshold > 0.001000 success, boxes size is 12
[INFO]  filter boxes by NMS threshold > 0.450000 success, result size is 2
[INFO]  object detect [0.832031:SO] success
[INFO]  object detect [0.825684:SO] success
[INFO]  Image 78 elapsed time: 0.030232 s , fps: 33.077638
[INFO]  filter boxes by confidence threshold > 0.001000 success, boxes size is 11
[INFO]  filter boxes by NMS threshold > 0.450000 success, result size is 1
[INFO]  object detect [0.821289:SO] success
[INFO]  Image 79 elapsed time: 0.030270 s , fps: 33.035476
[INFO]  filter boxes by confidence threshold > 0.001000 success, boxes size is 4
[INFO]  filter boxes by NMS threshold > 0.450000 success, result size is 2
[INFO]  object detect [0.740723:SO] success
[INFO]  object detect [0.521484:SO] success
[INFO]  Image 80 elapsed time: 0.028745 s , fps: 34.788946
[INFO]  filter boxes by confidence threshold > 0.001000 success, boxes size is 3
[INFO]  filter boxes by NMS threshold > 0.450000 success, result size is 2
[INFO]  object detect [0.016785:SO] success
[INFO]  object detect [0.007370:SO] success
[INFO]  Image 81 elapsed time: 0.031263 s , fps: 31.986693
[INFO]  filter boxes by confidence threshold > 0.001000 success, boxes size is 2
[INFO]  filter boxes by NMS threshold > 0.450000 success, result size is 2
[INFO]  object detect [0.007523:SO] success
[INFO]  object detect [0.003063:SO] success
[INFO]  Image 82 elapsed time: 0.028938 s , fps: 34.556595
[INFO]  filter boxes by confidence threshold > 0.001000 success, boxes size is 1
[INFO]  filter boxes by NMS threshold > 0.450000 success, result size is 1
[INFO]  object detect [0.112549:SO] success
[INFO]  Image 83 elapsed time: 0.027606 s , fps: 36.224228
[INFO]  filter boxes by confidence threshold > 0.001000 success, boxes size is 2
[INFO]  filter boxes by NMS threshold > 0.450000 success, result size is 1
[INFO]  object detect [0.669434:SO] success
[INFO]  Image 84 elapsed time: 0.026940 s , fps: 37.118963
[INFO]  filter boxes by confidence threshold > 0.001000 success, boxes size is 4
[INFO]  filter boxes by NMS threshold > 0.450000 success, result size is 2
[INFO]  object detect [0.781250:SO] success
[INFO]  object detect [0.720215:SO] success
[INFO]  Image 85 elapsed time: 0.031879 s , fps: 31.368584
[INFO]  filter boxes by confidence threshold > 0.001000 success, boxes size is 7
[INFO]  filter boxes by NMS threshold > 0.450000 success, result size is 2
[INFO]  object detect [0.776367:SO] success
[INFO]  object detect [0.002115:SO] success
[INFO]  Image 86 elapsed time: 0.030771 s , fps: 32.498114
[INFO]  filter boxes by confidence threshold > 0.001000 success, boxes size is 2
[INFO]  filter boxes by NMS threshold > 0.450000 success, result size is 2
[INFO]  object detect [0.059998:SO] success
[INFO]  object detect [0.001175:SO] success
[INFO]  Image 87 elapsed time: 0.038284 s , fps: 26.120756
[INFO]  filter boxes by confidence threshold > 0.001000 success, boxes size is 3
[INFO]  filter boxes by NMS threshold > 0.450000 success, result size is 2
[INFO]  object detect [0.123047:SO] success
[INFO]  object detect [0.009338:SO] success
[INFO]  Image 88 elapsed time: 0.027846 s , fps: 35.911825
[INFO]  filter boxes by confidence threshold > 0.001000 success, boxes size is 5
[INFO]  filter boxes by NMS threshold > 0.450000 success, result size is 3
[INFO]  object detect [0.718750:SO] success
[INFO]  object detect [0.703125:SO] success
[INFO]  object detect [0.013474:SO] success
[INFO]  Image 89 elapsed time: 0.028063 s , fps: 35.633997
[INFO]  filter boxes by confidence threshold > 0.001000 success, boxes size is 2
[INFO]  filter boxes by NMS threshold > 0.450000 success, result size is 2
[INFO]  object detect [0.293701:SO] success
[INFO]  object detect [0.002140:SO] success
[INFO]  Image 90 elapsed time: 0.028622 s , fps: 34.937942
[INFO]  filter boxes by confidence threshold > 0.001000 success, boxes size is 4
[INFO]  filter boxes by NMS threshold > 0.450000 success, result size is 2
[INFO]  object detect [0.763672:SO] success
[INFO]  object detect [0.193604:SO] success
[INFO]  Image 91 elapsed time: 0.029338 s , fps: 34.085899
[INFO]  filter boxes by confidence threshold > 0.001000 success, boxes size is 7
[INFO]  filter boxes by NMS threshold > 0.450000 success, result size is 3
[INFO]  object detect [0.731934:SO] success
[INFO]  object detect [0.568848:SO] success
[INFO]  object detect [0.009483:SO] success
[INFO]  Image 92 elapsed time: 0.030545 s , fps: 32.738143
[INFO]  filter boxes by confidence threshold > 0.001000 success, boxes size is 3
[INFO]  filter boxes by NMS threshold > 0.450000 success, result size is 2
[INFO]  object detect [0.722656:SO] success
[INFO]  object detect [0.001017:SO] success
[INFO]  Image 93 elapsed time: 0.025434 s , fps: 39.317556
[INFO]  filter boxes by confidence threshold > 0.001000 success, boxes size is 6
[INFO]  filter boxes by NMS threshold > 0.450000 success, result size is 3
[INFO]  object detect [0.795898:SO] success
[INFO]  object detect [0.003414:SO] success
[INFO]  object detect [0.001221:SO] success
[INFO]  Image 94 elapsed time: 0.029651 s , fps: 33.725530
[INFO]  filter boxes by confidence threshold > 0.001000 success, boxes size is 8
[INFO]  filter boxes by NMS threshold > 0.450000 success, result size is 2
[INFO]  object detect [0.728516:SO] success
[INFO]  object detect [0.658203:SO] success
[INFO]  Image 95 elapsed time: 0.029827 s , fps: 33.526407
[INFO]  filter boxes by confidence threshold > 0.001000 success, boxes size is 6
[INFO]  filter boxes by NMS threshold > 0.450000 success, result size is 4
[INFO]  object detect [0.728516:SO] success
[INFO]  object detect [0.064636:SO] success
[INFO]  object detect [0.013962:SO] success
[INFO]  object detect [0.004314:SO] success
[INFO]  Image 96 elapsed time: 0.029887 s , fps: 33.459171
[INFO]  filter boxes by confidence threshold > 0.001000 success, boxes size is 11
[INFO]  filter boxes by NMS threshold > 0.450000 success, result size is 10
[INFO]  object detect [0.534180:SO] success
[INFO]  object detect [0.036072:SO] success
[INFO]  object detect [0.029755:SO] success
[INFO]  object detect [0.014343:SO] success
[INFO]  object detect [0.002869:SO] success
[INFO]  object detect [0.002003:SO] success
[INFO]  object detect [0.001610:SO] success
[INFO]  object detect [0.001502:SO] success
[INFO]  object detect [0.001266:SO] success
[INFO]  object detect [0.001086:SO] success
[INFO]  Image 97 elapsed time: 0.033122 s , fps: 30.191600
[INFO]  filter boxes by confidence threshold > 0.001000 success, boxes size is 3
[INFO]  filter boxes by NMS threshold > 0.450000 success, result size is 2
[INFO]  object detect [0.010986:SO] success
[INFO]  object detect [0.002192:SO] success
[INFO]  Image 98 elapsed time: 0.033400 s , fps: 29.939722
[INFO]  filter boxes by confidence threshold > 0.001000 success, boxes size is 2
[INFO]  filter boxes by NMS threshold > 0.450000 success, result size is 2
[INFO]  object detect [0.130249:SO] success
[INFO]  object detect [0.001867:SO] success
[INFO]  Image 99 elapsed time: 0.030537 s , fps: 32.746832
[INFO]  filter boxes by confidence threshold > 0.001000 success, boxes size is 5
[INFO]  filter boxes by NMS threshold > 0.450000 success, result size is 4
[INFO]  object detect [0.042633:SO] success
[INFO]  object detect [0.004379:SO] success
[INFO]  object detect [0.001987:SO] success
[INFO]  object detect [0.001269:SO] success
[INFO]  Image 100 elapsed time: 0.029632 s , fps: 33.746822
[INFO]  filter boxes by confidence threshold > 0.001000 success, boxes size is 3
[INFO]  filter boxes by NMS threshold > 0.450000 success, result size is 1
[INFO]  object detect [0.582031:SO] success
[INFO]  Image 101 elapsed time: 0.029602 s , fps: 33.781166
[INFO]  filter boxes by confidence threshold > 0.001000 success, boxes size is 12
[INFO]  filter boxes by NMS threshold > 0.450000 success, result size is 1
[INFO]  object detect [0.773926:SO] success
[INFO]  Image 102 elapsed time: 0.047022 s , fps: 21.266536
[INFO]  filter boxes by confidence threshold > 0.001000 success, boxes size is 4
[INFO]  filter boxes by NMS threshold > 0.450000 success, result size is 4
[INFO]  object detect [0.546875:SO] success
[INFO]  object detect [0.252686:SO] success
[INFO]  object detect [0.250732:SO] success
[INFO]  object detect [0.001032:SO] success
[INFO]  Image 103 elapsed time: 0.038149 s , fps: 26.212935
[INFO]  filter boxes by confidence threshold > 0.001000 success, boxes size is 10
[INFO]  filter boxes by NMS threshold > 0.450000 success, result size is 4
[INFO]  object detect [0.770996:SO] success
[INFO]  object detect [0.640137:SO] success
[INFO]  object detect [0.048401:SO] success
[INFO]  object detect [0.001839:SO] success
[INFO]  Image 104 elapsed time: 0.032637 s , fps: 30.640485
[INFO]  filter boxes by confidence threshold > 0.001000 success, boxes size is 4
[INFO]  filter boxes by NMS threshold > 0.450000 success, result size is 3
[INFO]  object detect [0.750977:SO] success
[INFO]  object detect [0.234863:SO] success
[INFO]  object detect [0.002876:SO] success
[INFO]  Image 105 elapsed time: 0.026402 s , fps: 37.876359
[INFO]  filter boxes by confidence threshold > 0.001000 success, boxes size is 5
[INFO]  filter boxes by NMS threshold > 0.450000 success, result size is 5
[INFO]  object detect [0.706543:SO] success
[INFO]  object detect [0.196411:SO] success
[INFO]  object detect [0.027405:SO] success
[INFO]  object detect [0.007721:SO] success
[INFO]  object detect [0.002899:SO] success
[INFO]  Image 106 elapsed time: 0.027511 s , fps: 36.348494
[INFO]  filter boxes by confidence threshold > 0.001000 success, boxes size is 4
[INFO]  filter boxes by NMS threshold > 0.450000 success, result size is 2
[INFO]  object detect [0.705566:SO] success
[INFO]  object detect [0.599609:SO] success
[INFO]  Image 107 elapsed time: 0.028380 s , fps: 35.235917
[INFO]  filter boxes by confidence threshold > 0.001000 success, boxes size is 9
[INFO]  filter boxes by NMS threshold > 0.450000 success, result size is 5
[INFO]  object detect [0.309082:SO] success
[INFO]  object detect [0.032166:SO] success
[INFO]  object detect [0.015900:SO] success
[INFO]  object detect [0.001525:SO] success
[INFO]  object detect [0.001335:SO] success
[INFO]  Image 108 elapsed time: 0.029459 s , fps: 33.945411
[INFO]  filter boxes by confidence threshold > 0.001000 success, boxes size is 1
[INFO]  filter boxes by NMS threshold > 0.450000 success, result size is 1
[INFO]  object detect [0.736328:SO] success
[INFO]  Image 109 elapsed time: 0.029324 s , fps: 34.101446
[INFO]  filter boxes by confidence threshold > 0.001000 success, boxes size is 7
[INFO]  filter boxes by NMS threshold > 0.450000 success, result size is 5
[INFO]  object detect [0.705078:SO] success
[INFO]  object detect [0.403320:SO] success
[INFO]  object detect [0.002481:SO] success
[INFO]  object detect [0.001129:SO] success
[INFO]  object detect [0.001017:SO] success
[INFO]  Image 110 elapsed time: 0.029793 s , fps: 33.565209
[INFO]  filter boxes by confidence threshold > 0.001000 success, boxes size is 2
[INFO]  filter boxes by NMS threshold > 0.450000 success, result size is 2
[INFO]  object detect [0.669434:SO] success
[INFO]  object detect [0.001525:SO] success
[INFO]  Image 111 elapsed time: 0.030544 s , fps: 32.739394
[INFO]  filter boxes by confidence threshold > 0.001000 success, boxes size is 2
[INFO]  filter boxes by NMS threshold > 0.450000 success, result size is 1
[INFO]  object detect [0.286133:SO] success
[INFO]  Image 112 elapsed time: 0.024492 s , fps: 40.828994
[INFO]  filter boxes by confidence threshold > 0.001000 success, boxes size is 6
[INFO]  filter boxes by NMS threshold > 0.450000 success, result size is 6
[INFO]  object detect [0.206299:SO] success
[INFO]  object detect [0.143555:SO] success
[INFO]  object detect [0.010216:SO] success
[INFO]  object detect [0.001305:SO] success
[INFO]  object detect [0.001266:SO] success
[INFO]  object detect [0.001245:SO] success
[INFO]  Image 113 elapsed time: 0.028732 s , fps: 34.803829
[INFO]  filter boxes by confidence threshold > 0.001000 success, boxes size is 4
[INFO]  filter boxes by NMS threshold > 0.450000 success, result size is 1
[INFO]  object detect [0.812012:SO] success
[INFO]  Image 114 elapsed time: 0.028758 s , fps: 34.773094
[INFO]  filter boxes by confidence threshold > 0.001000 success, boxes size is 2
[INFO]  filter boxes by NMS threshold > 0.450000 success, result size is 1
[INFO]  object detect [0.797852:SO] success
[INFO]  Image 115 elapsed time: 0.029349 s , fps: 34.073075
[INFO]  filter boxes by confidence threshold > 0.001000 success, boxes size is 1
[INFO]  filter boxes by NMS threshold > 0.450000 success, result size is 1
[INFO]  object detect [0.264648:SO] success
[INFO]  Image 116 elapsed time: 0.030271 s , fps: 33.034838
[INFO]  filter boxes by confidence threshold > 0.001000 success, boxes size is 6
[INFO]  filter boxes by NMS threshold > 0.450000 success, result size is 3
[INFO]  object detect [0.714355:SO] success
[INFO]  object detect [0.004963:SO] success
[INFO]  object detect [0.002562:SO] success
[INFO]  Image 117 elapsed time: 0.030708 s , fps: 32.564677
[INFO]  filter boxes by confidence threshold > 0.001000 success, boxes size is 1
[INFO]  filter boxes by NMS threshold > 0.450000 success, result size is 1
[INFO]  object detect [0.662109:SO] success
[INFO]  Image 118 elapsed time: 0.028680 s , fps: 34.867161
[INFO]  filter boxes by confidence threshold > 0.001000 success, boxes size is 3
[INFO]  filter boxes by NMS threshold > 0.450000 success, result size is 2
[INFO]  object detect [0.759277:SO] success
[INFO]  object detect [0.003376:SO] success
[INFO]  Image 119 elapsed time: 0.025115 s , fps: 39.817256
[INFO]  filter boxes by confidence threshold > 0.001000 success, boxes size is 7
[INFO]  filter boxes by NMS threshold > 0.450000 success, result size is 2
[INFO]  object detect [0.815430:SO] success
[INFO]  object detect [0.744141:SO] success
[INFO]  Image 120 elapsed time: 0.033159 s , fps: 30.157418
[INFO]  filter boxes by confidence threshold > 0.001000 success, boxes size is 7
[INFO]  filter boxes by NMS threshold > 0.450000 success, result size is 6
[INFO]  object detect [0.225586:SO] success
[INFO]  object detect [0.056213:SO] success
[INFO]  object detect [0.026550:SO] success
[INFO]  object detect [0.017441:SO] success
[INFO]  object detect [0.003960:SO] success
[INFO]  object detect [0.001415:SO] success
[INFO]  Image 121 elapsed time: 0.039670 s , fps: 25.207663
[INFO]  filter boxes by confidence threshold > 0.001000 success, boxes size is 4
[INFO]  filter boxes by NMS threshold > 0.450000 success, result size is 3
[INFO]  object detect [0.003376:SO] success
[INFO]  object detect [0.002876:SO] success
[INFO]  object detect [0.001404:SO] success
[INFO]  Image 122 elapsed time: 0.030471 s , fps: 32.817694
[INFO]  filter boxes by confidence threshold > 0.001000 success, boxes size is 13
[INFO]  filter boxes by NMS threshold > 0.450000 success, result size is 12
[INFO]  object detect [0.718750:SO] success
[INFO]  object detect [0.467285:SO] success
[INFO]  object detect [0.007126:SO] success
[INFO]  object detect [0.005619:SO] success
[INFO]  object detect [0.005402:SO] success
[INFO]  object detect [0.004349:SO] success
[INFO]  object detect [0.002502:SO] success
[INFO]  object detect [0.002314:SO] success
[INFO]  object detect [0.001965:SO] success
[INFO]  object detect [0.001707:SO] success
[INFO]  object detect [0.001467:SO] success
[INFO]  object detect [0.001020:SO] success
[INFO]  Image 123 elapsed time: 0.029342 s , fps: 34.081373
[INFO]  filter boxes by confidence threshold > 0.001000 success, boxes size is 3
[INFO]  filter boxes by NMS threshold > 0.450000 success, result size is 3
[INFO]  object detect [0.608887:SO] success
[INFO]  object detect [0.004700:SO] success
[INFO]  object detect [0.004021:SO] success
[INFO]  Image 124 elapsed time: 0.028727 s , fps: 34.810518
[INFO]  filter boxes by confidence threshold > 0.001000 success, boxes size is 6
[INFO]  filter boxes by NMS threshold > 0.450000 success, result size is 2
[INFO]  object detect [0.843750:SO] success
[INFO]  object detect [0.004868:SO] success
[INFO]  Image 125 elapsed time: 0.031313 s , fps: 31.935913
[INFO]  filter boxes by confidence threshold > 0.001000 success, boxes size is 1
[INFO]  filter boxes by NMS threshold > 0.450000 success, result size is 1
[INFO]  object detect [0.096191:SO] success
[INFO]  Image 126 elapsed time: 0.029447 s , fps: 33.958763
[INFO]  filter boxes by confidence threshold > 0.001000 success, boxes size is 3
[INFO]  filter boxes by NMS threshold > 0.450000 success, result size is 2
[INFO]  object detect [0.550781:SO] success
[INFO]  object detect [0.002277:SO] success
[INFO]  Image 127 elapsed time: 0.028839 s , fps: 34.675275
[INFO]  filter boxes by confidence threshold > 0.001000 success, boxes size is 5
[INFO]  filter boxes by NMS threshold > 0.450000 success, result size is 2
[INFO]  object detect [0.201172:SO] success
[INFO]  object detect [0.001285:SO] success
[INFO]  Image 128 elapsed time: 0.028823 s , fps: 34.695025
[INFO]  filter boxes by confidence threshold > 0.001000 success, boxes size is 3
[INFO]  filter boxes by NMS threshold > 0.450000 success, result size is 3
[INFO]  object detect [0.063599:SO] success
[INFO]  object detect [0.006317:SO] success
[INFO]  object detect [0.002945:SO] success
[INFO]  Image 129 elapsed time: 0.030888 s , fps: 32.374927
[INFO]  filter boxes by confidence threshold > 0.001000 success, boxes size is 9
[INFO]  filter boxes by NMS threshold > 0.450000 success, result size is 7
[INFO]  object detect [0.559570:SO] success
[INFO]  object detect [0.024933:SO] success
[INFO]  object detect [0.006927:SO] success
[INFO]  object detect [0.006905:SO] success
[INFO]  object detect [0.001957:SO] success
[INFO]  object detect [0.001642:SO] success
[INFO]  object detect [0.001309:SO] success
[INFO]  Image 130 elapsed time: 0.028813 s , fps: 34.706038
[INFO]  filter boxes by confidence threshold > 0.001000 success, boxes size is 1
[INFO]  filter boxes by NMS threshold > 0.450000 success, result size is 1
[INFO]  object detect [0.010895:SO] success
[INFO]  Image 131 elapsed time: 0.024953 s , fps: 40.075864
[INFO]  filter boxes by confidence threshold > 0.001000 success, boxes size is 5
[INFO]  filter boxes by NMS threshold > 0.450000 success, result size is 5
[INFO]  object detect [0.214111:SO] success
[INFO]  object detect [0.061890:SO] success
[INFO]  object detect [0.019348:SO] success
[INFO]  object detect [0.002747:SO] success
[INFO]  object detect [0.001099:SO] success
[INFO]  Image 132 elapsed time: 0.028556 s , fps: 35.018311
[INFO]  filter boxes by confidence threshold > 0.001000 success, boxes size is 5
[INFO]  filter boxes by NMS threshold > 0.450000 success, result size is 4
[INFO]  object detect [0.240234:SO] success
[INFO]  object detect [0.003582:SO] success
[INFO]  object detect [0.002396:SO] success
[INFO]  object detect [0.001586:SO] success
[INFO]  Image 133 elapsed time: 0.034290 s , fps: 29.162599
[INFO]  filter boxes by confidence threshold > 0.001000 success, boxes size is 1
[INFO]  filter boxes by NMS threshold > 0.450000 success, result size is 1
[INFO]  object detect [0.593262:SO] success
[INFO]  Image 134 elapsed time: 0.025994 s , fps: 38.470169
[INFO]  filter boxes by confidence threshold > 0.001000 success, boxes size is 3
[INFO]  filter boxes by NMS threshold > 0.450000 success, result size is 1
[INFO]  object detect [0.463867:SO] success
[INFO]  Image 135 elapsed time: 0.029032 s , fps: 34.445250
[INFO]  filter boxes by confidence threshold > 0.001000 success, boxes size is 6
[INFO]  filter boxes by NMS threshold > 0.450000 success, result size is 2
[INFO]  object detect [0.646484:SO] success
[INFO]  object detect [0.096375:SO] success
[INFO]  Image 136 elapsed time: 0.028952 s , fps: 34.539487
[INFO]  filter boxes by confidence threshold > 0.001000 success, boxes size is 12
[INFO]  filter boxes by NMS threshold > 0.450000 success, result size is 4
[INFO]  object detect [0.781250:SO] success
[INFO]  object detect [0.028503:SO] success
[INFO]  object detect [0.003456:SO] success
[INFO]  object detect [0.001720:SO] success
[INFO]  Image 137 elapsed time: 0.031461 s , fps: 31.785423
[INFO]  filter boxes by confidence threshold > 0.001000 success, boxes size is 1
[INFO]  filter boxes by NMS threshold > 0.450000 success, result size is 1
[INFO]  object detect [0.211426:SO] success
[INFO]  Image 138 elapsed time: 0.038482 s , fps: 25.985919
[INFO]  filter boxes by confidence threshold > 0.001000 success, boxes size is 2
[INFO]  filter boxes by NMS threshold > 0.450000 success, result size is 1
[INFO]  object detect [0.024933:SO] success
[INFO]  Image 139 elapsed time: 0.030844 s , fps: 32.421681
[INFO]  filter boxes by confidence threshold > 0.001000 success, boxes size is 4
[INFO]  filter boxes by NMS threshold > 0.450000 success, result size is 4
[INFO]  object detect [0.389648:SO] success
[INFO]  object detect [0.055237:SO] success
[INFO]  object detect [0.006073:SO] success
[INFO]  object detect [0.001489:SO] success
[INFO]  Image 140 elapsed time: 0.027383 s , fps: 36.519124
[INFO]  filter boxes by confidence threshold > 0.001000 success, boxes size is 3
[INFO]  filter boxes by NMS threshold > 0.450000 success, result size is 2
[INFO]  object detect [0.364014:SO] success
[INFO]  object detect [0.006119:SO] success
[INFO]  Image 141 elapsed time: 0.025163 s , fps: 39.740773
[INFO]  filter boxes by confidence threshold > 0.001000 success, boxes size is 6
[INFO]  filter boxes by NMS threshold > 0.450000 success, result size is 4
[INFO]  object detect [0.752930:SO] success
[INFO]  object detect [0.319092:SO] success
[INFO]  object detect [0.009827:SO] success
[INFO]  object detect [0.003899:SO] success
[INFO]  Image 142 elapsed time: 0.034346 s , fps: 29.115227
[INFO]  filter boxes by confidence threshold > 0.001000 success, boxes size is 2
[INFO]  filter boxes by NMS threshold > 0.450000 success, result size is 1
[INFO]  object detect [0.658203:SO] success
[INFO]  Image 143 elapsed time: 0.030276 s , fps: 33.029179
[INFO]  filter boxes by confidence threshold > 0.001000 success, boxes size is 7
[INFO]  filter boxes by NMS threshold > 0.450000 success, result size is 2
[INFO]  object detect [0.800781:SO] success
[INFO]  object detect [0.792969:SO] success
[INFO]  Image 144 elapsed time: 0.031935 s , fps: 31.313535
[INFO]  filter boxes by confidence threshold > 0.001000 success, boxes size is 2
[INFO]  filter boxes by NMS threshold > 0.450000 success, result size is 1
[INFO]  object detect [0.750000:SO] success
[INFO]  Image 145 elapsed time: 0.030441 s , fps: 32.850800
[INFO]  filter boxes by confidence threshold > 0.001000 success, boxes size is 12
[INFO]  filter boxes by NMS threshold > 0.450000 success, result size is 10
[INFO]  object detect [0.734863:SO] success
[INFO]  object detect [0.698730:SO] success
[INFO]  object detect [0.434570:SO] success
[INFO]  object detect [0.004593:SO] success
[INFO]  object detect [0.003387:SO] success
[INFO]  object detect [0.003040:SO] success
[INFO]  object detect [0.002434:SO] success
[INFO]  object detect [0.001404:SO] success
[INFO]  object detect [0.001216:SO] success
[INFO]  object detect [0.001116:SO] success
[INFO]  Image 146 elapsed time: 0.033540 s , fps: 29.815250
[INFO]  filter boxes by confidence threshold > 0.001000 success, boxes size is 4
[INFO]  filter boxes by NMS threshold > 0.450000 success, result size is 2
[INFO]  object detect [0.765625:SO] success
[INFO]  object detect [0.001086:SO] success
[INFO]  Image 147 elapsed time: 0.033508 s , fps: 29.843353
[INFO]  filter boxes by confidence threshold > 0.001000 success, boxes size is 1
[INFO]  filter boxes by NMS threshold > 0.450000 success, result size is 1
[INFO]  object detect [0.734375:SO] success
[INFO]  Image 148 elapsed time: 0.031935 s , fps: 31.313392
[INFO]  filter boxes by confidence threshold > 0.001000 success, boxes size is 2
[INFO]  filter boxes by NMS threshold > 0.450000 success, result size is 1
[INFO]  object detect [0.005322:SO] success
[INFO]  Image 149 elapsed time: 0.030607 s , fps: 32.672137
[INFO]  filter boxes by confidence threshold > 0.001000 success, boxes size is 3
[INFO]  filter boxes by NMS threshold > 0.450000 success, result size is 2
[INFO]  object detect [0.767578:SO] success
[INFO]  object detect [0.140137:SO] success
[INFO]  Image 150 elapsed time: 0.030339 s , fps: 32.961271
[INFO]  filter boxes by confidence threshold > 0.001000 success, boxes size is 4
[INFO]  filter boxes by NMS threshold > 0.450000 success, result size is 1
[INFO]  object detect [0.549316:SO] success
[INFO]  Image 151 elapsed time: 0.029272 s , fps: 34.162073
[INFO]  filter boxes by confidence threshold > 0.001000 success, boxes size is 15
[INFO]  filter boxes by NMS threshold > 0.450000 success, result size is 13
[INFO]  object detect [0.200928:SO] success
[INFO]  object detect [0.160034:SO] success
[INFO]  object detect [0.075195:SO] success
[INFO]  object detect [0.031982:SO] success
[INFO]  object detect [0.006390:SO] success
[INFO]  object detect [0.004963:SO] success
[INFO]  object detect [0.004646:SO] success
[INFO]  object detect [0.003780:SO] success
[INFO]  object detect [0.002684:SO] success
[INFO]  object detect [0.001530:SO] success
[INFO]  object detect [0.001513:SO] success
[INFO]  object detect [0.001410:SO] success
[INFO]  object detect [0.001187:SO] success
[INFO]  Image 152 elapsed time: 0.029382 s , fps: 34.034950
[INFO]  filter boxes by confidence threshold > 0.001000 success, boxes size is 3
[INFO]  filter boxes by NMS threshold > 0.450000 success, result size is 2
[INFO]  object detect [0.615723:SO] success
[INFO]  object detect [0.025146:SO] success
[INFO]  Image 153 elapsed time: 0.029714 s , fps: 33.653623
[INFO]  filter boxes by confidence threshold > 0.001000 success, boxes size is 4
[INFO]  filter boxes by NMS threshold > 0.450000 success, result size is 2
[INFO]  object detect [0.154785:SO] success
[INFO]  object detect [0.001433:SO] success
[INFO]  Image 154 elapsed time: 0.028582 s , fps: 34.986965
[INFO]  filter boxes by confidence threshold > 0.001000 success, boxes size is 6
[INFO]  filter boxes by NMS threshold > 0.450000 success, result size is 2
[INFO]  object detect [0.863281:SO] success
[INFO]  object detect [0.741699:SO] success
[INFO]  Image 155 elapsed time: 0.970819 s , fps: 1.030058
[INFO]  filter boxes by confidence threshold > 0.001000 success, boxes size is 1
[INFO]  filter boxes by NMS threshold > 0.450000 success, result size is 1
[INFO]  object detect [0.488770:SO] success
[INFO]  Image 156 elapsed time: 0.095588 s , fps: 10.461593
[INFO]  filter boxes by confidence threshold > 0.001000 success, boxes size is 2
[INFO]  filter boxes by NMS threshold > 0.450000 success, result size is 1
[INFO]  object detect [0.015259:SO] success
[INFO]  Image 157 elapsed time: 0.214755 s , fps: 4.656463
[INFO]  filter boxes by confidence threshold > 0.001000 success, boxes size is 24
[INFO]  filter boxes by NMS threshold > 0.450000 success, result size is 7
[INFO]  object detect [0.791016:SO] success
[INFO]  object detect [0.664062:SO] success
[INFO]  object detect [0.422607:SO] success
[INFO]  object detect [0.022690:SO] success
[INFO]  object detect [0.007431:SO] success
[INFO]  object detect [0.005795:SO] success
[INFO]  object detect [0.005062:SO] success
[INFO]  Image 158 elapsed time: 0.368553 s , fps: 2.713313
[INFO]  filter boxes by confidence threshold > 0.001000 success, boxes size is 11
[INFO]  filter boxes by NMS threshold > 0.450000 success, result size is 6
[INFO]  object detect [0.613770:SO] success
[INFO]  object detect [0.227783:SO] success
[INFO]  object detect [0.119751:SO] success
[INFO]  object detect [0.054260:SO] success
[INFO]  object detect [0.007607:SO] success
[INFO]  object detect [0.003853:SO] success
[INFO]  Image 159 elapsed time: 0.029461 s , fps: 33.943035
[INFO]  filter boxes by confidence threshold > 0.001000 success, boxes size is 5
[INFO]  filter boxes by NMS threshold > 0.450000 success, result size is 3
[INFO]  object detect [0.766602:SO] success
[INFO]  object detect [0.015015:SO] success
[INFO]  object detect [0.007034:SO] success
[INFO]  Image 160 elapsed time: 0.027417 s , fps: 36.473836
[INFO]  filter boxes by confidence threshold > 0.001000 success, boxes size is 24
[INFO]  filter boxes by NMS threshold > 0.450000 success, result size is 2
[INFO]  object detect [0.861328:SO] success
[INFO]  object detect [0.854492:SO] success
[INFO]  Image 161 elapsed time: 0.026705 s , fps: 37.446539
[INFO]  filter boxes by confidence threshold > 0.001000 success, boxes size is 8
[INFO]  filter boxes by NMS threshold > 0.450000 success, result size is 4
[INFO]  object detect [0.861328:SO] success
[INFO]  object detect [0.336670:SO] success
[INFO]  object detect [0.021240:SO] success
[INFO]  object detect [0.002913:SO] success
[INFO]  Image 162 elapsed time: 0.028846 s , fps: 34.666960
[INFO]  filter boxes by confidence threshold > 0.001000 success, boxes size is 2
[INFO]  filter boxes by NMS threshold > 0.450000 success, result size is 2
[INFO]  object detect [0.109619:SO] success
[INFO]  object detect [0.001554:SO] success
[INFO]  Image 163 elapsed time: 0.028524 s , fps: 35.058747
[INFO]  filter boxes by confidence threshold > 0.001000 success, boxes size is 5
[INFO]  filter boxes by NMS threshold > 0.450000 success, result size is 4
[INFO]  object detect [0.641113:SO] success
[INFO]  object detect [0.008186:SO] success
[INFO]  object detect [0.004574:SO] success
[INFO]  object detect [0.001720:SO] success
[INFO]  Image 164 elapsed time: 0.027380 s , fps: 36.522515
[INFO]  filter boxes by confidence threshold > 0.001000 success, boxes size is 3
[INFO]  filter boxes by NMS threshold > 0.450000 success, result size is 3
[INFO]  object detect [0.679199:SO] success
[INFO]  object detect [0.588379:SO] success
[INFO]  object detect [0.530273:SO] success
[INFO]  Image 165 elapsed time: 0.027572 s , fps: 36.268406
[INFO]  filter boxes by confidence threshold > 0.001000 success, boxes size is 7
[INFO]  filter boxes by NMS threshold > 0.450000 success, result size is 4
[INFO]  object detect [0.716797:SO] success
[INFO]  object detect [0.390625:SO] success
[INFO]  object detect [0.023727:SO] success
[INFO]  object detect [0.001972:SO] success
[INFO]  Image 166 elapsed time: 0.028608 s , fps: 34.954913
[INFO]  filter boxes by confidence threshold > 0.001000 success, boxes size is 3
[INFO]  filter boxes by NMS threshold > 0.450000 success, result size is 3
[INFO]  object detect [0.414551:SO] success
[INFO]  object detect [0.101929:SO] success
[INFO]  object detect [0.002913:SO] success
[INFO]  Image 167 elapsed time: 0.029205 s , fps: 34.240349
[INFO]  filter boxes by confidence threshold > 0.001000 success, boxes size is 4
[INFO]  filter boxes by NMS threshold > 0.450000 success, result size is 3
[INFO]  object detect [0.005020:SO] success
[INFO]  object detect [0.002125:SO] success
[INFO]  object detect [0.001554:SO] success
[INFO]  Image 168 elapsed time: 0.029949 s , fps: 33.389648
[INFO]  filter boxes by confidence threshold > 0.001000 success, boxes size is 12
[INFO]  filter boxes by NMS threshold > 0.450000 success, result size is 2
[INFO]  object detect [0.839355:SO] success
[INFO]  object detect [0.167847:SO] success
[INFO]  Image 169 elapsed time: 0.036012 s , fps: 27.768219
[INFO]  filter boxes by confidence threshold > 0.001000 success, boxes size is 4
[INFO]  filter boxes by NMS threshold > 0.450000 success, result size is 2
[INFO]  object detect [0.798828:SO] success
[INFO]  object detect [0.796875:SO] success
[INFO]  Image 170 elapsed time: 0.043059 s , fps: 23.223882
[INFO]  filter boxes by confidence threshold > 0.001000 success, boxes size is 3
[INFO]  filter boxes by NMS threshold > 0.450000 success, result size is 2
[INFO]  object detect [0.448242:SO] success
[INFO]  object detect [0.001422:SO] success
[INFO]  Image 171 elapsed time: 0.037695 s , fps: 26.529014
[INFO]  filter boxes by confidence threshold > 0.001000 success, boxes size is 3
[INFO]  filter boxes by NMS threshold > 0.450000 success, result size is 2
[INFO]  object detect [0.079041:SO] success
[INFO]  object detect [0.030090:SO] success
[INFO]  Image 172 elapsed time: 0.029839 s , fps: 33.513018
[INFO]  filter boxes by confidence threshold > 0.001000 success, boxes size is 7
[INFO]  filter boxes by NMS threshold > 0.450000 success, result size is 4
[INFO]  object detect [0.004433:SO] success
[INFO]  object detect [0.002277:SO] success
[INFO]  object detect [0.001259:SO] success
[INFO]  object detect [0.001028:SO] success
[INFO]  Image 173 elapsed time: 0.030810 s , fps: 32.457306
[INFO]  filter boxes by confidence threshold > 0.001000 success, boxes size is 26
[INFO]  filter boxes by NMS threshold > 0.450000 success, result size is 11
[INFO]  object detect [0.768555:SO] success
[INFO]  object detect [0.660156:SO] success
[INFO]  object detect [0.283936:SO] success
[INFO]  object detect [0.020493:SO] success
[INFO]  object detect [0.006691:SO] success
[INFO]  object detect [0.005402:SO] success
[INFO]  object detect [0.004665:SO] success
[INFO]  object detect [0.003883:SO] success
[INFO]  object detect [0.002899:SO] success
[INFO]  object detect [0.002140:SO] success
[INFO]  object detect [0.001350:SO] success
[INFO]  Image 174 elapsed time: 0.031275 s , fps: 31.973930
[INFO]  filter boxes by confidence threshold > 0.001000 success, boxes size is 3
[INFO]  filter boxes by NMS threshold > 0.450000 success, result size is 2
[INFO]  object detect [0.262207:SO] success
[INFO]  object detect [0.006432:SO] success
[INFO]  Image 175 elapsed time: 0.030548 s , fps: 32.735063
[INFO]  filter boxes by confidence threshold > 0.001000 success, boxes size is 4
[INFO]  filter boxes by NMS threshold > 0.450000 success, result size is 3
[INFO]  object detect [0.745605:SO] success
[INFO]  object detect [0.213257:SO] success
[INFO]  object detect [0.041138:SO] success
[INFO]  Image 176 elapsed time: 0.029647 s , fps: 33.730033
[INFO]  filter boxes by confidence threshold > 0.001000 success, boxes size is 4
[INFO]  filter boxes by NMS threshold > 0.450000 success, result size is 3
[INFO]  object detect [0.073181:SO] success
[INFO]  object detect [0.036591:SO] success
[INFO]  object detect [0.002157:SO] success
[INFO]  Image 177 elapsed time: 0.031245 s , fps: 32.005120
[INFO]  filter boxes by confidence threshold > 0.001000 success, boxes size is 4
[INFO]  filter boxes by NMS threshold > 0.450000 success, result size is 4
[INFO]  object detect [0.076965:SO] success
[INFO]  object detect [0.001846:SO] success
[INFO]  object detect [0.001090:SO] success
[INFO]  object detect [0.001048:SO] success
[INFO]  Image 178 elapsed time: 0.026575 s , fps: 37.628751
[INFO]  filter boxes by confidence threshold > 0.001000 success, boxes size is 23
[INFO]  filter boxes by NMS threshold > 0.450000 success, result size is 5
[INFO]  object detect [0.825195:SO] success
[INFO]  object detect [0.745605:SO] success
[INFO]  object detect [0.681641:SO] success
[INFO]  object detect [0.086914:SO] success
[INFO]  object detect [0.001624:SO] success
[INFO]  Image 179 elapsed time: 0.030059 s , fps: 33.268151
[INFO]  filter boxes by confidence threshold > 0.001000 success, boxes size is 0
[INFO]  filter boxes by NMS threshold > 0.450000 success, result size is 0
[INFO]  Image 180 elapsed time: 0.028302 s , fps: 35.333520
[INFO]  filter boxes by confidence threshold > 0.001000 success, boxes size is 3
[INFO]  filter boxes by NMS threshold > 0.450000 success, result size is 2
[INFO]  object detect [0.366943:SO] success
[INFO]  object detect [0.001513:SO] success
[INFO]  Image 181 elapsed time: 0.028352 s , fps: 35.271363
[INFO]  filter boxes by confidence threshold > 0.001000 success, boxes size is 5
[INFO]  filter boxes by NMS threshold > 0.450000 success, result size is 2
[INFO]  object detect [0.784180:SO] success
[INFO]  object detect [0.173462:SO] success
[INFO]  Image 182 elapsed time: 0.030816 s , fps: 32.451030
[INFO]  filter boxes by confidence threshold > 0.001000 success, boxes size is 1
[INFO]  filter boxes by NMS threshold > 0.450000 success, result size is 1
[INFO]  object detect [0.068481:SO] success
[INFO]  Image 183 elapsed time: 0.030944 s , fps: 32.316685
[INFO]  filter boxes by confidence threshold > 0.001000 success, boxes size is 3
[INFO]  filter boxes by NMS threshold > 0.450000 success, result size is 1
[INFO]  object detect [0.416748:SO] success
[INFO]  Image 184 elapsed time: 0.029304 s , fps: 34.125521
[INFO]  filter boxes by confidence threshold > 0.001000 success, boxes size is 3
[INFO]  filter boxes by NMS threshold > 0.450000 success, result size is 1
[INFO]  object detect [0.612305:SO] success
[INFO]  Image 185 elapsed time: 0.026522 s , fps: 37.704361
[INFO]  filter boxes by confidence threshold > 0.001000 success, boxes size is 1
[INFO]  filter boxes by NMS threshold > 0.450000 success, result size is 1
[INFO]  object detect [0.217041:SO] success
[INFO]  Image 186 elapsed time: 0.036622 s , fps: 27.305709
[INFO]  filter boxes by confidence threshold > 0.001000 success, boxes size is 6
[INFO]  filter boxes by NMS threshold > 0.450000 success, result size is 2
[INFO]  object detect [0.823242:SO] success
[INFO]  object detect [0.545898:SO] success
[INFO]  Image 187 elapsed time: 0.033004 s , fps: 30.299681
[INFO]  filter boxes by confidence threshold > 0.001000 success, boxes size is 5
[INFO]  filter boxes by NMS threshold > 0.450000 success, result size is 3
[INFO]  object detect [0.514160:SO] success
[INFO]  object detect [0.263916:SO] success
[INFO]  object detect [0.106079:SO] success
[INFO]  Image 188 elapsed time: 0.033598 s , fps: 29.763816
[INFO]  filter boxes by confidence threshold > 0.001000 success, boxes size is 0
[INFO]  filter boxes by NMS threshold > 0.450000 success, result size is 0
[INFO]  Image 189 elapsed time: 0.034191 s , fps: 29.247556
[INFO]  filter boxes by confidence threshold > 0.001000 success, boxes size is 4
[INFO]  filter boxes by NMS threshold > 0.450000 success, result size is 3
[INFO]  object detect [0.795898:SO] success
[INFO]  object detect [0.009552:SO] success
[INFO]  object detect [0.002922:SO] success
[INFO]  Image 190 elapsed time: 0.030330 s , fps: 32.970237
[INFO]  filter boxes by confidence threshold > 0.001000 success, boxes size is 2
[INFO]  filter boxes by NMS threshold > 0.450000 success, result size is 2
[INFO]  object detect [0.296875:SO] success
[INFO]  object detect [0.002846:SO] success
[INFO]  Image 191 elapsed time: 0.025709 s , fps: 38.896479
[INFO]  filter boxes by confidence threshold > 0.001000 success, boxes size is 3
[INFO]  filter boxes by NMS threshold > 0.450000 success, result size is 3
[INFO]  object detect [0.772949:SO] success
[INFO]  object detect [0.004829:SO] success
[INFO]  object detect [0.001748:SO] success
[INFO]  Image 192 elapsed time: 0.030408 s , fps: 32.885934
[INFO]  filter boxes by confidence threshold > 0.001000 success, boxes size is 2
[INFO]  filter boxes by NMS threshold > 0.450000 success, result size is 2
[INFO]  object detect [0.368164:SO] success
[INFO]  object detect [0.176392:SO] success
[INFO]  Image 193 elapsed time: 0.023930 s , fps: 41.787829
[INFO]  filter boxes by confidence threshold > 0.001000 success, boxes size is 4
[INFO]  filter boxes by NMS threshold > 0.450000 success, result size is 2
[INFO]  object detect [0.153198:SO] success
[INFO]  object detect [0.085266:SO] success
[INFO]  Image 194 elapsed time: 0.029056 s , fps: 34.415761
[INFO]  filter boxes by confidence threshold > 0.001000 success, boxes size is 2
[INFO]  filter boxes by NMS threshold > 0.450000 success, result size is 2
[INFO]  object detect [0.755859:SO] success
[INFO]  object detect [0.001362:SO] success
[INFO]  Image 195 elapsed time: 0.031106 s , fps: 32.148440
[INFO]  filter boxes by confidence threshold > 0.001000 success, boxes size is 2
[INFO]  filter boxes by NMS threshold > 0.450000 success, result size is 1
[INFO]  object detect [0.146362:SO] success
[INFO]  Image 196 elapsed time: 0.027052 s , fps: 36.965540
[INFO]  filter boxes by confidence threshold > 0.001000 success, boxes size is 2
[INFO]  filter boxes by NMS threshold > 0.450000 success, result size is 1
[INFO]  object detect [0.024628:SO] success
[INFO]  Image 197 elapsed time: 0.031057 s , fps: 32.198365
[INFO]  filter boxes by confidence threshold > 0.001000 success, boxes size is 16
[INFO]  filter boxes by NMS threshold > 0.450000 success, result size is 8
[INFO]  object detect [0.599121:SO] success
[INFO]  object detect [0.041016:SO] success
[INFO]  object detect [0.018616:SO] success
[INFO]  object detect [0.005367:SO] success
[INFO]  object detect [0.002216:SO] success
[INFO]  object detect [0.001881:SO] success
[INFO]  object detect [0.001449:SO] success
[INFO]  object detect [0.001205:SO] success
[INFO]  Image 198 elapsed time: 0.027783 s , fps: 35.993069
[INFO]  filter boxes by confidence threshold > 0.001000 success, boxes size is 1
[INFO]  filter boxes by NMS threshold > 0.450000 success, result size is 1
[INFO]  object detect [0.227295:SO] success
[INFO]  Image 199 elapsed time: 0.032087 s , fps: 31.165683
[INFO]  filter boxes by confidence threshold > 0.001000 success, boxes size is 1
[INFO]  filter boxes by NMS threshold > 0.450000 success, result size is 1
[INFO]  object detect [0.644043:SO] success
[INFO]  Image 200 elapsed time: 0.028636 s , fps: 34.920531
[INFO]  Processed 200 images (excluding warmup), average FPS: 26.121971
[INFO]  Unload model ../model/bestv8s.om success
[INFO]  destroy context ok
[INFO]  Reset device 0 ok
[INFO]  Finalize acl ok
[INFO] 推理完成.
[INFO] 开始评估 mAP...
========== 评估结果 ==========
Precision: [    0.79098]
Recall: [    0.66255]
mAP@0.5: 0.7856041220517266
mAP@0.5:0.95: 0.3844855811579285
================================
[INFO] 评估完成.
======================================
 Run finished at Wed Aug 20 16:47:09 CST 2025
 Logs saved to /home/HwHiAiUser/gp/YOLO/logs/run_2025-08-20_16-46-40.log
======================================
