[INFO] 开始编译源代码...
-- set INC_PATH: /usr/local/Ascend/ascend-toolkit/latest
-- set LIB_PATH: /usr/local/Ascend/ascend-toolkit/latest/runtime/lib64/stub
-- set THIRDPART: /usr/local/Ascend/ascend-toolkit/latest/thirdpart
-- Configuring done
-- Generating done
-- Build files have been written to: /home/HwHiAiUser/gp/YOLO/src
Consolidate compiler generated dependencies of target main
[ 50%] Building CXX object CMakeFiles/main.dir/sampleYOLOV8.cpp.o
[100%] Linking CXX executable /home/HwHiAiUser/gp/YOLO/out/main
[100%] Built target main
[INFO] 编译完成.
[INFO] 开始推理...
[INFO]  Directory exists: ../output
[INFO]  Directory exists: ../output/images
[INFO]  Directory exists: ../output/labels
[INFO]  Acl init ok
[INFO]  Open device 0 ok
[INFO]  Use default context currently
[INFO]  dvpp init resource ok
[INFO]  Load model ../model/best11s.om success
[INFO]  Create model description success
[INFO]  Create model(../model/best11s.om) output success
[INFO]  Init model ../model/best11s.om success
[INFO]  filter boxes by confidence threshold > 0.001000 success, boxes size is 7
[INFO]  filter boxes by NMS threshold > 0.450000 success, result size is 5
[INFO]  object detect [0.304932:SO] success
[INFO]  object detect [0.012634:SO] success
[INFO]  object detect [0.005817:SO] success
[INFO]  object detect [0.002359:SO] success
[INFO]  object detect [0.001965:SO] success
[INFO]  Warmup (image 0) elapsed time: 0.045152 s , fps: 22.147286
[INFO]  filter boxes by confidence threshold > 0.001000 success, boxes size is 3
[INFO]  filter boxes by NMS threshold > 0.450000 success, result size is 2
[INFO]  object detect [0.038513:SO] success
[INFO]  object detect [0.008514:SO] success
[INFO]  Image 1 elapsed time: 0.027412 s , fps: 36.479938
[INFO]  filter boxes by confidence threshold > 0.001000 success, boxes size is 4
[INFO]  filter boxes by NMS threshold > 0.450000 success, result size is 1
[INFO]  object detect [0.744629:SO] success
[INFO]  Image 2 elapsed time: 0.026477 s , fps: 37.768895
[INFO]  filter boxes by confidence threshold > 0.001000 success, boxes size is 4
[INFO]  filter boxes by NMS threshold > 0.450000 success, result size is 3
[INFO]  object detect [0.589844:SO] success
[INFO]  object detect [0.100098:SO] success
[INFO]  object detect [0.011559:SO] success
[INFO]  Image 3 elapsed time: 0.025492 s , fps: 39.228553
[INFO]  filter boxes by confidence threshold > 0.001000 success, boxes size is 2
[INFO]  filter boxes by NMS threshold > 0.450000 success, result size is 2
[INFO]  object detect [0.709473:SO] success
[INFO]  object detect [0.003159:SO] success
[INFO]  Image 4 elapsed time: 0.025712 s , fps: 38.892957
[INFO]  filter boxes by confidence threshold > 0.001000 success, boxes size is 1
[INFO]  filter boxes by NMS threshold > 0.450000 success, result size is 1
[INFO]  object detect [0.044922:SO] success
[INFO]  Image 5 elapsed time: 0.025379 s , fps: 39.403354
[INFO]  filter boxes by confidence threshold > 0.001000 success, boxes size is 4
[INFO]  filter boxes by NMS threshold > 0.450000 success, result size is 2
[INFO]  object detect [0.121704:SO] success
[INFO]  object detect [0.001146:SO] success
[INFO]  Image 6 elapsed time: 0.025011 s , fps: 39.982069
[INFO]  filter boxes by confidence threshold > 0.001000 success, boxes size is 15
[INFO]  filter boxes by NMS threshold > 0.450000 success, result size is 4
[INFO]  object detect [0.823242:SO] success
[INFO]  object detect [0.004433:SO] success
[INFO]  object detect [0.002707:SO] success
[INFO]  object detect [0.001591:SO] success
[INFO]  Image 7 elapsed time: 0.026277 s , fps: 38.056548
[INFO]  filter boxes by confidence threshold > 0.001000 success, boxes size is 3
[INFO]  filter boxes by NMS threshold > 0.450000 success, result size is 1
[INFO]  object detect [0.108948:SO] success
[INFO]  Image 8 elapsed time: 0.044495 s , fps: 22.474487
[INFO]  filter boxes by confidence threshold > 0.001000 success, boxes size is 4
[INFO]  filter boxes by NMS threshold > 0.450000 success, result size is 4
[INFO]  object detect [0.487305:SO] success
[INFO]  object detect [0.023071:SO] success
[INFO]  object detect [0.009308:SO] success
[INFO]  object detect [0.008713:SO] success
[INFO]  Image 9 elapsed time: 0.035086 s , fps: 28.501306
[INFO]  filter boxes by confidence threshold > 0.001000 success, boxes size is 16
[INFO]  filter boxes by NMS threshold > 0.450000 success, result size is 6
[INFO]  object detect [0.677246:SO] success
[INFO]  object detect [0.109619:SO] success
[INFO]  object detect [0.051880:SO] success
[INFO]  object detect [0.016586:SO] success
[INFO]  object detect [0.001112:SO] success
[INFO]  object detect [0.001017:SO] success
[INFO]  Image 10 elapsed time: 0.027107 s , fps: 36.891364
[INFO]  filter boxes by confidence threshold > 0.001000 success, boxes size is 2
[INFO]  filter boxes by NMS threshold > 0.450000 success, result size is 1
[INFO]  object detect [0.692871:SO] success
[INFO]  Image 11 elapsed time: 0.022060 s , fps: 45.331413
[INFO]  filter boxes by confidence threshold > 0.001000 success, boxes size is 13
[INFO]  filter boxes by NMS threshold > 0.450000 success, result size is 6
[INFO]  object detect [0.760742:SO] success
[INFO]  object detect [0.004433:SO] success
[INFO]  object detect [0.001579:SO] success
[INFO]  object detect [0.001350:SO] success
[INFO]  object detect [0.001245:SO] success
[INFO]  object detect [0.001184:SO] success
[INFO]  Image 12 elapsed time: 0.023227 s , fps: 43.053069
[INFO]  filter boxes by confidence threshold > 0.001000 success, boxes size is 2
[INFO]  filter boxes by NMS threshold > 0.450000 success, result size is 1
[INFO]  object detect [0.008545:SO] success
[INFO]  Image 13 elapsed time: 0.025354 s , fps: 39.442112
[INFO]  filter boxes by confidence threshold > 0.001000 success, boxes size is 5
[INFO]  filter boxes by NMS threshold > 0.450000 success, result size is 3
[INFO]  object detect [0.042725:SO] success
[INFO]  object detect [0.001995:SO] success
[INFO]  object detect [0.001086:SO] success
[INFO]  Image 14 elapsed time: 0.026109 s , fps: 38.301462
[INFO]  filter boxes by confidence threshold > 0.001000 success, boxes size is 5
[INFO]  filter boxes by NMS threshold > 0.450000 success, result size is 2
[INFO]  object detect [0.690918:SO] success
[INFO]  object detect [0.674316:SO] success
[INFO]  Image 15 elapsed time: 0.025890 s , fps: 38.624804
[INFO]  filter boxes by confidence threshold > 0.001000 success, boxes size is 4
[INFO]  filter boxes by NMS threshold > 0.450000 success, result size is 4
[INFO]  object detect [0.685547:SO] success
[INFO]  object detect [0.008781:SO] success
[INFO]  object detect [0.003496:SO] success
[INFO]  object detect [0.003172:SO] success
[INFO]  Image 16 elapsed time: 0.023471 s , fps: 42.606099
[INFO]  filter boxes by confidence threshold > 0.001000 success, boxes size is 4
[INFO]  filter boxes by NMS threshold > 0.450000 success, result size is 2
[INFO]  object detect [0.736328:SO] success
[INFO]  object detect [0.402344:SO] success
[INFO]  Image 17 elapsed time: 0.025452 s , fps: 39.289114
[INFO]  filter boxes by confidence threshold > 0.001000 success, boxes size is 6
[INFO]  filter boxes by NMS threshold > 0.450000 success, result size is 5
[INFO]  object detect [0.669922:SO] success
[INFO]  object detect [0.523438:SO] success
[INFO]  object detect [0.060913:SO] success
[INFO]  object detect [0.043945:SO] success
[INFO]  object detect [0.001495:SO] success
[INFO]  Image 18 elapsed time: 0.025370 s , fps: 39.416360
[INFO]  filter boxes by confidence threshold > 0.001000 success, boxes size is 3
[INFO]  filter boxes by NMS threshold > 0.450000 success, result size is 2
[INFO]  object detect [0.574219:SO] success
[INFO]  object detect [0.008316:SO] success
[INFO]  Image 19 elapsed time: 0.025392 s , fps: 39.382048
[INFO]  filter boxes by confidence threshold > 0.001000 success, boxes size is 2
[INFO]  filter boxes by NMS threshold > 0.450000 success, result size is 2
[INFO]  object detect [0.673340:SO] success
[INFO]  object detect [0.001890:SO] success
[INFO]  Image 20 elapsed time: 0.025310 s , fps: 39.510486
[INFO]  filter boxes by confidence threshold > 0.001000 success, boxes size is 1
[INFO]  filter boxes by NMS threshold > 0.450000 success, result size is 1
[INFO]  object detect [0.005753:SO] success
[INFO]  Image 21 elapsed time: 0.024871 s , fps: 40.207029
[INFO]  filter boxes by confidence threshold > 0.001000 success, boxes size is 3
[INFO]  filter boxes by NMS threshold > 0.450000 success, result size is 1
[INFO]  object detect [0.028168:SO] success
[INFO]  Image 22 elapsed time: 0.025743 s , fps: 38.846183
[INFO]  filter boxes by confidence threshold > 0.001000 success, boxes size is 1
[INFO]  filter boxes by NMS threshold > 0.450000 success, result size is 1
[INFO]  object detect [0.004627:SO] success
[INFO]  Image 23 elapsed time: 0.024892 s , fps: 40.172906
[INFO]  filter boxes by confidence threshold > 0.001000 success, boxes size is 3
[INFO]  filter boxes by NMS threshold > 0.450000 success, result size is 1
[INFO]  object detect [0.718750:SO] success
[INFO]  Image 24 elapsed time: 0.025477 s , fps: 39.250849
[INFO]  filter boxes by confidence threshold > 0.001000 success, boxes size is 4
[INFO]  filter boxes by NMS threshold > 0.450000 success, result size is 2
[INFO]  object detect [0.050537:SO] success
[INFO]  object detect [0.010406:SO] success
[INFO]  Image 25 elapsed time: 0.024733 s , fps: 40.431640
[INFO]  filter boxes by confidence threshold > 0.001000 success, boxes size is 1
[INFO]  filter boxes by NMS threshold > 0.450000 success, result size is 1
[INFO]  object detect [0.696777:SO] success
[INFO]  Image 26 elapsed time: 0.023948 s , fps: 41.757739
[INFO]  filter boxes by confidence threshold > 0.001000 success, boxes size is 4
[INFO]  filter boxes by NMS threshold > 0.450000 success, result size is 3
[INFO]  object detect [0.050842:SO] success
[INFO]  object detect [0.026047:SO] success
[INFO]  object detect [0.001422:SO] success
[INFO]  Image 27 elapsed time: 0.048145 s , fps: 20.770667
[INFO]  filter boxes by confidence threshold > 0.001000 success, boxes size is 10
[INFO]  filter boxes by NMS threshold > 0.450000 success, result size is 7
[INFO]  object detect [0.306641:SO] success
[INFO]  object detect [0.012535:SO] success
[INFO]  object detect [0.005138:SO] success
[INFO]  object detect [0.003914:SO] success
[INFO]  object detect [0.002493:SO] success
[INFO]  object detect [0.002323:SO] success
[INFO]  object detect [0.001116:SO] success
[INFO]  Image 28 elapsed time: 0.027633 s , fps: 36.188184
[INFO]  filter boxes by confidence threshold > 0.001000 success, boxes size is 2
[INFO]  filter boxes by NMS threshold > 0.450000 success, result size is 2
[INFO]  object detect [0.534180:SO] success
[INFO]  object detect [0.003248:SO] success
[INFO]  Image 29 elapsed time: 0.024707 s , fps: 40.474700
[INFO]  filter boxes by confidence threshold > 0.001000 success, boxes size is 8
[INFO]  filter boxes by NMS threshold > 0.450000 success, result size is 6
[INFO]  object detect [0.038513:SO] success
[INFO]  object detect [0.004250:SO] success
[INFO]  object detect [0.004101:SO] success
[INFO]  object detect [0.002174:SO] success
[INFO]  object detect [0.001129:SO] success
[INFO]  object detect [0.001057:SO] success
[INFO]  Image 30 elapsed time: 0.024299 s , fps: 41.153930
[INFO]  filter boxes by confidence threshold > 0.001000 success, boxes size is 7
[INFO]  filter boxes by NMS threshold > 0.450000 success, result size is 5
[INFO]  object detect [0.724121:SO] success
[INFO]  object detect [0.706543:SO] success
[INFO]  object detect [0.004086:SO] success
[INFO]  object detect [0.002287:SO] success
[INFO]  object detect [0.001125:SO] success
[INFO]  Image 31 elapsed time: 0.026086 s , fps: 38.334436
[INFO]  filter boxes by confidence threshold > 0.001000 success, boxes size is 13
[INFO]  filter boxes by NMS threshold > 0.450000 success, result size is 3
[INFO]  object detect [0.746582:SO] success
[INFO]  object detect [0.676270:SO] success
[INFO]  object detect [0.004230:SO] success
[INFO]  Image 32 elapsed time: 0.026425 s , fps: 37.842711
[INFO]  filter boxes by confidence threshold > 0.001000 success, boxes size is 4
[INFO]  filter boxes by NMS threshold > 0.450000 success, result size is 4
[INFO]  object detect [0.034363:SO] success
[INFO]  object detect [0.004791:SO] success
[INFO]  object detect [0.002323:SO] success
[INFO]  object detect [0.001635:SO] success
[INFO]  Image 33 elapsed time: 0.026653 s , fps: 37.518549
[INFO]  filter boxes by confidence threshold > 0.001000 success, boxes size is 1
[INFO]  filter boxes by NMS threshold > 0.450000 success, result size is 1
[INFO]  object detect [0.665527:SO] success
[INFO]  Image 34 elapsed time: 0.025798 s , fps: 38.762674
[INFO]  filter boxes by confidence threshold > 0.001000 success, boxes size is 4
[INFO]  filter boxes by NMS threshold > 0.450000 success, result size is 4
[INFO]  object detect [0.740234:SO] success
[INFO]  object detect [0.002991:SO] success
[INFO]  object detect [0.001642:SO] success
[INFO]  object detect [0.001216:SO] success
[INFO]  Image 35 elapsed time: 0.025633 s , fps: 39.012287
[INFO]  filter boxes by confidence threshold > 0.001000 success, boxes size is 7
[INFO]  filter boxes by NMS threshold > 0.450000 success, result size is 2
[INFO]  object detect [0.630859:SO] success
[INFO]  object detect [0.001377:SO] success
[INFO]  Image 36 elapsed time: 0.026024 s , fps: 38.425551
[INFO]  filter boxes by confidence threshold > 0.001000 success, boxes size is 2
[INFO]  filter boxes by NMS threshold > 0.450000 success, result size is 2
[INFO]  object detect [0.082275:SO] success
[INFO]  object detect [0.045166:SO] success
[INFO]  Image 37 elapsed time: 0.024591 s , fps: 40.665251
[INFO]  filter boxes by confidence threshold > 0.001000 success, boxes size is 4
[INFO]  filter boxes by NMS threshold > 0.450000 success, result size is 1
[INFO]  object detect [0.691406:SO] success
[INFO]  Image 38 elapsed time: 0.024854 s , fps: 40.234294
[INFO]  filter boxes by confidence threshold > 0.001000 success, boxes size is 1
[INFO]  filter boxes by NMS threshold > 0.450000 success, result size is 1
[INFO]  object detect [0.034943:SO] success
[INFO]  Image 39 elapsed time: 0.020649 s , fps: 48.429054
[INFO]  filter boxes by confidence threshold > 0.001000 success, boxes size is 4
[INFO]  filter boxes by NMS threshold > 0.450000 success, result size is 2
[INFO]  object detect [0.659668:SO] success
[INFO]  object detect [0.053894:SO] success
[INFO]  Image 40 elapsed time: 0.020862 s , fps: 47.934966
[INFO]  filter boxes by confidence threshold > 0.001000 success, boxes size is 10
[INFO]  filter boxes by NMS threshold > 0.450000 success, result size is 6
[INFO]  object detect [0.779297:SO] success
[INFO]  object detect [0.065674:SO] success
[INFO]  object detect [0.055664:SO] success
[INFO]  object detect [0.011505:SO] success
[INFO]  object detect [0.003376:SO] success
[INFO]  object detect [0.002832:SO] success
[INFO]  Image 41 elapsed time: 0.025287 s , fps: 39.546131
[INFO]  filter boxes by confidence threshold > 0.001000 success, boxes size is 6
[INFO]  filter boxes by NMS threshold > 0.450000 success, result size is 3
[INFO]  object detect [0.741699:SO] success
[INFO]  object detect [0.003326:SO] success
[INFO]  object detect [0.001726:SO] success
[INFO]  Image 42 elapsed time: 0.025579 s , fps: 39.094775
[INFO]  filter boxes by confidence threshold > 0.001000 success, boxes size is 3
[INFO]  filter boxes by NMS threshold > 0.450000 success, result size is 2
[INFO]  object detect [0.030457:SO] success
[INFO]  object detect [0.003159:SO] success
[INFO]  Image 43 elapsed time: 0.025177 s , fps: 39.718190
[INFO]  filter boxes by confidence threshold > 0.001000 success, boxes size is 1
[INFO]  filter boxes by NMS threshold > 0.450000 success, result size is 1
[INFO]  object detect [0.407715:SO] success
[INFO]  Image 44 elapsed time: 0.023653 s , fps: 42.278704
[INFO]  filter boxes by confidence threshold > 0.001000 success, boxes size is 5
[INFO]  filter boxes by NMS threshold > 0.450000 success, result size is 4
[INFO]  object detect [0.495117:SO] success
[INFO]  object detect [0.018661:SO] success
[INFO]  object detect [0.001362:SO] success
[INFO]  object detect [0.001112:SO] success
[INFO]  Image 45 elapsed time: 0.026289 s , fps: 38.038302
[INFO]  filter boxes by confidence threshold > 0.001000 success, boxes size is 4
[INFO]  filter boxes by NMS threshold > 0.450000 success, result size is 1
[INFO]  object detect [0.661621:SO] success
[INFO]  Image 46 elapsed time: 0.044784 s , fps: 22.329255
[INFO]  filter boxes by confidence threshold > 0.001000 success, boxes size is 1
[INFO]  filter boxes by NMS threshold > 0.450000 success, result size is 1
[INFO]  object detect [0.116455:SO] success
[INFO]  Image 47 elapsed time: 0.033653 s , fps: 29.715300
[INFO]  filter boxes by confidence threshold > 0.001000 success, boxes size is 4
[INFO]  filter boxes by NMS threshold > 0.450000 success, result size is 2
[INFO]  object detect [0.041992:SO] success
[INFO]  object detect [0.002140:SO] success
[INFO]  Image 48 elapsed time: 0.026234 s , fps: 38.118504
[INFO]  filter boxes by confidence threshold > 0.001000 success, boxes size is 1
[INFO]  filter boxes by NMS threshold > 0.450000 success, result size is 1
[INFO]  object detect [0.553711:SO] success
[INFO]  Image 49 elapsed time: 0.026190 s , fps: 38.182970
[INFO]  filter boxes by confidence threshold > 0.001000 success, boxes size is 3
[INFO]  filter boxes by NMS threshold > 0.450000 success, result size is 2
[INFO]  object detect [0.006390:SO] success
[INFO]  object detect [0.001518:SO] success
[INFO]  Image 50 elapsed time: 0.024755 s , fps: 40.395912
[INFO]  filter boxes by confidence threshold > 0.001000 success, boxes size is 5
[INFO]  filter boxes by NMS threshold > 0.450000 success, result size is 4
[INFO]  object detect [0.306152:SO] success
[INFO]  object detect [0.068787:SO] success
[INFO]  object detect [0.050842:SO] success
[INFO]  object detect [0.002226:SO] success
[INFO]  Image 51 elapsed time: 0.025966 s , fps: 38.512462
[INFO]  filter boxes by confidence threshold > 0.001000 success, boxes size is 10
[INFO]  filter boxes by NMS threshold > 0.450000 success, result size is 8
[INFO]  object detect [0.604492:SO] success
[INFO]  object detect [0.116577:SO] success
[INFO]  object detect [0.023193:SO] success
[INFO]  object detect [0.003609:SO] success
[INFO]  object detect [0.002979:SO] success
[INFO]  object detect [0.002869:SO] success
[INFO]  object detect [0.002632:SO] success
[INFO]  object detect [0.001624:SO] success
[INFO]  Image 52 elapsed time: 0.023756 s , fps: 42.095277
[INFO]  filter boxes by confidence threshold > 0.001000 success, boxes size is 2
[INFO]  filter boxes by NMS threshold > 0.450000 success, result size is 2
[INFO]  object detect [0.746582:SO] success
[INFO]  object detect [0.181763:SO] success
[INFO]  Image 53 elapsed time: 0.025940 s , fps: 38.549826
[INFO]  filter boxes by confidence threshold > 0.001000 success, boxes size is 4
[INFO]  filter boxes by NMS threshold > 0.450000 success, result size is 3
[INFO]  object detect [0.732422:SO] success
[INFO]  object detect [0.696777:SO] success
[INFO]  object detect [0.001694:SO] success
[INFO]  Image 54 elapsed time: 0.026114 s , fps: 38.292998
[INFO]  filter boxes by confidence threshold > 0.001000 success, boxes size is 1
[INFO]  filter boxes by NMS threshold > 0.450000 success, result size is 1
[INFO]  object detect [0.023315:SO] success
[INFO]  Image 55 elapsed time: 0.025265 s , fps: 39.580535
[INFO]  filter boxes by confidence threshold > 0.001000 success, boxes size is 3
[INFO]  filter boxes by NMS threshold > 0.450000 success, result size is 3
[INFO]  object detect [0.654297:SO] success
[INFO]  object detect [0.159180:SO] success
[INFO]  object detect [0.004715:SO] success
[INFO]  Image 56 elapsed time: 0.025699 s , fps: 38.911873
[INFO]  filter boxes by confidence threshold > 0.001000 success, boxes size is 5
[INFO]  filter boxes by NMS threshold > 0.450000 success, result size is 3
[INFO]  object detect [0.700684:SO] success
[INFO]  object detect [0.041473:SO] success
[INFO]  object detect [0.001579:SO] success
[INFO]  Image 57 elapsed time: 0.028640 s , fps: 34.916394
[INFO]  filter boxes by confidence threshold > 0.001000 success, boxes size is 1
[INFO]  filter boxes by NMS threshold > 0.450000 success, result size is 1
[INFO]  object detect [0.050842:SO] success
[INFO]  Image 58 elapsed time: 0.026081 s , fps: 38.342093
[INFO]  filter boxes by confidence threshold > 0.001000 success, boxes size is 2
[INFO]  filter boxes by NMS threshold > 0.450000 success, result size is 1
[INFO]  object detect [0.133545:SO] success
[INFO]  Image 59 elapsed time: 0.025977 s , fps: 38.495229
[INFO]  filter boxes by confidence threshold > 0.001000 success, boxes size is 3
[INFO]  filter boxes by NMS threshold > 0.450000 success, result size is 2
[INFO]  object detect [0.716797:SO] success
[INFO]  object detect [0.397949:SO] success
[INFO]  Image 60 elapsed time: 0.026355 s , fps: 37.944063
[INFO]  filter boxes by confidence threshold > 0.001000 success, boxes size is 6
[INFO]  filter boxes by NMS threshold > 0.450000 success, result size is 4
[INFO]  object detect [0.638672:SO] success
[INFO]  object detect [0.214355:SO] success
[INFO]  object detect [0.002581:SO] success
[INFO]  object detect [0.001610:SO] success
[INFO]  Image 61 elapsed time: 0.026776 s , fps: 37.347423
[INFO]  filter boxes by confidence threshold > 0.001000 success, boxes size is 9
[INFO]  filter boxes by NMS threshold > 0.450000 success, result size is 3
[INFO]  object detect [0.755371:SO] success
[INFO]  object detect [0.710938:SO] success
[INFO]  object detect [0.001810:SO] success
[INFO]  Image 62 elapsed time: 0.025919 s , fps: 38.582271
[INFO]  filter boxes by confidence threshold > 0.001000 success, boxes size is 3
[INFO]  filter boxes by NMS threshold > 0.450000 success, result size is 3
[INFO]  object detect [0.483887:SO] success
[INFO]  object detect [0.006050:SO] success
[INFO]  object detect [0.001081:SO] success
[INFO]  Image 63 elapsed time: 0.024857 s , fps: 40.230484
[INFO]  filter boxes by confidence threshold > 0.001000 success, boxes size is 1
[INFO]  filter boxes by NMS threshold > 0.450000 success, result size is 1
[INFO]  object detect [0.306396:SO] success
[INFO]  Image 64 elapsed time: 0.026758 s , fps: 37.372692
[INFO]  filter boxes by confidence threshold > 0.001000 success, boxes size is 8
[INFO]  filter boxes by NMS threshold > 0.450000 success, result size is 5
[INFO]  object detect [0.528809:SO] success
[INFO]  object detect [0.133545:SO] success
[INFO]  object detect [0.115479:SO] success
[INFO]  object detect [0.012863:SO] success
[INFO]  object detect [0.001513:SO] success
[INFO]  Image 65 elapsed time: 0.037514 s , fps: 26.656451
[INFO]  filter boxes by confidence threshold > 0.001000 success, boxes size is 4
[INFO]  filter boxes by NMS threshold > 0.450000 success, result size is 2
[INFO]  object detect [0.043549:SO] success
[INFO]  object detect [0.020370:SO] success
[INFO]  Image 66 elapsed time: 0.029282 s , fps: 34.150823
[INFO]  filter boxes by confidence threshold > 0.001000 success, boxes size is 8
[INFO]  filter boxes by NMS threshold > 0.450000 success, result size is 3
[INFO]  object detect [0.751953:SO] success
[INFO]  object detect [0.689941:SO] success
[INFO]  object detect [0.001471:SO] success
[INFO]  Image 67 elapsed time: 0.026494 s , fps: 37.743886
[INFO]  filter boxes by confidence threshold > 0.001000 success, boxes size is 4
[INFO]  filter boxes by NMS threshold > 0.450000 success, result size is 1
[INFO]  object detect [0.171997:SO] success
[INFO]  Image 68 elapsed time: 0.026076 s , fps: 38.349200
[INFO]  filter boxes by confidence threshold > 0.001000 success, boxes size is 5
[INFO]  filter boxes by NMS threshold > 0.450000 success, result size is 4
[INFO]  object detect [0.453125:SO] success
[INFO]  object detect [0.132568:SO] success
[INFO]  object detect [0.064087:SO] success
[INFO]  object detect [0.002550:SO] success
[INFO]  Image 69 elapsed time: 0.024171 s , fps: 41.371048
[INFO]  filter boxes by confidence threshold > 0.001000 success, boxes size is 19
[INFO]  filter boxes by NMS threshold > 0.450000 success, result size is 5
[INFO]  object detect [0.656738:SO] success
[INFO]  object detect [0.654297:SO] success
[INFO]  object detect [0.087891:SO] success
[INFO]  object detect [0.008347:SO] success
[INFO]  object detect [0.006828:SO] success
[INFO]  Image 70 elapsed time: 0.026451 s , fps: 37.805841
[INFO]  filter boxes by confidence threshold > 0.001000 success, boxes size is 3
[INFO]  filter boxes by NMS threshold > 0.450000 success, result size is 3
[INFO]  object detect [0.492188:SO] success
[INFO]  object detect [0.247559:SO] success
[INFO]  object detect [0.237305:SO] success
[INFO]  Image 71 elapsed time: 0.026029 s , fps: 38.418600
[INFO]  filter boxes by confidence threshold > 0.001000 success, boxes size is 1
[INFO]  filter boxes by NMS threshold > 0.450000 success, result size is 1
[INFO]  object detect [0.784668:SO] success
[INFO]  Image 72 elapsed time: 0.025920 s , fps: 38.580689
[INFO]  filter boxes by confidence threshold > 0.001000 success, boxes size is 2
[INFO]  filter boxes by NMS threshold > 0.450000 success, result size is 2
[INFO]  object detect [0.069824:SO] success
[INFO]  object detect [0.063721:SO] success
[INFO]  Image 73 elapsed time: 0.026569 s , fps: 37.637431
[INFO]  filter boxes by confidence threshold > 0.001000 success, boxes size is 5
[INFO]  filter boxes by NMS threshold > 0.450000 success, result size is 4
[INFO]  object detect [0.687500:SO] success
[INFO]  object detect [0.064087:SO] success
[INFO]  object detect [0.002502:SO] success
[INFO]  object detect [0.001048:SO] success
[INFO]  Image 74 elapsed time: 0.026130 s , fps: 38.270190
[INFO]  filter boxes by confidence threshold > 0.001000 success, boxes size is 7
[INFO]  filter boxes by NMS threshold > 0.450000 success, result size is 7
[INFO]  object detect [0.029236:SO] success
[INFO]  object detect [0.025803:SO] success
[INFO]  object detect [0.019409:SO] success
[INFO]  object detect [0.018845:SO] success
[INFO]  object detect [0.008156:SO] success
[INFO]  object detect [0.003822:SO] success
[INFO]  object detect [0.003754:SO] success
[INFO]  Image 75 elapsed time: 0.027144 s , fps: 36.840878
[INFO]  filter boxes by confidence threshold > 0.001000 success, boxes size is 5
[INFO]  filter boxes by NMS threshold > 0.450000 success, result size is 4
[INFO]  object detect [0.046234:SO] success
[INFO]  object detect [0.016724:SO] success
[INFO]  object detect [0.004646:SO] success
[INFO]  object detect [0.001400:SO] success
[INFO]  Image 76 elapsed time: 0.021275 s , fps: 47.003759
[INFO]  filter boxes by confidence threshold > 0.001000 success, boxes size is 2
[INFO]  filter boxes by NMS threshold > 0.450000 success, result size is 2
[INFO]  object detect [0.124268:SO] success
[INFO]  object detect [0.001000:SO] success
[INFO]  Image 77 elapsed time: 0.022376 s , fps: 44.691090
[INFO]  filter boxes by confidence threshold > 0.001000 success, boxes size is 12
[INFO]  filter boxes by NMS threshold > 0.450000 success, result size is 2
[INFO]  object detect [0.734375:SO] success
[INFO]  object detect [0.722168:SO] success
[INFO]  Image 78 elapsed time: 0.025168 s , fps: 39.733444
[INFO]  filter boxes by confidence threshold > 0.001000 success, boxes size is 13
[INFO]  filter boxes by NMS threshold > 0.450000 success, result size is 2
[INFO]  object detect [0.834473:SO] success
[INFO]  object detect [0.077942:SO] success
[INFO]  Image 79 elapsed time: 0.026705 s , fps: 37.446808
[INFO]  filter boxes by confidence threshold > 0.001000 success, boxes size is 4
[INFO]  filter boxes by NMS threshold > 0.450000 success, result size is 2
[INFO]  object detect [0.724121:SO] success
[INFO]  object detect [0.530273:SO] success
[INFO]  Image 80 elapsed time: 0.025044 s , fps: 39.929617
[INFO]  filter boxes by confidence threshold > 0.001000 success, boxes size is 4
[INFO]  filter boxes by NMS threshold > 0.450000 success, result size is 1
[INFO]  object detect [0.035339:SO] success
[INFO]  Image 81 elapsed time: 0.027085 s , fps: 36.921331
[INFO]  filter boxes by confidence threshold > 0.001000 success, boxes size is 5
[INFO]  filter boxes by NMS threshold > 0.450000 success, result size is 5
[INFO]  object detect [0.071228:SO] success
[INFO]  object detect [0.023071:SO] success
[INFO]  object detect [0.009094:SO] success
[INFO]  object detect [0.004330:SO] success
[INFO]  object detect [0.003990:SO] success
[INFO]  Image 82 elapsed time: 0.022410 s , fps: 44.622787
[INFO]  filter boxes by confidence threshold > 0.001000 success, boxes size is 3
[INFO]  filter boxes by NMS threshold > 0.450000 success, result size is 2
[INFO]  object detect [0.088867:SO] success
[INFO]  object detect [0.002991:SO] success
[INFO]  Image 83 elapsed time: 0.023098 s , fps: 43.294532
[INFO]  filter boxes by confidence threshold > 0.001000 success, boxes size is 4
[INFO]  filter boxes by NMS threshold > 0.450000 success, result size is 2
[INFO]  object detect [0.580078:SO] success
[INFO]  object detect [0.003719:SO] success
[INFO]  Image 84 elapsed time: 0.038646 s , fps: 25.875836
[INFO]  filter boxes by confidence threshold > 0.001000 success, boxes size is 7
[INFO]  filter boxes by NMS threshold > 0.450000 success, result size is 4
[INFO]  object detect [0.750000:SO] success
[INFO]  object detect [0.663574:SO] success
[INFO]  object detect [0.016022:SO] success
[INFO]  object detect [0.002068:SO] success
[INFO]  Image 85 elapsed time: 0.031666 s , fps: 31.579918
[INFO]  filter boxes by confidence threshold > 0.001000 success, boxes size is 4
[INFO]  filter boxes by NMS threshold > 0.450000 success, result size is 1
[INFO]  object detect [0.011200:SO] success
[INFO]  Image 86 elapsed time: 0.027094 s , fps: 36.908755
[INFO]  filter boxes by confidence threshold > 0.001000 success, boxes size is 2
[INFO]  filter boxes by NMS threshold > 0.450000 success, result size is 2
[INFO]  object detect [0.116089:SO] success
[INFO]  object detect [0.002443:SO] success
[INFO]  Image 87 elapsed time: 0.024168 s , fps: 41.376897
[INFO]  filter boxes by confidence threshold > 0.001000 success, boxes size is 4
[INFO]  filter boxes by NMS threshold > 0.450000 success, result size is 3
[INFO]  object detect [0.217651:SO] success
[INFO]  object detect [0.027527:SO] success
[INFO]  object detect [0.023300:SO] success
[INFO]  Image 88 elapsed time: 0.021995 s , fps: 45.465854
[INFO]  filter boxes by confidence threshold > 0.001000 success, boxes size is 7
[INFO]  filter boxes by NMS threshold > 0.450000 success, result size is 3
[INFO]  object detect [0.653809:SO] success
[INFO]  object detect [0.650879:SO] success
[INFO]  object detect [0.007721:SO] success
[INFO]  Image 89 elapsed time: 0.024825 s , fps: 40.281396
[INFO]  filter boxes by confidence threshold > 0.001000 success, boxes size is 2
[INFO]  filter boxes by NMS threshold > 0.450000 success, result size is 2
[INFO]  object detect [0.316406:SO] success
[INFO]  object detect [0.002581:SO] success
[INFO]  Image 90 elapsed time: 0.027087 s , fps: 36.918038
[INFO]  filter boxes by confidence threshold > 0.001000 success, boxes size is 5
[INFO]  filter boxes by NMS threshold > 0.450000 success, result size is 3
[INFO]  object detect [0.716309:SO] success
[INFO]  object detect [0.027100:SO] success
[INFO]  object detect [0.002296:SO] success
[INFO]  Image 91 elapsed time: 0.026012 s , fps: 38.444293
[INFO]  filter boxes by confidence threshold > 0.001000 success, boxes size is 6
[INFO]  filter boxes by NMS threshold > 0.450000 success, result size is 2
[INFO]  object detect [0.635254:SO] success
[INFO]  object detect [0.509766:SO] success
[INFO]  Image 92 elapsed time: 0.025927 s , fps: 38.569713
[INFO]  filter boxes by confidence threshold > 0.001000 success, boxes size is 3
[INFO]  filter boxes by NMS threshold > 0.450000 success, result size is 2
[INFO]  object detect [0.693848:SO] success
[INFO]  object detect [0.001179:SO] success
[INFO]  Image 93 elapsed time: 0.021909 s , fps: 45.642330
[INFO]  filter boxes by confidence threshold > 0.001000 success, boxes size is 7
[INFO]  filter boxes by NMS threshold > 0.450000 success, result size is 3
[INFO]  object detect [0.714844:SO] success
[INFO]  object detect [0.027893:SO] success
[INFO]  object detect [0.003639:SO] success
[INFO]  Image 94 elapsed time: 0.025770 s , fps: 38.805512
[INFO]  filter boxes by confidence threshold > 0.001000 success, boxes size is 8
[INFO]  filter boxes by NMS threshold > 0.450000 success, result size is 2
[INFO]  object detect [0.665527:SO] success
[INFO]  object detect [0.657715:SO] success
[INFO]  Image 95 elapsed time: 0.025703 s , fps: 38.906134
[INFO]  filter boxes by confidence threshold > 0.001000 success, boxes size is 7
[INFO]  filter boxes by NMS threshold > 0.450000 success, result size is 3
[INFO]  object detect [0.677734:SO] success
[INFO]  object detect [0.297852:SO] success
[INFO]  object detect [0.219238:SO] success
[INFO]  Image 96 elapsed time: 0.026030 s , fps: 38.417432
[INFO]  filter boxes by confidence threshold > 0.001000 success, boxes size is 8
[INFO]  filter boxes by NMS threshold > 0.450000 success, result size is 7
[INFO]  object detect [0.502930:SO] success
[INFO]  object detect [0.049561:SO] success
[INFO]  object detect [0.022522:SO] success
[INFO]  object detect [0.021072:SO] success
[INFO]  object detect [0.002125:SO] success
[INFO]  object detect [0.002108:SO] success
[INFO]  object detect [0.001736:SO] success
[INFO]  Image 97 elapsed time: 0.025715 s , fps: 38.888104
[INFO]  filter boxes by confidence threshold > 0.001000 success, boxes size is 2
[INFO]  filter boxes by NMS threshold > 0.450000 success, result size is 1
[INFO]  object detect [0.019409:SO] success
[INFO]  Image 98 elapsed time: 0.025315 s , fps: 39.502259
[INFO]  filter boxes by confidence threshold > 0.001000 success, boxes size is 2
[INFO]  filter boxes by NMS threshold > 0.450000 success, result size is 2
[INFO]  object detect [0.105164:SO] success
[INFO]  object detect [0.004200:SO] success
[INFO]  Image 99 elapsed time: 0.024433 s , fps: 40.929060
[INFO]  filter boxes by confidence threshold > 0.001000 success, boxes size is 6
[INFO]  filter boxes by NMS threshold > 0.450000 success, result size is 5
[INFO]  object detect [0.065002:SO] success
[INFO]  object detect [0.012199:SO] success
[INFO]  object detect [0.011467:SO] success
[INFO]  object detect [0.004349:SO] success
[INFO]  object detect [0.003197:SO] success
[INFO]  Image 100 elapsed time: 0.026438 s , fps: 37.823687
[INFO]  filter boxes by confidence threshold > 0.001000 success, boxes size is 4
[INFO]  filter boxes by NMS threshold > 0.450000 success, result size is 1
[INFO]  object detect [0.554688:SO] success
[INFO]  Image 101 elapsed time: 0.026066 s , fps: 38.364219
[INFO]  filter boxes by confidence threshold > 0.001000 success, boxes size is 13
[INFO]  filter boxes by NMS threshold > 0.450000 success, result size is 2
[INFO]  object detect [0.744141:SO] success
[INFO]  object detect [0.001107:SO] success
[INFO]  Image 102 elapsed time: 0.025724 s , fps: 38.874088
[INFO]  filter boxes by confidence threshold > 0.001000 success, boxes size is 6
[INFO]  filter boxes by NMS threshold > 0.450000 success, result size is 6
[INFO]  object detect [0.309814:SO] success
[INFO]  object detect [0.278809:SO] success
[INFO]  object detect [0.145264:SO] success
[INFO]  object detect [0.012634:SO] success
[INFO]  object detect [0.001467:SO] success
[INFO]  object detect [0.001095:SO] success
[INFO]  Image 103 elapsed time: 0.039891 s , fps: 25.068033
[INFO]  filter boxes by confidence threshold > 0.001000 success, boxes size is 8
[INFO]  filter boxes by NMS threshold > 0.450000 success, result size is 3
[INFO]  object detect [0.730469:SO] success
[INFO]  object detect [0.496094:SO] success
[INFO]  object detect [0.051880:SO] success
[INFO]  Image 104 elapsed time: 0.030914 s , fps: 32.348026
[INFO]  filter boxes by confidence threshold > 0.001000 success, boxes size is 5
[INFO]  filter boxes by NMS threshold > 0.450000 success, result size is 4
[INFO]  object detect [0.722656:SO] success
[INFO]  object detect [0.221436:SO] success
[INFO]  object detect [0.002262:SO] success
[INFO]  object detect [0.001300:SO] success
[INFO]  Image 105 elapsed time: 0.024305 s , fps: 41.143982
[INFO]  filter boxes by confidence threshold > 0.001000 success, boxes size is 4
[INFO]  filter boxes by NMS threshold > 0.450000 success, result size is 4
[INFO]  object detect [0.666016:SO] success
[INFO]  object detect [0.070923:SO] success
[INFO]  object detect [0.012680:SO] success
[INFO]  object detect [0.008057:SO] success
[INFO]  Image 106 elapsed time: 0.024966 s , fps: 40.055071
[INFO]  filter boxes by confidence threshold > 0.001000 success, boxes size is 5
[INFO]  filter boxes by NMS threshold > 0.450000 success, result size is 2
[INFO]  object detect [0.619141:SO] success
[INFO]  object detect [0.541016:SO] success
[INFO]  Image 107 elapsed time: 0.025633 s , fps: 39.011938
[INFO]  filter boxes by confidence threshold > 0.001000 success, boxes size is 8
[INFO]  filter boxes by NMS threshold > 0.450000 success, result size is 4
[INFO]  object detect [0.178711:SO] success
[INFO]  object detect [0.032532:SO] success
[INFO]  object detect [0.021683:SO] success
[INFO]  object detect [0.003662:SO] success
[INFO]  Image 108 elapsed time: 0.025404 s , fps: 39.364478
[INFO]  filter boxes by confidence threshold > 0.001000 success, boxes size is 1
[INFO]  filter boxes by NMS threshold > 0.450000 success, result size is 1
[INFO]  object detect [0.722168:SO] success
[INFO]  Image 109 elapsed time: 0.026055 s , fps: 38.380937
[INFO]  filter boxes by confidence threshold > 0.001000 success, boxes size is 8
[INFO]  filter boxes by NMS threshold > 0.450000 success, result size is 6
[INFO]  object detect [0.664062:SO] success
[INFO]  object detect [0.232910:SO] success
[INFO]  object detect [0.004986:SO] success
[INFO]  object detect [0.003899:SO] success
[INFO]  object detect [0.002737:SO] success
[INFO]  object detect [0.001642:SO] success
[INFO]  Image 110 elapsed time: 0.025844 s , fps: 38.694332
[INFO]  filter boxes by confidence threshold > 0.001000 success, boxes size is 2
[INFO]  filter boxes by NMS threshold > 0.450000 success, result size is 2
[INFO]  object detect [0.649902:SO] success
[INFO]  object detect [0.001133:SO] success
[INFO]  Image 111 elapsed time: 0.026234 s , fps: 38.118655
[INFO]  filter boxes by confidence threshold > 0.001000 success, boxes size is 2
[INFO]  filter boxes by NMS threshold > 0.450000 success, result size is 1
[INFO]  object detect [0.187012:SO] success
[INFO]  Image 112 elapsed time: 0.022094 s , fps: 45.260370
[INFO]  filter boxes by confidence threshold > 0.001000 success, boxes size is 3
[INFO]  filter boxes by NMS threshold > 0.450000 success, result size is 3
[INFO]  object detect [0.357422:SO] success
[INFO]  object detect [0.136963:SO] success
[INFO]  object detect [0.004574:SO] success
[INFO]  Image 113 elapsed time: 0.024876 s , fps: 40.199014
[INFO]  filter boxes by confidence threshold > 0.001000 success, boxes size is 5
[INFO]  filter boxes by NMS threshold > 0.450000 success, result size is 1
[INFO]  object detect [0.421387:SO] success
[INFO]  Image 114 elapsed time: 0.025414 s , fps: 39.349021
[INFO]  filter boxes by confidence threshold > 0.001000 success, boxes size is 2
[INFO]  filter boxes by NMS threshold > 0.450000 success, result size is 1
[INFO]  object detect [0.746094:SO] success
[INFO]  Image 115 elapsed time: 0.026177 s , fps: 38.200777
[INFO]  filter boxes by confidence threshold > 0.001000 success, boxes size is 3
[INFO]  filter boxes by NMS threshold > 0.450000 success, result size is 3
[INFO]  object detect [0.238281:SO] success
[INFO]  object detect [0.002270:SO] success
[INFO]  object detect [0.002150:SO] success
[INFO]  Image 116 elapsed time: 0.026547 s , fps: 37.668386
[INFO]  filter boxes by confidence threshold > 0.001000 success, boxes size is 4
[INFO]  filter boxes by NMS threshold > 0.450000 success, result size is 2
[INFO]  object detect [0.679688:SO] success
[INFO]  object detect [0.001205:SO] success
[INFO]  Image 117 elapsed time: 0.026893 s , fps: 37.183754
[INFO]  filter boxes by confidence threshold > 0.001000 success, boxes size is 1
[INFO]  filter boxes by NMS threshold > 0.450000 success, result size is 1
[INFO]  object detect [0.644043:SO] success
[INFO]  Image 118 elapsed time: 0.023606 s , fps: 42.362136
[INFO]  filter boxes by confidence threshold > 0.001000 success, boxes size is 3
[INFO]  filter boxes by NMS threshold > 0.450000 success, result size is 2
[INFO]  object detect [0.739746:SO] success
[INFO]  object detect [0.005306:SO] success
[INFO]  Image 119 elapsed time: 0.022304 s , fps: 44.834607
[INFO]  filter boxes by confidence threshold > 0.001000 success, boxes size is 8
[INFO]  filter boxes by NMS threshold > 0.450000 success, result size is 2
[INFO]  object detect [0.726074:SO] success
[INFO]  object detect [0.692871:SO] success
[INFO]  Image 120 elapsed time: 0.025483 s , fps: 39.241352
[INFO]  filter boxes by confidence threshold > 0.001000 success, boxes size is 8
[INFO]  filter boxes by NMS threshold > 0.450000 success, result size is 7
[INFO]  object detect [0.229004:SO] success
[INFO]  object detect [0.062012:SO] success
[INFO]  object detect [0.030273:SO] success
[INFO]  object detect [0.023300:SO] success
[INFO]  object detect [0.021042:SO] success
[INFO]  object detect [0.002979:SO] success
[INFO]  object detect [0.001610:SO] success
[INFO]  Image 121 elapsed time: 0.025699 s , fps: 38.912126
[INFO]  filter boxes by confidence threshold > 0.001000 success, boxes size is 4
[INFO]  filter boxes by NMS threshold > 0.450000 success, result size is 3
[INFO]  object detect [0.022110:SO] success
[INFO]  object detect [0.010216:SO] success
[INFO]  object detect [0.003120:SO] success
[INFO]  Image 122 elapsed time: 0.038724 s , fps: 25.824091
[INFO]  filter boxes by confidence threshold > 0.001000 success, boxes size is 4
[INFO]  filter boxes by NMS threshold > 0.450000 success, result size is 3
[INFO]  object detect [0.660156:SO] success
[INFO]  object detect [0.604492:SO] success
[INFO]  object detect [0.005184:SO] success
[INFO]  Image 123 elapsed time: 0.032745 s , fps: 30.539346
[INFO]  filter boxes by confidence threshold > 0.001000 success, boxes size is 3
[INFO]  filter boxes by NMS threshold > 0.450000 success, result size is 2
[INFO]  object detect [0.600586:SO] success
[INFO]  object detect [0.004364:SO] success
[INFO]  Image 124 elapsed time: 0.024157 s , fps: 41.395951
[INFO]  filter boxes by confidence threshold > 0.001000 success, boxes size is 7
[INFO]  filter boxes by NMS threshold > 0.450000 success, result size is 4
[INFO]  object detect [0.806641:SO] success
[INFO]  object detect [0.005306:SO] success
[INFO]  object detect [0.004135:SO] success
[INFO]  object detect [0.001748:SO] success
[INFO]  Image 125 elapsed time: 0.026698 s , fps: 37.456216
[INFO]  filter boxes by confidence threshold > 0.001000 success, boxes size is 1
[INFO]  filter boxes by NMS threshold > 0.450000 success, result size is 1
[INFO]  object detect [0.010368:SO] success
[INFO]  Image 126 elapsed time: 0.026129 s , fps: 38.270984
[INFO]  filter boxes by confidence threshold > 0.001000 success, boxes size is 2
[INFO]  filter boxes by NMS threshold > 0.450000 success, result size is 2
[INFO]  object detect [0.532715:SO] success
[INFO]  object detect [0.054199:SO] success
[INFO]  Image 127 elapsed time: 0.025119 s , fps: 39.810261
[INFO]  filter boxes by confidence threshold > 0.001000 success, boxes size is 6
[INFO]  filter boxes by NMS threshold > 0.450000 success, result size is 2
[INFO]  object detect [0.135986:SO] success
[INFO]  object detect [0.023300:SO] success
[INFO]  Image 128 elapsed time: 0.025955 s , fps: 38.528044
[INFO]  filter boxes by confidence threshold > 0.001000 success, boxes size is 1
[INFO]  filter boxes by NMS threshold > 0.450000 success, result size is 1
[INFO]  object detect [0.013023:SO] success
[INFO]  Image 129 elapsed time: 0.026237 s , fps: 38.114448
[INFO]  filter boxes by confidence threshold > 0.001000 success, boxes size is 9
[INFO]  filter boxes by NMS threshold > 0.450000 success, result size is 6
[INFO]  object detect [0.632324:SO] success
[INFO]  object detect [0.001867:SO] success
[INFO]  object detect [0.001350:SO] success
[INFO]  object detect [0.001121:SO] success
[INFO]  object detect [0.001081:SO] success
[INFO]  object detect [0.001020:SO] success
[INFO]  Image 130 elapsed time: 0.025496 s , fps: 39.221791
[INFO]  filter boxes by confidence threshold > 0.001000 success, boxes size is 1
[INFO]  filter boxes by NMS threshold > 0.450000 success, result size is 1
[INFO]  object detect [0.003639:SO] success
[INFO]  Image 131 elapsed time: 0.021940 s , fps: 45.579876
[INFO]  filter boxes by confidence threshold > 0.001000 success, boxes size is 5
[INFO]  filter boxes by NMS threshold > 0.450000 success, result size is 4
[INFO]  object detect [0.143311:SO] success
[INFO]  object detect [0.134521:SO] success
[INFO]  object detect [0.004963:SO] success
[INFO]  object detect [0.001009:SO] success
[INFO]  Image 132 elapsed time: 0.025688 s , fps: 38.928633
[INFO]  filter boxes by confidence threshold > 0.001000 success, boxes size is 9
[INFO]  filter boxes by NMS threshold > 0.450000 success, result size is 6
[INFO]  object detect [0.191895:SO] success
[INFO]  object detect [0.047607:SO] success
[INFO]  object detect [0.009377:SO] success
[INFO]  object detect [0.008186:SO] success
[INFO]  object detect [0.002108:SO] success
[INFO]  object detect [0.001680:SO] success
[INFO]  Image 133 elapsed time: 0.027351 s , fps: 36.562329
[INFO]  filter boxes by confidence threshold > 0.001000 success, boxes size is 1
[INFO]  filter boxes by NMS threshold > 0.450000 success, result size is 1
[INFO]  object detect [0.595703:SO] success
[INFO]  Image 134 elapsed time: 0.023864 s , fps: 41.903628
[INFO]  filter boxes by confidence threshold > 0.001000 success, boxes size is 3
[INFO]  filter boxes by NMS threshold > 0.450000 success, result size is 2
[INFO]  object detect [0.597656:SO] success
[INFO]  object detect [0.004349:SO] success
[INFO]  Image 135 elapsed time: 0.025434 s , fps: 39.317208
[INFO]  filter boxes by confidence threshold > 0.001000 success, boxes size is 5
[INFO]  filter boxes by NMS threshold > 0.450000 success, result size is 3
[INFO]  object detect [0.642090:SO] success
[INFO]  object detect [0.093506:SO] success
[INFO]  object detect [0.001846:SO] success
[INFO]  Image 136 elapsed time: 0.025675 s , fps: 38.947805
[INFO]  filter boxes by confidence threshold > 0.001000 success, boxes size is 13
[INFO]  filter boxes by NMS threshold > 0.450000 success, result size is 5
[INFO]  object detect [0.732422:SO] success
[INFO]  object detect [0.003063:SO] success
[INFO]  object detect [0.002434:SO] success
[INFO]  object detect [0.001797:SO] success
[INFO]  object detect [0.001610:SO] success
[INFO]  Image 137 elapsed time: 0.025640 s , fps: 39.002112
[INFO]  filter boxes by confidence threshold > 0.001000 success, boxes size is 2
[INFO]  filter boxes by NMS threshold > 0.450000 success, result size is 2
[INFO]  object detect [0.244141:SO] success
[INFO]  object detect [0.059998:SO] success
[INFO]  Image 138 elapsed time: 0.027286 s , fps: 36.648451
[INFO]  filter boxes by confidence threshold > 0.001000 success, boxes size is 1
[INFO]  filter boxes by NMS threshold > 0.450000 success, result size is 1
[INFO]  object detect [0.056030:SO] success
[INFO]  Image 139 elapsed time: 0.026762 s , fps: 37.366728
[INFO]  filter boxes by confidence threshold > 0.001000 success, boxes size is 4
[INFO]  filter boxes by NMS threshold > 0.450000 success, result size is 4
[INFO]  object detect [0.362549:SO] success
[INFO]  object detect [0.039703:SO] success
[INFO]  object detect [0.032349:SO] success
[INFO]  object detect [0.004265:SO] success
[INFO]  Image 140 elapsed time: 0.037587 s , fps: 26.604710
[INFO]  filter boxes by confidence threshold > 0.001000 success, boxes size is 3
[INFO]  filter boxes by NMS threshold > 0.450000 success, result size is 2
[INFO]  object detect [0.428223:SO] success
[INFO]  object detect [0.005917:SO] success
[INFO]  Image 141 elapsed time: 0.027998 s , fps: 35.716597
[INFO]  filter boxes by confidence threshold > 0.001000 success, boxes size is 5
[INFO]  filter boxes by NMS threshold > 0.450000 success, result size is 3
[INFO]  object detect [0.673340:SO] success
[INFO]  object detect [0.225342:SO] success
[INFO]  object detect [0.003052:SO] success
[INFO]  Image 142 elapsed time: 0.027317 s , fps: 36.606777
[INFO]  filter boxes by confidence threshold > 0.001000 success, boxes size is 4
[INFO]  filter boxes by NMS threshold > 0.450000 success, result size is 2
[INFO]  object detect [0.671875:SO] success
[INFO]  object detect [0.001854:SO] success
[INFO]  Image 143 elapsed time: 0.026812 s , fps: 37.296580
[INFO]  filter boxes by confidence threshold > 0.001000 success, boxes size is 8
[INFO]  filter boxes by NMS threshold > 0.450000 success, result size is 3
[INFO]  object detect [0.738281:SO] success
[INFO]  object detect [0.693359:SO] success
[INFO]  object detect [0.001133:SO] success
[INFO]  Image 144 elapsed time: 0.026861 s , fps: 37.228108
[INFO]  filter boxes by confidence threshold > 0.001000 success, boxes size is 6
[INFO]  filter boxes by NMS threshold > 0.450000 success, result size is 4
[INFO]  object detect [0.691406:SO] success
[INFO]  object detect [0.007607:SO] success
[INFO]  object detect [0.005753:SO] success
[INFO]  object detect [0.002035:SO] success
[INFO]  Image 145 elapsed time: 0.025872 s , fps: 38.651086
[INFO]  filter boxes by confidence threshold > 0.001000 success, boxes size is 4
[INFO]  filter boxes by NMS threshold > 0.450000 success, result size is 4
[INFO]  object detect [0.675781:SO] success
[INFO]  object detect [0.651855:SO] success
[INFO]  object detect [0.007401:SO] success
[INFO]  object detect [0.001129:SO] success
[INFO]  Image 146 elapsed time: 0.026724 s , fps: 37.419307
[INFO]  filter boxes by confidence threshold > 0.001000 success, boxes size is 3
[INFO]  filter boxes by NMS threshold > 0.450000 success, result size is 1
[INFO]  object detect [0.750977:SO] success
[INFO]  Image 147 elapsed time: 0.025896 s , fps: 38.615576
[INFO]  filter boxes by confidence threshold > 0.001000 success, boxes size is 3
[INFO]  filter boxes by NMS threshold > 0.450000 success, result size is 3
[INFO]  object detect [0.720215:SO] success
[INFO]  object detect [0.004101:SO] success
[INFO]  object detect [0.002663:SO] success
[INFO]  Image 148 elapsed time: 0.026217 s , fps: 38.143555
[INFO]  filter boxes by confidence threshold > 0.001000 success, boxes size is 2
[INFO]  filter boxes by NMS threshold > 0.450000 success, result size is 1
[INFO]  object detect [0.027100:SO] success
[INFO]  Image 149 elapsed time: 0.026423 s , fps: 37.846024
[INFO]  filter boxes by confidence threshold > 0.001000 success, boxes size is 2
[INFO]  filter boxes by NMS threshold > 0.450000 success, result size is 2
[INFO]  object detect [0.736816:SO] success
[INFO]  object detect [0.009193:SO] success
[INFO]  Image 150 elapsed time: 0.026157 s , fps: 38.231235
[INFO]  filter boxes by confidence threshold > 0.001000 success, boxes size is 4
[INFO]  filter boxes by NMS threshold > 0.450000 success, result size is 1
[INFO]  object detect [0.580078:SO] success
[INFO]  Image 151 elapsed time: 0.025610 s , fps: 39.047897
[INFO]  filter boxes by confidence threshold > 0.001000 success, boxes size is 17
[INFO]  filter boxes by NMS threshold > 0.450000 success, result size is 15
[INFO]  object detect [0.340576:SO] success
[INFO]  object detect [0.241943:SO] success
[INFO]  object detect [0.023315:SO] success
[INFO]  object detect [0.021851:SO] success
[INFO]  object detect [0.009338:SO] success
[INFO]  object detect [0.005844:SO] success
[INFO]  object detect [0.005081:SO] success
[INFO]  object detect [0.004215:SO] success
[INFO]  object detect [0.002991:SO] success
[INFO]  object detect [0.002876:SO] success
[INFO]  object detect [0.002251:SO] success
[INFO]  object detect [0.001461:SO] success
[INFO]  object detect [0.001373:SO] success
[INFO]  object detect [0.001129:SO] success
[INFO]  object detect [0.001053:SO] success
[INFO]  Image 152 elapsed time: 0.025705 s , fps: 38.902790
[INFO]  filter boxes by confidence threshold > 0.001000 success, boxes size is 7
[INFO]  filter boxes by NMS threshold > 0.450000 success, result size is 4
[INFO]  object detect [0.589844:SO] success
[INFO]  object detect [0.015198:SO] success
[INFO]  object detect [0.004539:SO] success
[INFO]  object detect [0.001330:SO] success
[INFO]  Image 153 elapsed time: 0.023632 s , fps: 42.315900
[INFO]  filter boxes by confidence threshold > 0.001000 success, boxes size is 1
[INFO]  filter boxes by NMS threshold > 0.450000 success, result size is 1
[INFO]  object detect [0.087708:SO] success
[INFO]  Image 154 elapsed time: 0.024431 s , fps: 40.931994
[INFO]  filter boxes by confidence threshold > 0.001000 success, boxes size is 4
[INFO]  filter boxes by NMS threshold > 0.450000 success, result size is 2
[INFO]  object detect [0.828613:SO] success
[INFO]  object detect [0.726562:SO] success
[INFO]  Image 155 elapsed time: 0.025744 s , fps: 38.843447
[INFO]  filter boxes by confidence threshold > 0.001000 success, boxes size is 2
[INFO]  filter boxes by NMS threshold > 0.450000 success, result size is 2
[INFO]  object detect [0.500488:SO] success
[INFO]  object detect [0.001151:SO] success
[INFO]  Image 156 elapsed time: 0.024762 s , fps: 40.385002
[INFO]  filter boxes by confidence threshold > 0.001000 success, boxes size is 2
[INFO]  filter boxes by NMS threshold > 0.450000 success, result size is 1
[INFO]  object detect [0.006287:SO] success
[INFO]  Image 157 elapsed time: 0.022933 s , fps: 43.604338
[INFO]  filter boxes by confidence threshold > 0.001000 success, boxes size is 23
[INFO]  filter boxes by NMS threshold > 0.450000 success, result size is 8
[INFO]  object detect [0.817871:SO] success
[INFO]  object detect [0.660645:SO] success
[INFO]  object detect [0.612305:SO] success
[INFO]  object detect [0.012970:SO] success
[INFO]  object detect [0.010490:SO] success
[INFO]  object detect [0.008446:SO] success
[INFO]  object detect [0.002314:SO] success
[INFO]  object detect [0.001579:SO] success
[INFO]  Image 158 elapsed time: 0.026753 s , fps: 37.378541
[INFO]  filter boxes by confidence threshold > 0.001000 success, boxes size is 9
[INFO]  filter boxes by NMS threshold > 0.450000 success, result size is 7
[INFO]  object detect [0.579102:SO] success
[INFO]  object detect [0.201904:SO] success
[INFO]  object detect [0.049561:SO] success
[INFO]  object detect [0.008255:SO] success
[INFO]  object detect [0.008057:SO] success
[INFO]  object detect [0.005402:SO] success
[INFO]  object detect [0.001495:SO] success
[INFO]  Image 159 elapsed time: 0.045857 s , fps: 21.806873
[INFO]  filter boxes by confidence threshold > 0.001000 success, boxes size is 5
[INFO]  filter boxes by NMS threshold > 0.450000 success, result size is 3
[INFO]  object detect [0.747559:SO] success
[INFO]  object detect [0.033020:SO] success
[INFO]  object detect [0.006927:SO] success
[INFO]  Image 160 elapsed time: 0.031172 s , fps: 32.080008
[INFO]  filter boxes by confidence threshold > 0.001000 success, boxes size is 21
[INFO]  filter boxes by NMS threshold > 0.450000 success, result size is 2
[INFO]  object detect [0.791016:SO] success
[INFO]  object detect [0.731934:SO] success
[INFO]  Image 161 elapsed time: 0.024705 s , fps: 40.478044
[INFO]  filter boxes by confidence threshold > 0.001000 success, boxes size is 6
[INFO]  filter boxes by NMS threshold > 0.450000 success, result size is 2
[INFO]  object detect [0.775391:SO] success
[INFO]  object detect [0.272461:SO] success
[INFO]  Image 162 elapsed time: 0.025487 s , fps: 39.236411
[INFO]  filter boxes by confidence threshold > 0.001000 success, boxes size is 1
[INFO]  filter boxes by NMS threshold > 0.450000 success, result size is 1
[INFO]  object detect [0.149414:SO] success
[INFO]  Image 163 elapsed time: 0.025192 s , fps: 39.695393
[INFO]  filter boxes by confidence threshold > 0.001000 success, boxes size is 4
[INFO]  filter boxes by NMS threshold > 0.450000 success, result size is 2
[INFO]  object detect [0.737793:SO] success
[INFO]  object detect [0.009674:SO] success
[INFO]  Image 164 elapsed time: 0.024229 s , fps: 41.272829
[INFO]  filter boxes by confidence threshold > 0.001000 success, boxes size is 4
[INFO]  filter boxes by NMS threshold > 0.450000 success, result size is 4
[INFO]  object detect [0.642578:SO] success
[INFO]  object detect [0.606445:SO] success
[INFO]  object detect [0.502441:SO] success
[INFO]  object detect [0.004738:SO] success
[INFO]  Image 165 elapsed time: 0.024409 s , fps: 40.968849
[INFO]  filter boxes by confidence threshold > 0.001000 success, boxes size is 3
[INFO]  filter boxes by NMS threshold > 0.450000 success, result size is 2
[INFO]  object detect [0.710938:SO] success
[INFO]  object detect [0.136353:SO] success
[INFO]  Image 166 elapsed time: 0.025631 s , fps: 39.014666
[INFO]  filter boxes by confidence threshold > 0.001000 success, boxes size is 4
[INFO]  filter boxes by NMS threshold > 0.450000 success, result size is 4
[INFO]  object detect [0.446289:SO] success
[INFO]  object detect [0.007095:SO] success
[INFO]  object detect [0.004070:SO] success
[INFO]  object detect [0.001017:SO] success
[INFO]  Image 167 elapsed time: 0.025708 s , fps: 38.898440
[INFO]  filter boxes by confidence threshold > 0.001000 success, boxes size is 3
[INFO]  filter boxes by NMS threshold > 0.450000 success, result size is 2
[INFO]  object detect [0.012100:SO] success
[INFO]  object detect [0.011238:SO] success
[INFO]  Image 168 elapsed time: 0.025468 s , fps: 39.264689
[INFO]  filter boxes by confidence threshold > 0.001000 success, boxes size is 16
[INFO]  filter boxes by NMS threshold > 0.450000 success, result size is 4
[INFO]  object detect [0.809570:SO] success
[INFO]  object detect [0.030792:SO] success
[INFO]  object detect [0.001810:SO] success
[INFO]  object detect [0.001438:SO] success
[INFO]  Image 169 elapsed time: 0.026790 s , fps: 37.327615
[INFO]  filter boxes by confidence threshold > 0.001000 success, boxes size is 4
[INFO]  filter boxes by NMS threshold > 0.450000 success, result size is 2
[INFO]  object detect [0.770996:SO] success
[INFO]  object detect [0.731934:SO] success
[INFO]  Image 170 elapsed time: 0.026086 s , fps: 38.335203
[INFO]  filter boxes by confidence threshold > 0.001000 success, boxes size is 1
[INFO]  filter boxes by NMS threshold > 0.450000 success, result size is 1
[INFO]  object detect [0.568848:SO] success
[INFO]  Image 171 elapsed time: 0.025882 s , fps: 38.637179
[INFO]  filter boxes by confidence threshold > 0.001000 success, boxes size is 2
[INFO]  filter boxes by NMS threshold > 0.450000 success, result size is 2
[INFO]  object detect [0.067444:SO] success
[INFO]  object detect [0.018799:SO] success
[INFO]  Image 172 elapsed time: 0.025227 s , fps: 39.640386
[INFO]  filter boxes by confidence threshold > 0.001000 success, boxes size is 0
[INFO]  filter boxes by NMS threshold > 0.450000 success, result size is 0
[INFO]  Image 173 elapsed time: 0.024762 s , fps: 40.383746
[INFO]  filter boxes by confidence threshold > 0.001000 success, boxes size is 23
[INFO]  filter boxes by NMS threshold > 0.450000 success, result size is 8
[INFO]  object detect [0.808594:SO] success
[INFO]  object detect [0.657715:SO] success
[INFO]  object detect [0.615234:SO] success
[INFO]  object detect [0.015411:SO] success
[INFO]  object detect [0.012634:SO] success
[INFO]  object detect [0.002790:SO] success
[INFO]  object detect [0.002571:SO] success
[INFO]  object detect [0.001768:SO] success
[INFO]  Image 174 elapsed time: 0.026711 s , fps: 37.438074
[INFO]  filter boxes by confidence threshold > 0.001000 success, boxes size is 3
[INFO]  filter boxes by NMS threshold > 0.450000 success, result size is 3
[INFO]  object detect [0.134766:SO] success
[INFO]  object detect [0.131958:SO] success
[INFO]  object detect [0.069031:SO] success
[INFO]  Image 175 elapsed time: 0.026432 s , fps: 37.833405
[INFO]  filter boxes by confidence threshold > 0.001000 success, boxes size is 4
[INFO]  filter boxes by NMS threshold > 0.450000 success, result size is 3
[INFO]  object detect [0.642578:SO] success
[INFO]  object detect [0.390625:SO] success
[INFO]  object detect [0.008545:SO] success
[INFO]  Image 176 elapsed time: 0.025318 s , fps: 39.497024
[INFO]  filter boxes by confidence threshold > 0.001000 success, boxes size is 2
[INFO]  filter boxes by NMS threshold > 0.450000 success, result size is 2
[INFO]  object detect [0.058777:SO] success
[INFO]  object detect [0.051575:SO] success
[INFO]  Image 177 elapsed time: 0.024642 s , fps: 40.580470
[INFO]  filter boxes by confidence threshold > 0.001000 success, boxes size is 3
[INFO]  filter boxes by NMS threshold > 0.450000 success, result size is 2
[INFO]  object detect [0.070557:SO] success
[INFO]  object detect [0.002262:SO] success
[INFO]  Image 178 elapsed time: 0.038775 s , fps: 25.789985
[INFO]  filter boxes by confidence threshold > 0.001000 success, boxes size is 30
[INFO]  filter boxes by NMS threshold > 0.450000 success, result size is 8
[INFO]  object detect [0.794434:SO] success
[INFO]  object detect [0.775391:SO] success
[INFO]  object detect [0.632324:SO] success
[INFO]  object detect [0.275879:SO] success
[INFO]  object detect [0.088623:SO] success
[INFO]  object detect [0.001867:SO] success
[INFO]  object detect [0.001567:SO] success
[INFO]  object detect [0.001078:SO] success
[INFO]  Image 179 elapsed time: 0.032812 s , fps: 30.476617
[INFO]  filter boxes by confidence threshold > 0.001000 success, boxes size is 1
[INFO]  filter boxes by NMS threshold > 0.450000 success, result size is 1
[INFO]  object detect [0.010567:SO] success
[INFO]  Image 180 elapsed time: 0.025245 s , fps: 39.612479
[INFO]  filter boxes by confidence threshold > 0.001000 success, boxes size is 9
[INFO]  filter boxes by NMS threshold > 0.450000 success, result size is 5
[INFO]  object detect [0.279053:SO] success
[INFO]  object detect [0.005817:SO] success
[INFO]  object detect [0.001854:SO] success
[INFO]  object detect [0.001445:SO] success
[INFO]  object detect [0.001037:SO] success
[INFO]  Image 181 elapsed time: 0.024971 s , fps: 40.045780
[INFO]  filter boxes by confidence threshold > 0.001000 success, boxes size is 6
[INFO]  filter boxes by NMS threshold > 0.450000 success, result size is 2
[INFO]  object detect [0.673828:SO] success
[INFO]  object detect [0.054260:SO] success
[INFO]  Image 182 elapsed time: 0.025734 s , fps: 38.858793
[INFO]  filter boxes by confidence threshold > 0.001000 success, boxes size is 3
[INFO]  filter boxes by NMS threshold > 0.450000 success, result size is 3
[INFO]  object detect [0.400391:SO] success
[INFO]  object detect [0.001655:SO] success
[INFO]  object detect [0.001449:SO] success
[INFO]  Image 183 elapsed time: 0.025987 s , fps: 38.481279
[INFO]  filter boxes by confidence threshold > 0.001000 success, boxes size is 4
[INFO]  filter boxes by NMS threshold > 0.450000 success, result size is 3
[INFO]  object detect [0.332031:SO] success
[INFO]  object detect [0.009308:SO] success
[INFO]  object detect [0.002058:SO] success
[INFO]  Image 184 elapsed time: 0.020925 s , fps: 47.789216
[INFO]  filter boxes by confidence threshold > 0.001000 success, boxes size is 4
[INFO]  filter boxes by NMS threshold > 0.450000 success, result size is 2
[INFO]  object detect [0.649902:SO] success
[INFO]  object detect [0.001231:SO] success
[INFO]  Image 185 elapsed time: 0.023892 s , fps: 41.854960
[INFO]  filter boxes by confidence threshold > 0.001000 success, boxes size is 1
[INFO]  filter boxes by NMS threshold > 0.450000 success, result size is 1
[INFO]  object detect [0.293701:SO] success
[INFO]  Image 186 elapsed time: 0.024820 s , fps: 40.290391
[INFO]  filter boxes by confidence threshold > 0.001000 success, boxes size is 7
[INFO]  filter boxes by NMS threshold > 0.450000 success, result size is 3
[INFO]  object detect [0.769531:SO] success
[INFO]  object detect [0.584473:SO] success
[INFO]  object detect [0.018158:SO] success
[INFO]  Image 187 elapsed time: 0.025417 s , fps: 39.343474
[INFO]  filter boxes by confidence threshold > 0.001000 success, boxes size is 7
[INFO]  filter boxes by NMS threshold > 0.450000 success, result size is 5
[INFO]  object detect [0.494141:SO] success
[INFO]  object detect [0.397217:SO] success
[INFO]  object detect [0.348877:SO] success
[INFO]  object detect [0.025269:SO] success
[INFO]  object detect [0.001164:SO] success
[INFO]  Image 188 elapsed time: 0.025792 s , fps: 38.771816
[INFO]  filter boxes by confidence threshold > 0.001000 success, boxes size is 1
[INFO]  filter boxes by NMS threshold > 0.450000 success, result size is 1
[INFO]  object detect [0.001320:SO] success
[INFO]  Image 189 elapsed time: 0.026659 s , fps: 37.510369
[INFO]  filter boxes by confidence threshold > 0.001000 success, boxes size is 5
[INFO]  filter boxes by NMS threshold > 0.450000 success, result size is 3
[INFO]  object detect [0.757324:SO] success
[INFO]  object detect [0.022400:SO] success
[INFO]  object detect [0.017502:SO] success
[INFO]  Image 190 elapsed time: 0.026132 s , fps: 38.266714
[INFO]  filter boxes by confidence threshold > 0.001000 success, boxes size is 2
[INFO]  filter boxes by NMS threshold > 0.450000 success, result size is 2
[INFO]  object detect [0.297852:SO] success
[INFO]  object detect [0.005081:SO] success
[INFO]  Image 191 elapsed time: 0.021673 s , fps: 46.141238
[INFO]  filter boxes by confidence threshold > 0.001000 success, boxes size is 4
[INFO]  filter boxes by NMS threshold > 0.450000 success, result size is 3
[INFO]  object detect [0.729004:SO] success
[INFO]  object detect [0.001112:SO] success
[INFO]  object detect [0.001005:SO] success
[INFO]  Image 192 elapsed time: 0.026153 s , fps: 38.236046
[INFO]  filter boxes by confidence threshold > 0.001000 success, boxes size is 3
[INFO]  filter boxes by NMS threshold > 0.450000 success, result size is 2
[INFO]  object detect [0.368896:SO] success
[INFO]  object detect [0.258789:SO] success
[INFO]  Image 193 elapsed time: 0.021101 s , fps: 47.390939
[INFO]  filter boxes by confidence threshold > 0.001000 success, boxes size is 5
[INFO]  filter boxes by NMS threshold > 0.450000 success, result size is 3
[INFO]  object detect [0.049561:SO] success
[INFO]  object detect [0.009018:SO] success
[INFO]  object detect [0.001170:SO] success
[INFO]  Image 194 elapsed time: 0.024218 s , fps: 41.291753
[INFO]  filter boxes by confidence threshold > 0.001000 success, boxes size is 3
[INFO]  filter boxes by NMS threshold > 0.450000 success, result size is 2
[INFO]  object detect [0.735840:SO] success
[INFO]  object detect [0.001133:SO] success
[INFO]  Image 195 elapsed time: 0.026067 s , fps: 38.362747
[INFO]  filter boxes by confidence threshold > 0.001000 success, boxes size is 2
[INFO]  filter boxes by NMS threshold > 0.450000 success, result size is 1
[INFO]  object detect [0.049927:SO] success
[INFO]  Image 196 elapsed time: 0.023416 s , fps: 42.706479
[INFO]  filter boxes by confidence threshold > 0.001000 success, boxes size is 5
[INFO]  filter boxes by NMS threshold > 0.450000 success, result size is 2
[INFO]  object detect [0.050842:SO] success
[INFO]  object detect [0.001433:SO] success
[INFO]  Image 197 elapsed time: 0.045774 s , fps: 21.846495
[INFO]  filter boxes by confidence threshold > 0.001000 success, boxes size is 7
[INFO]  filter boxes by NMS threshold > 0.450000 success, result size is 4
[INFO]  object detect [0.691406:SO] success
[INFO]  object detect [0.009705:SO] success
[INFO]  object detect [0.001544:SO] success
[INFO]  object detect [0.001099:SO] success
[INFO]  Image 198 elapsed time: 0.031664 s , fps: 31.581290
[INFO]  filter boxes by confidence threshold > 0.001000 success, boxes size is 1
[INFO]  filter boxes by NMS threshold > 0.450000 success, result size is 1
[INFO]  object detect [0.133057:SO] success
[INFO]  Image 199 elapsed time: 0.026729 s , fps: 37.411871
[INFO]  filter boxes by confidence threshold > 0.001000 success, boxes size is 2
[INFO]  filter boxes by NMS threshold > 0.450000 success, result size is 2
[INFO]  object detect [0.635254:SO] success
[INFO]  object detect [0.003582:SO] success
[INFO]  Image 200 elapsed time: 0.025277 s , fps: 39.561580
[INFO]  Processed 200 images (excluding warmup), average FPS: 37.658507
[INFO]  Unload model ../model/best11s.om success
[INFO]  destroy context ok
[INFO]  Reset device 0 ok
[INFO]  Finalize acl ok
[INFO] 推理完成.
[INFO] 开始评估 mAP...
========== 评估结果 ==========
Precision: [    0.83479]
Recall: [    0.67003]
mAP@0.5: 0.799542197849441
mAP@0.5:0.95: 0.3923192721820254
================================
[INFO] 评估完成.
======================================
 Run finished at Wed Aug 20 17:46:48 CST 2025
 Logs saved to /home/HwHiAiUser/gp/YOLO/logs/run_2025-08-20_17-46-24.log
======================================
